[0.095s] DEBUG:colcon:Command line arguments: ['/usr/bin/colcon', 'build', '--symlink-install', '--packages-skip', 'my-test-package', '--packages-select', 'dave_gz_sensor_plugins', '--cmake-args', '-DCMAKE_VERBOSE_MAKEFILE=ON', '--event-handlers', 'console_cohesion+']
[0.095s] DEBUG:colcon:Parsed command line arguments: Namespace(log_base=None, log_level=None, verb_name='build', build_base='build', install_base='install', merge_install=False, symlink_install=True, test_result_base=None, continue_on_error=False, executor='parallel', parallel_workers=12, event_handlers=['console_cohesion+'], ignore_user_meta=False, metas=['./colcon.meta'], base_paths=['.'], packages_ignore=None, packages_ignore_regex=None, paths=None, packages_up_to=None, packages_up_to_regex=None, packages_above=None, packages_above_and_dependencies=None, packages_above_depth=None, packages_select_by_dep=None, packages_skip_by_dep=None, packages_skip_up_to=None, packages_select_build_failed=False, packages_skip_build_finished=False, packages_select_test_failures=False, packages_skip_test_passed=False, packages_select=['dave_gz_sensor_plugins'], packages_skip=['my-test-package'], packages_select_regex=None, packages_skip_regex=None, packages_start=None, packages_end=None, allow_overriding=[], cmake_args=['-DCMAKE_VERBOSE_MAKEFILE=ON'], cmake_target=None, cmake_target_skip_unavailable=False, cmake_clean_cache=False, cmake_clean_first=False, cmake_force_configure=False, ament_cmake_args=None, catkin_cmake_args=None, catkin_skip_building_tests=False, mixin_files=None, mixin=None, verb_parser=<colcon_mixin.mixin.mixin_argument.MixinArgumentDecorator object at 0x7d30e4b6b830>, verb_extension=<colcon_core.verb.build.BuildVerb object at 0x7d30e4b6b4a0>, main=<bound method BuildVerb.main of <colcon_core.verb.build.BuildVerb object at 0x7d30e4b6b4a0>>, mixin_verb=('build',))
[0.124s] Level 1:colcon.colcon_core.package_discovery:discover_packages(colcon_meta) check parameters
[0.124s] Level 1:colcon.colcon_core.package_discovery:discover_packages(recursive) check parameters
[0.124s] Level 1:colcon.colcon_core.package_discovery:discover_packages(ignore) check parameters
[0.124s] Level 1:colcon.colcon_core.package_discovery:discover_packages(path) check parameters
[0.124s] Level 1:colcon.colcon_core.package_discovery:discover_packages(colcon_meta) discover
[0.124s] Level 1:colcon.colcon_core.package_discovery:discover_packages(recursive) discover
[0.124s] INFO:colcon.colcon_core.package_discovery:Crawling recursively for packages in '/home/ioes/dave_ws/src/dave'
[0.124s] Level 1:colcon.colcon_core.package_identification:_identify(.) by extensions ['ignore', 'ignore_ament_install']
[0.124s] Level 1:colcon.colcon_core.package_identification:_identify(.) by extension 'ignore'
[0.124s] Level 1:colcon.colcon_core.package_identification:_identify(.) by extension 'ignore_ament_install'
[0.124s] Level 1:colcon.colcon_core.package_identification:_identify(.) by extensions ['colcon_pkg']
[0.125s] Level 1:colcon.colcon_core.package_identification:_identify(.) by extension 'colcon_pkg'
[0.125s] Level 1:colcon.colcon_core.package_identification:_identify(.) by extensions ['colcon_meta']
[0.125s] Level 1:colcon.colcon_core.package_identification:_identify(.) by extension 'colcon_meta'
[0.125s] Level 1:colcon.colcon_core.package_identification:_identify(.) by extensions ['ros']
[0.125s] Level 1:colcon.colcon_core.package_identification:_identify(.) by extension 'ros'
[0.144s] Level 1:colcon.colcon_core.package_identification:_identify(.) by extensions ['cmake', 'python']
[0.144s] Level 1:colcon.colcon_core.package_identification:_identify(.) by extension 'cmake'
[0.144s] Level 1:colcon.colcon_core.package_identification:_identify(.) by extension 'python'
[0.144s] Level 1:colcon.colcon_core.package_identification:_identify(.) by extensions ['python_setup_py']
[0.144s] Level 1:colcon.colcon_core.package_identification:_identify(.) by extension 'python_setup_py'
[0.144s] Level 1:colcon.colcon_core.package_identification:_identify(build) by extensions ['ignore', 'ignore_ament_install']
[0.145s] Level 1:colcon.colcon_core.package_identification:_identify(build) by extension 'ignore'
[0.145s] Level 1:colcon.colcon_core.package_identification:_identify(build) ignored
[0.145s] Level 1:colcon.colcon_core.package_identification:_identify(dave) by extensions ['ignore', 'ignore_ament_install']
[0.145s] Level 1:colcon.colcon_core.package_identification:_identify(dave) by extension 'ignore'
[0.145s] Level 1:colcon.colcon_core.package_identification:_identify(dave) by extension 'ignore_ament_install'
[0.145s] Level 1:colcon.colcon_core.package_identification:_identify(dave) by extensions ['colcon_pkg']
[0.145s] Level 1:colcon.colcon_core.package_identification:_identify(dave) by extension 'colcon_pkg'
[0.145s] Level 1:colcon.colcon_core.package_identification:_identify(dave) by extensions ['colcon_meta']
[0.145s] Level 1:colcon.colcon_core.package_identification:_identify(dave) by extension 'colcon_meta'
[0.145s] Level 1:colcon.colcon_core.package_identification:_identify(dave) by extensions ['ros']
[0.145s] Level 1:colcon.colcon_core.package_identification:_identify(dave) by extension 'ros'
[0.147s] DEBUG:colcon.colcon_core.package_identification:Package 'dave' with type 'ros.ament_cmake' and name 'dave'
[0.147s] Level 1:colcon.colcon_core.package_identification:_identify(dave_interfaces) by extensions ['ignore', 'ignore_ament_install']
[0.147s] Level 1:colcon.colcon_core.package_identification:_identify(dave_interfaces) by extension 'ignore'
[0.147s] Level 1:colcon.colcon_core.package_identification:_identify(dave_interfaces) by extension 'ignore_ament_install'
[0.147s] Level 1:colcon.colcon_core.package_identification:_identify(dave_interfaces) by extensions ['colcon_pkg']
[0.147s] Level 1:colcon.colcon_core.package_identification:_identify(dave_interfaces) by extension 'colcon_pkg'
[0.147s] Level 1:colcon.colcon_core.package_identification:_identify(dave_interfaces) by extensions ['colcon_meta']
[0.147s] Level 1:colcon.colcon_core.package_identification:_identify(dave_interfaces) by extension 'colcon_meta'
[0.147s] Level 1:colcon.colcon_core.package_identification:_identify(dave_interfaces) by extensions ['ros']
[0.147s] Level 1:colcon.colcon_core.package_identification:_identify(dave_interfaces) by extension 'ros'
[0.148s] DEBUG:colcon.colcon_core.package_identification:Package 'dave_interfaces' with type 'ros.ament_cmake' and name 'dave_interfaces'
[0.148s] Level 1:colcon.colcon_core.package_identification:_identify(examples) by extensions ['ignore', 'ignore_ament_install']
[0.148s] Level 1:colcon.colcon_core.package_identification:_identify(examples) by extension 'ignore'
[0.148s] Level 1:colcon.colcon_core.package_identification:_identify(examples) by extension 'ignore_ament_install'
[0.148s] Level 1:colcon.colcon_core.package_identification:_identify(examples) by extensions ['colcon_pkg']
[0.148s] Level 1:colcon.colcon_core.package_identification:_identify(examples) by extension 'colcon_pkg'
[0.148s] Level 1:colcon.colcon_core.package_identification:_identify(examples) by extensions ['colcon_meta']
[0.148s] Level 1:colcon.colcon_core.package_identification:_identify(examples) by extension 'colcon_meta'
[0.148s] Level 1:colcon.colcon_core.package_identification:_identify(examples) by extensions ['ros']
[0.148s] Level 1:colcon.colcon_core.package_identification:_identify(examples) by extension 'ros'
[0.148s] Level 1:colcon.colcon_core.package_identification:_identify(examples) by extensions ['cmake', 'python']
[0.148s] Level 1:colcon.colcon_core.package_identification:_identify(examples) by extension 'cmake'
[0.148s] Level 1:colcon.colcon_core.package_identification:_identify(examples) by extension 'python'
[0.149s] Level 1:colcon.colcon_core.package_identification:_identify(examples) by extensions ['python_setup_py']
[0.149s] Level 1:colcon.colcon_core.package_identification:_identify(examples) by extension 'python_setup_py'
[0.149s] Level 1:colcon.colcon_core.package_identification:_identify(examples/dave_demos) by extensions ['ignore', 'ignore_ament_install']
[0.149s] Level 1:colcon.colcon_core.package_identification:_identify(examples/dave_demos) by extension 'ignore'
[0.149s] Level 1:colcon.colcon_core.package_identification:_identify(examples/dave_demos) by extension 'ignore_ament_install'
[0.149s] Level 1:colcon.colcon_core.package_identification:_identify(examples/dave_demos) by extensions ['colcon_pkg']
[0.149s] Level 1:colcon.colcon_core.package_identification:_identify(examples/dave_demos) by extension 'colcon_pkg'
[0.149s] Level 1:colcon.colcon_core.package_identification:_identify(examples/dave_demos) by extensions ['colcon_meta']
[0.149s] Level 1:colcon.colcon_core.package_identification:_identify(examples/dave_demos) by extension 'colcon_meta'
[0.149s] Level 1:colcon.colcon_core.package_identification:_identify(examples/dave_demos) by extensions ['ros']
[0.149s] Level 1:colcon.colcon_core.package_identification:_identify(examples/dave_demos) by extension 'ros'
[0.149s] DEBUG:colcon.colcon_core.package_identification:Package 'examples/dave_demos' with type 'ros.ament_cmake' and name 'dave_demos'
[0.149s] Level 1:colcon.colcon_core.package_identification:_identify(examples/dave_robot_launch) by extensions ['ignore', 'ignore_ament_install']
[0.149s] Level 1:colcon.colcon_core.package_identification:_identify(examples/dave_robot_launch) by extension 'ignore'
[0.149s] Level 1:colcon.colcon_core.package_identification:_identify(examples/dave_robot_launch) by extension 'ignore_ament_install'
[0.150s] Level 1:colcon.colcon_core.package_identification:_identify(examples/dave_robot_launch) by extensions ['colcon_pkg']
[0.150s] Level 1:colcon.colcon_core.package_identification:_identify(examples/dave_robot_launch) by extension 'colcon_pkg'
[0.150s] Level 1:colcon.colcon_core.package_identification:_identify(examples/dave_robot_launch) by extensions ['colcon_meta']
[0.150s] Level 1:colcon.colcon_core.package_identification:_identify(examples/dave_robot_launch) by extension 'colcon_meta'
[0.150s] Level 1:colcon.colcon_core.package_identification:_identify(examples/dave_robot_launch) by extensions ['ros']
[0.150s] Level 1:colcon.colcon_core.package_identification:_identify(examples/dave_robot_launch) by extension 'ros'
[0.150s] DEBUG:colcon.colcon_core.package_identification:Package 'examples/dave_robot_launch' with type 'ros.ament_cmake' and name 'dave_robot_launch'
[0.150s] Level 1:colcon.colcon_core.package_identification:_identify(extras) by extensions ['ignore', 'ignore_ament_install']
[0.150s] Level 1:colcon.colcon_core.package_identification:_identify(extras) by extension 'ignore'
[0.150s] Level 1:colcon.colcon_core.package_identification:_identify(extras) by extension 'ignore_ament_install'
[0.150s] Level 1:colcon.colcon_core.package_identification:_identify(extras) by extensions ['colcon_pkg']
[0.150s] Level 1:colcon.colcon_core.package_identification:_identify(extras) by extension 'colcon_pkg'
[0.150s] Level 1:colcon.colcon_core.package_identification:_identify(extras) by extensions ['colcon_meta']
[0.150s] Level 1:colcon.colcon_core.package_identification:_identify(extras) by extension 'colcon_meta'
[0.150s] Level 1:colcon.colcon_core.package_identification:_identify(extras) by extensions ['ros']
[0.150s] Level 1:colcon.colcon_core.package_identification:_identify(extras) by extension 'ros'
[0.150s] Level 1:colcon.colcon_core.package_identification:_identify(extras) by extensions ['cmake', 'python']
[0.150s] Level 1:colcon.colcon_core.package_identification:_identify(extras) by extension 'cmake'
[0.150s] Level 1:colcon.colcon_core.package_identification:_identify(extras) by extension 'python'
[0.150s] Level 1:colcon.colcon_core.package_identification:_identify(extras) by extensions ['python_setup_py']
[0.150s] Level 1:colcon.colcon_core.package_identification:_identify(extras) by extension 'python_setup_py'
[0.151s] Level 1:colcon.colcon_core.package_identification:_identify(extras/lint_local) by extensions ['ignore', 'ignore_ament_install']
[0.151s] Level 1:colcon.colcon_core.package_identification:_identify(extras/lint_local) by extension 'ignore'
[0.151s] Level 1:colcon.colcon_core.package_identification:_identify(extras/lint_local) by extension 'ignore_ament_install'
[0.151s] Level 1:colcon.colcon_core.package_identification:_identify(extras/lint_local) by extensions ['colcon_pkg']
[0.151s] Level 1:colcon.colcon_core.package_identification:_identify(extras/lint_local) by extension 'colcon_pkg'
[0.151s] Level 1:colcon.colcon_core.package_identification:_identify(extras/lint_local) by extensions ['colcon_meta']
[0.151s] Level 1:colcon.colcon_core.package_identification:_identify(extras/lint_local) by extension 'colcon_meta'
[0.151s] Level 1:colcon.colcon_core.package_identification:_identify(extras/lint_local) by extensions ['ros']
[0.151s] Level 1:colcon.colcon_core.package_identification:_identify(extras/lint_local) by extension 'ros'
[0.151s] Level 1:colcon.colcon_core.package_identification:_identify(extras/lint_local) by extensions ['cmake', 'python']
[0.151s] Level 1:colcon.colcon_core.package_identification:_identify(extras/lint_local) by extension 'cmake'
[0.151s] Level 1:colcon.colcon_core.package_identification:_identify(extras/lint_local) by extension 'python'
[0.151s] Level 1:colcon.colcon_core.package_identification:_identify(extras/lint_local) by extensions ['python_setup_py']
[0.151s] Level 1:colcon.colcon_core.package_identification:_identify(extras/lint_local) by extension 'python_setup_py'
[0.151s] Level 1:colcon.colcon_core.package_identification:_identify(extras/repos) by extensions ['ignore', 'ignore_ament_install']
[0.151s] Level 1:colcon.colcon_core.package_identification:_identify(extras/repos) by extension 'ignore'
[0.151s] Level 1:colcon.colcon_core.package_identification:_identify(extras/repos) by extension 'ignore_ament_install'
[0.151s] Level 1:colcon.colcon_core.package_identification:_identify(extras/repos) by extensions ['colcon_pkg']
[0.151s] Level 1:colcon.colcon_core.package_identification:_identify(extras/repos) by extension 'colcon_pkg'
[0.151s] Level 1:colcon.colcon_core.package_identification:_identify(extras/repos) by extensions ['colcon_meta']
[0.151s] Level 1:colcon.colcon_core.package_identification:_identify(extras/repos) by extension 'colcon_meta'
[0.151s] Level 1:colcon.colcon_core.package_identification:_identify(extras/repos) by extensions ['ros']
[0.151s] Level 1:colcon.colcon_core.package_identification:_identify(extras/repos) by extension 'ros'
[0.151s] Level 1:colcon.colcon_core.package_identification:_identify(extras/repos) by extensions ['cmake', 'python']
[0.152s] Level 1:colcon.colcon_core.package_identification:_identify(extras/repos) by extension 'cmake'
[0.152s] Level 1:colcon.colcon_core.package_identification:_identify(extras/repos) by extension 'python'
[0.152s] Level 1:colcon.colcon_core.package_identification:_identify(extras/repos) by extensions ['python_setup_py']
[0.152s] Level 1:colcon.colcon_core.package_identification:_identify(extras/repos) by extension 'python_setup_py'
[0.152s] Level 1:colcon.colcon_core.package_identification:_identify(gazebo) by extensions ['ignore', 'ignore_ament_install']
[0.152s] Level 1:colcon.colcon_core.package_identification:_identify(gazebo) by extension 'ignore'
[0.152s] Level 1:colcon.colcon_core.package_identification:_identify(gazebo) by extension 'ignore_ament_install'
[0.152s] Level 1:colcon.colcon_core.package_identification:_identify(gazebo) by extensions ['colcon_pkg']
[0.152s] Level 1:colcon.colcon_core.package_identification:_identify(gazebo) by extension 'colcon_pkg'
[0.152s] Level 1:colcon.colcon_core.package_identification:_identify(gazebo) by extensions ['colcon_meta']
[0.152s] Level 1:colcon.colcon_core.package_identification:_identify(gazebo) by extension 'colcon_meta'
[0.152s] Level 1:colcon.colcon_core.package_identification:_identify(gazebo) by extensions ['ros']
[0.152s] Level 1:colcon.colcon_core.package_identification:_identify(gazebo) by extension 'ros'
[0.152s] Level 1:colcon.colcon_core.package_identification:_identify(gazebo) by extensions ['cmake', 'python']
[0.152s] Level 1:colcon.colcon_core.package_identification:_identify(gazebo) by extension 'cmake'
[0.152s] Level 1:colcon.colcon_core.package_identification:_identify(gazebo) by extension 'python'
[0.152s] Level 1:colcon.colcon_core.package_identification:_identify(gazebo) by extensions ['python_setup_py']
[0.152s] Level 1:colcon.colcon_core.package_identification:_identify(gazebo) by extension 'python_setup_py'
[0.152s] Level 1:colcon.colcon_core.package_identification:_identify(gazebo/dave_gz_sensor_plugins) by extensions ['ignore', 'ignore_ament_install']
[0.152s] Level 1:colcon.colcon_core.package_identification:_identify(gazebo/dave_gz_sensor_plugins) by extension 'ignore'
[0.152s] Level 1:colcon.colcon_core.package_identification:_identify(gazebo/dave_gz_sensor_plugins) by extension 'ignore_ament_install'
[0.152s] Level 1:colcon.colcon_core.package_identification:_identify(gazebo/dave_gz_sensor_plugins) by extensions ['colcon_pkg']
[0.152s] Level 1:colcon.colcon_core.package_identification:_identify(gazebo/dave_gz_sensor_plugins) by extension 'colcon_pkg'
[0.152s] Level 1:colcon.colcon_core.package_identification:_identify(gazebo/dave_gz_sensor_plugins) by extensions ['colcon_meta']
[0.152s] Level 1:colcon.colcon_core.package_identification:_identify(gazebo/dave_gz_sensor_plugins) by extension 'colcon_meta'
[0.152s] Level 1:colcon.colcon_core.package_identification:_identify(gazebo/dave_gz_sensor_plugins) by extensions ['ros']
[0.153s] Level 1:colcon.colcon_core.package_identification:_identify(gazebo/dave_gz_sensor_plugins) by extension 'ros'
[0.153s] DEBUG:colcon.colcon_core.package_identification:Package 'gazebo/dave_gz_sensor_plugins' with type 'ros.ament_cmake' and name 'dave_gz_sensor_plugins'
[0.153s] Level 1:colcon.colcon_core.package_identification:_identify(gazebo/dave_ros_gz_plugins) by extensions ['ignore', 'ignore_ament_install']
[0.153s] Level 1:colcon.colcon_core.package_identification:_identify(gazebo/dave_ros_gz_plugins) by extension 'ignore'
[0.153s] Level 1:colcon.colcon_core.package_identification:_identify(gazebo/dave_ros_gz_plugins) by extension 'ignore_ament_install'
[0.153s] Level 1:colcon.colcon_core.package_identification:_identify(gazebo/dave_ros_gz_plugins) by extensions ['colcon_pkg']
[0.153s] Level 1:colcon.colcon_core.package_identification:_identify(gazebo/dave_ros_gz_plugins) by extension 'colcon_pkg'
[0.153s] Level 1:colcon.colcon_core.package_identification:_identify(gazebo/dave_ros_gz_plugins) by extensions ['colcon_meta']
[0.153s] Level 1:colcon.colcon_core.package_identification:_identify(gazebo/dave_ros_gz_plugins) by extension 'colcon_meta'
[0.153s] Level 1:colcon.colcon_core.package_identification:_identify(gazebo/dave_ros_gz_plugins) by extensions ['ros']
[0.153s] Level 1:colcon.colcon_core.package_identification:_identify(gazebo/dave_ros_gz_plugins) by extension 'ros'
[0.154s] DEBUG:colcon.colcon_core.package_identification:Package 'gazebo/dave_ros_gz_plugins' with type 'ros.ament_cmake' and name 'dave_ros_gz_plugins'
[0.154s] Level 1:colcon.colcon_core.package_identification:_identify(install) by extensions ['ignore', 'ignore_ament_install']
[0.154s] Level 1:colcon.colcon_core.package_identification:_identify(install) by extension 'ignore'
[0.154s] Level 1:colcon.colcon_core.package_identification:_identify(install) ignored
[0.154s] Level 1:colcon.colcon_core.package_identification:_identify(log) by extensions ['ignore', 'ignore_ament_install']
[0.154s] Level 1:colcon.colcon_core.package_identification:_identify(log) by extension 'ignore'
[0.154s] Level 1:colcon.colcon_core.package_identification:_identify(log) ignored
[0.154s] Level 1:colcon.colcon_core.package_identification:_identify(models) by extensions ['ignore', 'ignore_ament_install']
[0.154s] Level 1:colcon.colcon_core.package_identification:_identify(models) by extension 'ignore'
[0.154s] Level 1:colcon.colcon_core.package_identification:_identify(models) by extension 'ignore_ament_install'
[0.154s] Level 1:colcon.colcon_core.package_identification:_identify(models) by extensions ['colcon_pkg']
[0.154s] Level 1:colcon.colcon_core.package_identification:_identify(models) by extension 'colcon_pkg'
[0.154s] Level 1:colcon.colcon_core.package_identification:_identify(models) by extensions ['colcon_meta']
[0.154s] Level 1:colcon.colcon_core.package_identification:_identify(models) by extension 'colcon_meta'
[0.155s] Level 1:colcon.colcon_core.package_identification:_identify(models) by extensions ['ros']
[0.155s] Level 1:colcon.colcon_core.package_identification:_identify(models) by extension 'ros'
[0.155s] Level 1:colcon.colcon_core.package_identification:_identify(models) by extensions ['cmake', 'python']
[0.155s] Level 1:colcon.colcon_core.package_identification:_identify(models) by extension 'cmake'
[0.155s] Level 1:colcon.colcon_core.package_identification:_identify(models) by extension 'python'
[0.155s] Level 1:colcon.colcon_core.package_identification:_identify(models) by extensions ['python_setup_py']
[0.155s] Level 1:colcon.colcon_core.package_identification:_identify(models) by extension 'python_setup_py'
[0.155s] Level 1:colcon.colcon_core.package_identification:_identify(models/dave_object_models) by extensions ['ignore', 'ignore_ament_install']
[0.155s] Level 1:colcon.colcon_core.package_identification:_identify(models/dave_object_models) by extension 'ignore'
[0.155s] Level 1:colcon.colcon_core.package_identification:_identify(models/dave_object_models) by extension 'ignore_ament_install'
[0.155s] Level 1:colcon.colcon_core.package_identification:_identify(models/dave_object_models) by extensions ['colcon_pkg']
[0.155s] Level 1:colcon.colcon_core.package_identification:_identify(models/dave_object_models) by extension 'colcon_pkg'
[0.155s] Level 1:colcon.colcon_core.package_identification:_identify(models/dave_object_models) by extensions ['colcon_meta']
[0.155s] Level 1:colcon.colcon_core.package_identification:_identify(models/dave_object_models) by extension 'colcon_meta'
[0.155s] Level 1:colcon.colcon_core.package_identification:_identify(models/dave_object_models) by extensions ['ros']
[0.155s] Level 1:colcon.colcon_core.package_identification:_identify(models/dave_object_models) by extension 'ros'
[0.155s] DEBUG:colcon.colcon_core.package_identification:Package 'models/dave_object_models' with type 'ros.ament_cmake' and name 'dave_object_models'
[0.155s] Level 1:colcon.colcon_core.package_identification:_identify(models/dave_robot_models) by extensions ['ignore', 'ignore_ament_install']
[0.156s] Level 1:colcon.colcon_core.package_identification:_identify(models/dave_robot_models) by extension 'ignore'
[0.156s] Level 1:colcon.colcon_core.package_identification:_identify(models/dave_robot_models) by extension 'ignore_ament_install'
[0.156s] Level 1:colcon.colcon_core.package_identification:_identify(models/dave_robot_models) by extensions ['colcon_pkg']
[0.156s] Level 1:colcon.colcon_core.package_identification:_identify(models/dave_robot_models) by extension 'colcon_pkg'
[0.156s] Level 1:colcon.colcon_core.package_identification:_identify(models/dave_robot_models) by extensions ['colcon_meta']
[0.156s] Level 1:colcon.colcon_core.package_identification:_identify(models/dave_robot_models) by extension 'colcon_meta'
[0.156s] Level 1:colcon.colcon_core.package_identification:_identify(models/dave_robot_models) by extensions ['ros']
[0.156s] Level 1:colcon.colcon_core.package_identification:_identify(models/dave_robot_models) by extension 'ros'
[0.156s] DEBUG:colcon.colcon_core.package_identification:Package 'models/dave_robot_models' with type 'ros.ament_cmake' and name 'dave_robot_models'
[0.156s] Level 1:colcon.colcon_core.package_identification:_identify(models/dave_sensor_models) by extensions ['ignore', 'ignore_ament_install']
[0.156s] Level 1:colcon.colcon_core.package_identification:_identify(models/dave_sensor_models) by extension 'ignore'
[0.156s] Level 1:colcon.colcon_core.package_identification:_identify(models/dave_sensor_models) by extension 'ignore_ament_install'
[0.156s] Level 1:colcon.colcon_core.package_identification:_identify(models/dave_sensor_models) by extensions ['colcon_pkg']
[0.156s] Level 1:colcon.colcon_core.package_identification:_identify(models/dave_sensor_models) by extension 'colcon_pkg'
[0.156s] Level 1:colcon.colcon_core.package_identification:_identify(models/dave_sensor_models) by extensions ['colcon_meta']
[0.156s] Level 1:colcon.colcon_core.package_identification:_identify(models/dave_sensor_models) by extension 'colcon_meta'
[0.156s] Level 1:colcon.colcon_core.package_identification:_identify(models/dave_sensor_models) by extensions ['ros']
[0.156s] Level 1:colcon.colcon_core.package_identification:_identify(models/dave_sensor_models) by extension 'ros'
[0.157s] DEBUG:colcon.colcon_core.package_identification:Package 'models/dave_sensor_models' with type 'ros.ament_cmake' and name 'dave_sensor_models'
[0.157s] Level 1:colcon.colcon_core.package_identification:_identify(models/dave_worlds) by extensions ['ignore', 'ignore_ament_install']
[0.157s] Level 1:colcon.colcon_core.package_identification:_identify(models/dave_worlds) by extension 'ignore'
[0.157s] Level 1:colcon.colcon_core.package_identification:_identify(models/dave_worlds) by extension 'ignore_ament_install'
[0.157s] Level 1:colcon.colcon_core.package_identification:_identify(models/dave_worlds) by extensions ['colcon_pkg']
[0.157s] Level 1:colcon.colcon_core.package_identification:_identify(models/dave_worlds) by extension 'colcon_pkg'
[0.157s] Level 1:colcon.colcon_core.package_identification:_identify(models/dave_worlds) by extensions ['colcon_meta']
[0.157s] Level 1:colcon.colcon_core.package_identification:_identify(models/dave_worlds) by extension 'colcon_meta'
[0.157s] Level 1:colcon.colcon_core.package_identification:_identify(models/dave_worlds) by extensions ['ros']
[0.157s] Level 1:colcon.colcon_core.package_identification:_identify(models/dave_worlds) by extension 'ros'
[0.157s] DEBUG:colcon.colcon_core.package_identification:Package 'models/dave_worlds' with type 'ros.ament_cmake' and name 'dave_worlds'
[0.157s] Level 1:colcon.colcon_core.package_discovery:discover_packages(recursive) using defaults
[0.158s] Level 1:colcon.colcon_core.package_discovery:discover_packages(ignore) discover
[0.158s] Level 1:colcon.colcon_core.package_discovery:discover_packages(ignore) using defaults
[0.158s] Level 1:colcon.colcon_core.package_discovery:discover_packages(path) discover
[0.158s] Level 1:colcon.colcon_core.package_discovery:discover_packages(path) using defaults
[0.158s] WARNING:colcon.colcon_core.package_selection:ignoring unknown package 'my-test-package' in --packages-skip
[0.172s] INFO:colcon.colcon_core.package_selection:Skipping not selected package 'dave' in 'dave'
[0.173s] INFO:colcon.colcon_core.package_selection:Skipping not selected package 'dave_demos' in 'examples/dave_demos'
[0.173s] INFO:colcon.colcon_core.package_selection:Skipping not selected package 'dave_interfaces' in 'dave_interfaces'
[0.173s] INFO:colcon.colcon_core.package_selection:Skipping not selected package 'dave_object_models' in 'models/dave_object_models'
[0.173s] INFO:colcon.colcon_core.package_selection:Skipping not selected package 'dave_robot_launch' in 'examples/dave_robot_launch'
[0.173s] INFO:colcon.colcon_core.package_selection:Skipping not selected package 'dave_robot_models' in 'models/dave_robot_models'
[0.173s] INFO:colcon.colcon_core.package_selection:Skipping not selected package 'dave_sensor_models' in 'models/dave_sensor_models'
[0.173s] INFO:colcon.colcon_core.package_selection:Skipping not selected package 'dave_worlds' in 'models/dave_worlds'
[0.173s] INFO:colcon.colcon_core.package_selection:Skipping not selected package 'dave_ros_gz_plugins' in 'gazebo/dave_ros_gz_plugins'
[0.173s] Level 1:colcon.colcon_core.package_discovery:discover_packages(prefix_path) check parameters
[0.173s] Level 1:colcon.colcon_core.package_discovery:discover_packages(prefix_path) discover
[0.174s] DEBUG:colcon.colcon_installed_package_information.package_discovery:Found 16 installed packages in /home/ioes/gazebo/src/install
[0.176s] DEBUG:colcon.colcon_installed_package_information.package_discovery:Found 409 installed packages in /opt/ros/jazzy
[0.177s] Level 1:colcon.colcon_core.package_discovery:discover_packages(prefix_path) using defaults
[0.229s] Level 5:colcon.colcon_core.verb:set package 'dave_gz_sensor_plugins' build argument 'cmake_args' from command line to '['-DCMAKE_VERBOSE_MAKEFILE=ON']'
[0.230s] Level 5:colcon.colcon_core.verb:set package 'dave_gz_sensor_plugins' build argument 'cmake_target' from command line to 'None'
[0.230s] Level 5:colcon.colcon_core.verb:set package 'dave_gz_sensor_plugins' build argument 'cmake_target_skip_unavailable' from command line to 'False'
[0.230s] Level 5:colcon.colcon_core.verb:set package 'dave_gz_sensor_plugins' build argument 'cmake_clean_cache' from command line to 'False'
[0.230s] Level 5:colcon.colcon_core.verb:set package 'dave_gz_sensor_plugins' build argument 'cmake_clean_first' from command line to 'False'
[0.230s] Level 5:colcon.colcon_core.verb:set package 'dave_gz_sensor_plugins' build argument 'cmake_force_configure' from command line to 'False'
[0.230s] Level 5:colcon.colcon_core.verb:set package 'dave_gz_sensor_plugins' build argument 'ament_cmake_args' from command line to 'None'
[0.230s] Level 5:colcon.colcon_core.verb:set package 'dave_gz_sensor_plugins' build argument 'catkin_cmake_args' from command line to 'None'
[0.230s] Level 5:colcon.colcon_core.verb:set package 'dave_gz_sensor_plugins' build argument 'catkin_skip_building_tests' from command line to 'False'
[0.230s] DEBUG:colcon.colcon_core.verb:Building package 'dave_gz_sensor_plugins' with the following arguments: {'ament_cmake_args': None, 'build_base': '/home/ioes/dave_ws/src/dave/build/dave_gz_sensor_plugins', 'catkin_cmake_args': None, 'catkin_skip_building_tests': False, 'cmake_args': ['-DCMAKE_VERBOSE_MAKEFILE=ON'], 'cmake_clean_cache': False, 'cmake_clean_first': False, 'cmake_force_configure': False, 'cmake_target': None, 'cmake_target_skip_unavailable': False, 'install_base': '/home/ioes/dave_ws/src/dave/install/dave_gz_sensor_plugins', 'merge_install': False, 'path': '/home/ioes/dave_ws/src/dave/gazebo/dave_gz_sensor_plugins', 'symlink_install': True, 'test_result_base': None}
[0.230s] INFO:colcon.colcon_core.executor:Executing jobs using 'parallel' executor
[0.231s] DEBUG:colcon.colcon_parallel_executor.executor.parallel:run_until_complete
[0.231s] INFO:colcon.colcon_ros.task.ament_cmake.build:Building ROS package in '/home/ioes/dave_ws/src/dave/gazebo/dave_gz_sensor_plugins' with build type 'ament_cmake'
[0.231s] INFO:colcon.colcon_cmake.task.cmake.build:Building CMake package in '/home/ioes/dave_ws/src/dave/gazebo/dave_gz_sensor_plugins'
[0.232s] INFO:colcon.colcon_core.plugin_system:Skipping extension 'colcon_core.shell.bat': Not used on non-Windows systems
[0.233s] INFO:colcon.colcon_core.shell:Skip shell extension 'powershell' for command environment: Not usable outside of PowerShell
[0.233s] DEBUG:colcon.colcon_core.shell:Skip shell extension 'dsv' for command environment
[0.235s] ERROR:colcon.colcon_cmake.task.cmake.build:Failed to find the following files:
- /home/ioes/dave_ws/src/dave/install/dave_interfaces/share/dave_interfaces/package.sh
Check that the following packages have been built:
- dave_interfaces
[0.235s] Level 1:colcon.colcon_core.environment:create_environment_scripts_only(dave_gz_sensor_plugins)
[0.237s] Level 1:colcon.colcon_core.environment:checking '/home/ioes/dave_ws/src/dave/install/dave_gz_sensor_plugins' for CMake module files
[0.238s] Level 1:colcon.colcon_core.environment:checking '/home/ioes/dave_ws/src/dave/install/dave_gz_sensor_plugins' for CMake config files
[0.238s] Level 1:colcon.colcon_core.environment:checking '/home/ioes/dave_ws/src/dave/install/dave_gz_sensor_plugins/bin'
[0.238s] Level 1:colcon.colcon_core.environment:checking '/home/ioes/dave_ws/src/dave/install/dave_gz_sensor_plugins/lib/pkgconfig/dave_gz_sensor_plugins.pc'
[0.238s] Level 1:colcon.colcon_core.environment:checking '/home/ioes/dave_ws/src/dave/install/dave_gz_sensor_plugins/lib/python3.12/site-packages'
[0.238s] Level 1:colcon.colcon_core.environment:checking '/home/ioes/dave_ws/src/dave/install/dave_gz_sensor_plugins/bin'
[0.239s] INFO:colcon.colcon_core.shell:Creating package script '/home/ioes/dave_ws/src/dave/install/dave_gz_sensor_plugins/share/dave_gz_sensor_plugins/package.ps1'
[0.239s] INFO:colcon.colcon_core.shell:Creating package descriptor '/home/ioes/dave_ws/src/dave/install/dave_gz_sensor_plugins/share/dave_gz_sensor_plugins/package.dsv'
[0.240s] INFO:colcon.colcon_core.shell:Creating package script '/home/ioes/dave_ws/src/dave/install/dave_gz_sensor_plugins/share/dave_gz_sensor_plugins/package.sh'
[0.240s] INFO:colcon.colcon_core.shell:Creating package script '/home/ioes/dave_ws/src/dave/install/dave_gz_sensor_plugins/share/dave_gz_sensor_plugins/package.bash'
[0.240s] INFO:colcon.colcon_core.shell:Creating package script '/home/ioes/dave_ws/src/dave/install/dave_gz_sensor_plugins/share/dave_gz_sensor_plugins/package.zsh'
[0.241s] Level 1:colcon.colcon_core.environment:create_file_with_runtime_dependencies(/home/ioes/dave_ws/src/dave/install/dave_gz_sensor_plugins/share/colcon-core/packages/dave_gz_sensor_plugins)
[0.251s] DEBUG:colcon.colcon_parallel_executor.executor.parallel:closing loop
[0.251s] DEBUG:colcon.colcon_parallel_executor.executor.parallel:loop closed
[0.251s] DEBUG:colcon.colcon_parallel_executor.executor.parallel:run_until_complete finished with '1'
[0.251s] DEBUG:colcon.colcon_core.event_reactor:joining thread
[0.255s] INFO:colcon.colcon_core.plugin_system:Skipping extension 'colcon_notification.desktop_notification.terminal_notifier': Not used on non-Darwin systems
[0.255s] INFO:colcon.colcon_core.plugin_system:Skipping extension 'colcon_notification.desktop_notification.win32': Not used on non-Windows systems
[0.255s] INFO:colcon.colcon_notification.desktop_notification:Sending desktop notification using 'notify2'
[0.264s] DEBUG:colcon.colcon_core.event_reactor:joined thread
[0.264s] INFO:colcon.colcon_core.shell:Creating prefix script '/home/ioes/dave_ws/src/dave/install/local_setup.ps1'
[0.265s] INFO:colcon.colcon_core.shell:Creating prefix util module '/home/ioes/dave_ws/src/dave/install/_local_setup_util_ps1.py'
[0.266s] INFO:colcon.colcon_core.shell:Creating prefix chain script '/home/ioes/dave_ws/src/dave/install/setup.ps1'
[0.266s] INFO:colcon.colcon_core.shell:Creating prefix script '/home/ioes/dave_ws/src/dave/install/local_setup.sh'
[0.267s] INFO:colcon.colcon_core.shell:Creating prefix util module '/home/ioes/dave_ws/src/dave/install/_local_setup_util_sh.py'
[0.267s] INFO:colcon.colcon_core.shell:Creating prefix chain script '/home/ioes/dave_ws/src/dave/install/setup.sh'
[0.268s] INFO:colcon.colcon_core.shell:Creating prefix script '/home/ioes/dave_ws/src/dave/install/local_setup.bash'
[0.268s] INFO:colcon.colcon_core.shell:Creating prefix chain script '/home/ioes/dave_ws/src/dave/install/setup.bash'
[0.269s] INFO:colcon.colcon_core.shell:Creating prefix script '/home/ioes/dave_ws/src/dave/install/local_setup.zsh'
[0.269s] INFO:colcon.colcon_core.shell:Creating prefix chain script '/home/ioes/dave_ws/src/dave/install/setup.zsh'
