[0.024s] Invoking command in '/home/abhimanyu/dave_ws/src/dave/build/dave_gz_sensor_plugins': CMAKE_PREFIX_PATH=/home/abhimanyu/dave_ws/src/dave/install/dave_interfaces:/home/abhimanyu/dave_ws/src/dave/install/dave_gz_model_plugins:/home/abhimanyu/dave_ws/src/dave/install/dave_worlds:/home/abhimanyu/dave_ws/src/dave/install/dave_sensor_models:/home/abhimanyu/dave_ws/src/dave/install/dave_ros_gz_plugins:/home/abhimanyu/dave_ws/src/dave/install/dave_robot_models:/home/abhimanyu/dave_ws/src/dave/install/dave_robot_launch:/home/abhimanyu/dave_ws/src/dave/install/dave_object_models:/home/abhimanyu/dave_ws/src/dave/install/dave_gz_sensor_plugins:/home/abhimanyu/dave_ws/src/dave/install/dave_demos:/home/abhimanyu/dave_ws/src/dave/install/dave:/home/abhimanyu/dave_ws/install/dave:/home/abhimanyu/MIR_Project_2024/glassy_challenge_ws/install/glassy_px4_manager:/home/abhimanyu/MIR_Project_2024/glassy_challenge_ws/install/px4_msgs:/home/abhimanyu/MIR_Project_2024/glassy_challenge_ws/install/glassy_utils:/home/abhimanyu/MIR_Project_2024/glassy_challenge_ws/install/glassy_msgs:/opt/ros/jazzy/opt/gz_sim_vendor:/opt/ros/jazzy/opt/gz_sensors_vendor:/opt/ros/jazzy/opt/gz_physics_vendor:/opt/ros/jazzy/opt/sdformat_vendor:/opt/ros/jazzy/opt/gz_gui_vendor:/opt/ros/jazzy/opt/gz_transport_vendor:/opt/ros/jazzy/opt/gz_rendering_vendor:/opt/ros/jazzy/opt/gz_plugin_vendor:/opt/ros/jazzy/opt/gz_fuel_tools_vendor:/opt/ros/jazzy/opt/gz_msgs_vendor:/opt/ros/jazzy/opt/gz_common_vendor:/opt/ros/jazzy/opt/gz_math_vendor:/opt/ros/jazzy/opt/gz_utils_vendor:/opt/ros/jazzy/opt/gz_tools_vendor:/opt/ros/jazzy/opt/gz_ogre_next_vendor:/opt/ros/jazzy/opt/gz_dartsim_vendor:/opt/ros/jazzy/opt/gz_cmake_vendor:/usr/local:/usr/local:/opt/ros/jazzy:/usr/local:/home/abhimanyu/dave_ws/src/install/dave_worlds:/home/abhimanyu/dave_ws/src/install/dave_sensor_models:/home/abhimanyu/dave_ws/src/install/dave_robot_models:/home/abhimanyu/dave_ws/src/install/dave_robot_launch:/home/abhimanyu/dave_ws/src/install/dave_object_models:/home/abhimanyu/dave_ws/src/install/dave_demos:/home/abhimanyu/dave_ws/src/install/dave:/home/abhimanyu/MIR_Project_2024/glassy_challenge_ws/install/glassy_challenge PYTHONPATH=/home/abhimanyu/dave_ws/src/dave/install/dave_interfaces/lib/python3.12/site-packages:/home/abhimanyu/dave_ws/src/dave/install/dave_gz_model_plugins/lib/python3.12/site-packages:/home/abhimanyu/dave_ws/src/install/rocker/lib/python3.12/site-packages:/home/abhimanyu/dave_ws/install/rocker/lib/python3.12/site-packages:/home/abhimanyu/dave_ws/install/my-test-package/lib/python3.12/site-packages:/home/abhimanyu/MIR_Project_2024/glassy_challenge_ws/install/glassy_challenge/lib/python3.10/site-packages:/home/abhimanyu/MIR_Project_2024/glassy_challenge_ws/install/px4_msgs/local/lib/python3.10/dist-packages:/home/abhimanyu/MIR_Project_2024/glassy_challenge_ws/install/glassy_msgs/local/lib/python3.10/dist-packages:/opt/ros/jazzy/lib/python3.12/site-packages /usr/bin/cmake /home/abhimanyu/dave_ws/src/dave/gazebo/dave_gz_sensor_plugins -DCMAKE_INSTALL_PREFIX=/home/abhimanyu/dave_ws/src/dave/install/dave_gz_sensor_plugins
[0.121s] -- The C compiler identification is GNU 13.2.0
[0.258s] -- The CXX compiler identification is GNU 13.2.0
[0.295s] -- Detecting C compiler ABI info
[0.488s] -- Detecting C compiler ABI info - done
[0.507s] -- Check for working C compiler: /usr/bin/cc - skipped
[0.508s] -- Detecting C compile features
[0.509s] -- Detecting C compile features - done
[0.523s] -- Detecting CXX compiler ABI info
[0.706s] -- Detecting CXX compiler ABI info - done
[0.736s] -- Check for working CXX compiler: /usr/bin/c++ - skipped
[0.737s] -- Detecting CXX compile features
[0.738s] -- Detecting CXX compile features - done
[0.761s] -- Found ament_cmake: 2.5.2 (/opt/ros/jazzy/share/ament_cmake/cmake)
[1.193s] -- Found Python3: /usr/bin/python3 (found version "3.12.3") found components: Interpreter 
[1.582s] -- Looking for gz-plugin2 -- found version 2.0.3
[1.584s] -- Searching for dependencies of gz-plugin2
[1.594s] -- Looking for gz-utils2 -- found version 2.2.0
[1.594s] -- Searching for dependencies of gz-utils2
[1.595s] -- Searching for <gz-utils2> component [cli]
[1.607s] -- Looking for gz-utils2-cli -- found version 2.2.0
[1.608s] -- Searching for dependencies of gz-utils2-cli
[1.611s] -- Searching for <gz-plugin2> component [register]
[1.617s] -- Looking for gz-plugin2-register -- found version 2.0.3
[1.618s] -- Searching for dependencies of gz-plugin2-register
[1.635s] -- Found rclcpp: 28.1.3 (/opt/ros/jazzy/share/rclcpp/cmake)
[1.838s] -- Found rosidl_generator_c: 4.6.3 (/opt/ros/jazzy/share/rosidl_generator_c/cmake)
[1.896s] -- Found rosidl_generator_cpp: 4.6.3 (/opt/ros/jazzy/share/rosidl_generator_cpp/cmake)
[1.967s] -- Using all available rosidl_typesupport_c: rosidl_typesupport_fastrtps_c;rosidl_typesupport_introspection_c
[2.043s] -- Using all available rosidl_typesupport_cpp: rosidl_typesupport_fastrtps_cpp;rosidl_typesupport_introspection_cpp
[2.325s] -- Found rmw_implementation_cmake: 7.3.1 (/opt/ros/jazzy/share/rmw_implementation_cmake/cmake)
[2.342s] -- Found rmw_fastrtps_cpp: 8.4.1 (/opt/ros/jazzy/share/rmw_fastrtps_cpp/cmake)
[2.550s] -- Found OpenSSL: /usr/lib/x86_64-linux-gnu/libcrypto.so (found version "3.0.13")  
[2.590s] -- Found FastRTPS: /opt/ros/jazzy/include (Required is at least version "2.13") 
[2.645s] -- Using RMW implementation 'rmw_fastrtps_cpp' as default
[3.059s] -- Found std_msgs: 5.3.5 (/opt/ros/jazzy/share/std_msgs/cmake)
[3.129s] -- Looking for gz-common5 -- found version 5.5.1
[3.129s] -- Searching for dependencies of gz-common5
[3.130s] -- Looking for gz-utils2 -- found version 2.2.0
[3.132s] -- Looking for dlfcn.h - found
[3.161s] -- Looking for libdl - found
[3.165s] -- Found DL: TRUE  
[3.179s] -- Checking for module 'uuid'
[3.217s] --   Found uuid, version 2.39.3
[3.273s] -- Found UUID: TRUE  
[3.274s] -- Searching for <gz-common5> component [profiler]
[3.282s] -- Looking for gz-common5-profiler -- found version 5.5.1
[3.282s] -- Searching for dependencies of gz-common5-profiler
[3.288s] -- Looking for gz-sim8 -- found version 8.3.0
[3.288s] -- Searching for dependencies of gz-sim8
[3.294s] -- Looking for sdformat14 -- found version 14.1.1
[3.294s] -- Searching for dependencies of sdformat14
[3.302s] -- Checking for module 'tinyxml2'
[3.335s] --   Found tinyxml2, version 10.0.0
[3.493s] -- Looking for gz-math7 -- found version 7.4.0
[3.495s] -- Searching for dependencies of gz-math7
[3.497s] -- Looking for gz-utils2 -- found version 2.2.0
[3.500s] -- Looking for gz-utils2 -- found version 2.2.0
[3.503s] -- Looking for gz-plugin2 -- found version 2.0.3
[3.506s] -- Searching for dependencies of gz-plugin2
[3.507s] -- Looking for gz-utils2 -- found version 2.2.0
[3.510s] -- Searching for <gz-plugin2> component [loader]
[3.526s] -- Looking for gz-plugin2-loader -- found version 2.0.3
[3.526s] -- Searching for dependencies of gz-plugin2-loader
[3.529s] -- Searching for <gz-plugin2> component [register]
[3.542s] -- Looking for gz-transport13 -- found version 13.2.0
[3.543s] -- Searching for dependencies of gz-transport13
[3.807s] -- Found Protobuf: /usr/lib/x86_64-linux-gnu/libprotobuf.so (found version "3.21.12") 
[3.852s] -- Config-file not installed for ZeroMQ -- checking for pkg-config
[3.860s] -- Checking for module 'libzmq >= 4'
[3.886s] --   Found libzmq, version 4.3.5
[3.952s] -- Found ZeroMQ: TRUE (Required is at least version "4") 
[3.965s] -- Looking for gz-utils2 -- found version 2.2.0
[3.972s] -- Looking for gz-msgs10 -- found version 10.1.2
[3.972s] -- Searching for dependencies of gz-msgs10
[4.016s] -- Looking for gz-utils2 -- found version 2.2.0
[4.017s] -- Looking for gz-math7 -- found version 7.4.0
[4.270s] -- Searching for <gz-transport13> component [log]
[4.276s] -- Looking for gz-transport13-log -- found version 13.2.0
[4.277s] -- Searching for dependencies of gz-transport13-log
[4.278s] -- Searching for <gz-transport13> component [parameters]
[4.284s] -- Looking for gz-transport13-parameters -- found version 13.2.0
[4.284s] -- Searching for dependencies of gz-transport13-parameters
[4.286s] -- Looking for gz-msgs10 -- found version 10.1.2
[4.287s] -- Looking for gz-common5 -- found version 5.5.1
[4.287s] -- Searching for dependencies of gz-common5
[4.288s] -- Looking for gz-utils2 -- found version 2.2.0
[4.288s] -- Looking for dlfcn.h - found
[4.289s] -- Looking for libdl - found
[4.302s] -- Searching for <gz-common5> component [av]
[4.309s] -- Looking for gz-common5-av -- found version 5.5.1
[4.310s] -- Searching for dependencies of gz-common5-av
[4.318s] -- Checking for module 'libswscale'
[4.344s] --   Found libswscale, version 7.5.100
[4.397s] -- Found SWSCALE: TRUE  
[4.405s] -- Checking for module 'libavdevice >= 56.4.100'
[4.432s] --   Found libavdevice, version 60.3.100
[4.505s] -- Found AVDEVICE: TRUE (Required is at least version "56.4.100") 
[4.514s] -- Checking for module 'libavformat'
[4.540s] --   Found libavformat, version 60.16.100
[4.601s] -- Found AVFORMAT: TRUE  
[4.612s] -- Checking for module 'libavcodec'
[4.643s] --   Found libavcodec, version 60.31.102
[4.709s] -- Found AVCODEC: TRUE  
[4.717s] -- Checking for module 'libavutil'
[4.745s] --   Found libavutil, version 58.29.100
[4.798s] -- Found AVUTIL: TRUE  
[4.800s] -- Searching for <gz-common5> component [events]
[4.811s] -- Looking for gz-common5-events -- found version 5.5.1
[4.811s] -- Searching for dependencies of gz-common5-events
[4.813s] -- Looking for gz-math7 -- found version 7.4.0
[4.814s] -- Searching for <gz-common5> component [graphics]
[4.825s] -- Looking for gz-common5-graphics -- found version 5.5.1
[4.825s] -- Searching for dependencies of gz-common5-graphics
[4.826s] -- Looking for gz-math7 -- found version 7.4.0
[4.852s] -- Found GzAssimp: TRUE (found version "5.3.0") 
[4.854s] -- Searching for <gz-common5> component [io]
[4.865s] -- Looking for gz-common5-io -- found version 5.5.1
[4.866s] -- Searching for dependencies of gz-common5-io
[4.867s] -- Searching for <gz-common5> component [profiler]
[4.878s] -- Looking for gz-fuel_tools9 -- found version 9.0.3
[4.879s] -- Searching for dependencies of gz-fuel_tools9
[5.051s] -- Found CURL: /usr/lib/x86_64-linux-gnu/libcurl.so (found version "8.5.0")  
[5.101s] -- Checking for module 'jsoncpp'
[5.129s] --   Found jsoncpp, version 1.9.5
[5.187s] -- Found JSONCPP: TRUE  
[5.228s] -- Checking for module 'yaml-0.1'
[5.254s] --   Found yaml-0.1, version 0.2.5
[5.305s] -- Found YAML: TRUE  
[5.314s] -- Checking for module 'libzip'
[5.341s] --   Found libzip, version 1.7.3
[5.393s] -- Found ZIP: TRUE  
[5.394s] -- Looking for gz-utils2 -- found version 2.2.0
[5.395s] -- Looking for gz-common5 -- found version 5.5.1
[5.395s] -- Searching for dependencies of gz-common5
[5.396s] -- Looking for gz-utils2 -- found version 2.2.0
[5.397s] -- Looking for dlfcn.h - found
[5.397s] -- Looking for libdl - found
[5.410s] -- Searching for <gz-common5> component [testing]
[5.417s] -- Looking for gz-common5-testing -- found version 5.5.1
[5.418s] -- Searching for dependencies of gz-common5-testing
[5.420s] -- Looking for gz-math7 -- found version 7.4.0
[5.422s] -- Looking for gz-msgs10 -- found version 10.1.2
[5.429s] -- Looking for gz-gui8 -- found version 8.1.1
[5.430s] -- Searching for dependencies of gz-gui8
[5.492s] -- Looking for gz-utils2 -- found version 2.2.0
[5.493s] -- Looking for gz-math7 -- found version 7.4.0
[5.494s] -- Looking for gz-common5 -- found version 5.5.1
[5.495s] -- Looking for gz-plugin2 -- found version 2.0.3
[5.496s] -- Looking for gz-transport13 -- found version 13.2.0
[5.503s] -- Looking for gz-rendering8 -- found version 8.1.1
[5.503s] -- Searching for dependencies of gz-rendering8
[5.504s] -- Looking for gz-math7 -- found version 7.4.0
[5.504s] -- Searching for dependencies of gz-math7
[5.507s] -- Looking for gz-utils2 -- found version 2.2.0
[5.507s] -- Searching for <gz-math7> component [eigen3]
[5.515s] -- Looking for gz-math7-eigen3 -- found version 7.4.0
[5.515s] -- Searching for dependencies of gz-math7-eigen3
[5.570s] -- Looking for gz-common5 -- found version 5.5.1
[5.570s] -- Searching for dependencies of gz-common5
[5.571s] -- Looking for gz-utils2 -- found version 2.2.0
[5.571s] -- Looking for dlfcn.h - found
[5.572s] -- Looking for libdl - found
[5.589s] -- Searching for <gz-common5> component [graphics]
[5.590s] -- Searching for <gz-common5> component [events]
[5.591s] -- Searching for <gz-common5> component [geospatial]
[5.599s] -- Looking for gz-common5-geospatial -- found version 5.5.1
[5.600s] -- Searching for dependencies of gz-common5-geospatial
[5.601s] -- Looking for gz-math7 -- found version 7.4.0
[5.602s] -- Looking for gz-common5 -- found version 5.5.1
[5.605s] -- Looking for gz-plugin2 -- found version 2.0.3
[5.605s] -- Searching for dependencies of gz-plugin2
[5.606s] -- Looking for gz-utils2 -- found version 2.2.0
[5.607s] -- Searching for <gz-plugin2> component [all]
[5.621s] -- Looking for all libraries of gz-plugin2 -- found version 2.0.3
[5.624s] -- Looking for gz-plugin2 -- found version 2.0.3
[5.630s] -- Looking for gz-utils2 -- found version 2.2.0
[5.674s] -- Found OpenGL: /usr/lib/x86_64-linux-gnu/libOpenGL.so  found components: OpenGL 
[5.677s] -- Looking for gz-msgs10 -- found version 10.1.2
[5.774s] -- Looking for gz-physics7 -- found version 7.2.0
[5.774s] -- Searching for dependencies of gz-physics7
[5.776s] -- Looking for gz-common5 -- found version 5.5.1
[5.777s] -- Looking for gz-math7 -- found version 7.4.0
[5.778s] -- Looking for gz-plugin2 -- found version 2.0.3
[5.779s] -- Looking for gz-utils2 -- found version 2.2.0
[5.782s] -- Searching for <gz-physics7> component [heightmap]
[5.790s] -- Looking for gz-physics7-heightmap -- found version 7.2.0
[5.790s] -- Searching for dependencies of gz-physics7-heightmap
[5.792s] -- Looking for gz-common5 -- found version 5.5.1
[5.793s] -- Searching for <gz-physics7> component [mesh]
[5.799s] -- Looking for gz-physics7-mesh -- found version 7.2.0
[5.799s] -- Searching for dependencies of gz-physics7-mesh
[5.800s] -- Looking for gz-common5 -- found version 5.5.1
[5.801s] -- Searching for <gz-physics7> component [sdf]
[5.810s] -- Looking for gz-physics7-sdf -- found version 7.2.0
[5.811s] -- Searching for dependencies of gz-physics7-sdf
[5.811s] -- Looking for sdformat14 -- found version 14.1.1
[5.817s] -- Looking for gz-sensors8 -- found version 8.0.1
[5.817s] -- Searching for dependencies of gz-sensors8
[5.880s] -- Looking for gz-math7 -- found version 7.4.0
[5.881s] -- Looking for gz-common5 -- found version 5.5.1
[5.882s] -- Looking for gz-transport13 -- found version 13.2.0
[5.884s] -- Looking for gz-rendering8 -- found version 8.1.1
[5.886s] -- Looking for gz-msgs10 -- found version 10.1.2
[5.886s] -- Looking for sdformat14 -- found version 14.1.1
[5.892s] -- Searching for <gz-sensors8> component [air_pressure]
[5.899s] -- Looking for gz-sensors8-air_pressure -- found version 8.0.1
[5.900s] -- Searching for dependencies of gz-sensors8-air_pressure
[5.901s] -- Searching for <gz-sensors8> component [air_speed]
[5.910s] -- Looking for gz-sensors8-air_speed -- found version 8.0.1
[5.917s] -- Searching for dependencies of gz-sensors8-air_speed
[5.917s] -- Searching for <gz-sensors8> component [altimeter]
[5.919s] -- Looking for gz-sensors8-altimeter -- found version 8.0.1
[5.920s] -- Searching for dependencies of gz-sensors8-altimeter
[5.920s] -- Searching for <gz-sensors8> component [imu]
[5.924s] -- Looking for gz-sensors8-imu -- found version 8.0.1
[5.925s] -- Searching for dependencies of gz-sensors8-imu
[5.929s] -- Searching for <gz-sensors8> component [force_torque]
[5.933s] -- Looking for gz-sensors8-force_torque -- found version 8.0.1
[5.934s] -- Searching for dependencies of gz-sensors8-force_torque
[5.935s] -- Searching for <gz-sensors8> component [logical_camera]
[5.942s] -- Looking for gz-sensors8-logical_camera -- found version 8.0.1
[5.943s] -- Searching for dependencies of gz-sensors8-logical_camera
[5.944s] -- Searching for <gz-sensors8> component [magnetometer]
[5.952s] -- Looking for gz-sensors8-magnetometer -- found version 8.0.1
[5.953s] -- Searching for dependencies of gz-sensors8-magnetometer
[5.956s] -- Searching for <gz-sensors8> component [navsat]
[5.962s] -- Looking for gz-sensors8-navsat -- found version 8.0.1
[5.962s] -- Searching for dependencies of gz-sensors8-navsat
[5.964s] -- Searching for <gz-sensors8> component [dvl]
[5.975s] -- Looking for gz-sensors8-dvl -- found version 8.0.1
[5.976s] -- Searching for dependencies of gz-sensors8-dvl
[5.976s] -- Looking for gz-sensors8 -- found version 8.0.1
[5.976s] -- Searching for dependencies of gz-sensors8
[6.068s] -- Looking for gz-math7 -- found version 7.4.0
[6.070s] -- Looking for gz-common5 -- found version 5.5.1
[6.071s] -- Looking for gz-transport13 -- found version 13.2.0
[6.075s] -- Looking for gz-rendering8 -- found version 8.1.1
[6.078s] -- Looking for gz-msgs10 -- found version 10.1.2
[6.079s] -- Looking for sdformat14 -- found version 14.1.1
[6.079s] -- Searching for <gz-sensors8> component [rendering]
[6.087s] -- Looking for gz-sensors8-rendering -- found version 8.0.1
[6.088s] -- Searching for dependencies of gz-sensors8-rendering
[6.094s] -- Searching for <gz-sensors8> component [rendering]
[6.094s] -- Searching for <gz-sensors8> component [lidar]
[6.101s] -- Looking for gz-sensors8-lidar -- found version 8.0.1
[6.102s] -- Searching for dependencies of gz-sensors8-lidar
[6.103s] -- Looking for gz-sensors8 -- found version 8.0.1
[6.104s] -- Searching for <gz-sensors8> component [gpu_lidar]
[6.114s] -- Looking for gz-sensors8-gpu_lidar -- found version 8.0.1
[6.114s] -- Searching for dependencies of gz-sensors8-gpu_lidar
[6.115s] -- Looking for gz-sensors8 -- found version 8.0.1
[6.117s] -- Searching for <gz-sensors8> component [camera]
[6.123s] -- Looking for gz-sensors8-camera -- found version 8.0.1
[6.125s] -- Searching for dependencies of gz-sensors8-camera
[6.128s] -- Looking for gz-sensors8 -- found version 8.0.1
[6.129s] -- Searching for <gz-sensors8> component [boundingbox_camera]
[6.135s] -- Looking for gz-sensors8-boundingbox_camera -- found version 8.0.1
[6.136s] -- Searching for dependencies of gz-sensors8-boundingbox_camera
[6.137s] -- Searching for <gz-sensors8> component [segmentation_camera]
[6.173s] -- Looking for gz-sensors8-segmentation_camera -- found version 8.0.1
[6.176s] -- Searching for dependencies of gz-sensors8-segmentation_camera
[6.179s] -- Searching for <gz-sensors8> component [depth_camera]
[6.190s] -- Looking for gz-sensors8-depth_camera -- found version 8.0.1
[6.191s] -- Searching for dependencies of gz-sensors8-depth_camera
[6.192s] -- Looking for gz-sensors8 -- found version 8.0.1
[6.195s] -- Searching for <gz-sensors8> component [rgbd_camera]
[6.204s] -- Looking for gz-sensors8-rgbd_camera -- found version 8.0.1
[6.205s] -- Searching for dependencies of gz-sensors8-rgbd_camera
[6.206s] -- Looking for gz-sensors8 -- found version 8.0.1
[6.210s] -- Searching for <gz-sensors8> component [thermal_camera]
[6.215s] -- Looking for gz-sensors8-thermal_camera -- found version 8.0.1
[6.216s] -- Searching for dependencies of gz-sensors8-thermal_camera
[6.217s] -- Looking for gz-sensors8 -- found version 8.0.1
[6.219s] -- Searching for <gz-sensors8> component [wide_angle_camera]
[6.230s] -- Looking for gz-sensors8-wide_angle_camera -- found version 8.0.1
[6.230s] -- Searching for dependencies of gz-sensors8-wide_angle_camera
[6.231s] -- Looking for gz-rendering8 -- found version 8.1.1
[6.232s] -- Looking for gz-math7 -- found version 7.4.0
[6.233s] -- Looking for gz-utils2 -- found version 2.2.0
[6.373s] -- Found geometry_msgs: 5.3.5 (/opt/ros/jazzy/share/geometry_msgs/cmake)
[6.437s] -- Found dave_interfaces: 0.0.0 (/home/abhimanyu/dave_ws/src/dave/install/dave_interfaces/share/dave_interfaces/cmake)
[6.528s] -- Compiling against Gazebo Harmonic
[6.565s] -- Found ament_lint_auto: 0.17.1 (/opt/ros/jazzy/share/ament_lint_auto/cmake)
[6.851s] -- Configuring done (6.8s)
[7.010s] -- Generating done (0.1s)
[7.018s] -- Build files have been written to: /home/abhimanyu/dave_ws/src/dave/build/dave_gz_sensor_plugins
[7.049s] Invoked command in '/home/abhimanyu/dave_ws/src/dave/build/dave_gz_sensor_plugins' returned '0': CMAKE_PREFIX_PATH=/home/abhimanyu/dave_ws/src/dave/install/dave_interfaces:/home/abhimanyu/dave_ws/src/dave/install/dave_gz_model_plugins:/home/abhimanyu/dave_ws/src/dave/install/dave_worlds:/home/abhimanyu/dave_ws/src/dave/install/dave_sensor_models:/home/abhimanyu/dave_ws/src/dave/install/dave_ros_gz_plugins:/home/abhimanyu/dave_ws/src/dave/install/dave_robot_models:/home/abhimanyu/dave_ws/src/dave/install/dave_robot_launch:/home/abhimanyu/dave_ws/src/dave/install/dave_object_models:/home/abhimanyu/dave_ws/src/dave/install/dave_gz_sensor_plugins:/home/abhimanyu/dave_ws/src/dave/install/dave_demos:/home/abhimanyu/dave_ws/src/dave/install/dave:/home/abhimanyu/dave_ws/install/dave:/home/abhimanyu/MIR_Project_2024/glassy_challenge_ws/install/glassy_px4_manager:/home/abhimanyu/MIR_Project_2024/glassy_challenge_ws/install/px4_msgs:/home/abhimanyu/MIR_Project_2024/glassy_challenge_ws/install/glassy_utils:/home/abhimanyu/MIR_Project_2024/glassy_challenge_ws/install/glassy_msgs:/opt/ros/jazzy/opt/gz_sim_vendor:/opt/ros/jazzy/opt/gz_sensors_vendor:/opt/ros/jazzy/opt/gz_physics_vendor:/opt/ros/jazzy/opt/sdformat_vendor:/opt/ros/jazzy/opt/gz_gui_vendor:/opt/ros/jazzy/opt/gz_transport_vendor:/opt/ros/jazzy/opt/gz_rendering_vendor:/opt/ros/jazzy/opt/gz_plugin_vendor:/opt/ros/jazzy/opt/gz_fuel_tools_vendor:/opt/ros/jazzy/opt/gz_msgs_vendor:/opt/ros/jazzy/opt/gz_common_vendor:/opt/ros/jazzy/opt/gz_math_vendor:/opt/ros/jazzy/opt/gz_utils_vendor:/opt/ros/jazzy/opt/gz_tools_vendor:/opt/ros/jazzy/opt/gz_ogre_next_vendor:/opt/ros/jazzy/opt/gz_dartsim_vendor:/opt/ros/jazzy/opt/gz_cmake_vendor:/usr/local:/usr/local:/opt/ros/jazzy:/usr/local:/home/abhimanyu/dave_ws/src/install/dave_worlds:/home/abhimanyu/dave_ws/src/install/dave_sensor_models:/home/abhimanyu/dave_ws/src/install/dave_robot_models:/home/abhimanyu/dave_ws/src/install/dave_robot_launch:/home/abhimanyu/dave_ws/src/install/dave_object_models:/home/abhimanyu/dave_ws/src/install/dave_demos:/home/abhimanyu/dave_ws/src/install/dave:/home/abhimanyu/MIR_Project_2024/glassy_challenge_ws/install/glassy_challenge PYTHONPATH=/home/abhimanyu/dave_ws/src/dave/install/dave_interfaces/lib/python3.12/site-packages:/home/abhimanyu/dave_ws/src/dave/install/dave_gz_model_plugins/lib/python3.12/site-packages:/home/abhimanyu/dave_ws/src/install/rocker/lib/python3.12/site-packages:/home/abhimanyu/dave_ws/install/rocker/lib/python3.12/site-packages:/home/abhimanyu/dave_ws/install/my-test-package/lib/python3.12/site-packages:/home/abhimanyu/MIR_Project_2024/glassy_challenge_ws/install/glassy_challenge/lib/python3.10/site-packages:/home/abhimanyu/MIR_Project_2024/glassy_challenge_ws/install/px4_msgs/local/lib/python3.10/dist-packages:/home/abhimanyu/MIR_Project_2024/glassy_challenge_ws/install/glassy_msgs/local/lib/python3.10/dist-packages:/opt/ros/jazzy/lib/python3.12/site-packages /usr/bin/cmake /home/abhimanyu/dave_ws/src/dave/gazebo/dave_gz_sensor_plugins -DCMAKE_INSTALL_PREFIX=/home/abhimanyu/dave_ws/src/dave/install/dave_gz_sensor_plugins
[7.051s] Invoking command in '/home/abhimanyu/dave_ws/src/dave/build/dave_gz_sensor_plugins': CMAKE_PREFIX_PATH=/home/abhimanyu/dave_ws/src/dave/install/dave_interfaces:/home/abhimanyu/dave_ws/src/dave/install/dave_gz_model_plugins:/home/abhimanyu/dave_ws/src/dave/install/dave_worlds:/home/abhimanyu/dave_ws/src/dave/install/dave_sensor_models:/home/abhimanyu/dave_ws/src/dave/install/dave_ros_gz_plugins:/home/abhimanyu/dave_ws/src/dave/install/dave_robot_models:/home/abhimanyu/dave_ws/src/dave/install/dave_robot_launch:/home/abhimanyu/dave_ws/src/dave/install/dave_object_models:/home/abhimanyu/dave_ws/src/dave/install/dave_gz_sensor_plugins:/home/abhimanyu/dave_ws/src/dave/install/dave_demos:/home/abhimanyu/dave_ws/src/dave/install/dave:/home/abhimanyu/dave_ws/install/dave:/home/abhimanyu/MIR_Project_2024/glassy_challenge_ws/install/glassy_px4_manager:/home/abhimanyu/MIR_Project_2024/glassy_challenge_ws/install/px4_msgs:/home/abhimanyu/MIR_Project_2024/glassy_challenge_ws/install/glassy_utils:/home/abhimanyu/MIR_Project_2024/glassy_challenge_ws/install/glassy_msgs:/opt/ros/jazzy/opt/gz_sim_vendor:/opt/ros/jazzy/opt/gz_sensors_vendor:/opt/ros/jazzy/opt/gz_physics_vendor:/opt/ros/jazzy/opt/sdformat_vendor:/opt/ros/jazzy/opt/gz_gui_vendor:/opt/ros/jazzy/opt/gz_transport_vendor:/opt/ros/jazzy/opt/gz_rendering_vendor:/opt/ros/jazzy/opt/gz_plugin_vendor:/opt/ros/jazzy/opt/gz_fuel_tools_vendor:/opt/ros/jazzy/opt/gz_msgs_vendor:/opt/ros/jazzy/opt/gz_common_vendor:/opt/ros/jazzy/opt/gz_math_vendor:/opt/ros/jazzy/opt/gz_utils_vendor:/opt/ros/jazzy/opt/gz_tools_vendor:/opt/ros/jazzy/opt/gz_ogre_next_vendor:/opt/ros/jazzy/opt/gz_dartsim_vendor:/opt/ros/jazzy/opt/gz_cmake_vendor:/usr/local:/usr/local:/opt/ros/jazzy:/usr/local:/home/abhimanyu/dave_ws/src/install/dave_worlds:/home/abhimanyu/dave_ws/src/install/dave_sensor_models:/home/abhimanyu/dave_ws/src/install/dave_robot_models:/home/abhimanyu/dave_ws/src/install/dave_robot_launch:/home/abhimanyu/dave_ws/src/install/dave_object_models:/home/abhimanyu/dave_ws/src/install/dave_demos:/home/abhimanyu/dave_ws/src/install/dave:/home/abhimanyu/MIR_Project_2024/glassy_challenge_ws/install/glassy_challenge PYTHONPATH=/home/abhimanyu/dave_ws/src/dave/install/dave_interfaces/lib/python3.12/site-packages:/home/abhimanyu/dave_ws/src/dave/install/dave_gz_model_plugins/lib/python3.12/site-packages:/home/abhimanyu/dave_ws/src/install/rocker/lib/python3.12/site-packages:/home/abhimanyu/dave_ws/install/rocker/lib/python3.12/site-packages:/home/abhimanyu/dave_ws/install/my-test-package/lib/python3.12/site-packages:/home/abhimanyu/MIR_Project_2024/glassy_challenge_ws/install/glassy_challenge/lib/python3.10/site-packages:/home/abhimanyu/MIR_Project_2024/glassy_challenge_ws/install/px4_msgs/local/lib/python3.10/dist-packages:/home/abhimanyu/MIR_Project_2024/glassy_challenge_ws/install/glassy_msgs/local/lib/python3.10/dist-packages:/opt/ros/jazzy/lib/python3.12/site-packages /usr/bin/cmake --build /home/abhimanyu/dave_ws/src/dave/build/dave_gz_sensor_plugins -- -j4 -l4
[7.189s] [ 25%] [32mBuilding CXX object CMakeFiles/UsblTransceiver.dir/src/UsblTransceiver.cc.o[0m
[7.192s] [ 50%] [32mBuilding CXX object CMakeFiles/UsblTransponder.dir/src/UsblTransponder.cc.o[0m
[53.211s] [ 75%] [32m[1mLinking CXX shared library libUsblTransponder.so[0m
[55.028s] [ 75%] Built target UsblTransponder
[57.898s] [100%] [32m[1mLinking CXX shared library libUsblTransceiver.so[0m
[59.663s] [100%] Built target UsblTransceiver
[59.681s] Invoked command in '/home/abhimanyu/dave_ws/src/dave/build/dave_gz_sensor_plugins' returned '0': CMAKE_PREFIX_PATH=/home/abhimanyu/dave_ws/src/dave/install/dave_interfaces:/home/abhimanyu/dave_ws/src/dave/install/dave_gz_model_plugins:/home/abhimanyu/dave_ws/src/dave/install/dave_worlds:/home/abhimanyu/dave_ws/src/dave/install/dave_sensor_models:/home/abhimanyu/dave_ws/src/dave/install/dave_ros_gz_plugins:/home/abhimanyu/dave_ws/src/dave/install/dave_robot_models:/home/abhimanyu/dave_ws/src/dave/install/dave_robot_launch:/home/abhimanyu/dave_ws/src/dave/install/dave_object_models:/home/abhimanyu/dave_ws/src/dave/install/dave_gz_sensor_plugins:/home/abhimanyu/dave_ws/src/dave/install/dave_demos:/home/abhimanyu/dave_ws/src/dave/install/dave:/home/abhimanyu/dave_ws/install/dave:/home/abhimanyu/MIR_Project_2024/glassy_challenge_ws/install/glassy_px4_manager:/home/abhimanyu/MIR_Project_2024/glassy_challenge_ws/install/px4_msgs:/home/abhimanyu/MIR_Project_2024/glassy_challenge_ws/install/glassy_utils:/home/abhimanyu/MIR_Project_2024/glassy_challenge_ws/install/glassy_msgs:/opt/ros/jazzy/opt/gz_sim_vendor:/opt/ros/jazzy/opt/gz_sensors_vendor:/opt/ros/jazzy/opt/gz_physics_vendor:/opt/ros/jazzy/opt/sdformat_vendor:/opt/ros/jazzy/opt/gz_gui_vendor:/opt/ros/jazzy/opt/gz_transport_vendor:/opt/ros/jazzy/opt/gz_rendering_vendor:/opt/ros/jazzy/opt/gz_plugin_vendor:/opt/ros/jazzy/opt/gz_fuel_tools_vendor:/opt/ros/jazzy/opt/gz_msgs_vendor:/opt/ros/jazzy/opt/gz_common_vendor:/opt/ros/jazzy/opt/gz_math_vendor:/opt/ros/jazzy/opt/gz_utils_vendor:/opt/ros/jazzy/opt/gz_tools_vendor:/opt/ros/jazzy/opt/gz_ogre_next_vendor:/opt/ros/jazzy/opt/gz_dartsim_vendor:/opt/ros/jazzy/opt/gz_cmake_vendor:/usr/local:/usr/local:/opt/ros/jazzy:/usr/local:/home/abhimanyu/dave_ws/src/install/dave_worlds:/home/abhimanyu/dave_ws/src/install/dave_sensor_models:/home/abhimanyu/dave_ws/src/install/dave_robot_models:/home/abhimanyu/dave_ws/src/install/dave_robot_launch:/home/abhimanyu/dave_ws/src/install/dave_object_models:/home/abhimanyu/dave_ws/src/install/dave_demos:/home/abhimanyu/dave_ws/src/install/dave:/home/abhimanyu/MIR_Project_2024/glassy_challenge_ws/install/glassy_challenge PYTHONPATH=/home/abhimanyu/dave_ws/src/dave/install/dave_interfaces/lib/python3.12/site-packages:/home/abhimanyu/dave_ws/src/dave/install/dave_gz_model_plugins/lib/python3.12/site-packages:/home/abhimanyu/dave_ws/src/install/rocker/lib/python3.12/site-packages:/home/abhimanyu/dave_ws/install/rocker/lib/python3.12/site-packages:/home/abhimanyu/dave_ws/install/my-test-package/lib/python3.12/site-packages:/home/abhimanyu/MIR_Project_2024/glassy_challenge_ws/install/glassy_challenge/lib/python3.10/site-packages:/home/abhimanyu/MIR_Project_2024/glassy_challenge_ws/install/px4_msgs/local/lib/python3.10/dist-packages:/home/abhimanyu/MIR_Project_2024/glassy_challenge_ws/install/glassy_msgs/local/lib/python3.10/dist-packages:/opt/ros/jazzy/lib/python3.12/site-packages /usr/bin/cmake --build /home/abhimanyu/dave_ws/src/dave/build/dave_gz_sensor_plugins -- -j4 -l4
[59.724s] Invoking command in '/home/abhimanyu/dave_ws/src/dave/build/dave_gz_sensor_plugins': CMAKE_PREFIX_PATH=/home/abhimanyu/dave_ws/src/dave/install/dave_interfaces:/home/abhimanyu/dave_ws/src/dave/install/dave_gz_model_plugins:/home/abhimanyu/dave_ws/src/dave/install/dave_worlds:/home/abhimanyu/dave_ws/src/dave/install/dave_sensor_models:/home/abhimanyu/dave_ws/src/dave/install/dave_ros_gz_plugins:/home/abhimanyu/dave_ws/src/dave/install/dave_robot_models:/home/abhimanyu/dave_ws/src/dave/install/dave_robot_launch:/home/abhimanyu/dave_ws/src/dave/install/dave_object_models:/home/abhimanyu/dave_ws/src/dave/install/dave_gz_sensor_plugins:/home/abhimanyu/dave_ws/src/dave/install/dave_demos:/home/abhimanyu/dave_ws/src/dave/install/dave:/home/abhimanyu/dave_ws/install/dave:/home/abhimanyu/MIR_Project_2024/glassy_challenge_ws/install/glassy_px4_manager:/home/abhimanyu/MIR_Project_2024/glassy_challenge_ws/install/px4_msgs:/home/abhimanyu/MIR_Project_2024/glassy_challenge_ws/install/glassy_utils:/home/abhimanyu/MIR_Project_2024/glassy_challenge_ws/install/glassy_msgs:/opt/ros/jazzy/opt/gz_sim_vendor:/opt/ros/jazzy/opt/gz_sensors_vendor:/opt/ros/jazzy/opt/gz_physics_vendor:/opt/ros/jazzy/opt/sdformat_vendor:/opt/ros/jazzy/opt/gz_gui_vendor:/opt/ros/jazzy/opt/gz_transport_vendor:/opt/ros/jazzy/opt/gz_rendering_vendor:/opt/ros/jazzy/opt/gz_plugin_vendor:/opt/ros/jazzy/opt/gz_fuel_tools_vendor:/opt/ros/jazzy/opt/gz_msgs_vendor:/opt/ros/jazzy/opt/gz_common_vendor:/opt/ros/jazzy/opt/gz_math_vendor:/opt/ros/jazzy/opt/gz_utils_vendor:/opt/ros/jazzy/opt/gz_tools_vendor:/opt/ros/jazzy/opt/gz_ogre_next_vendor:/opt/ros/jazzy/opt/gz_dartsim_vendor:/opt/ros/jazzy/opt/gz_cmake_vendor:/usr/local:/usr/local:/opt/ros/jazzy:/usr/local:/home/abhimanyu/dave_ws/src/install/dave_worlds:/home/abhimanyu/dave_ws/src/install/dave_sensor_models:/home/abhimanyu/dave_ws/src/install/dave_robot_models:/home/abhimanyu/dave_ws/src/install/dave_robot_launch:/home/abhimanyu/dave_ws/src/install/dave_object_models:/home/abhimanyu/dave_ws/src/install/dave_demos:/home/abhimanyu/dave_ws/src/install/dave:/home/abhimanyu/MIR_Project_2024/glassy_challenge_ws/install/glassy_challenge PYTHONPATH=/home/abhimanyu/dave_ws/src/dave/install/dave_interfaces/lib/python3.12/site-packages:/home/abhimanyu/dave_ws/src/dave/install/dave_gz_model_plugins/lib/python3.12/site-packages:/home/abhimanyu/dave_ws/src/install/rocker/lib/python3.12/site-packages:/home/abhimanyu/dave_ws/install/rocker/lib/python3.12/site-packages:/home/abhimanyu/dave_ws/install/my-test-package/lib/python3.12/site-packages:/home/abhimanyu/MIR_Project_2024/glassy_challenge_ws/install/glassy_challenge/lib/python3.10/site-packages:/home/abhimanyu/MIR_Project_2024/glassy_challenge_ws/install/px4_msgs/local/lib/python3.10/dist-packages:/home/abhimanyu/MIR_Project_2024/glassy_challenge_ws/install/glassy_msgs/local/lib/python3.10/dist-packages:/opt/ros/jazzy/lib/python3.12/site-packages /usr/bin/cmake --install /home/abhimanyu/dave_ws/src/dave/build/dave_gz_sensor_plugins
[59.736s] -- Install configuration: ""
[59.737s] -- Installing: /home/abhimanyu/dave_ws/src/dave/install/dave_gz_sensor_plugins/lib/dave_gz_sensor_plugins/libUsblTransceiver.so
[59.753s] -- Set non-toolchain portion of runtime path of "/home/abhimanyu/dave_ws/src/dave/install/dave_gz_sensor_plugins/lib/dave_gz_sensor_plugins/libUsblTransceiver.so" to ""
[59.753s] -- Installing: /home/abhimanyu/dave_ws/src/dave/install/dave_gz_sensor_plugins/lib/dave_gz_sensor_plugins/libUsblTransponder.so
[59.767s] -- Set non-toolchain portion of runtime path of "/home/abhimanyu/dave_ws/src/dave/install/dave_gz_sensor_plugins/lib/dave_gz_sensor_plugins/libUsblTransponder.so" to ""
[59.767s] -- Installing: /home/abhimanyu/dave_ws/src/dave/install/dave_gz_sensor_plugins/include/
[59.768s] -- Installing: /home/abhimanyu/dave_ws/src/dave/install/dave_gz_sensor_plugins/include//dave_gz_sensor_plugins
[59.768s] -- Installing: /home/abhimanyu/dave_ws/src/dave/install/dave_gz_sensor_plugins/include//dave_gz_sensor_plugins/UsblTransponder.hh
[59.768s] -- Installing: /home/abhimanyu/dave_ws/src/dave/install/dave_gz_sensor_plugins/include//dave_gz_sensor_plugins/UsblTransceiver.hh
[59.768s] -- Installing: /home/abhimanyu/dave_ws/src/dave/install/dave_gz_sensor_plugins/share/dave_gz_sensor_plugins/environment/dave_gz_sensor_plugins.dsv
[59.770s] -- Installing: /home/abhimanyu/dave_ws/src/dave/install/dave_gz_sensor_plugins/share/ament_index/resource_index/package_run_dependencies/dave_gz_sensor_plugins
[59.770s] -- Installing: /home/abhimanyu/dave_ws/src/dave/install/dave_gz_sensor_plugins/share/ament_index/resource_index/parent_prefix_path/dave_gz_sensor_plugins
[59.771s] -- Installing: /home/abhimanyu/dave_ws/src/dave/install/dave_gz_sensor_plugins/share/dave_gz_sensor_plugins/environment/ament_prefix_path.sh
[59.771s] -- Installing: /home/abhimanyu/dave_ws/src/dave/install/dave_gz_sensor_plugins/share/dave_gz_sensor_plugins/environment/ament_prefix_path.dsv
[59.772s] -- Installing: /home/abhimanyu/dave_ws/src/dave/install/dave_gz_sensor_plugins/share/dave_gz_sensor_plugins/environment/path.sh
[59.772s] -- Installing: /home/abhimanyu/dave_ws/src/dave/install/dave_gz_sensor_plugins/share/dave_gz_sensor_plugins/environment/path.dsv
[59.774s] -- Installing: /home/abhimanyu/dave_ws/src/dave/install/dave_gz_sensor_plugins/share/dave_gz_sensor_plugins/local_setup.bash
[59.774s] -- Installing: /home/abhimanyu/dave_ws/src/dave/install/dave_gz_sensor_plugins/share/dave_gz_sensor_plugins/local_setup.sh
[59.775s] -- Installing: /home/abhimanyu/dave_ws/src/dave/install/dave_gz_sensor_plugins/share/dave_gz_sensor_plugins/local_setup.zsh
[59.775s] -- Installing: /home/abhimanyu/dave_ws/src/dave/install/dave_gz_sensor_plugins/share/dave_gz_sensor_plugins/local_setup.dsv
[59.775s] -- Installing: /home/abhimanyu/dave_ws/src/dave/install/dave_gz_sensor_plugins/share/dave_gz_sensor_plugins/package.dsv
[59.776s] -- Installing: /home/abhimanyu/dave_ws/src/dave/install/dave_gz_sensor_plugins/share/ament_index/resource_index/packages/dave_gz_sensor_plugins
[59.776s] -- Installing: /home/abhimanyu/dave_ws/src/dave/install/dave_gz_sensor_plugins/share/dave_gz_sensor_plugins/cmake/dave_gz_sensor_pluginsConfig.cmake
[59.778s] -- Installing: /home/abhimanyu/dave_ws/src/dave/install/dave_gz_sensor_plugins/share/dave_gz_sensor_plugins/cmake/dave_gz_sensor_pluginsConfig-version.cmake
[59.778s] -- Installing: /home/abhimanyu/dave_ws/src/dave/install/dave_gz_sensor_plugins/share/dave_gz_sensor_plugins/package.xml
[59.781s] Invoked command in '/home/abhimanyu/dave_ws/src/dave/build/dave_gz_sensor_plugins' returned '0': CMAKE_PREFIX_PATH=/home/abhimanyu/dave_ws/src/dave/install/dave_interfaces:/home/abhimanyu/dave_ws/src/dave/install/dave_gz_model_plugins:/home/abhimanyu/dave_ws/src/dave/install/dave_worlds:/home/abhimanyu/dave_ws/src/dave/install/dave_sensor_models:/home/abhimanyu/dave_ws/src/dave/install/dave_ros_gz_plugins:/home/abhimanyu/dave_ws/src/dave/install/dave_robot_models:/home/abhimanyu/dave_ws/src/dave/install/dave_robot_launch:/home/abhimanyu/dave_ws/src/dave/install/dave_object_models:/home/abhimanyu/dave_ws/src/dave/install/dave_gz_sensor_plugins:/home/abhimanyu/dave_ws/src/dave/install/dave_demos:/home/abhimanyu/dave_ws/src/dave/install/dave:/home/abhimanyu/dave_ws/install/dave:/home/abhimanyu/MIR_Project_2024/glassy_challenge_ws/install/glassy_px4_manager:/home/abhimanyu/MIR_Project_2024/glassy_challenge_ws/install/px4_msgs:/home/abhimanyu/MIR_Project_2024/glassy_challenge_ws/install/glassy_utils:/home/abhimanyu/MIR_Project_2024/glassy_challenge_ws/install/glassy_msgs:/opt/ros/jazzy/opt/gz_sim_vendor:/opt/ros/jazzy/opt/gz_sensors_vendor:/opt/ros/jazzy/opt/gz_physics_vendor:/opt/ros/jazzy/opt/sdformat_vendor:/opt/ros/jazzy/opt/gz_gui_vendor:/opt/ros/jazzy/opt/gz_transport_vendor:/opt/ros/jazzy/opt/gz_rendering_vendor:/opt/ros/jazzy/opt/gz_plugin_vendor:/opt/ros/jazzy/opt/gz_fuel_tools_vendor:/opt/ros/jazzy/opt/gz_msgs_vendor:/opt/ros/jazzy/opt/gz_common_vendor:/opt/ros/jazzy/opt/gz_math_vendor:/opt/ros/jazzy/opt/gz_utils_vendor:/opt/ros/jazzy/opt/gz_tools_vendor:/opt/ros/jazzy/opt/gz_ogre_next_vendor:/opt/ros/jazzy/opt/gz_dartsim_vendor:/opt/ros/jazzy/opt/gz_cmake_vendor:/usr/local:/usr/local:/opt/ros/jazzy:/usr/local:/home/abhimanyu/dave_ws/src/install/dave_worlds:/home/abhimanyu/dave_ws/src/install/dave_sensor_models:/home/abhimanyu/dave_ws/src/install/dave_robot_models:/home/abhimanyu/dave_ws/src/install/dave_robot_launch:/home/abhimanyu/dave_ws/src/install/dave_object_models:/home/abhimanyu/dave_ws/src/install/dave_demos:/home/abhimanyu/dave_ws/src/install/dave:/home/abhimanyu/MIR_Project_2024/glassy_challenge_ws/install/glassy_challenge PYTHONPATH=/home/abhimanyu/dave_ws/src/dave/install/dave_interfaces/lib/python3.12/site-packages:/home/abhimanyu/dave_ws/src/dave/install/dave_gz_model_plugins/lib/python3.12/site-packages:/home/abhimanyu/dave_ws/src/install/rocker/lib/python3.12/site-packages:/home/abhimanyu/dave_ws/install/rocker/lib/python3.12/site-packages:/home/abhimanyu/dave_ws/install/my-test-package/lib/python3.12/site-packages:/home/abhimanyu/MIR_Project_2024/glassy_challenge_ws/install/glassy_challenge/lib/python3.10/site-packages:/home/abhimanyu/MIR_Project_2024/glassy_challenge_ws/install/px4_msgs/local/lib/python3.10/dist-packages:/home/abhimanyu/MIR_Project_2024/glassy_challenge_ws/install/glassy_msgs/local/lib/python3.10/dist-packages:/opt/ros/jazzy/lib/python3.12/site-packages /usr/bin/cmake --install /home/abhimanyu/dave_ws/src/dave/build/dave_gz_sensor_plugins
