[0.036s] Invoking command in '/home/abhimanyu/dave_ws/src/dave/build/dave_gz_model_plugins': CMAKE_PREFIX_PATH=${CMAKE_PREFIX_PATH}:/home/abhimanyu/dave_ws/src/install/dave_worlds:/home/abhimanyu/dave_ws/src/install/dave_sensor_models:/home/abhimanyu/dave_ws/src/install/dave_robot_models:/home/abhimanyu/dave_ws/src/install/dave_robot_launch:/home/abhimanyu/dave_ws/src/install/dave_object_models:/home/abhimanyu/dave_ws/src/install/dave_demos:/home/abhimanyu/dave_ws/src/install/dave:/home/abhimanyu/MIR_Project_2024/glassy_challenge_ws/install/glassy_challenge /usr/bin/cmake /home/abhimanyu/dave_ws/src/dave/gazebo/dave_gz_model_plugins -DCMAKE_INSTALL_PREFIX=/home/abhimanyu/dave_ws/src/dave/install/dave_gz_model_plugins
[0.238s] -- The C compiler identification is GNU 13.2.0
[0.507s] -- The CXX compiler identification is GNU 13.2.0
[0.588s] -- Detecting C compiler ABI info
[1.044s] -- Detecting C compiler ABI info - done
[1.120s] -- Check for working C compiler: /usr/bin/cc - skipped
[1.121s] -- Detecting C compile features
[1.129s] -- Detecting C compile features - done
[1.161s] -- Detecting CXX compiler ABI info
[1.556s] -- Detecting CXX compiler ABI info - done
[1.609s] -- Check for working CXX compiler: /usr/bin/c++ - skipped
[1.609s] -- Detecting CXX compile features
[1.611s] -- Detecting CXX compile features - done
[1.632s] -- Found ament_cmake: 2.5.2 (/opt/ros/jazzy/share/ament_cmake/cmake)
[2.408s] -- Found Python3: /usr/bin/python3 (found version "3.12.3") found components: Interpreter 
[3.179s] -- Looking for gz-sim8 -- found version 8.3.0
[3.227s] -- Searching for dependencies of gz-sim8
[3.249s] -- Looking for sdformat14 -- found version 14.1.1
[3.250s] -- Searching for dependencies of sdformat14
[3.291s] -- Checking for module 'tinyxml2'
[3.359s] --   Found tinyxml2, version 10.0.0
[3.524s] -- Looking for gz-math7 -- found version 7.4.0
[3.525s] -- Searching for dependencies of gz-math7
[3.535s] -- Looking for gz-utils2 -- found version 2.2.0
[3.536s] -- Searching for dependencies of gz-utils2
[3.545s] -- Looking for gz-utils2 -- found version 2.2.0
[3.545s] -- Searching for dependencies of gz-utils2
[3.545s] -- Searching for <gz-utils2> component [cli]
[3.557s] -- Looking for gz-utils2-cli -- found version 2.2.0
[3.557s] -- Searching for dependencies of gz-utils2-cli
[3.564s] -- Looking for gz-plugin2 -- found version 2.0.3
[3.564s] -- Searching for dependencies of gz-plugin2
[3.568s] -- Looking for gz-utils2 -- found version 2.2.0
[3.569s] -- Searching for <gz-plugin2> component [loader]
[3.576s] -- Looking for gz-plugin2-loader -- found version 2.0.3
[3.576s] -- Searching for dependencies of gz-plugin2-loader
[3.580s] -- Searching for <gz-plugin2> component [register]
[3.605s] -- Looking for gz-plugin2-register -- found version 2.0.3
[3.606s] -- Searching for dependencies of gz-plugin2-register
[3.633s] -- Looking for gz-transport13 -- found version 13.2.0
[3.633s] -- Searching for dependencies of gz-transport13
[4.285s] -- Found Protobuf: /usr/lib/x86_64-linux-gnu/libprotobuf.so (found version "3.21.12") 
[4.374s] -- Config-file not installed for ZeroMQ -- checking for pkg-config
[4.387s] -- Checking for module 'libzmq >= 4'
[4.453s] --   Found libzmq, version 4.3.5
[4.626s] -- Found ZeroMQ: TRUE (Required is at least version "4") 
[4.658s] -- Checking for module 'uuid'
[4.704s] --   Found uuid, version 2.39.3
[4.803s] -- Found UUID: TRUE  
[4.805s] -- Looking for gz-utils2 -- found version 2.2.0
[4.819s] -- Looking for gz-msgs10 -- found version 10.1.2
[4.819s] -- Searching for dependencies of gz-msgs10
[4.955s] -- Looking for gz-utils2 -- found version 2.2.0
[4.955s] -- Looking for gz-math7 -- found version 7.4.0
[5.432s] -- Searching for <gz-transport13> component [log]
[5.449s] -- Looking for gz-transport13-log -- found version 13.2.0
[5.449s] -- Searching for dependencies of gz-transport13-log
[5.453s] -- Searching for <gz-transport13> component [parameters]
[5.462s] -- Looking for gz-transport13-parameters -- found version 13.2.0
[5.462s] -- Searching for dependencies of gz-transport13-parameters
[5.465s] -- Looking for gz-msgs10 -- found version 10.1.2
[5.490s] -- Looking for gz-common5 -- found version 5.5.1
[5.490s] -- Searching for dependencies of gz-common5
[5.490s] -- Looking for gz-utils2 -- found version 2.2.0
[5.498s] -- Looking for dlfcn.h - found
[5.504s] -- Looking for libdl - found
[5.511s] -- Found DL: TRUE  
[5.533s] -- Searching for <gz-common5> component [av]
[5.552s] -- Looking for gz-common5-av -- found version 5.5.1
[5.552s] -- Searching for dependencies of gz-common5-av
[5.562s] -- Checking for module 'libswscale'
[5.639s] --   Found libswscale, version 7.5.100
[5.800s] -- Found SWSCALE: TRUE  
[5.836s] -- Checking for module 'libavdevice >= 56.4.100'
[5.953s] --   Found libavdevice, version 60.3.100
[6.073s] -- Found AVDEVICE: TRUE (Required is at least version "56.4.100") 
[6.084s] -- Checking for module 'libavformat'
[6.127s] --   Found libavformat, version 60.16.100
[6.212s] -- Found AVFORMAT: TRUE  
[6.224s] -- Checking for module 'libavcodec'
[6.269s] --   Found libavcodec, version 60.31.102
[6.366s] -- Found AVCODEC: TRUE  
[6.379s] -- Checking for module 'libavutil'
[6.419s] --   Found libavutil, version 58.29.100
[6.498s] -- Found AVUTIL: TRUE  
[6.500s] -- Searching for <gz-common5> component [events]
[6.511s] -- Looking for gz-common5-events -- found version 5.5.1
[6.512s] -- Searching for dependencies of gz-common5-events
[6.513s] -- Looking for gz-math7 -- found version 7.4.0
[6.515s] -- Searching for <gz-common5> component [graphics]
[6.525s] -- Looking for gz-common5-graphics -- found version 5.5.1
[6.525s] -- Searching for dependencies of gz-common5-graphics
[6.526s] -- Looking for gz-math7 -- found version 7.4.0
[6.558s] -- Found GzAssimp: TRUE (found version "5.3.0") 
[6.560s] -- Searching for <gz-common5> component [io]
[6.571s] -- Looking for gz-common5-io -- found version 5.5.1
[6.571s] -- Searching for dependencies of gz-common5-io
[6.573s] -- Searching for <gz-common5> component [profiler]
[6.583s] -- Looking for gz-common5-profiler -- found version 5.5.1
[6.584s] -- Searching for dependencies of gz-common5-profiler
[6.593s] -- Looking for gz-fuel_tools9 -- found version 9.0.3
[6.594s] -- Searching for dependencies of gz-fuel_tools9
[6.884s] -- Found CURL: /usr/lib/x86_64-linux-gnu/libcurl.so (found version "8.5.0")  
[6.958s] -- Checking for module 'jsoncpp'
[7.001s] --   Found jsoncpp, version 1.9.5
[7.140s] -- Found JSONCPP: TRUE  
[7.210s] -- Checking for module 'yaml-0.1'
[7.261s] --   Found yaml-0.1, version 0.2.5
[7.449s] -- Found YAML: TRUE  
[7.485s] -- Checking for module 'libzip'
[7.587s] --   Found libzip, version 1.7.3
[7.791s] -- Found ZIP: TRUE  
[7.792s] -- Looking for gz-utils2 -- found version 2.2.0
[7.799s] -- Looking for gz-common5 -- found version 5.5.1
[7.799s] -- Searching for dependencies of gz-common5
[7.800s] -- Looking for gz-utils2 -- found version 2.2.0
[7.800s] -- Looking for dlfcn.h - found
[7.801s] -- Looking for libdl - found
[7.857s] -- Searching for <gz-common5> component [testing]
[7.880s] -- Looking for gz-common5-testing -- found version 5.5.1
[7.880s] -- Searching for dependencies of gz-common5-testing
[7.880s] -- Looking for gz-math7 -- found version 7.4.0
[7.882s] -- Looking for gz-msgs10 -- found version 10.1.2
[7.901s] -- Looking for gz-gui8 -- found version 8.1.1
[7.901s] -- Searching for dependencies of gz-gui8
[8.021s] -- Looking for gz-utils2 -- found version 2.2.0
[8.021s] -- Looking for gz-math7 -- found version 7.4.0
[8.022s] -- Looking for gz-common5 -- found version 5.5.1
[8.022s] -- Looking for gz-plugin2 -- found version 2.0.3
[8.035s] -- Looking for gz-transport13 -- found version 13.2.0
[8.054s] -- Looking for gz-rendering8 -- found version 8.1.1
[8.055s] -- Searching for dependencies of gz-rendering8
[8.055s] -- Looking for gz-math7 -- found version 7.4.0
[8.055s] -- Searching for dependencies of gz-math7
[8.089s] -- Looking for gz-utils2 -- found version 2.2.0
[8.089s] -- Searching for <gz-math7> component [eigen3]
[8.089s] -- Looking for gz-math7-eigen3 -- found version 7.4.0
[8.090s] -- Searching for dependencies of gz-math7-eigen3
[8.146s] -- Looking for gz-common5 -- found version 5.5.1
[8.147s] -- Searching for dependencies of gz-common5
[8.157s] -- Looking for gz-utils2 -- found version 2.2.0
[8.157s] -- Looking for dlfcn.h - found
[8.157s] -- Looking for libdl - found
[8.188s] -- Searching for <gz-common5> component [graphics]
[8.188s] -- Searching for <gz-common5> component [events]
[8.189s] -- Searching for <gz-common5> component [geospatial]
[8.209s] -- Looking for gz-common5-geospatial -- found version 5.5.1
[8.214s] -- Searching for dependencies of gz-common5-geospatial
[8.216s] -- Looking for gz-math7 -- found version 7.4.0
[8.220s] -- Looking for gz-common5 -- found version 5.5.1
[8.230s] -- Looking for gz-plugin2 -- found version 2.0.3
[8.237s] -- Searching for dependencies of gz-plugin2
[8.237s] -- Looking for gz-utils2 -- found version 2.2.0
[8.237s] -- Searching for <gz-plugin2> component [all]
[8.260s] -- Looking for all libraries of gz-plugin2 -- found version 2.0.3
[8.265s] -- Looking for gz-plugin2 -- found version 2.0.3
[8.265s] -- Looking for gz-utils2 -- found version 2.2.0
[8.327s] -- Found OpenGL: /usr/lib/x86_64-linux-gnu/libOpenGL.so  found components: OpenGL 
[8.333s] -- Looking for gz-msgs10 -- found version 10.1.2
[8.465s] -- Looking for gz-physics7 -- found version 7.2.0
[8.473s] -- Searching for dependencies of gz-physics7
[8.474s] -- Looking for gz-common5 -- found version 5.5.1
[8.474s] -- Looking for gz-math7 -- found version 7.4.0
[8.475s] -- Looking for gz-plugin2 -- found version 2.0.3
[8.475s] -- Looking for gz-utils2 -- found version 2.2.0
[8.487s] -- Searching for <gz-physics7> component [heightmap]
[8.490s] -- Looking for gz-physics7-heightmap -- found version 7.2.0
[8.491s] -- Searching for dependencies of gz-physics7-heightmap
[8.491s] -- Looking for gz-common5 -- found version 5.5.1
[8.491s] -- Searching for <gz-physics7> component [mesh]
[8.503s] -- Looking for gz-physics7-mesh -- found version 7.2.0
[8.503s] -- Searching for dependencies of gz-physics7-mesh
[8.503s] -- Looking for gz-common5 -- found version 5.5.1
[8.503s] -- Searching for <gz-physics7> component [sdf]
[8.509s] -- Looking for gz-physics7-sdf -- found version 7.2.0
[8.510s] -- Searching for dependencies of gz-physics7-sdf
[8.515s] -- Looking for sdformat14 -- found version 14.1.1
[8.522s] -- Looking for gz-sensors8 -- found version 8.0.1
[8.523s] -- Searching for dependencies of gz-sensors8
[8.604s] -- Looking for gz-math7 -- found version 7.4.0
[8.605s] -- Looking for gz-common5 -- found version 5.5.1
[8.607s] -- Looking for gz-transport13 -- found version 13.2.0
[8.617s] -- Looking for gz-rendering8 -- found version 8.1.1
[8.618s] -- Looking for gz-msgs10 -- found version 10.1.2
[8.618s] -- Looking for sdformat14 -- found version 14.1.1
[8.619s] -- Searching for <gz-sensors8> component [air_pressure]
[8.621s] -- Looking for gz-sensors8-air_pressure -- found version 8.0.1
[8.622s] -- Searching for dependencies of gz-sensors8-air_pressure
[8.623s] -- Searching for <gz-sensors8> component [air_speed]
[8.629s] -- Looking for gz-sensors8-air_speed -- found version 8.0.1
[8.630s] -- Searching for dependencies of gz-sensors8-air_speed
[8.631s] -- Searching for <gz-sensors8> component [altimeter]
[8.640s] -- Looking for gz-sensors8-altimeter -- found version 8.0.1
[8.641s] -- Searching for dependencies of gz-sensors8-altimeter
[8.642s] -- Searching for <gz-sensors8> component [imu]
[8.649s] -- Looking for gz-sensors8-imu -- found version 8.0.1
[8.649s] -- Searching for dependencies of gz-sensors8-imu
[8.650s] -- Searching for <gz-sensors8> component [force_torque]
[8.657s] -- Looking for gz-sensors8-force_torque -- found version 8.0.1
[8.657s] -- Searching for dependencies of gz-sensors8-force_torque
[8.658s] -- Searching for <gz-sensors8> component [logical_camera]
[8.665s] -- Looking for gz-sensors8-logical_camera -- found version 8.0.1
[8.665s] -- Searching for dependencies of gz-sensors8-logical_camera
[8.666s] -- Searching for <gz-sensors8> component [magnetometer]
[8.673s] -- Looking for gz-sensors8-magnetometer -- found version 8.0.1
[8.673s] -- Searching for dependencies of gz-sensors8-magnetometer
[8.675s] -- Searching for <gz-sensors8> component [navsat]
[8.681s] -- Looking for gz-sensors8-navsat -- found version 8.0.1
[8.681s] -- Searching for dependencies of gz-sensors8-navsat
[8.683s] -- Searching for <gz-sensors8> component [dvl]
[8.692s] -- Looking for gz-sensors8-dvl -- found version 8.0.1
[8.692s] -- Searching for dependencies of gz-sensors8-dvl
[8.693s] -- Looking for gz-sensors8 -- found version 8.0.1
[8.694s] -- Searching for dependencies of gz-sensors8
[8.789s] -- Looking for gz-math7 -- found version 7.4.0
[8.790s] -- Looking for gz-common5 -- found version 5.5.1
[8.792s] -- Looking for gz-transport13 -- found version 13.2.0
[8.798s] -- Looking for gz-rendering8 -- found version 8.1.1
[8.800s] -- Looking for gz-msgs10 -- found version 10.1.2
[8.804s] -- Looking for sdformat14 -- found version 14.1.1
[8.808s] -- Searching for <gz-sensors8> component [rendering]
[8.825s] -- Looking for gz-sensors8-rendering -- found version 8.0.1
[8.826s] -- Searching for dependencies of gz-sensors8-rendering
[8.829s] -- Searching for <gz-sensors8> component [rendering]
[8.831s] -- Searching for <gz-sensors8> component [lidar]
[8.839s] -- Looking for gz-sensors8-lidar -- found version 8.0.1
[8.839s] -- Searching for dependencies of gz-sensors8-lidar
[8.841s] -- Looking for gz-sensors8 -- found version 8.0.1
[8.844s] -- Searching for <gz-sensors8> component [gpu_lidar]
[8.850s] -- Looking for gz-sensors8-gpu_lidar -- found version 8.0.1
[8.851s] -- Searching for dependencies of gz-sensors8-gpu_lidar
[8.852s] -- Looking for gz-sensors8 -- found version 8.0.1
[8.856s] -- Searching for <gz-sensors8> component [camera]
[8.863s] -- Looking for gz-sensors8-camera -- found version 8.0.1
[8.863s] -- Searching for dependencies of gz-sensors8-camera
[8.864s] -- Looking for gz-sensors8 -- found version 8.0.1
[8.867s] -- Searching for <gz-sensors8> component [boundingbox_camera]
[8.875s] -- Looking for gz-sensors8-boundingbox_camera -- found version 8.0.1
[8.876s] -- Searching for dependencies of gz-sensors8-boundingbox_camera
[8.881s] -- Searching for <gz-sensors8> component [segmentation_camera]
[8.886s] -- Looking for gz-sensors8-segmentation_camera -- found version 8.0.1
[8.887s] -- Searching for dependencies of gz-sensors8-segmentation_camera
[8.889s] -- Searching for <gz-sensors8> component [depth_camera]
[8.895s] -- Looking for gz-sensors8-depth_camera -- found version 8.0.1
[8.896s] -- Searching for dependencies of gz-sensors8-depth_camera
[8.897s] -- Looking for gz-sensors8 -- found version 8.0.1
[8.902s] -- Searching for <gz-sensors8> component [rgbd_camera]
[8.914s] -- Looking for gz-sensors8-rgbd_camera -- found version 8.0.1
[8.915s] -- Searching for dependencies of gz-sensors8-rgbd_camera
[8.917s] -- Looking for gz-sensors8 -- found version 8.0.1
[8.926s] -- Searching for <gz-sensors8> component [thermal_camera]
[8.932s] -- Looking for gz-sensors8-thermal_camera -- found version 8.0.1
[8.941s] -- Searching for dependencies of gz-sensors8-thermal_camera
[8.942s] -- Looking for gz-sensors8 -- found version 8.0.1
[8.942s] -- Searching for <gz-sensors8> component [wide_angle_camera]
[8.956s] -- Looking for gz-sensors8-wide_angle_camera -- found version 8.0.1
[8.957s] -- Searching for dependencies of gz-sensors8-wide_angle_camera
[8.958s] -- Looking for gz-rendering8 -- found version 8.1.1
[8.959s] -- Looking for gz-math7 -- found version 7.4.0
[8.959s] -- Looking for gz-utils2 -- found version 2.2.0
[9.062s] -- Looking for sdformat14 -- found version 14.1.1
[9.084s] -- Found rclpy: 7.1.1 (/opt/ros/jazzy/share/rclpy/cmake)
[9.536s] -- Found ament_lint_auto: 0.17.1 (/opt/ros/jazzy/share/ament_lint_auto/cmake)
[10.317s] -- Added test 'copyright' to check source files copyright and LICENSE
[10.339s] -- Added test 'flake8' to check Python code syntax and style conventions
[10.340s] -- Configured 'flake8' exclude dirs and/or files: 
[10.353s] -- Added test 'lint_cmake' to check CMake code style
[10.353s] -- Added test 'pep257' to check Python code against some of the docstring style conventions in PEP 257
[10.362s] -- Added test 'xmllint' to check XML markup files
[10.372s] -- Configuring done (10.3s)
[10.388s] -- Generating done (0.0s)
[10.395s] -- Build files have been written to: /home/abhimanyu/dave_ws/src/dave/build/dave_gz_model_plugins
[10.436s] Invoked command in '/home/abhimanyu/dave_ws/src/dave/build/dave_gz_model_plugins' returned '0': CMAKE_PREFIX_PATH=${CMAKE_PREFIX_PATH}:/home/abhimanyu/dave_ws/src/install/dave_worlds:/home/abhimanyu/dave_ws/src/install/dave_sensor_models:/home/abhimanyu/dave_ws/src/install/dave_robot_models:/home/abhimanyu/dave_ws/src/install/dave_robot_launch:/home/abhimanyu/dave_ws/src/install/dave_object_models:/home/abhimanyu/dave_ws/src/install/dave_demos:/home/abhimanyu/dave_ws/src/install/dave:/home/abhimanyu/MIR_Project_2024/glassy_challenge_ws/install/glassy_challenge /usr/bin/cmake /home/abhimanyu/dave_ws/src/dave/gazebo/dave_gz_model_plugins -DCMAKE_INSTALL_PREFIX=/home/abhimanyu/dave_ws/src/dave/install/dave_gz_model_plugins
[10.437s] Invoking command in '/home/abhimanyu/dave_ws/src/dave/build/dave_gz_model_plugins': CMAKE_PREFIX_PATH=${CMAKE_PREFIX_PATH}:/home/abhimanyu/dave_ws/src/install/dave_worlds:/home/abhimanyu/dave_ws/src/install/dave_sensor_models:/home/abhimanyu/dave_ws/src/install/dave_robot_models:/home/abhimanyu/dave_ws/src/install/dave_robot_launch:/home/abhimanyu/dave_ws/src/install/dave_object_models:/home/abhimanyu/dave_ws/src/install/dave_demos:/home/abhimanyu/dave_ws/src/install/dave:/home/abhimanyu/MIR_Project_2024/glassy_challenge_ws/install/glassy_challenge /usr/bin/cmake --build /home/abhimanyu/dave_ws/src/dave/build/dave_gz_model_plugins -- -j4 -l4
[10.726s] Built target ament_cmake_python_copy_dave_gz_model_plugins
[11.628s] running egg_info
[11.630s] creating dave_gz_model_plugins.egg-info
[11.695s] writing dave_gz_model_plugins.egg-info/PKG-INFO
[11.695s] writing dependency_links to dave_gz_model_plugins.egg-info/dependency_links.txt
[11.696s] writing top-level names to dave_gz_model_plugins.egg-info/top_level.txt
[11.696s] writing manifest file 'dave_gz_model_plugins.egg-info/SOURCES.txt'
[11.906s] reading manifest file 'dave_gz_model_plugins.egg-info/SOURCES.txt'
[11.907s] writing manifest file 'dave_gz_model_plugins.egg-info/SOURCES.txt'
[11.984s] Built target ament_cmake_python_build_dave_gz_model_plugins_egg
[12.008s] Invoked command in '/home/abhimanyu/dave_ws/src/dave/build/dave_gz_model_plugins' returned '0': CMAKE_PREFIX_PATH=${CMAKE_PREFIX_PATH}:/home/abhimanyu/dave_ws/src/install/dave_worlds:/home/abhimanyu/dave_ws/src/install/dave_sensor_models:/home/abhimanyu/dave_ws/src/install/dave_robot_models:/home/abhimanyu/dave_ws/src/install/dave_robot_launch:/home/abhimanyu/dave_ws/src/install/dave_object_models:/home/abhimanyu/dave_ws/src/install/dave_demos:/home/abhimanyu/dave_ws/src/install/dave:/home/abhimanyu/MIR_Project_2024/glassy_challenge_ws/install/glassy_challenge /usr/bin/cmake --build /home/abhimanyu/dave_ws/src/dave/build/dave_gz_model_plugins -- -j4 -l4
[12.076s] Invoking command in '/home/abhimanyu/dave_ws/src/dave/build/dave_gz_model_plugins': CMAKE_PREFIX_PATH=${CMAKE_PREFIX_PATH}:/home/abhimanyu/dave_ws/src/install/dave_worlds:/home/abhimanyu/dave_ws/src/install/dave_sensor_models:/home/abhimanyu/dave_ws/src/install/dave_robot_models:/home/abhimanyu/dave_ws/src/install/dave_robot_launch:/home/abhimanyu/dave_ws/src/install/dave_object_models:/home/abhimanyu/dave_ws/src/install/dave_demos:/home/abhimanyu/dave_ws/src/install/dave:/home/abhimanyu/MIR_Project_2024/glassy_challenge_ws/install/glassy_challenge /usr/bin/cmake --install /home/abhimanyu/dave_ws/src/dave/build/dave_gz_model_plugins
[12.095s] -- Install configuration: ""
[12.097s] -- Installing: /home/abhimanyu/dave_ws/src/dave/install/dave_gz_model_plugins/share/dave_gz_model_plugins/environment/pythonpath.sh
[12.102s] -- Installing: /home/abhimanyu/dave_ws/src/dave/install/dave_gz_model_plugins/share/dave_gz_model_plugins/environment/pythonpath.dsv
[12.107s] -- Installing: /home/abhimanyu/dave_ws/src/dave/install/dave_gz_model_plugins/lib/python3.12/site-packages/dave_gz_model_plugins-0.0.0-py3.12.egg-info
[12.111s] -- Installing: /home/abhimanyu/dave_ws/src/dave/install/dave_gz_model_plugins/lib/python3.12/site-packages/dave_gz_model_plugins-0.0.0-py3.12.egg-info/PKG-INFO
[12.113s] -- Installing: /home/abhimanyu/dave_ws/src/dave/install/dave_gz_model_plugins/lib/python3.12/site-packages/dave_gz_model_plugins-0.0.0-py3.12.egg-info/top_level.txt
[12.113s] -- Installing: /home/abhimanyu/dave_ws/src/dave/install/dave_gz_model_plugins/lib/python3.12/site-packages/dave_gz_model_plugins-0.0.0-py3.12.egg-info/dependency_links.txt
[12.113s] -- Installing: /home/abhimanyu/dave_ws/src/dave/install/dave_gz_model_plugins/lib/python3.12/site-packages/dave_gz_model_plugins-0.0.0-py3.12.egg-info/SOURCES.txt
[12.114s] -- Installing: /home/abhimanyu/dave_ws/src/dave/install/dave_gz_model_plugins/lib/python3.12/site-packages/dave_gz_model_plugins
[12.114s] -- Installing: /home/abhimanyu/dave_ws/src/dave/install/dave_gz_model_plugins/lib/python3.12/site-packages/dave_gz_model_plugins/__init__.py
[12.115s] -- Installing: /home/abhimanyu/dave_ws/src/dave/install/dave_gz_model_plugins/lib/python3.12/site-packages/dave_gz_model_plugins/linear_battery_plugin.py
[12.218s] Listing '/home/abhimanyu/dave_ws/src/dave/install/dave_gz_model_plugins/lib/python3.12/site-packages/dave_gz_model_plugins'...
[12.218s] Compiling '/home/abhimanyu/dave_ws/src/dave/install/dave_gz_model_plugins/lib/python3.12/site-packages/dave_gz_model_plugins/__init__.py'...
[12.218s] Compiling '/home/abhimanyu/dave_ws/src/dave/install/dave_gz_model_plugins/lib/python3.12/site-packages/dave_gz_model_plugins/linear_battery_plugin.py'...
[12.227s] -- Installing: /home/abhimanyu/dave_ws/src/dave/install/dave_gz_model_plugins/lib/dave_gz_model_plugins/battery_state_listener.py
[12.230s] -- Installing: /home/abhimanyu/dave_ws/src/dave/install/dave_gz_model_plugins/share/dave_gz_model_plugins/test/battery_model/model.sdf
[12.231s] -- Installing: /home/abhimanyu/dave_ws/src/dave/install/dave_gz_model_plugins/share/dave_gz_model_plugins/test/battery_model/model.config
[12.231s] -- Installing: /home/abhimanyu/dave_ws/src/dave/install/dave_gz_model_plugins/share/dave_gz_model_plugins/test/battery_world.sdf
[12.238s] -- Installing: /home/abhimanyu/dave_ws/src/dave/install/dave_gz_model_plugins/share/dave_gz_model_plugins/launch
[12.238s] -- Installing: /home/abhimanyu/dave_ws/src/dave/install/dave_gz_model_plugins/share/dave_gz_model_plugins/launch/run_simulation.launch.py
[12.239s] -- Installing: /home/abhimanyu/dave_ws/src/dave/install/dave_gz_model_plugins/share/ament_index/resource_index/package_run_dependencies/dave_gz_model_plugins
[12.239s] -- Installing: /home/abhimanyu/dave_ws/src/dave/install/dave_gz_model_plugins/share/ament_index/resource_index/parent_prefix_path/dave_gz_model_plugins
[12.239s] -- Installing: /home/abhimanyu/dave_ws/src/dave/install/dave_gz_model_plugins/share/dave_gz_model_plugins/environment/ament_prefix_path.sh
[12.239s] -- Installing: /home/abhimanyu/dave_ws/src/dave/install/dave_gz_model_plugins/share/dave_gz_model_plugins/environment/ament_prefix_path.dsv
[12.239s] -- Installing: /home/abhimanyu/dave_ws/src/dave/install/dave_gz_model_plugins/share/dave_gz_model_plugins/environment/path.sh
[12.240s] -- Installing: /home/abhimanyu/dave_ws/src/dave/install/dave_gz_model_plugins/share/dave_gz_model_plugins/environment/path.dsv
[12.240s] -- Installing: /home/abhimanyu/dave_ws/src/dave/install/dave_gz_model_plugins/share/dave_gz_model_plugins/local_setup.bash
[12.240s] -- Installing: /home/abhimanyu/dave_ws/src/dave/install/dave_gz_model_plugins/share/dave_gz_model_plugins/local_setup.sh
[12.240s] -- Installing: /home/abhimanyu/dave_ws/src/dave/install/dave_gz_model_plugins/share/dave_gz_model_plugins/local_setup.zsh
[12.241s] -- Installing: /home/abhimanyu/dave_ws/src/dave/install/dave_gz_model_plugins/share/dave_gz_model_plugins/local_setup.dsv
[12.241s] -- Installing: /home/abhimanyu/dave_ws/src/dave/install/dave_gz_model_plugins/share/dave_gz_model_plugins/package.dsv
[12.241s] -- Installing: /home/abhimanyu/dave_ws/src/dave/install/dave_gz_model_plugins/share/ament_index/resource_index/packages/dave_gz_model_plugins
[12.241s] -- Installing: /home/abhimanyu/dave_ws/src/dave/install/dave_gz_model_plugins/share/dave_gz_model_plugins/cmake/dave_gz_model_pluginsConfig.cmake
[12.241s] -- Installing: /home/abhimanyu/dave_ws/src/dave/install/dave_gz_model_plugins/share/dave_gz_model_plugins/cmake/dave_gz_model_pluginsConfig-version.cmake
[12.242s] -- Installing: /home/abhimanyu/dave_ws/src/dave/install/dave_gz_model_plugins/share/dave_gz_model_plugins/package.xml
[12.257s] Invoked command in '/home/abhimanyu/dave_ws/src/dave/build/dave_gz_model_plugins' returned '0': CMAKE_PREFIX_PATH=${CMAKE_PREFIX_PATH}:/home/abhimanyu/dave_ws/src/install/dave_worlds:/home/abhimanyu/dave_ws/src/install/dave_sensor_models:/home/abhimanyu/dave_ws/src/install/dave_robot_models:/home/abhimanyu/dave_ws/src/install/dave_robot_launch:/home/abhimanyu/dave_ws/src/install/dave_object_models:/home/abhimanyu/dave_ws/src/install/dave_demos:/home/abhimanyu/dave_ws/src/install/dave:/home/abhimanyu/MIR_Project_2024/glassy_challenge_ws/install/glassy_challenge /usr/bin/cmake --install /home/abhimanyu/dave_ws/src/dave/build/dave_gz_model_plugins
