[0.033s] Invoking command in '/home/abhimanyu/dave_ws/src/dave/build/dave_demos': CMAKE_PREFIX_PATH=${CMAKE_PREFIX_PATH}:/home/abhimanyu/dave_ws/src/install/dave_worlds:/home/abhimanyu/dave_ws/src/install/dave_sensor_models:/home/abhimanyu/dave_ws/src/install/dave_robot_models:/home/abhimanyu/dave_ws/src/install/dave_robot_launch:/home/abhimanyu/dave_ws/src/install/dave_object_models:/home/abhimanyu/dave_ws/src/install/dave_demos:/home/abhimanyu/dave_ws/src/install/dave:/home/abhimanyu/MIR_Project_2024/glassy_challenge_ws/install/glassy_challenge /usr/bin/cmake /home/abhimanyu/dave_ws/src/dave/examples/dave_demos -DCMAKE_INSTALL_PREFIX=/home/abhimanyu/dave_ws/src/dave/install/dave_demos
[0.275s] -- The C compiler identification is GNU 13.2.0
[0.539s] -- The CXX compiler identification is GNU 13.2.0
[0.613s] -- Detecting C compiler ABI info
[1.074s] -- Detecting C compiler ABI info - done
[1.158s] -- Check for working C compiler: /usr/bin/cc - skipped
[1.158s] -- Detecting C compile features
[1.159s] -- Detecting C compile features - done
[1.195s] -- Detecting CXX compiler ABI info
[1.571s] -- Detecting CXX compiler ABI info - done
[1.608s] -- Check for working CXX compiler: /usr/bin/c++ - skipped
[1.608s] -- Detecting CXX compile features
[1.608s] -- Detecting CXX compile features - done
[1.646s] -- Found ament_cmake: 2.5.2 (/opt/ros/jazzy/share/ament_cmake/cmake)
[2.474s] -- Found Python3: /usr/bin/python3 (found version "3.12.3") found components: Interpreter 
[3.640s] -- Configuring done (3.6s)
[3.648s] -- Generating done (0.0s)
[3.651s] -- Build files have been written to: /home/abhimanyu/dave_ws/src/dave/build/dave_demos
[3.661s] Invoked command in '/home/abhimanyu/dave_ws/src/dave/build/dave_demos' returned '0': CMAKE_PREFIX_PATH=${CMAKE_PREFIX_PATH}:/home/abhimanyu/dave_ws/src/install/dave_worlds:/home/abhimanyu/dave_ws/src/install/dave_sensor_models:/home/abhimanyu/dave_ws/src/install/dave_robot_models:/home/abhimanyu/dave_ws/src/install/dave_robot_launch:/home/abhimanyu/dave_ws/src/install/dave_object_models:/home/abhimanyu/dave_ws/src/install/dave_demos:/home/abhimanyu/dave_ws/src/install/dave:/home/abhimanyu/MIR_Project_2024/glassy_challenge_ws/install/glassy_challenge /usr/bin/cmake /home/abhimanyu/dave_ws/src/dave/examples/dave_demos -DCMAKE_INSTALL_PREFIX=/home/abhimanyu/dave_ws/src/dave/install/dave_demos
[3.662s] Invoking command in '/home/abhimanyu/dave_ws/src/dave/build/dave_demos': CMAKE_PREFIX_PATH=${CMAKE_PREFIX_PATH}:/home/abhimanyu/dave_ws/src/install/dave_worlds:/home/abhimanyu/dave_ws/src/install/dave_sensor_models:/home/abhimanyu/dave_ws/src/install/dave_robot_models:/home/abhimanyu/dave_ws/src/install/dave_robot_launch:/home/abhimanyu/dave_ws/src/install/dave_object_models:/home/abhimanyu/dave_ws/src/install/dave_demos:/home/abhimanyu/dave_ws/src/install/dave:/home/abhimanyu/MIR_Project_2024/glassy_challenge_ws/install/glassy_challenge /usr/bin/cmake --build /home/abhimanyu/dave_ws/src/dave/build/dave_demos -- -j4 -l4
[3.945s] Invoked command in '/home/abhimanyu/dave_ws/src/dave/build/dave_demos' returned '0': CMAKE_PREFIX_PATH=${CMAKE_PREFIX_PATH}:/home/abhimanyu/dave_ws/src/install/dave_worlds:/home/abhimanyu/dave_ws/src/install/dave_sensor_models:/home/abhimanyu/dave_ws/src/install/dave_robot_models:/home/abhimanyu/dave_ws/src/install/dave_robot_launch:/home/abhimanyu/dave_ws/src/install/dave_object_models:/home/abhimanyu/dave_ws/src/install/dave_demos:/home/abhimanyu/dave_ws/src/install/dave:/home/abhimanyu/MIR_Project_2024/glassy_challenge_ws/install/glassy_challenge /usr/bin/cmake --build /home/abhimanyu/dave_ws/src/dave/build/dave_demos -- -j4 -l4
[4.126s] Invoking command in '/home/abhimanyu/dave_ws/src/dave/build/dave_demos': CMAKE_PREFIX_PATH=${CMAKE_PREFIX_PATH}:/home/abhimanyu/dave_ws/src/install/dave_worlds:/home/abhimanyu/dave_ws/src/install/dave_sensor_models:/home/abhimanyu/dave_ws/src/install/dave_robot_models:/home/abhimanyu/dave_ws/src/install/dave_robot_launch:/home/abhimanyu/dave_ws/src/install/dave_object_models:/home/abhimanyu/dave_ws/src/install/dave_demos:/home/abhimanyu/dave_ws/src/install/dave:/home/abhimanyu/MIR_Project_2024/glassy_challenge_ws/install/glassy_challenge /usr/bin/cmake --install /home/abhimanyu/dave_ws/src/dave/build/dave_demos
[4.182s] -- Install configuration: ""
[4.182s] -- Installing: /home/abhimanyu/dave_ws/src/dave/install/dave_demos/share/dave_demos/launch
[4.183s] -- Installing: /home/abhimanyu/dave_ws/src/dave/install/dave_demos/share/dave_demos/launch/sensor_in_empty_world.launch.py
[4.183s] -- Installing: /home/abhimanyu/dave_ws/src/dave/install/dave_demos/share/dave_demos/launch/object_in_empty_world.launch.py
[4.183s] -- Installing: /home/abhimanyu/dave_ws/src/dave/install/dave_demos/share/dave_demos/launch/dave_world.launch.py
[4.184s] -- Installing: /home/abhimanyu/dave_ws/src/dave/install/dave_demos/share/ament_index/resource_index/package_run_dependencies/dave_demos
[4.184s] -- Installing: /home/abhimanyu/dave_ws/src/dave/install/dave_demos/share/ament_index/resource_index/parent_prefix_path/dave_demos
[4.185s] -- Installing: /home/abhimanyu/dave_ws/src/dave/install/dave_demos/share/dave_demos/environment/ament_prefix_path.sh
[4.185s] -- Installing: /home/abhimanyu/dave_ws/src/dave/install/dave_demos/share/dave_demos/environment/ament_prefix_path.dsv
[4.193s] -- Installing: /home/abhimanyu/dave_ws/src/dave/install/dave_demos/share/dave_demos/environment/path.sh
[4.193s] -- Installing: /home/abhimanyu/dave_ws/src/dave/install/dave_demos/share/dave_demos/environment/path.dsv
[4.193s] -- Installing: /home/abhimanyu/dave_ws/src/dave/install/dave_demos/share/dave_demos/local_setup.bash
[4.194s] -- Installing: /home/abhimanyu/dave_ws/src/dave/install/dave_demos/share/dave_demos/local_setup.sh
[4.194s] -- Installing: /home/abhimanyu/dave_ws/src/dave/install/dave_demos/share/dave_demos/local_setup.zsh
[4.194s] -- Installing: /home/abhimanyu/dave_ws/src/dave/install/dave_demos/share/dave_demos/local_setup.dsv
[4.195s] -- Installing: /home/abhimanyu/dave_ws/src/dave/install/dave_demos/share/dave_demos/package.dsv
[4.195s] -- Installing: /home/abhimanyu/dave_ws/src/dave/install/dave_demos/share/ament_index/resource_index/packages/dave_demos
[4.195s] -- Installing: /home/abhimanyu/dave_ws/src/dave/install/dave_demos/share/dave_demos/cmake/dave_demosConfig.cmake
[4.195s] -- Installing: /home/abhimanyu/dave_ws/src/dave/install/dave_demos/share/dave_demos/cmake/dave_demosConfig-version.cmake
[4.196s] -- Installing: /home/abhimanyu/dave_ws/src/dave/install/dave_demos/share/dave_demos/package.xml
[4.263s] Invoked command in '/home/abhimanyu/dave_ws/src/dave/build/dave_demos' returned '0': CMAKE_PREFIX_PATH=${CMAKE_PREFIX_PATH}:/home/abhimanyu/dave_ws/src/install/dave_worlds:/home/abhimanyu/dave_ws/src/install/dave_sensor_models:/home/abhimanyu/dave_ws/src/install/dave_robot_models:/home/abhimanyu/dave_ws/src/install/dave_robot_launch:/home/abhimanyu/dave_ws/src/install/dave_object_models:/home/abhimanyu/dave_ws/src/install/dave_demos:/home/abhimanyu/dave_ws/src/install/dave:/home/abhimanyu/MIR_Project_2024/glassy_challenge_ws/install/glassy_challenge /usr/bin/cmake --install /home/abhimanyu/dave_ws/src/dave/build/dave_demos
