[0.040s] Invoking command in '/home/abhimanyu/dave_ws/src/dave/build/dave_worlds': CMAKE_PREFIX_PATH=${CMAKE_PREFIX_PATH}:/home/abhimanyu/dave_ws/src/install/dave_worlds:/home/abhimanyu/dave_ws/src/install/dave_sensor_models:/home/abhimanyu/dave_ws/src/install/dave_robot_models:/home/abhimanyu/dave_ws/src/install/dave_robot_launch:/home/abhimanyu/dave_ws/src/install/dave_object_models:/home/abhimanyu/dave_ws/src/install/dave_demos:/home/abhimanyu/dave_ws/src/install/dave:/home/abhimanyu/MIR_Project_2024/glassy_challenge_ws/install/glassy_challenge /usr/bin/cmake /home/abhimanyu/dave_ws/src/dave/models/dave_worlds -DCMAKE_INSTALL_PREFIX=/home/abhimanyu/dave_ws/src/dave/install/dave_worlds
[0.160s] -- The C compiler identification is GNU 13.2.0
[0.251s] -- The CXX compiler identification is GNU 13.2.0
[0.279s] -- Detecting C compiler ABI info
[0.541s] -- Detecting C compiler ABI info - done
[0.579s] -- Check for working C compiler: /usr/bin/cc - skipped
[0.581s] -- Detecting C compile features
[0.583s] -- Detecting C compile features - done
[0.606s] -- Detecting CXX compiler ABI info
[0.928s] -- Detecting CXX compiler ABI info - done
[0.983s] -- Check for working CXX compiler: /usr/bin/c++ - skipped
[0.984s] -- Detecting CXX compile features
[0.985s] -- Detecting CXX compile features - done
[1.012s] -- Found ament_cmake: 2.5.2 (/opt/ros/jazzy/share/ament_cmake/cmake)
[1.531s] -- Found Python3: /usr/bin/python3 (found version "3.12.3") found components: Interpreter 
[2.223s] -- Configuring done (2.2s)
[2.235s] -- Generating done (0.0s)
[2.235s] -- Build files have been written to: /home/abhimanyu/dave_ws/src/dave/build/dave_worlds
[2.246s] Invoked command in '/home/abhimanyu/dave_ws/src/dave/build/dave_worlds' returned '0': CMAKE_PREFIX_PATH=${CMAKE_PREFIX_PATH}:/home/abhimanyu/dave_ws/src/install/dave_worlds:/home/abhimanyu/dave_ws/src/install/dave_sensor_models:/home/abhimanyu/dave_ws/src/install/dave_robot_models:/home/abhimanyu/dave_ws/src/install/dave_robot_launch:/home/abhimanyu/dave_ws/src/install/dave_object_models:/home/abhimanyu/dave_ws/src/install/dave_demos:/home/abhimanyu/dave_ws/src/install/dave:/home/abhimanyu/MIR_Project_2024/glassy_challenge_ws/install/glassy_challenge /usr/bin/cmake /home/abhimanyu/dave_ws/src/dave/models/dave_worlds -DCMAKE_INSTALL_PREFIX=/home/abhimanyu/dave_ws/src/dave/install/dave_worlds
[2.251s] Invoking command in '/home/abhimanyu/dave_ws/src/dave/build/dave_worlds': CMAKE_PREFIX_PATH=${CMAKE_PREFIX_PATH}:/home/abhimanyu/dave_ws/src/install/dave_worlds:/home/abhimanyu/dave_ws/src/install/dave_sensor_models:/home/abhimanyu/dave_ws/src/install/dave_robot_models:/home/abhimanyu/dave_ws/src/install/dave_robot_launch:/home/abhimanyu/dave_ws/src/install/dave_object_models:/home/abhimanyu/dave_ws/src/install/dave_demos:/home/abhimanyu/dave_ws/src/install/dave:/home/abhimanyu/MIR_Project_2024/glassy_challenge_ws/install/glassy_challenge /usr/bin/cmake --build /home/abhimanyu/dave_ws/src/dave/build/dave_worlds -- -j4 -l4
[2.385s] Invoked command in '/home/abhimanyu/dave_ws/src/dave/build/dave_worlds' returned '0': CMAKE_PREFIX_PATH=${CMAKE_PREFIX_PATH}:/home/abhimanyu/dave_ws/src/install/dave_worlds:/home/abhimanyu/dave_ws/src/install/dave_sensor_models:/home/abhimanyu/dave_ws/src/install/dave_robot_models:/home/abhimanyu/dave_ws/src/install/dave_robot_launch:/home/abhimanyu/dave_ws/src/install/dave_object_models:/home/abhimanyu/dave_ws/src/install/dave_demos:/home/abhimanyu/dave_ws/src/install/dave:/home/abhimanyu/MIR_Project_2024/glassy_challenge_ws/install/glassy_challenge /usr/bin/cmake --build /home/abhimanyu/dave_ws/src/dave/build/dave_worlds -- -j4 -l4
[2.478s] Invoking command in '/home/abhimanyu/dave_ws/src/dave/build/dave_worlds': CMAKE_PREFIX_PATH=${CMAKE_PREFIX_PATH}:/home/abhimanyu/dave_ws/src/install/dave_worlds:/home/abhimanyu/dave_ws/src/install/dave_sensor_models:/home/abhimanyu/dave_ws/src/install/dave_robot_models:/home/abhimanyu/dave_ws/src/install/dave_robot_launch:/home/abhimanyu/dave_ws/src/install/dave_object_models:/home/abhimanyu/dave_ws/src/install/dave_demos:/home/abhimanyu/dave_ws/src/install/dave:/home/abhimanyu/MIR_Project_2024/glassy_challenge_ws/install/glassy_challenge /usr/bin/cmake --install /home/abhimanyu/dave_ws/src/dave/build/dave_worlds
[2.502s] -- Install configuration: ""
[2.503s] -- Installing: /home/abhimanyu/dave_ws/src/dave/install/dave_worlds/share/dave_worlds/worlds
[2.505s] -- Installing: /home/abhimanyu/dave_ws/src/dave/install/dave_worlds/share/dave_worlds/worlds/dave_integrated.world
[2.508s] -- Installing: /home/abhimanyu/dave_ws/src/dave/install/dave_worlds/share/dave_worlds/worlds/dave_graded_seabed.world
[2.509s] -- Installing: /home/abhimanyu/dave_ws/src/dave/install/dave_worlds/share/dave_worlds/worlds/dave_ocean_waves_mossy_ground.world
[2.510s] -- Installing: /home/abhimanyu/dave_ws/src/dave/install/dave_worlds/share/dave_worlds/worlds/dave_bimanual_example.world
[2.511s] -- Installing: /home/abhimanyu/dave_ws/src/dave/install/dave_worlds/share/dave_worlds/worlds/dave_Santorini.world
[2.513s] -- Installing: /home/abhimanyu/dave_ws/src/dave/install/dave_worlds/share/dave_worlds/worlds/dave_ocean_waves_transient_current.world
[2.514s] -- Installing: /home/abhimanyu/dave_ws/src/dave/install/dave_worlds/share/dave_worlds/worlds/dave_plug_and_socket.world
[2.514s] -- Installing: /home/abhimanyu/dave_ws/src/dave/install/dave_worlds/share/dave_worlds/worlds/usbl_tutorial.world
[2.515s] -- Installing: /home/abhimanyu/dave_ws/src/dave/install/dave_worlds/share/dave_worlds/worlds/dave_ocean_waves.world
[2.516s] -- Installing: /home/abhimanyu/dave_ws/src/dave/install/dave_worlds/share/dave_worlds/worlds/dave_electrical_mating.world
[2.517s] -- Installing: /home/abhimanyu/dave_ws/src/dave/install/dave_worlds/share/dave_worlds/worlds/dave_ocean_models.world
[2.524s] -- Installing: /home/abhimanyu/dave_ws/src/dave/install/dave_worlds/share/dave_worlds/media
[2.524s] -- Installing: /home/abhimanyu/dave_ws/src/dave/install/dave_worlds/share/dave_worlds/media/meshes
[2.525s] -- Installing: /home/abhimanyu/dave_ws/src/dave/install/dave_worlds/share/dave_worlds/media/meshes/Santorini_heightmap.tif
[2.543s] -- Installing: /home/abhimanyu/dave_ws/src/dave/install/dave_worlds/share/dave_worlds/media/materials
[2.544s] -- Installing: /home/abhimanyu/dave_ws/src/dave/install/dave_worlds/share/dave_worlds/media/materials/textures
[2.545s] -- Installing: /home/abhimanyu/dave_ws/src/dave/install/dave_worlds/share/dave_worlds/media/materials/textures/flat_normal.png
[2.547s] -- Installing: /home/abhimanyu/dave_ws/src/dave/install/dave_worlds/share/dave_worlds/media/materials/textures/dirt_diffusespecular.png
[2.567s] -- Installing: /home/abhimanyu/dave_ws/src/dave/install/dave_worlds/share/dave_worlds/environment/dave_worlds.dsv
[2.568s] -- Installing: /home/abhimanyu/dave_ws/src/dave/install/dave_worlds/share/ament_index/resource_index/package_run_dependencies/dave_worlds
[2.569s] -- Installing: /home/abhimanyu/dave_ws/src/dave/install/dave_worlds/share/ament_index/resource_index/parent_prefix_path/dave_worlds
[2.575s] -- Installing: /home/abhimanyu/dave_ws/src/dave/install/dave_worlds/share/dave_worlds/environment/ament_prefix_path.sh
[2.579s] -- Installing: /home/abhimanyu/dave_ws/src/dave/install/dave_worlds/share/dave_worlds/environment/ament_prefix_path.dsv
[2.580s] -- Installing: /home/abhimanyu/dave_ws/src/dave/install/dave_worlds/share/dave_worlds/environment/path.sh
[2.580s] -- Installing: /home/abhimanyu/dave_ws/src/dave/install/dave_worlds/share/dave_worlds/environment/path.dsv
[2.580s] -- Installing: /home/abhimanyu/dave_ws/src/dave/install/dave_worlds/share/dave_worlds/local_setup.bash
[2.580s] -- Installing: /home/abhimanyu/dave_ws/src/dave/install/dave_worlds/share/dave_worlds/local_setup.sh
[2.581s] -- Installing: /home/abhimanyu/dave_ws/src/dave/install/dave_worlds/share/dave_worlds/local_setup.zsh
[2.581s] -- Installing: /home/abhimanyu/dave_ws/src/dave/install/dave_worlds/share/dave_worlds/local_setup.dsv
[2.581s] -- Installing: /home/abhimanyu/dave_ws/src/dave/install/dave_worlds/share/dave_worlds/package.dsv
[2.581s] -- Installing: /home/abhimanyu/dave_ws/src/dave/install/dave_worlds/share/ament_index/resource_index/packages/dave_worlds
[2.582s] -- Installing: /home/abhimanyu/dave_ws/src/dave/install/dave_worlds/share/dave_worlds/cmake/dave_worldsConfig.cmake
[2.583s] -- Installing: /home/abhimanyu/dave_ws/src/dave/install/dave_worlds/share/dave_worlds/cmake/dave_worldsConfig-version.cmake
[2.584s] -- Installing: /home/abhimanyu/dave_ws/src/dave/install/dave_worlds/share/dave_worlds/package.xml
[2.594s] Invoked command in '/home/abhimanyu/dave_ws/src/dave/build/dave_worlds' returned '0': CMAKE_PREFIX_PATH=${CMAKE_PREFIX_PATH}:/home/abhimanyu/dave_ws/src/install/dave_worlds:/home/abhimanyu/dave_ws/src/install/dave_sensor_models:/home/abhimanyu/dave_ws/src/install/dave_robot_models:/home/abhimanyu/dave_ws/src/install/dave_robot_launch:/home/abhimanyu/dave_ws/src/install/dave_object_models:/home/abhimanyu/dave_ws/src/install/dave_demos:/home/abhimanyu/dave_ws/src/install/dave:/home/abhimanyu/MIR_Project_2024/glassy_challenge_ws/install/glassy_challenge /usr/bin/cmake --install /home/abhimanyu/dave_ws/src/dave/build/dave_worlds
