[  1%] Built target dave_interfaces__rosidl_generator_type_description
[  1%] Built target ament_cmake_python_copy_dave_interfaces
[  2%] Built target dave_interfaces__cpp
[ 26%] Built target dave_interfaces__rosidl_generator_c
[ 36%] Built target dave_interfaces__rosidl_typesupport_fastrtps_c
[ 45%] Built target dave_interfaces__rosidl_typesupport_cpp
[ 55%] Built target dave_interfaces__rosidl_typesupport_fastrtps_cpp
[ 64%] Built target dave_interfaces__rosidl_typesupport_introspection_c
[ 74%] Built target dave_interfaces__rosidl_typesupport_c
[ 84%] Built target dave_interfaces__rosidl_typesupport_introspection_cpp
[ 84%] Built target dave_interfaces
[ 85%] Built target dave_interfaces__py
running egg_info
[ 93%] Built target dave_interfaces__rosidl_generator_py
writing dave_interfaces.egg-info/PKG-INFO
writing dependency_links to dave_interfaces.egg-info/dependency_links.txt
writing top-level names to dave_interfaces.egg-info/top_level.txt
[ 95%] Built target dave_interfaces_s__rosidl_typesupport_introspection_c
[ 97%] Built target dave_interfaces_s__rosidl_typesupport_fastrtps_c
[100%] Built target dave_interfaces_s__rosidl_typesupport_c
reading manifest file 'dave_interfaces.egg-info/SOURCES.txt'
writing manifest file 'dave_interfaces.egg-info/SOURCES.txt'
[100%] Built target ament_cmake_python_build_dave_interfaces_egg
-- Install configuration: ""
-- Up-to-date: /home/abhimanyu/dave_ws/src/dave/install/dave_interfaces/share/ament_index/resource_index/rosidl_interfaces/dave_interfaces
-- Up-to-date: /home/abhimanyu/dave_ws/src/dave/install/dave_interfaces/share/dave_interfaces/msg/UsblCommand.json
-- Up-to-date: /home/abhimanyu/dave_ws/src/dave/install/dave_interfaces/share/dave_interfaces/msg/UsblResponse.json
-- Up-to-date: /home/abhimanyu/dave_ws/src/dave/install/dave_interfaces/share/dave_interfaces/msg/Location.json
-- Up-to-date: /home/abhimanyu/dave_ws/src/dave/install/dave_interfaces/share/dave_interfaces/srv/SetOriginSphericalCoord.json
-- Up-to-date: /home/abhimanyu/dave_ws/src/dave/install/dave_interfaces/share/dave_interfaces/srv/GetOriginSphericalCoord.json
-- Up-to-date: /home/abhimanyu/dave_ws/src/dave/install/dave_interfaces/share/dave_interfaces/srv/TransformToSphericalCoord.json
-- Up-to-date: /home/abhimanyu/dave_ws/src/dave/install/dave_interfaces/share/dave_interfaces/srv/TransformFromSphericalCoord.json
-- Up-to-date: /home/abhimanyu/dave_ws/src/dave/install/dave_interfaces/include/dave_interfaces/dave_interfaces
-- Up-to-date: /home/abhimanyu/dave_ws/src/dave/install/dave_interfaces/include/dave_interfaces/dave_interfaces/msg
-- Up-to-date: /home/abhimanyu/dave_ws/src/dave/install/dave_interfaces/include/dave_interfaces/dave_interfaces/msg/usbl_response.h
-- Up-to-date: /home/abhimanyu/dave_ws/src/dave/install/dave_interfaces/include/dave_interfaces/dave_interfaces/msg/rosidl_generator_c__visibility_control.h
-- Up-to-date: /home/abhimanyu/dave_ws/src/dave/install/dave_interfaces/include/dave_interfaces/dave_interfaces/msg/detail
-- Installing: /home/abhimanyu/dave_ws/src/dave/install/dave_interfaces/include/dave_interfaces/dave_interfaces/msg/detail/usbl_response__type_support.c
-- Up-to-date: /home/abhimanyu/dave_ws/src/dave/install/dave_interfaces/include/dave_interfaces/dave_interfaces/msg/detail/location__functions.h
-- Up-to-date: /home/abhimanyu/dave_ws/src/dave/install/dave_interfaces/include/dave_interfaces/dave_interfaces/msg/detail/usbl_command__functions.c
-- Installing: /home/abhimanyu/dave_ws/src/dave/install/dave_interfaces/include/dave_interfaces/dave_interfaces/msg/detail/usbl_command__type_support.c
-- Up-to-date: /home/abhimanyu/dave_ws/src/dave/install/dave_interfaces/include/dave_interfaces/dave_interfaces/msg/detail/usbl_command__type_support.h
-- Up-to-date: /home/abhimanyu/dave_ws/src/dave/install/dave_interfaces/include/dave_interfaces/dave_interfaces/msg/detail/usbl_command__functions.h
-- Installing: /home/abhimanyu/dave_ws/src/dave/install/dave_interfaces/include/dave_interfaces/dave_interfaces/msg/detail/location__type_support.c
-- Up-to-date: /home/abhimanyu/dave_ws/src/dave/install/dave_interfaces/include/dave_interfaces/dave_interfaces/msg/detail/usbl_response__struct.h
-- Up-to-date: /home/abhimanyu/dave_ws/src/dave/install/dave_interfaces/include/dave_interfaces/dave_interfaces/msg/detail/location__description.c
-- Up-to-date: /home/abhimanyu/dave_ws/src/dave/install/dave_interfaces/include/dave_interfaces/dave_interfaces/msg/detail/usbl_response__functions.h
-- Up-to-date: /home/abhimanyu/dave_ws/src/dave/install/dave_interfaces/include/dave_interfaces/dave_interfaces/msg/detail/location__type_support.h
-- Up-to-date: /home/abhimanyu/dave_ws/src/dave/install/dave_interfaces/include/dave_interfaces/dave_interfaces/msg/detail/usbl_command__struct.h
-- Up-to-date: /home/abhimanyu/dave_ws/src/dave/install/dave_interfaces/include/dave_interfaces/dave_interfaces/msg/detail/usbl_response__type_support.h
-- Up-to-date: /home/abhimanyu/dave_ws/src/dave/install/dave_interfaces/include/dave_interfaces/dave_interfaces/msg/detail/location__functions.c
-- Up-to-date: /home/abhimanyu/dave_ws/src/dave/install/dave_interfaces/include/dave_interfaces/dave_interfaces/msg/detail/location__struct.h
-- Up-to-date: /home/abhimanyu/dave_ws/src/dave/install/dave_interfaces/include/dave_interfaces/dave_interfaces/msg/detail/usbl_response__description.c
-- Up-to-date: /home/abhimanyu/dave_ws/src/dave/install/dave_interfaces/include/dave_interfaces/dave_interfaces/msg/detail/usbl_response__functions.c
-- Up-to-date: /home/abhimanyu/dave_ws/src/dave/install/dave_interfaces/include/dave_interfaces/dave_interfaces/msg/detail/usbl_command__description.c
-- Up-to-date: /home/abhimanyu/dave_ws/src/dave/install/dave_interfaces/include/dave_interfaces/dave_interfaces/msg/location.h
-- Up-to-date: /home/abhimanyu/dave_ws/src/dave/install/dave_interfaces/include/dave_interfaces/dave_interfaces/msg/usbl_command.h
-- Up-to-date: /home/abhimanyu/dave_ws/src/dave/install/dave_interfaces/include/dave_interfaces/dave_interfaces/srv
-- Up-to-date: /home/abhimanyu/dave_ws/src/dave/install/dave_interfaces/include/dave_interfaces/dave_interfaces/srv/transform_to_spherical_coord.h
-- Up-to-date: /home/abhimanyu/dave_ws/src/dave/install/dave_interfaces/include/dave_interfaces/dave_interfaces/srv/set_origin_spherical_coord.h
-- Up-to-date: /home/abhimanyu/dave_ws/src/dave/install/dave_interfaces/include/dave_interfaces/dave_interfaces/srv/detail
-- Up-to-date: /home/abhimanyu/dave_ws/src/dave/install/dave_interfaces/include/dave_interfaces/dave_interfaces/srv/detail/transform_from_spherical_coord__type_support.h
-- Up-to-date: /home/abhimanyu/dave_ws/src/dave/install/dave_interfaces/include/dave_interfaces/dave_interfaces/srv/detail/transform_to_spherical_coord__type_support.h
-- Up-to-date: /home/abhimanyu/dave_ws/src/dave/install/dave_interfaces/include/dave_interfaces/dave_interfaces/srv/detail/transform_from_spherical_coord__functions.h
-- Up-to-date: /home/abhimanyu/dave_ws/src/dave/install/dave_interfaces/include/dave_interfaces/dave_interfaces/srv/detail/set_origin_spherical_coord__description.c
-- Up-to-date: /home/abhimanyu/dave_ws/src/dave/install/dave_interfaces/include/dave_interfaces/dave_interfaces/srv/detail/get_origin_spherical_coord__functions.c
-- Up-to-date: /home/abhimanyu/dave_ws/src/dave/install/dave_interfaces/include/dave_interfaces/dave_interfaces/srv/detail/transform_to_spherical_coord__functions.c
-- Up-to-date: /home/abhimanyu/dave_ws/src/dave/install/dave_interfaces/include/dave_interfaces/dave_interfaces/srv/detail/transform_from_spherical_coord__description.c
-- Installing: /home/abhimanyu/dave_ws/src/dave/install/dave_interfaces/include/dave_interfaces/dave_interfaces/srv/detail/set_origin_spherical_coord__type_support.c
-- Up-to-date: /home/abhimanyu/dave_ws/src/dave/install/dave_interfaces/include/dave_interfaces/dave_interfaces/srv/detail/set_origin_spherical_coord__functions.h
-- Installing: /home/abhimanyu/dave_ws/src/dave/install/dave_interfaces/include/dave_interfaces/dave_interfaces/srv/detail/transform_to_spherical_coord__type_support.c
-- Installing: /home/abhimanyu/dave_ws/src/dave/install/dave_interfaces/include/dave_interfaces/dave_interfaces/srv/detail/get_origin_spherical_coord__type_support.c
-- Up-to-date: /home/abhimanyu/dave_ws/src/dave/install/dave_interfaces/include/dave_interfaces/dave_interfaces/srv/detail/get_origin_spherical_coord__description.c
-- Up-to-date: /home/abhimanyu/dave_ws/src/dave/install/dave_interfaces/include/dave_interfaces/dave_interfaces/srv/detail/transform_to_spherical_coord__functions.h
-- Up-to-date: /home/abhimanyu/dave_ws/src/dave/install/dave_interfaces/include/dave_interfaces/dave_interfaces/srv/detail/set_origin_spherical_coord__type_support.h
-- Up-to-date: /home/abhimanyu/dave_ws/src/dave/install/dave_interfaces/include/dave_interfaces/dave_interfaces/srv/detail/get_origin_spherical_coord__functions.h
-- Up-to-date: /home/abhimanyu/dave_ws/src/dave/install/dave_interfaces/include/dave_interfaces/dave_interfaces/srv/detail/transform_to_spherical_coord__struct.h
-- Up-to-date: /home/abhimanyu/dave_ws/src/dave/install/dave_interfaces/include/dave_interfaces/dave_interfaces/srv/detail/set_origin_spherical_coord__struct.h
-- Up-to-date: /home/abhimanyu/dave_ws/src/dave/install/dave_interfaces/include/dave_interfaces/dave_interfaces/srv/detail/transform_from_spherical_coord__functions.c
-- Installing: /home/abhimanyu/dave_ws/src/dave/install/dave_interfaces/include/dave_interfaces/dave_interfaces/srv/detail/transform_from_spherical_coord__type_support.c
-- Up-to-date: /home/abhimanyu/dave_ws/src/dave/install/dave_interfaces/include/dave_interfaces/dave_interfaces/srv/detail/set_origin_spherical_coord__functions.c
-- Up-to-date: /home/abhimanyu/dave_ws/src/dave/install/dave_interfaces/include/dave_interfaces/dave_interfaces/srv/detail/transform_from_spherical_coord__struct.h
-- Up-to-date: /home/abhimanyu/dave_ws/src/dave/install/dave_interfaces/include/dave_interfaces/dave_interfaces/srv/detail/get_origin_spherical_coord__struct.h
-- Up-to-date: /home/abhimanyu/dave_ws/src/dave/install/dave_interfaces/include/dave_interfaces/dave_interfaces/srv/detail/transform_to_spherical_coord__description.c
-- Up-to-date: /home/abhimanyu/dave_ws/src/dave/install/dave_interfaces/include/dave_interfaces/dave_interfaces/srv/detail/get_origin_spherical_coord__type_support.h
-- Up-to-date: /home/abhimanyu/dave_ws/src/dave/install/dave_interfaces/include/dave_interfaces/dave_interfaces/srv/get_origin_spherical_coord.h
-- Up-to-date: /home/abhimanyu/dave_ws/src/dave/install/dave_interfaces/include/dave_interfaces/dave_interfaces/srv/transform_from_spherical_coord.h
-- Up-to-date: /home/abhimanyu/dave_ws/src/dave/install/dave_interfaces/share/dave_interfaces/environment/library_path.sh
-- Up-to-date: /home/abhimanyu/dave_ws/src/dave/install/dave_interfaces/share/dave_interfaces/environment/library_path.dsv
-- Up-to-date: /home/abhimanyu/dave_ws/src/dave/install/dave_interfaces/lib/libdave_interfaces__rosidl_generator_c.so
-- Up-to-date: /home/abhimanyu/dave_ws/src/dave/install/dave_interfaces/include/dave_interfaces/dave_interfaces
-- Up-to-date: /home/abhimanyu/dave_ws/src/dave/install/dave_interfaces/include/dave_interfaces/dave_interfaces/msg
-- Up-to-date: /home/abhimanyu/dave_ws/src/dave/install/dave_interfaces/include/dave_interfaces/dave_interfaces/msg/detail
-- Up-to-date: /home/abhimanyu/dave_ws/src/dave/install/dave_interfaces/include/dave_interfaces/dave_interfaces/msg/detail/usbl_response__rosidl_typesupport_fastrtps_c.h
-- Up-to-date: /home/abhimanyu/dave_ws/src/dave/install/dave_interfaces/include/dave_interfaces/dave_interfaces/msg/detail/usbl_command__rosidl_typesupport_fastrtps_c.h
-- Up-to-date: /home/abhimanyu/dave_ws/src/dave/install/dave_interfaces/include/dave_interfaces/dave_interfaces/msg/detail/location__rosidl_typesupport_fastrtps_c.h
-- Up-to-date: /home/abhimanyu/dave_ws/src/dave/install/dave_interfaces/include/dave_interfaces/dave_interfaces/msg/rosidl_typesupport_fastrtps_c__visibility_control.h
-- Up-to-date: /home/abhimanyu/dave_ws/src/dave/install/dave_interfaces/include/dave_interfaces/dave_interfaces/srv
-- Up-to-date: /home/abhimanyu/dave_ws/src/dave/install/dave_interfaces/include/dave_interfaces/dave_interfaces/srv/detail
-- Up-to-date: /home/abhimanyu/dave_ws/src/dave/install/dave_interfaces/include/dave_interfaces/dave_interfaces/srv/detail/get_origin_spherical_coord__rosidl_typesupport_fastrtps_c.h
-- Up-to-date: /home/abhimanyu/dave_ws/src/dave/install/dave_interfaces/include/dave_interfaces/dave_interfaces/srv/detail/transform_from_spherical_coord__rosidl_typesupport_fastrtps_c.h
-- Up-to-date: /home/abhimanyu/dave_ws/src/dave/install/dave_interfaces/include/dave_interfaces/dave_interfaces/srv/detail/transform_to_spherical_coord__rosidl_typesupport_fastrtps_c.h
-- Up-to-date: /home/abhimanyu/dave_ws/src/dave/install/dave_interfaces/include/dave_interfaces/dave_interfaces/srv/detail/set_origin_spherical_coord__rosidl_typesupport_fastrtps_c.h
-- Up-to-date: /home/abhimanyu/dave_ws/src/dave/install/dave_interfaces/lib/libdave_interfaces__rosidl_typesupport_fastrtps_c.so
-- Up-to-date: /home/abhimanyu/dave_ws/src/dave/install/dave_interfaces/include/dave_interfaces/dave_interfaces
-- Up-to-date: /home/abhimanyu/dave_ws/src/dave/install/dave_interfaces/include/dave_interfaces/dave_interfaces/msg
-- Up-to-date: /home/abhimanyu/dave_ws/src/dave/install/dave_interfaces/include/dave_interfaces/dave_interfaces/msg/usbl_response.hpp
-- Up-to-date: /home/abhimanyu/dave_ws/src/dave/install/dave_interfaces/include/dave_interfaces/dave_interfaces/msg/location.hpp
-- Up-to-date: /home/abhimanyu/dave_ws/src/dave/install/dave_interfaces/include/dave_interfaces/dave_interfaces/msg/usbl_command.hpp
-- Up-to-date: /home/abhimanyu/dave_ws/src/dave/install/dave_interfaces/include/dave_interfaces/dave_interfaces/msg/detail
-- Up-to-date: /home/abhimanyu/dave_ws/src/dave/install/dave_interfaces/include/dave_interfaces/dave_interfaces/msg/detail/usbl_response__builder.hpp
-- Up-to-date: /home/abhimanyu/dave_ws/src/dave/install/dave_interfaces/include/dave_interfaces/dave_interfaces/msg/detail/location__builder.hpp
-- Up-to-date: /home/abhimanyu/dave_ws/src/dave/install/dave_interfaces/include/dave_interfaces/dave_interfaces/msg/detail/location__traits.hpp
-- Up-to-date: /home/abhimanyu/dave_ws/src/dave/install/dave_interfaces/include/dave_interfaces/dave_interfaces/msg/detail/usbl_response__struct.hpp
-- Up-to-date: /home/abhimanyu/dave_ws/src/dave/install/dave_interfaces/include/dave_interfaces/dave_interfaces/msg/detail/usbl_command__type_support.hpp
-- Up-to-date: /home/abhimanyu/dave_ws/src/dave/install/dave_interfaces/include/dave_interfaces/dave_interfaces/msg/detail/usbl_response__traits.hpp
-- Up-to-date: /home/abhimanyu/dave_ws/src/dave/install/dave_interfaces/include/dave_interfaces/dave_interfaces/msg/detail/location__type_support.hpp
-- Up-to-date: /home/abhimanyu/dave_ws/src/dave/install/dave_interfaces/include/dave_interfaces/dave_interfaces/msg/detail/usbl_command__struct.hpp
-- Up-to-date: /home/abhimanyu/dave_ws/src/dave/install/dave_interfaces/include/dave_interfaces/dave_interfaces/msg/detail/usbl_command__traits.hpp
-- Up-to-date: /home/abhimanyu/dave_ws/src/dave/install/dave_interfaces/include/dave_interfaces/dave_interfaces/msg/detail/usbl_response__type_support.hpp
-- Up-to-date: /home/abhimanyu/dave_ws/src/dave/install/dave_interfaces/include/dave_interfaces/dave_interfaces/msg/detail/location__struct.hpp
-- Up-to-date: /home/abhimanyu/dave_ws/src/dave/install/dave_interfaces/include/dave_interfaces/dave_interfaces/msg/detail/usbl_command__builder.hpp
-- Up-to-date: /home/abhimanyu/dave_ws/src/dave/install/dave_interfaces/include/dave_interfaces/dave_interfaces/msg/rosidl_generator_cpp__visibility_control.hpp
-- Up-to-date: /home/abhimanyu/dave_ws/src/dave/install/dave_interfaces/include/dave_interfaces/dave_interfaces/srv
-- Up-to-date: /home/abhimanyu/dave_ws/src/dave/install/dave_interfaces/include/dave_interfaces/dave_interfaces/srv/set_origin_spherical_coord.hpp
-- Up-to-date: /home/abhimanyu/dave_ws/src/dave/install/dave_interfaces/include/dave_interfaces/dave_interfaces/srv/detail
-- Up-to-date: /home/abhimanyu/dave_ws/src/dave/install/dave_interfaces/include/dave_interfaces/dave_interfaces/srv/detail/set_origin_spherical_coord__type_support.hpp
-- Up-to-date: /home/abhimanyu/dave_ws/src/dave/install/dave_interfaces/include/dave_interfaces/dave_interfaces/srv/detail/get_origin_spherical_coord__builder.hpp
-- Up-to-date: /home/abhimanyu/dave_ws/src/dave/install/dave_interfaces/include/dave_interfaces/dave_interfaces/srv/detail/transform_to_spherical_coord__builder.hpp
-- Up-to-date: /home/abhimanyu/dave_ws/src/dave/install/dave_interfaces/include/dave_interfaces/dave_interfaces/srv/detail/transform_to_spherical_coord__traits.hpp
-- Up-to-date: /home/abhimanyu/dave_ws/src/dave/install/dave_interfaces/include/dave_interfaces/dave_interfaces/srv/detail/get_origin_spherical_coord__type_support.hpp
-- Up-to-date: /home/abhimanyu/dave_ws/src/dave/install/dave_interfaces/include/dave_interfaces/dave_interfaces/srv/detail/transform_from_spherical_coord__struct.hpp
-- Up-to-date: /home/abhimanyu/dave_ws/src/dave/install/dave_interfaces/include/dave_interfaces/dave_interfaces/srv/detail/transform_to_spherical_coord__struct.hpp
-- Up-to-date: /home/abhimanyu/dave_ws/src/dave/install/dave_interfaces/include/dave_interfaces/dave_interfaces/srv/detail/transform_to_spherical_coord__type_support.hpp
-- Up-to-date: /home/abhimanyu/dave_ws/src/dave/install/dave_interfaces/include/dave_interfaces/dave_interfaces/srv/detail/set_origin_spherical_coord__traits.hpp
-- Up-to-date: /home/abhimanyu/dave_ws/src/dave/install/dave_interfaces/include/dave_interfaces/dave_interfaces/srv/detail/get_origin_spherical_coord__struct.hpp
-- Up-to-date: /home/abhimanyu/dave_ws/src/dave/install/dave_interfaces/include/dave_interfaces/dave_interfaces/srv/detail/set_origin_spherical_coord__builder.hpp
-- Up-to-date: /home/abhimanyu/dave_ws/src/dave/install/dave_interfaces/include/dave_interfaces/dave_interfaces/srv/detail/transform_from_spherical_coord__traits.hpp
-- Up-to-date: /home/abhimanyu/dave_ws/src/dave/install/dave_interfaces/include/dave_interfaces/dave_interfaces/srv/detail/transform_from_spherical_coord__type_support.hpp
-- Up-to-date: /home/abhimanyu/dave_ws/src/dave/install/dave_interfaces/include/dave_interfaces/dave_interfaces/srv/detail/transform_from_spherical_coord__builder.hpp
-- Up-to-date: /home/abhimanyu/dave_ws/src/dave/install/dave_interfaces/include/dave_interfaces/dave_interfaces/srv/detail/set_origin_spherical_coord__struct.hpp
-- Up-to-date: /home/abhimanyu/dave_ws/src/dave/install/dave_interfaces/include/dave_interfaces/dave_interfaces/srv/detail/get_origin_spherical_coord__traits.hpp
-- Up-to-date: /home/abhimanyu/dave_ws/src/dave/install/dave_interfaces/include/dave_interfaces/dave_interfaces/srv/get_origin_spherical_coord.hpp
-- Up-to-date: /home/abhimanyu/dave_ws/src/dave/install/dave_interfaces/include/dave_interfaces/dave_interfaces/srv/transform_to_spherical_coord.hpp
-- Up-to-date: /home/abhimanyu/dave_ws/src/dave/install/dave_interfaces/include/dave_interfaces/dave_interfaces/srv/transform_from_spherical_coord.hpp
-- Up-to-date: /home/abhimanyu/dave_ws/src/dave/install/dave_interfaces/include/dave_interfaces/dave_interfaces
-- Up-to-date: /home/abhimanyu/dave_ws/src/dave/install/dave_interfaces/include/dave_interfaces/dave_interfaces/msg
-- Up-to-date: /home/abhimanyu/dave_ws/src/dave/install/dave_interfaces/include/dave_interfaces/dave_interfaces/msg/detail
-- Up-to-date: /home/abhimanyu/dave_ws/src/dave/install/dave_interfaces/include/dave_interfaces/dave_interfaces/msg/detail/dds_fastrtps
-- Up-to-date: /home/abhimanyu/dave_ws/src/dave/install/dave_interfaces/include/dave_interfaces/dave_interfaces/msg/detail/location__rosidl_typesupport_fastrtps_cpp.hpp
-- Up-to-date: /home/abhimanyu/dave_ws/src/dave/install/dave_interfaces/include/dave_interfaces/dave_interfaces/msg/detail/usbl_command__rosidl_typesupport_fastrtps_cpp.hpp
-- Up-to-date: /home/abhimanyu/dave_ws/src/dave/install/dave_interfaces/include/dave_interfaces/dave_interfaces/msg/detail/usbl_response__rosidl_typesupport_fastrtps_cpp.hpp
-- Up-to-date: /home/abhimanyu/dave_ws/src/dave/install/dave_interfaces/include/dave_interfaces/dave_interfaces/msg/rosidl_typesupport_fastrtps_cpp__visibility_control.h
-- Up-to-date: /home/abhimanyu/dave_ws/src/dave/install/dave_interfaces/include/dave_interfaces/dave_interfaces/srv
-- Up-to-date: /home/abhimanyu/dave_ws/src/dave/install/dave_interfaces/include/dave_interfaces/dave_interfaces/srv/detail
-- Up-to-date: /home/abhimanyu/dave_ws/src/dave/install/dave_interfaces/include/dave_interfaces/dave_interfaces/srv/detail/get_origin_spherical_coord__rosidl_typesupport_fastrtps_cpp.hpp
-- Up-to-date: /home/abhimanyu/dave_ws/src/dave/install/dave_interfaces/include/dave_interfaces/dave_interfaces/srv/detail/dds_fastrtps
-- Up-to-date: /home/abhimanyu/dave_ws/src/dave/install/dave_interfaces/include/dave_interfaces/dave_interfaces/srv/detail/transform_from_spherical_coord__rosidl_typesupport_fastrtps_cpp.hpp
-- Up-to-date: /home/abhimanyu/dave_ws/src/dave/install/dave_interfaces/include/dave_interfaces/dave_interfaces/srv/detail/transform_to_spherical_coord__rosidl_typesupport_fastrtps_cpp.hpp
-- Up-to-date: /home/abhimanyu/dave_ws/src/dave/install/dave_interfaces/include/dave_interfaces/dave_interfaces/srv/detail/set_origin_spherical_coord__rosidl_typesupport_fastrtps_cpp.hpp
-- Up-to-date: /home/abhimanyu/dave_ws/src/dave/install/dave_interfaces/lib/libdave_interfaces__rosidl_typesupport_fastrtps_cpp.so
-- Up-to-date: /home/abhimanyu/dave_ws/src/dave/install/dave_interfaces/include/dave_interfaces/dave_interfaces
-- Up-to-date: /home/abhimanyu/dave_ws/src/dave/install/dave_interfaces/include/dave_interfaces/dave_interfaces/msg
-- Up-to-date: /home/abhimanyu/dave_ws/src/dave/install/dave_interfaces/include/dave_interfaces/dave_interfaces/msg/detail
-- Installing: /home/abhimanyu/dave_ws/src/dave/install/dave_interfaces/include/dave_interfaces/dave_interfaces/msg/detail/usbl_response__type_support.c
-- Up-to-date: /home/abhimanyu/dave_ws/src/dave/install/dave_interfaces/include/dave_interfaces/dave_interfaces/msg/detail/location__rosidl_typesupport_introspection_c.h
-- Installing: /home/abhimanyu/dave_ws/src/dave/install/dave_interfaces/include/dave_interfaces/dave_interfaces/msg/detail/usbl_command__type_support.c
-- Up-to-date: /home/abhimanyu/dave_ws/src/dave/install/dave_interfaces/include/dave_interfaces/dave_interfaces/msg/detail/usbl_response__rosidl_typesupport_introspection_c.h
-- Installing: /home/abhimanyu/dave_ws/src/dave/install/dave_interfaces/include/dave_interfaces/dave_interfaces/msg/detail/location__type_support.c
-- Up-to-date: /home/abhimanyu/dave_ws/src/dave/install/dave_interfaces/include/dave_interfaces/dave_interfaces/msg/detail/usbl_command__rosidl_typesupport_introspection_c.h
-- Up-to-date: /home/abhimanyu/dave_ws/src/dave/install/dave_interfaces/include/dave_interfaces/dave_interfaces/msg/rosidl_typesupport_introspection_c__visibility_control.h
-- Up-to-date: /home/abhimanyu/dave_ws/src/dave/install/dave_interfaces/include/dave_interfaces/dave_interfaces/srv
-- Up-to-date: /home/abhimanyu/dave_ws/src/dave/install/dave_interfaces/include/dave_interfaces/dave_interfaces/srv/detail
-- Up-to-date: /home/abhimanyu/dave_ws/src/dave/install/dave_interfaces/include/dave_interfaces/dave_interfaces/srv/detail/transform_from_spherical_coord__rosidl_typesupport_introspection_c.h
-- Up-to-date: /home/abhimanyu/dave_ws/src/dave/install/dave_interfaces/include/dave_interfaces/dave_interfaces/srv/detail/set_origin_spherical_coord__rosidl_typesupport_introspection_c.h
-- Up-to-date: /home/abhimanyu/dave_ws/src/dave/install/dave_interfaces/include/dave_interfaces/dave_interfaces/srv/detail/transform_to_spherical_coord__rosidl_typesupport_introspection_c.h
-- Installing: /home/abhimanyu/dave_ws/src/dave/install/dave_interfaces/include/dave_interfaces/dave_interfaces/srv/detail/set_origin_spherical_coord__type_support.c
-- Installing: /home/abhimanyu/dave_ws/src/dave/install/dave_interfaces/include/dave_interfaces/dave_interfaces/srv/detail/transform_to_spherical_coord__type_support.c
-- Installing: /home/abhimanyu/dave_ws/src/dave/install/dave_interfaces/include/dave_interfaces/dave_interfaces/srv/detail/get_origin_spherical_coord__type_support.c
-- Up-to-date: /home/abhimanyu/dave_ws/src/dave/install/dave_interfaces/include/dave_interfaces/dave_interfaces/srv/detail/get_origin_spherical_coord__rosidl_typesupport_introspection_c.h
-- Installing: /home/abhimanyu/dave_ws/src/dave/install/dave_interfaces/include/dave_interfaces/dave_interfaces/srv/detail/transform_from_spherical_coord__type_support.c
-- Up-to-date: /home/abhimanyu/dave_ws/src/dave/install/dave_interfaces/lib/libdave_interfaces__rosidl_typesupport_introspection_c.so
-- Up-to-date: /home/abhimanyu/dave_ws/src/dave/install/dave_interfaces/lib/libdave_interfaces__rosidl_typesupport_c.so
-- Up-to-date: /home/abhimanyu/dave_ws/src/dave/install/dave_interfaces/include/dave_interfaces/dave_interfaces
-- Up-to-date: /home/abhimanyu/dave_ws/src/dave/install/dave_interfaces/include/dave_interfaces/dave_interfaces/msg
-- Up-to-date: /home/abhimanyu/dave_ws/src/dave/install/dave_interfaces/include/dave_interfaces/dave_interfaces/msg/detail
-- Up-to-date: /home/abhimanyu/dave_ws/src/dave/install/dave_interfaces/include/dave_interfaces/dave_interfaces/msg/detail/usbl_command__type_support.cpp
-- Up-to-date: /home/abhimanyu/dave_ws/src/dave/install/dave_interfaces/include/dave_interfaces/dave_interfaces/msg/detail/location__rosidl_typesupport_introspection_cpp.hpp
-- Up-to-date: /home/abhimanyu/dave_ws/src/dave/install/dave_interfaces/include/dave_interfaces/dave_interfaces/msg/detail/usbl_command__rosidl_typesupport_introspection_cpp.hpp
-- Up-to-date: /home/abhimanyu/dave_ws/src/dave/install/dave_interfaces/include/dave_interfaces/dave_interfaces/msg/detail/usbl_response__type_support.cpp
-- Up-to-date: /home/abhimanyu/dave_ws/src/dave/install/dave_interfaces/include/dave_interfaces/dave_interfaces/msg/detail/usbl_response__rosidl_typesupport_introspection_cpp.hpp
-- Up-to-date: /home/abhimanyu/dave_ws/src/dave/install/dave_interfaces/include/dave_interfaces/dave_interfaces/msg/detail/location__type_support.cpp
-- Up-to-date: /home/abhimanyu/dave_ws/src/dave/install/dave_interfaces/include/dave_interfaces/dave_interfaces/srv
-- Up-to-date: /home/abhimanyu/dave_ws/src/dave/install/dave_interfaces/include/dave_interfaces/dave_interfaces/srv/detail
-- Up-to-date: /home/abhimanyu/dave_ws/src/dave/install/dave_interfaces/include/dave_interfaces/dave_interfaces/srv/detail/get_origin_spherical_coord__rosidl_typesupport_introspection_cpp.hpp
-- Up-to-date: /home/abhimanyu/dave_ws/src/dave/install/dave_interfaces/include/dave_interfaces/dave_interfaces/srv/detail/transform_to_spherical_coord__rosidl_typesupport_introspection_cpp.hpp
-- Up-to-date: /home/abhimanyu/dave_ws/src/dave/install/dave_interfaces/include/dave_interfaces/dave_interfaces/srv/detail/set_origin_spherical_coord__type_support.cpp
-- Up-to-date: /home/abhimanyu/dave_ws/src/dave/install/dave_interfaces/include/dave_interfaces/dave_interfaces/srv/detail/transform_to_spherical_coord__type_support.cpp
-- Up-to-date: /home/abhimanyu/dave_ws/src/dave/install/dave_interfaces/include/dave_interfaces/dave_interfaces/srv/detail/get_origin_spherical_coord__type_support.cpp
-- Up-to-date: /home/abhimanyu/dave_ws/src/dave/install/dave_interfaces/include/dave_interfaces/dave_interfaces/srv/detail/set_origin_spherical_coord__rosidl_typesupport_introspection_cpp.hpp
-- Up-to-date: /home/abhimanyu/dave_ws/src/dave/install/dave_interfaces/include/dave_interfaces/dave_interfaces/srv/detail/transform_from_spherical_coord__type_support.cpp
-- Up-to-date: /home/abhimanyu/dave_ws/src/dave/install/dave_interfaces/include/dave_interfaces/dave_interfaces/srv/detail/transform_from_spherical_coord__rosidl_typesupport_introspection_cpp.hpp
-- Up-to-date: /home/abhimanyu/dave_ws/src/dave/install/dave_interfaces/lib/libdave_interfaces__rosidl_typesupport_introspection_cpp.so
-- Up-to-date: /home/abhimanyu/dave_ws/src/dave/install/dave_interfaces/lib/libdave_interfaces__rosidl_typesupport_cpp.so
-- Up-to-date: /home/abhimanyu/dave_ws/src/dave/install/dave_interfaces/share/dave_interfaces/environment/pythonpath.sh
-- Up-to-date: /home/abhimanyu/dave_ws/src/dave/install/dave_interfaces/share/dave_interfaces/environment/pythonpath.dsv
-- Up-to-date: /home/abhimanyu/dave_ws/src/dave/install/dave_interfaces/lib/python3.12/site-packages/dave_interfaces-0.0.0-py3.12.egg-info
-- Installing: /home/abhimanyu/dave_ws/src/dave/install/dave_interfaces/lib/python3.12/site-packages/dave_interfaces-0.0.0-py3.12.egg-info/PKG-INFO
-- Installing: /home/abhimanyu/dave_ws/src/dave/install/dave_interfaces/lib/python3.12/site-packages/dave_interfaces-0.0.0-py3.12.egg-info/top_level.txt
-- Installing: /home/abhimanyu/dave_ws/src/dave/install/dave_interfaces/lib/python3.12/site-packages/dave_interfaces-0.0.0-py3.12.egg-info/dependency_links.txt
-- Installing: /home/abhimanyu/dave_ws/src/dave/install/dave_interfaces/lib/python3.12/site-packages/dave_interfaces-0.0.0-py3.12.egg-info/SOURCES.txt
-- Up-to-date: /home/abhimanyu/dave_ws/src/dave/install/dave_interfaces/lib/python3.12/site-packages/dave_interfaces
-- Up-to-date: /home/abhimanyu/dave_ws/src/dave/install/dave_interfaces/lib/python3.12/site-packages/dave_interfaces/_dave_interfaces_s.ep.rosidl_typesupport_fastrtps_c.c
-- Up-to-date: /home/abhimanyu/dave_ws/src/dave/install/dave_interfaces/lib/python3.12/site-packages/dave_interfaces/_dave_interfaces_s.ep.rosidl_typesupport_introspection_c.c
-- Up-to-date: /home/abhimanyu/dave_ws/src/dave/install/dave_interfaces/lib/python3.12/site-packages/dave_interfaces/msg
-- Up-to-date: /home/abhimanyu/dave_ws/src/dave/install/dave_interfaces/lib/python3.12/site-packages/dave_interfaces/msg/_usbl_response.py
-- Up-to-date: /home/abhimanyu/dave_ws/src/dave/install/dave_interfaces/lib/python3.12/site-packages/dave_interfaces/msg/_usbl_response_s.c
-- Up-to-date: /home/abhimanyu/dave_ws/src/dave/install/dave_interfaces/lib/python3.12/site-packages/dave_interfaces/msg/_usbl_command.py
-- Up-to-date: /home/abhimanyu/dave_ws/src/dave/install/dave_interfaces/lib/python3.12/site-packages/dave_interfaces/msg/_location.py
-- Up-to-date: /home/abhimanyu/dave_ws/src/dave/install/dave_interfaces/lib/python3.12/site-packages/dave_interfaces/msg/__init__.py
-- Up-to-date: /home/abhimanyu/dave_ws/src/dave/install/dave_interfaces/lib/python3.12/site-packages/dave_interfaces/msg/_location_s.c
-- Up-to-date: /home/abhimanyu/dave_ws/src/dave/install/dave_interfaces/lib/python3.12/site-packages/dave_interfaces/msg/_usbl_command_s.c
-- Up-to-date: /home/abhimanyu/dave_ws/src/dave/install/dave_interfaces/lib/python3.12/site-packages/dave_interfaces/_dave_interfaces_s.ep.rosidl_typesupport_c.c
-- Up-to-date: /home/abhimanyu/dave_ws/src/dave/install/dave_interfaces/lib/python3.12/site-packages/dave_interfaces/dave_interfaces_s__rosidl_typesupport_fastrtps_c.so
-- Up-to-date: /home/abhimanyu/dave_ws/src/dave/install/dave_interfaces/lib/python3.12/site-packages/dave_interfaces/__init__.py
-- Up-to-date: /home/abhimanyu/dave_ws/src/dave/install/dave_interfaces/lib/python3.12/site-packages/dave_interfaces/dave_interfaces_s__rosidl_typesupport_c.so
-- Up-to-date: /home/abhimanyu/dave_ws/src/dave/install/dave_interfaces/lib/python3.12/site-packages/dave_interfaces/dave_interfaces_s__rosidl_typesupport_introspection_c.so
-- Up-to-date: /home/abhimanyu/dave_ws/src/dave/install/dave_interfaces/lib/python3.12/site-packages/dave_interfaces/srv
-- Up-to-date: /home/abhimanyu/dave_ws/src/dave/install/dave_interfaces/lib/python3.12/site-packages/dave_interfaces/srv/_transform_to_spherical_coord_s.c
-- Up-to-date: /home/abhimanyu/dave_ws/src/dave/install/dave_interfaces/lib/python3.12/site-packages/dave_interfaces/srv/_set_origin_spherical_coord.py
-- Up-to-date: /home/abhimanyu/dave_ws/src/dave/install/dave_interfaces/lib/python3.12/site-packages/dave_interfaces/srv/__init__.py
-- Up-to-date: /home/abhimanyu/dave_ws/src/dave/install/dave_interfaces/lib/python3.12/site-packages/dave_interfaces/srv/_transform_from_spherical_coord.py
-- Up-to-date: /home/abhimanyu/dave_ws/src/dave/install/dave_interfaces/lib/python3.12/site-packages/dave_interfaces/srv/_transform_from_spherical_coord_s.c
-- Up-to-date: /home/abhimanyu/dave_ws/src/dave/install/dave_interfaces/lib/python3.12/site-packages/dave_interfaces/srv/_get_origin_spherical_coord_s.c
-- Up-to-date: /home/abhimanyu/dave_ws/src/dave/install/dave_interfaces/lib/python3.12/site-packages/dave_interfaces/srv/_transform_to_spherical_coord.py
-- Up-to-date: /home/abhimanyu/dave_ws/src/dave/install/dave_interfaces/lib/python3.12/site-packages/dave_interfaces/srv/_get_origin_spherical_coord.py
-- Up-to-date: /home/abhimanyu/dave_ws/src/dave/install/dave_interfaces/lib/python3.12/site-packages/dave_interfaces/srv/_set_origin_spherical_coord_s.c
Listing '/home/abhimanyu/dave_ws/src/dave/install/dave_interfaces/lib/python3.12/site-packages/dave_interfaces'...
Listing '/home/abhimanyu/dave_ws/src/dave/install/dave_interfaces/lib/python3.12/site-packages/dave_interfaces/msg'...
Listing '/home/abhimanyu/dave_ws/src/dave/install/dave_interfaces/lib/python3.12/site-packages/dave_interfaces/srv'...
-- Up-to-date: /home/abhimanyu/dave_ws/src/dave/install/dave_interfaces/lib/python3.12/site-packages/dave_interfaces/dave_interfaces_s__rosidl_typesupport_fastrtps_c.so
-- Up-to-date: /home/abhimanyu/dave_ws/src/dave/install/dave_interfaces/lib/python3.12/site-packages/dave_interfaces/dave_interfaces_s__rosidl_typesupport_introspection_c.so
-- Up-to-date: /home/abhimanyu/dave_ws/src/dave/install/dave_interfaces/lib/python3.12/site-packages/dave_interfaces/dave_interfaces_s__rosidl_typesupport_c.so
-- Up-to-date: /home/abhimanyu/dave_ws/src/dave/install/dave_interfaces/lib/libdave_interfaces__rosidl_generator_py.so
-- Up-to-date: /home/abhimanyu/dave_ws/src/dave/install/dave_interfaces/share/dave_interfaces/msg/UsblCommand.idl
-- Up-to-date: /home/abhimanyu/dave_ws/src/dave/install/dave_interfaces/share/dave_interfaces/msg/UsblResponse.idl
-- Up-to-date: /home/abhimanyu/dave_ws/src/dave/install/dave_interfaces/share/dave_interfaces/msg/Location.idl
-- Up-to-date: /home/abhimanyu/dave_ws/src/dave/install/dave_interfaces/share/dave_interfaces/srv/SetOriginSphericalCoord.idl
-- Up-to-date: /home/abhimanyu/dave_ws/src/dave/install/dave_interfaces/share/dave_interfaces/srv/GetOriginSphericalCoord.idl
-- Up-to-date: /home/abhimanyu/dave_ws/src/dave/install/dave_interfaces/share/dave_interfaces/srv/TransformToSphericalCoord.idl
-- Up-to-date: /home/abhimanyu/dave_ws/src/dave/install/dave_interfaces/share/dave_interfaces/srv/TransformFromSphericalCoord.idl
-- Up-to-date: /home/abhimanyu/dave_ws/src/dave/install/dave_interfaces/share/dave_interfaces/msg/UsblCommand.msg
-- Up-to-date: /home/abhimanyu/dave_ws/src/dave/install/dave_interfaces/share/dave_interfaces/msg/UsblResponse.msg
-- Up-to-date: /home/abhimanyu/dave_ws/src/dave/install/dave_interfaces/share/dave_interfaces/msg/Location.msg
-- Up-to-date: /home/abhimanyu/dave_ws/src/dave/install/dave_interfaces/share/dave_interfaces/srv/SetOriginSphericalCoord.srv
-- Up-to-date: /home/abhimanyu/dave_ws/src/dave/install/dave_interfaces/share/dave_interfaces/srv/GetOriginSphericalCoord.srv
-- Up-to-date: /home/abhimanyu/dave_ws/src/dave/install/dave_interfaces/share/dave_interfaces/srv/TransformToSphericalCoord.srv
-- Up-to-date: /home/abhimanyu/dave_ws/src/dave/install/dave_interfaces/share/dave_interfaces/srv/TransformFromSphericalCoord.srv
-- Up-to-date: /home/abhimanyu/dave_ws/src/dave/install/dave_interfaces/share/dave_interfaces/package.xml
-- Up-to-date: /home/abhimanyu/dave_ws/src/dave/install/dave_interfaces/share/ament_index/resource_index/package_run_dependencies/dave_interfaces
-- Up-to-date: /home/abhimanyu/dave_ws/src/dave/install/dave_interfaces/share/ament_index/resource_index/parent_prefix_path/dave_interfaces
-- Up-to-date: /home/abhimanyu/dave_ws/src/dave/install/dave_interfaces/share/dave_interfaces/environment/ament_prefix_path.sh
-- Up-to-date: /home/abhimanyu/dave_ws/src/dave/install/dave_interfaces/share/dave_interfaces/environment/ament_prefix_path.dsv
-- Up-to-date: /home/abhimanyu/dave_ws/src/dave/install/dave_interfaces/share/dave_interfaces/environment/path.sh
-- Up-to-date: /home/abhimanyu/dave_ws/src/dave/install/dave_interfaces/share/dave_interfaces/environment/path.dsv
-- Up-to-date: /home/abhimanyu/dave_ws/src/dave/install/dave_interfaces/share/dave_interfaces/local_setup.bash
-- Up-to-date: /home/abhimanyu/dave_ws/src/dave/install/dave_interfaces/share/dave_interfaces/local_setup.sh
-- Up-to-date: /home/abhimanyu/dave_ws/src/dave/install/dave_interfaces/share/dave_interfaces/local_setup.zsh
-- Up-to-date: /home/abhimanyu/dave_ws/src/dave/install/dave_interfaces/share/dave_interfaces/local_setup.dsv
-- Installing: /home/abhimanyu/dave_ws/src/dave/install/dave_interfaces/share/dave_interfaces/package.dsv
-- Up-to-date: /home/abhimanyu/dave_ws/src/dave/install/dave_interfaces/share/ament_index/resource_index/packages/dave_interfaces
-- Up-to-date: /home/abhimanyu/dave_ws/src/dave/install/dave_interfaces/share/dave_interfaces/cmake/export_dave_interfaces__rosidl_generator_cExport.cmake
-- Up-to-date: /home/abhimanyu/dave_ws/src/dave/install/dave_interfaces/share/dave_interfaces/cmake/export_dave_interfaces__rosidl_generator_cExport-noconfig.cmake
-- Up-to-date: /home/abhimanyu/dave_ws/src/dave/install/dave_interfaces/share/dave_interfaces/cmake/export_dave_interfaces__rosidl_typesupport_fastrtps_cExport.cmake
-- Up-to-date: /home/abhimanyu/dave_ws/src/dave/install/dave_interfaces/share/dave_interfaces/cmake/export_dave_interfaces__rosidl_typesupport_fastrtps_cExport-noconfig.cmake
-- Up-to-date: /home/abhimanyu/dave_ws/src/dave/install/dave_interfaces/share/dave_interfaces/cmake/export_dave_interfaces__rosidl_generator_cppExport.cmake
-- Up-to-date: /home/abhimanyu/dave_ws/src/dave/install/dave_interfaces/share/dave_interfaces/cmake/export_dave_interfaces__rosidl_typesupport_fastrtps_cppExport.cmake
-- Up-to-date: /home/abhimanyu/dave_ws/src/dave/install/dave_interfaces/share/dave_interfaces/cmake/export_dave_interfaces__rosidl_typesupport_fastrtps_cppExport-noconfig.cmake
-- Up-to-date: /home/abhimanyu/dave_ws/src/dave/install/dave_interfaces/share/dave_interfaces/cmake/dave_interfaces__rosidl_typesupport_introspection_cExport.cmake
-- Up-to-date: /home/abhimanyu/dave_ws/src/dave/install/dave_interfaces/share/dave_interfaces/cmake/dave_interfaces__rosidl_typesupport_introspection_cExport-noconfig.cmake
-- Up-to-date: /home/abhimanyu/dave_ws/src/dave/install/dave_interfaces/share/dave_interfaces/cmake/dave_interfaces__rosidl_typesupport_cExport.cmake
-- Up-to-date: /home/abhimanyu/dave_ws/src/dave/install/dave_interfaces/share/dave_interfaces/cmake/dave_interfaces__rosidl_typesupport_cExport-noconfig.cmake
-- Up-to-date: /home/abhimanyu/dave_ws/src/dave/install/dave_interfaces/share/dave_interfaces/cmake/dave_interfaces__rosidl_typesupport_introspection_cppExport.cmake
-- Up-to-date: /home/abhimanyu/dave_ws/src/dave/install/dave_interfaces/share/dave_interfaces/cmake/dave_interfaces__rosidl_typesupport_introspection_cppExport-noconfig.cmake
-- Up-to-date: /home/abhimanyu/dave_ws/src/dave/install/dave_interfaces/share/dave_interfaces/cmake/dave_interfaces__rosidl_typesupport_cppExport.cmake
-- Up-to-date: /home/abhimanyu/dave_ws/src/dave/install/dave_interfaces/share/dave_interfaces/cmake/dave_interfaces__rosidl_typesupport_cppExport-noconfig.cmake
-- Up-to-date: /home/abhimanyu/dave_ws/src/dave/install/dave_interfaces/share/dave_interfaces/cmake/export_dave_interfaces__rosidl_generator_pyExport.cmake
-- Up-to-date: /home/abhimanyu/dave_ws/src/dave/install/dave_interfaces/share/dave_interfaces/cmake/export_dave_interfaces__rosidl_generator_pyExport-noconfig.cmake
-- Up-to-date: /home/abhimanyu/dave_ws/src/dave/install/dave_interfaces/share/dave_interfaces/cmake/rosidl_cmake-extras.cmake
-- Up-to-date: /home/abhimanyu/dave_ws/src/dave/install/dave_interfaces/share/dave_interfaces/cmake/ament_cmake_export_dependencies-extras.cmake
-- Up-to-date: /home/abhimanyu/dave_ws/src/dave/install/dave_interfaces/share/dave_interfaces/cmake/ament_cmake_export_include_directories-extras.cmake
-- Up-to-date: /home/abhimanyu/dave_ws/src/dave/install/dave_interfaces/share/dave_interfaces/cmake/ament_cmake_export_libraries-extras.cmake
-- Up-to-date: /home/abhimanyu/dave_ws/src/dave/install/dave_interfaces/share/dave_interfaces/cmake/ament_cmake_export_targets-extras.cmake
-- Up-to-date: /home/abhimanyu/dave_ws/src/dave/install/dave_interfaces/share/dave_interfaces/cmake/rosidl_cmake_export_typesupport_targets-extras.cmake
-- Up-to-date: /home/abhimanyu/dave_ws/src/dave/install/dave_interfaces/share/dave_interfaces/cmake/rosidl_cmake_export_typesupport_libraries-extras.cmake
-- Up-to-date: /home/abhimanyu/dave_ws/src/dave/install/dave_interfaces/share/dave_interfaces/cmake/dave_interfacesConfig.cmake
-- Up-to-date: /home/abhimanyu/dave_ws/src/dave/install/dave_interfaces/share/dave_interfaces/cmake/dave_interfacesConfig-version.cmake
-- Up-to-date: /home/abhimanyu/dave_ws/src/dave/install/dave_interfaces/share/dave_interfaces/package.xml
