-- Found ament_cmake: 2.5.2 (/opt/ros/jazzy/share/ament_cmake/cmake)
-- Looking for gz-sim8 -- found version 8.3.0
-- Searching for dependencies of gz-sim8
-- Looking for sdformat14 -- found version 14.1.1
-- Searching for dependencies of sdformat14
-- Checking for module 'tinyxml2'
--   Found tinyxml2, version 10.0.0
-- Looking for gz-math7 -- found version 7.4.0
-- Searching for dependencies of gz-math7
-- Looking for gz-utils2 -- found version 2.2.0
-- Searching for dependencies of gz-utils2
-- Looking for gz-utils2 -- found version 2.2.0
-- Searching for dependencies of gz-utils2
-- Searching for <gz-utils2> component [cli]
-- Looking for gz-utils2-cli -- found version 2.2.0
-- Searching for dependencies of gz-utils2-cli
-- Looking for gz-plugin2 -- found version 2.0.3
-- Searching for dependencies of gz-plugin2
-- Looking for gz-utils2 -- found version 2.2.0
-- Searching for <gz-plugin2> component [loader]
-- Looking for gz-plugin2-loader -- found version 2.0.3
-- Searching for dependencies of gz-plugin2-loader
-- Searching for <gz-plugin2> component [register]
-- Looking for gz-plugin2-register -- found version 2.0.3
-- Searching for dependencies of gz-plugin2-register
-- Looking for gz-transport13 -- found version 13.2.0
-- Searching for dependencies of gz-transport13
-- Config-file not installed for ZeroMQ -- checking for pkg-config
-- Checking for module 'libzmq >= 4'
--   Found libzmq, version 4.3.5
-- Checking for module 'uuid'
--   Found uuid, version 2.39.3
-- Looking for gz-utils2 -- found version 2.2.0
-- Looking for gz-msgs10 -- found version 10.1.2
-- Searching for dependencies of gz-msgs10
-- Looking for gz-utils2 -- found version 2.2.0
-- Looking for gz-math7 -- found version 7.4.0
-- Searching for <gz-transport13> component [log]
-- Looking for gz-transport13-log -- found version 13.2.0
-- Searching for dependencies of gz-transport13-log
-- Searching for <gz-transport13> component [parameters]
-- Looking for gz-transport13-parameters -- found version 13.2.0
-- Searching for dependencies of gz-transport13-parameters
-- Looking for gz-msgs10 -- found version 10.1.2
-- Looking for gz-common5 -- found version 5.5.1
-- Searching for dependencies of gz-common5
-- Looking for gz-utils2 -- found version 2.2.0
-- Looking for dlfcn.h - found
-- Looking for libdl - found
-- Searching for <gz-common5> component [av]
-- Looking for gz-common5-av -- found version 5.5.1
-- Searching for dependencies of gz-common5-av
-- Checking for module 'libswscale'
--   Found libswscale, version 7.5.100
-- Checking for module 'libavdevice >= 56.4.100'
--   Found libavdevice, version 60.3.100
-- Checking for module 'libavformat'
--   Found libavformat, version 60.16.100
-- Checking for module 'libavcodec'
--   Found libavcodec, version 60.31.102
-- Checking for module 'libavutil'
--   Found libavutil, version 58.29.100
-- Searching for <gz-common5> component [events]
-- Looking for gz-common5-events -- found version 5.5.1
-- Searching for dependencies of gz-common5-events
-- Looking for gz-math7 -- found version 7.4.0
-- Searching for <gz-common5> component [graphics]
-- Looking for gz-common5-graphics -- found version 5.5.1
-- Searching for dependencies of gz-common5-graphics
-- Looking for gz-math7 -- found version 7.4.0
-- Searching for <gz-common5> component [io]
-- Looking for gz-common5-io -- found version 5.5.1
-- Searching for dependencies of gz-common5-io
-- Searching for <gz-common5> component [profiler]
-- Looking for gz-common5-profiler -- found version 5.5.1
-- Searching for dependencies of gz-common5-profiler
-- Looking for gz-fuel_tools9 -- found version 9.0.3
-- Searching for dependencies of gz-fuel_tools9
-- Checking for module 'jsoncpp'
--   Found jsoncpp, version 1.9.5
-- Checking for module 'yaml-0.1'
--   Found yaml-0.1, version 0.2.5
-- Checking for module 'libzip'
--   Found libzip, version 1.7.3
-- Looking for gz-utils2 -- found version 2.2.0
-- Looking for gz-common5 -- found version 5.5.1
-- Searching for dependencies of gz-common5
-- Looking for gz-utils2 -- found version 2.2.0
-- Looking for dlfcn.h - found
-- Looking for libdl - found
-- Searching for <gz-common5> component [testing]
-- Looking for gz-common5-testing -- found version 5.5.1
-- Searching for dependencies of gz-common5-testing
-- Looking for gz-math7 -- found version 7.4.0
-- Looking for gz-msgs10 -- found version 10.1.2
-- Looking for gz-gui8 -- found version 8.1.1
-- Searching for dependencies of gz-gui8
-- Looking for gz-utils2 -- found version 2.2.0
-- Looking for gz-math7 -- found version 7.4.0
-- Looking for gz-common5 -- found version 5.5.1
-- Looking for gz-plugin2 -- found version 2.0.3
-- Looking for gz-transport13 -- found version 13.2.0
-- Looking for gz-rendering8 -- found version 8.1.1
-- Searching for dependencies of gz-rendering8
-- Looking for gz-math7 -- found version 7.4.0
-- Searching for dependencies of gz-math7
-- Looking for gz-utils2 -- found version 2.2.0
-- Searching for <gz-math7> component [eigen3]
-- Looking for gz-math7-eigen3 -- found version 7.4.0
-- Searching for dependencies of gz-math7-eigen3
-- Looking for gz-common5 -- found version 5.5.1
-- Searching for dependencies of gz-common5
-- Looking for gz-utils2 -- found version 2.2.0
-- Looking for dlfcn.h - found
-- Looking for libdl - found
-- Searching for <gz-common5> component [graphics]
-- Searching for <gz-common5> component [events]
-- Searching for <gz-common5> component [geospatial]
-- Looking for gz-common5-geospatial -- found version 5.5.1
-- Searching for dependencies of gz-common5-geospatial
-- Looking for gz-math7 -- found version 7.4.0
-- Looking for gz-common5 -- found version 5.5.1
-- Looking for gz-plugin2 -- found version 2.0.3
-- Searching for dependencies of gz-plugin2
-- Looking for gz-utils2 -- found version 2.2.0
-- Searching for <gz-plugin2> component [all]
-- Looking for all libraries of gz-plugin2 -- found version 2.0.3
-- Looking for gz-plugin2 -- found version 2.0.3
-- Looking for gz-utils2 -- found version 2.2.0
-- Looking for gz-msgs10 -- found version 10.1.2
-- Looking for gz-physics7 -- found version 7.2.0
-- Searching for dependencies of gz-physics7
-- Looking for gz-common5 -- found version 5.5.1
-- Looking for gz-math7 -- found version 7.4.0
-- Looking for gz-plugin2 -- found version 2.0.3
-- Looking for gz-utils2 -- found version 2.2.0
-- Searching for <gz-physics7> component [heightmap]
-- Looking for gz-physics7-heightmap -- found version 7.2.0
-- Searching for dependencies of gz-physics7-heightmap
-- Looking for gz-common5 -- found version 5.5.1
-- Searching for <gz-physics7> component [mesh]
-- Looking for gz-physics7-mesh -- found version 7.2.0
-- Searching for dependencies of gz-physics7-mesh
-- Looking for gz-common5 -- found version 5.5.1
-- Searching for <gz-physics7> component [sdf]
-- Looking for gz-physics7-sdf -- found version 7.2.0
-- Searching for dependencies of gz-physics7-sdf
-- Looking for sdformat14 -- found version 14.1.1
-- Looking for gz-sensors8 -- found version 8.0.1
-- Searching for dependencies of gz-sensors8
-- Looking for gz-math7 -- found version 7.4.0
-- Looking for gz-common5 -- found version 5.5.1
-- Looking for gz-transport13 -- found version 13.2.0
-- Looking for gz-rendering8 -- found version 8.1.1
-- Looking for gz-msgs10 -- found version 10.1.2
-- Looking for sdformat14 -- found version 14.1.1
-- Searching for <gz-sensors8> component [air_pressure]
-- Looking for gz-sensors8-air_pressure -- found version 8.0.1
-- Searching for dependencies of gz-sensors8-air_pressure
-- Searching for <gz-sensors8> component [air_speed]
-- Looking for gz-sensors8-air_speed -- found version 8.0.1
-- Searching for dependencies of gz-sensors8-air_speed
-- Searching for <gz-sensors8> component [altimeter]
-- Looking for gz-sensors8-altimeter -- found version 8.0.1
-- Searching for dependencies of gz-sensors8-altimeter
-- Searching for <gz-sensors8> component [imu]
-- Looking for gz-sensors8-imu -- found version 8.0.1
-- Searching for dependencies of gz-sensors8-imu
-- Searching for <gz-sensors8> component [force_torque]
-- Looking for gz-sensors8-force_torque -- found version 8.0.1
-- Searching for dependencies of gz-sensors8-force_torque
-- Searching for <gz-sensors8> component [logical_camera]
-- Looking for gz-sensors8-logical_camera -- found version 8.0.1
-- Searching for dependencies of gz-sensors8-logical_camera
-- Searching for <gz-sensors8> component [magnetometer]
-- Looking for gz-sensors8-magnetometer -- found version 8.0.1
-- Searching for dependencies of gz-sensors8-magnetometer
-- Searching for <gz-sensors8> component [navsat]
-- Looking for gz-sensors8-navsat -- found version 8.0.1
-- Searching for dependencies of gz-sensors8-navsat
-- Searching for <gz-sensors8> component [dvl]
-- Looking for gz-sensors8-dvl -- found version 8.0.1
-- Searching for dependencies of gz-sensors8-dvl
-- Looking for gz-sensors8 -- found version 8.0.1
-- Searching for dependencies of gz-sensors8
-- Looking for gz-math7 -- found version 7.4.0
-- Looking for gz-common5 -- found version 5.5.1
-- Looking for gz-transport13 -- found version 13.2.0
-- Looking for gz-rendering8 -- found version 8.1.1
-- Looking for gz-msgs10 -- found version 10.1.2
-- Looking for sdformat14 -- found version 14.1.1
-- Searching for <gz-sensors8> component [rendering]
-- Looking for gz-sensors8-rendering -- found version 8.0.1
-- Searching for dependencies of gz-sensors8-rendering
-- Searching for <gz-sensors8> component [rendering]
-- Searching for <gz-sensors8> component [lidar]
-- Looking for gz-sensors8-lidar -- found version 8.0.1
-- Searching for dependencies of gz-sensors8-lidar
-- Looking for gz-sensors8 -- found version 8.0.1
-- Searching for <gz-sensors8> component [gpu_lidar]
-- Looking for gz-sensors8-gpu_lidar -- found version 8.0.1
-- Searching for dependencies of gz-sensors8-gpu_lidar
-- Looking for gz-sensors8 -- found version 8.0.1
-- Searching for <gz-sensors8> component [camera]
-- Looking for gz-sensors8-camera -- found version 8.0.1
-- Searching for dependencies of gz-sensors8-camera
-- Looking for gz-sensors8 -- found version 8.0.1
-- Searching for <gz-sensors8> component [boundingbox_camera]
-- Looking for gz-sensors8-boundingbox_camera -- found version 8.0.1
-- Searching for dependencies of gz-sensors8-boundingbox_camera
-- Searching for <gz-sensors8> component [segmentation_camera]
-- Looking for gz-sensors8-segmentation_camera -- found version 8.0.1
-- Searching for dependencies of gz-sensors8-segmentation_camera
-- Searching for <gz-sensors8> component [depth_camera]
-- Looking for gz-sensors8-depth_camera -- found version 8.0.1
-- Searching for dependencies of gz-sensors8-depth_camera
-- Looking for gz-sensors8 -- found version 8.0.1
-- Searching for <gz-sensors8> component [rgbd_camera]
-- Looking for gz-sensors8-rgbd_camera -- found version 8.0.1
-- Searching for dependencies of gz-sensors8-rgbd_camera
-- Looking for gz-sensors8 -- found version 8.0.1
-- Searching for <gz-sensors8> component [thermal_camera]
-- Looking for gz-sensors8-thermal_camera -- found version 8.0.1
-- Searching for dependencies of gz-sensors8-thermal_camera
-- Looking for gz-sensors8 -- found version 8.0.1
-- Searching for <gz-sensors8> component [wide_angle_camera]
-- Looking for gz-sensors8-wide_angle_camera -- found version 8.0.1
-- Searching for dependencies of gz-sensors8-wide_angle_camera
-- Looking for gz-rendering8 -- found version 8.1.1
-- Looking for gz-math7 -- found version 7.4.0
-- Looking for gz-utils2 -- found version 2.2.0
-- Looking for sdformat14 -- found version 14.1.1
-- Found rclpy: 7.1.1 (/opt/ros/jazzy/share/rclpy/cmake)
-- Found ament_lint_auto: 0.17.1 (/opt/ros/jazzy/share/ament_lint_auto/cmake)
-- Added test 'copyright' to check source files copyright and LICENSE
-- Added test 'flake8' to check Python code syntax and style conventions
-- Configured 'flake8' exclude dirs and/or files: 
-- Added test 'lint_cmake' to check CMake code style
-- Added test 'pep257' to check Python code against some of the docstring style conventions in PEP 257
-- Added test 'xmllint' to check XML markup files
-- Configuring done (3.9s)
-- Generating done (0.0s)
-- Build files have been written to: /home/abhimanyu/dave_ws/src/dave/build/dave_gz_model_plugins
Built target ament_cmake_python_copy_dave_gz_model_plugins
running egg_info
writing dave_gz_model_plugins.egg-info/PKG-INFO
writing dependency_links to dave_gz_model_plugins.egg-info/dependency_links.txt
writing top-level names to dave_gz_model_plugins.egg-info/top_level.txt
reading manifest file 'dave_gz_model_plugins.egg-info/SOURCES.txt'
writing manifest file 'dave_gz_model_plugins.egg-info/SOURCES.txt'
Built target ament_cmake_python_build_dave_gz_model_plugins_egg
-- Install configuration: ""
-- Up-to-date: /home/abhimanyu/dave_ws/src/dave/install/dave_gz_model_plugins/share/dave_gz_model_plugins/environment/pythonpath.sh
-- Up-to-date: /home/abhimanyu/dave_ws/src/dave/install/dave_gz_model_plugins/share/dave_gz_model_plugins/environment/pythonpath.dsv
-- Up-to-date: /home/abhimanyu/dave_ws/src/dave/install/dave_gz_model_plugins/lib/python3.12/site-packages/dave_gz_model_plugins-0.0.0-py3.12.egg-info
-- Installing: /home/abhimanyu/dave_ws/src/dave/install/dave_gz_model_plugins/lib/python3.12/site-packages/dave_gz_model_plugins-0.0.0-py3.12.egg-info/PKG-INFO
-- Installing: /home/abhimanyu/dave_ws/src/dave/install/dave_gz_model_plugins/lib/python3.12/site-packages/dave_gz_model_plugins-0.0.0-py3.12.egg-info/top_level.txt
-- Installing: /home/abhimanyu/dave_ws/src/dave/install/dave_gz_model_plugins/lib/python3.12/site-packages/dave_gz_model_plugins-0.0.0-py3.12.egg-info/dependency_links.txt
-- Installing: /home/abhimanyu/dave_ws/src/dave/install/dave_gz_model_plugins/lib/python3.12/site-packages/dave_gz_model_plugins-0.0.0-py3.12.egg-info/SOURCES.txt
-- Up-to-date: /home/abhimanyu/dave_ws/src/dave/install/dave_gz_model_plugins/lib/python3.12/site-packages/dave_gz_model_plugins
-- Up-to-date: /home/abhimanyu/dave_ws/src/dave/install/dave_gz_model_plugins/lib/python3.12/site-packages/dave_gz_model_plugins/__init__.py
-- Up-to-date: /home/abhimanyu/dave_ws/src/dave/install/dave_gz_model_plugins/lib/python3.12/site-packages/dave_gz_model_plugins/linear_battery_plugin.py
Listing '/home/abhimanyu/dave_ws/src/dave/install/dave_gz_model_plugins/lib/python3.12/site-packages/dave_gz_model_plugins'...
-- Up-to-date: /home/abhimanyu/dave_ws/src/dave/install/dave_gz_model_plugins/lib/dave_gz_model_plugins/battery_state_listener.py
-- Up-to-date: /home/abhimanyu/dave_ws/src/dave/install/dave_gz_model_plugins/share/dave_gz_model_plugins/test/battery_model/model.sdf
-- Up-to-date: /home/abhimanyu/dave_ws/src/dave/install/dave_gz_model_plugins/share/dave_gz_model_plugins/test/battery_model/model.config
-- Up-to-date: /home/abhimanyu/dave_ws/src/dave/install/dave_gz_model_plugins/share/dave_gz_model_plugins/test/battery_world.sdf
-- Up-to-date: /home/abhimanyu/dave_ws/src/dave/install/dave_gz_model_plugins/share/dave_gz_model_plugins/launch
-- Up-to-date: /home/abhimanyu/dave_ws/src/dave/install/dave_gz_model_plugins/share/dave_gz_model_plugins/launch/run_simulation.launch.py
-- Up-to-date: /home/abhimanyu/dave_ws/src/dave/install/dave_gz_model_plugins/share/ament_index/resource_index/package_run_dependencies/dave_gz_model_plugins
-- Up-to-date: /home/abhimanyu/dave_ws/src/dave/install/dave_gz_model_plugins/share/ament_index/resource_index/parent_prefix_path/dave_gz_model_plugins
-- Up-to-date: /home/abhimanyu/dave_ws/src/dave/install/dave_gz_model_plugins/share/dave_gz_model_plugins/environment/ament_prefix_path.sh
-- Up-to-date: /home/abhimanyu/dave_ws/src/dave/install/dave_gz_model_plugins/share/dave_gz_model_plugins/environment/ament_prefix_path.dsv
-- Up-to-date: /home/abhimanyu/dave_ws/src/dave/install/dave_gz_model_plugins/share/dave_gz_model_plugins/environment/path.sh
-- Up-to-date: /home/abhimanyu/dave_ws/src/dave/install/dave_gz_model_plugins/share/dave_gz_model_plugins/environment/path.dsv
-- Up-to-date: /home/abhimanyu/dave_ws/src/dave/install/dave_gz_model_plugins/share/dave_gz_model_plugins/local_setup.bash
-- Up-to-date: /home/abhimanyu/dave_ws/src/dave/install/dave_gz_model_plugins/share/dave_gz_model_plugins/local_setup.sh
-- Up-to-date: /home/abhimanyu/dave_ws/src/dave/install/dave_gz_model_plugins/share/dave_gz_model_plugins/local_setup.zsh
-- Up-to-date: /home/abhimanyu/dave_ws/src/dave/install/dave_gz_model_plugins/share/dave_gz_model_plugins/local_setup.dsv
-- Installing: /home/abhimanyu/dave_ws/src/dave/install/dave_gz_model_plugins/share/dave_gz_model_plugins/package.dsv
-- Up-to-date: /home/abhimanyu/dave_ws/src/dave/install/dave_gz_model_plugins/share/ament_index/resource_index/packages/dave_gz_model_plugins
-- Up-to-date: /home/abhimanyu/dave_ws/src/dave/install/dave_gz_model_plugins/share/dave_gz_model_plugins/cmake/dave_gz_model_pluginsConfig.cmake
-- Up-to-date: /home/abhimanyu/dave_ws/src/dave/install/dave_gz_model_plugins/share/dave_gz_model_plugins/cmake/dave_gz_model_pluginsConfig-version.cmake
-- Up-to-date: /home/abhimanyu/dave_ws/src/dave/install/dave_gz_model_plugins/share/dave_gz_model_plugins/package.xml
