[0.048s] Invoking command in '/home/abhimanyu/dave_ws/src/dave/build/dave_gz_model_plugins': CMAKE_PREFIX_PATH=${CMAKE_PREFIX_PATH}:/home/abhimanyu/dave_ws/src/install/dave_worlds:/home/abhimanyu/dave_ws/src/install/dave_sensor_models:/home/abhimanyu/dave_ws/src/install/dave_robot_models:/home/abhimanyu/dave_ws/src/install/dave_robot_launch:/home/abhimanyu/dave_ws/src/install/dave_object_models:/home/abhimanyu/dave_ws/src/install/dave_demos:/home/abhimanyu/dave_ws/src/install/dave:/home/abhimanyu/MIR_Project_2024/glassy_challenge_ws/install/glassy_challenge /usr/bin/cmake --build /home/abhimanyu/dave_ws/src/dave/build/dave_gz_model_plugins -- -j4 -l4
[0.129s] -- Found ament_cmake: 2.5.2 (/opt/ros/jazzy/share/ament_cmake/cmake)
[1.046s] -- Looking for gz-sim8 -- found version 8.3.0
[1.071s] -- Searching for dependencies of gz-sim8
[1.072s] -- Looking for sdformat14 -- found version 14.1.1
[1.079s] -- Searching for dependencies of sdformat14
[1.091s] -- Checking for module 'tinyxml2'
[1.182s] --   Found tinyxml2, version 10.0.0
[1.368s] -- Looking for gz-math7 -- found version 7.4.0
[1.369s] -- Searching for dependencies of gz-math7
[1.371s] -- Looking for gz-utils2 -- found version 2.2.0
[1.372s] -- Searching for dependencies of gz-utils2
[1.378s] -- Looking for gz-utils2 -- found version 2.2.0
[1.379s] -- Searching for dependencies of gz-utils2
[1.380s] -- Searching for <gz-utils2> component [cli]
[1.382s] -- Looking for gz-utils2-cli -- found version 2.2.0
[1.383s] -- Searching for dependencies of gz-utils2-cli
[1.388s] -- Looking for gz-plugin2 -- found version 2.0.3
[1.389s] -- Searching for dependencies of gz-plugin2
[1.391s] -- Looking for gz-utils2 -- found version 2.2.0
[1.395s] -- Searching for <gz-plugin2> component [loader]
[1.397s] -- Looking for gz-plugin2-loader -- found version 2.0.3
[1.398s] -- Searching for dependencies of gz-plugin2-loader
[1.400s] -- Searching for <gz-plugin2> component [register]
[1.401s] -- Looking for gz-plugin2-register -- found version 2.0.3
[1.403s] -- Searching for dependencies of gz-plugin2-register
[1.406s] -- Looking for gz-transport13 -- found version 13.2.0
[1.407s] -- Searching for dependencies of gz-transport13
[1.560s] -- Config-file not installed for ZeroMQ -- checking for pkg-config
[1.573s] -- Checking for module 'libzmq >= 4'
[1.633s] --   Found libzmq, version 4.3.5
[1.761s] -- Checking for module 'uuid'
[1.791s] --   Found uuid, version 2.39.3
[1.856s] -- Looking for gz-utils2 -- found version 2.2.0
[1.858s] -- Looking for gz-msgs10 -- found version 10.1.2
[1.859s] -- Searching for dependencies of gz-msgs10
[1.929s] -- Looking for gz-utils2 -- found version 2.2.0
[1.930s] -- Looking for gz-math7 -- found version 7.4.0
[2.216s] -- Searching for <gz-transport13> component [log]
[2.217s] -- Looking for gz-transport13-log -- found version 13.2.0
[2.217s] -- Searching for dependencies of gz-transport13-log
[2.219s] -- Searching for <gz-transport13> component [parameters]
[2.220s] -- Looking for gz-transport13-parameters -- found version 13.2.0
[2.220s] -- Searching for dependencies of gz-transport13-parameters
[2.222s] -- Looking for gz-msgs10 -- found version 10.1.2
[2.223s] -- Looking for gz-common5 -- found version 5.5.1
[2.224s] -- Searching for dependencies of gz-common5
[2.225s] -- Looking for gz-utils2 -- found version 2.2.0
[2.226s] -- Looking for dlfcn.h - found
[2.226s] -- Looking for libdl - found
[2.256s] -- Searching for <gz-common5> component [av]
[2.257s] -- Looking for gz-common5-av -- found version 5.5.1
[2.258s] -- Searching for dependencies of gz-common5-av
[2.258s] -- Checking for module 'libswscale'
[2.286s] --   Found libswscale, version 7.5.100
[2.354s] -- Checking for module 'libavdevice >= 56.4.100'
[2.389s] --   Found libavdevice, version 60.3.100
[2.478s] -- Checking for module 'libavformat'
[2.521s] --   Found libavformat, version 60.16.100
[2.589s] -- Checking for module 'libavcodec'
[2.617s] --   Found libavcodec, version 60.31.102
[2.679s] -- Checking for module 'libavutil'
[2.713s] --   Found libavutil, version 58.29.100
[2.770s] -- Searching for <gz-common5> component [events]
[2.773s] -- Looking for gz-common5-events -- found version 5.5.1
[2.775s] -- Searching for dependencies of gz-common5-events
[2.777s] -- Looking for gz-math7 -- found version 7.4.0
[2.779s] -- Searching for <gz-common5> component [graphics]
[2.781s] -- Looking for gz-common5-graphics -- found version 5.5.1
[2.784s] -- Searching for dependencies of gz-common5-graphics
[2.786s] -- Looking for gz-math7 -- found version 7.4.0
[2.789s] -- Searching for <gz-common5> component [io]
[2.791s] -- Looking for gz-common5-io -- found version 5.5.1
[2.793s] -- Searching for dependencies of gz-common5-io
[2.795s] -- Searching for <gz-common5> component [profiler]
[2.795s] -- Looking for gz-common5-profiler -- found version 5.5.1
[2.795s] -- Searching for dependencies of gz-common5-profiler
[2.795s] -- Looking for gz-fuel_tools9 -- found version 9.0.3
[2.796s] -- Searching for dependencies of gz-fuel_tools9
[2.943s] -- Checking for module 'jsoncpp'
[2.981s] --   Found jsoncpp, version 1.9.5
[3.121s] -- Checking for module 'yaml-0.1'
[3.160s] --   Found yaml-0.1, version 0.2.5
[3.218s] -- Checking for module 'libzip'
[3.247s] --   Found libzip, version 1.7.3
[3.288s] -- Looking for gz-utils2 -- found version 2.2.0
[3.289s] -- Looking for gz-common5 -- found version 5.5.1
[3.289s] -- Searching for dependencies of gz-common5
[3.290s] -- Looking for gz-utils2 -- found version 2.2.0
[3.290s] -- Looking for dlfcn.h - found
[3.290s] -- Looking for libdl - found
[3.302s] -- Searching for <gz-common5> component [testing]
[3.303s] -- Looking for gz-common5-testing -- found version 5.5.1
[3.303s] -- Searching for dependencies of gz-common5-testing
[3.305s] -- Looking for gz-math7 -- found version 7.4.0
[3.306s] -- Looking for gz-msgs10 -- found version 10.1.2
[3.308s] -- Looking for gz-gui8 -- found version 8.1.1
[3.308s] -- Searching for dependencies of gz-gui8
[3.361s] -- Looking for gz-utils2 -- found version 2.2.0
[3.362s] -- Looking for gz-math7 -- found version 7.4.0
[3.363s] -- Looking for gz-common5 -- found version 5.5.1
[3.364s] -- Looking for gz-plugin2 -- found version 2.0.3
[3.364s] -- Looking for gz-transport13 -- found version 13.2.0
[3.365s] -- Looking for gz-rendering8 -- found version 8.1.1
[3.366s] -- Searching for dependencies of gz-rendering8
[3.366s] -- Looking for gz-math7 -- found version 7.4.0
[3.367s] -- Searching for dependencies of gz-math7
[3.367s] -- Looking for gz-utils2 -- found version 2.2.0
[3.368s] -- Searching for <gz-math7> component [eigen3]
[3.368s] -- Looking for gz-math7-eigen3 -- found version 7.4.0
[3.369s] -- Searching for dependencies of gz-math7-eigen3
[3.372s] -- Looking for gz-common5 -- found version 5.5.1
[3.372s] -- Searching for dependencies of gz-common5
[3.373s] -- Looking for gz-utils2 -- found version 2.2.0
[3.373s] -- Looking for dlfcn.h - found
[3.373s] -- Looking for libdl - found
[3.385s] -- Searching for <gz-common5> component [graphics]
[3.385s] -- Searching for <gz-common5> component [events]
[3.385s] -- Searching for <gz-common5> component [geospatial]
[3.385s] -- Looking for gz-common5-geospatial -- found version 5.5.1
[3.386s] -- Searching for dependencies of gz-common5-geospatial
[3.386s] -- Looking for gz-math7 -- found version 7.4.0
[3.388s] -- Looking for gz-common5 -- found version 5.5.1
[3.389s] -- Looking for gz-plugin2 -- found version 2.0.3
[3.390s] -- Searching for dependencies of gz-plugin2
[3.390s] -- Looking for gz-utils2 -- found version 2.2.0
[3.391s] -- Searching for <gz-plugin2> component [all]
[3.391s] -- Looking for all libraries of gz-plugin2 -- found version 2.0.3
[3.392s] -- Looking for gz-plugin2 -- found version 2.0.3
[3.394s] -- Looking for gz-utils2 -- found version 2.2.0
[3.400s] -- Looking for gz-msgs10 -- found version 10.1.2
[3.433s] -- Looking for gz-physics7 -- found version 7.2.0
[3.433s] -- Searching for dependencies of gz-physics7
[3.433s] -- Looking for gz-common5 -- found version 5.5.1
[3.434s] -- Looking for gz-math7 -- found version 7.4.0
[3.435s] -- Looking for gz-plugin2 -- found version 2.0.3
[3.436s] -- Looking for gz-utils2 -- found version 2.2.0
[3.438s] -- Searching for <gz-physics7> component [heightmap]
[3.438s] -- Looking for gz-physics7-heightmap -- found version 7.2.0
[3.439s] -- Searching for dependencies of gz-physics7-heightmap
[3.439s] -- Looking for gz-common5 -- found version 5.5.1
[3.440s] -- Searching for <gz-physics7> component [mesh]
[3.441s] -- Looking for gz-physics7-mesh -- found version 7.2.0
[3.441s] -- Searching for dependencies of gz-physics7-mesh
[3.442s] -- Looking for gz-common5 -- found version 5.5.1
[3.443s] -- Searching for <gz-physics7> component [sdf]
[3.443s] -- Looking for gz-physics7-sdf -- found version 7.2.0
[3.444s] -- Searching for dependencies of gz-physics7-sdf
[3.444s] -- Looking for sdformat14 -- found version 14.1.1
[3.446s] -- Looking for gz-sensors8 -- found version 8.0.1
[3.447s] -- Searching for dependencies of gz-sensors8
[3.491s] -- Looking for gz-math7 -- found version 7.4.0
[3.492s] -- Looking for gz-common5 -- found version 5.5.1
[3.493s] -- Looking for gz-transport13 -- found version 13.2.0
[3.493s] -- Looking for gz-rendering8 -- found version 8.1.1
[3.494s] -- Looking for gz-msgs10 -- found version 10.1.2
[3.495s] -- Looking for sdformat14 -- found version 14.1.1
[3.496s] -- Searching for <gz-sensors8> component [air_pressure]
[3.497s] -- Looking for gz-sensors8-air_pressure -- found version 8.0.1
[3.497s] -- Searching for dependencies of gz-sensors8-air_pressure
[3.499s] -- Searching for <gz-sensors8> component [air_speed]
[3.500s] -- Looking for gz-sensors8-air_speed -- found version 8.0.1
[3.500s] -- Searching for dependencies of gz-sensors8-air_speed
[3.500s] -- Searching for <gz-sensors8> component [altimeter]
[3.501s] -- Looking for gz-sensors8-altimeter -- found version 8.0.1
[3.501s] -- Searching for dependencies of gz-sensors8-altimeter
[3.502s] -- Searching for <gz-sensors8> component [imu]
[3.503s] -- Looking for gz-sensors8-imu -- found version 8.0.1
[3.503s] -- Searching for dependencies of gz-sensors8-imu
[3.504s] -- Searching for <gz-sensors8> component [force_torque]
[3.505s] -- Looking for gz-sensors8-force_torque -- found version 8.0.1
[3.505s] -- Searching for dependencies of gz-sensors8-force_torque
[3.506s] -- Searching for <gz-sensors8> component [logical_camera]
[3.507s] -- Looking for gz-sensors8-logical_camera -- found version 8.0.1
[3.507s] -- Searching for dependencies of gz-sensors8-logical_camera
[3.508s] -- Searching for <gz-sensors8> component [magnetometer]
[3.509s] -- Looking for gz-sensors8-magnetometer -- found version 8.0.1
[3.509s] -- Searching for dependencies of gz-sensors8-magnetometer
[3.510s] -- Searching for <gz-sensors8> component [navsat]
[3.511s] -- Looking for gz-sensors8-navsat -- found version 8.0.1
[3.511s] -- Searching for dependencies of gz-sensors8-navsat
[3.512s] -- Searching for <gz-sensors8> component [dvl]
[3.513s] -- Looking for gz-sensors8-dvl -- found version 8.0.1
[3.513s] -- Searching for dependencies of gz-sensors8-dvl
[3.517s] -- Looking for gz-sensors8 -- found version 8.0.1
[3.517s] -- Searching for dependencies of gz-sensors8
[3.564s] -- Looking for gz-math7 -- found version 7.4.0
[3.565s] -- Looking for gz-common5 -- found version 5.5.1
[3.566s] -- Looking for gz-transport13 -- found version 13.2.0
[3.566s] -- Looking for gz-rendering8 -- found version 8.1.1
[3.567s] -- Looking for gz-msgs10 -- found version 10.1.2
[3.568s] -- Looking for sdformat14 -- found version 14.1.1
[3.568s] -- Searching for <gz-sensors8> component [rendering]
[3.569s] -- Looking for gz-sensors8-rendering -- found version 8.0.1
[3.570s] -- Searching for dependencies of gz-sensors8-rendering
[3.572s] -- Searching for <gz-sensors8> component [rendering]
[3.572s] -- Searching for <gz-sensors8> component [lidar]
[3.573s] -- Looking for gz-sensors8-lidar -- found version 8.0.1
[3.573s] -- Searching for dependencies of gz-sensors8-lidar
[3.574s] -- Looking for gz-sensors8 -- found version 8.0.1
[3.575s] -- Searching for <gz-sensors8> component [gpu_lidar]
[3.575s] -- Looking for gz-sensors8-gpu_lidar -- found version 8.0.1
[3.576s] -- Searching for dependencies of gz-sensors8-gpu_lidar
[3.576s] -- Looking for gz-sensors8 -- found version 8.0.1
[3.578s] -- Searching for <gz-sensors8> component [camera]
[3.578s] -- Looking for gz-sensors8-camera -- found version 8.0.1
[3.579s] -- Searching for dependencies of gz-sensors8-camera
[3.579s] -- Looking for gz-sensors8 -- found version 8.0.1
[3.580s] -- Searching for <gz-sensors8> component [boundingbox_camera]
[3.581s] -- Looking for gz-sensors8-boundingbox_camera -- found version 8.0.1
[3.581s] -- Searching for dependencies of gz-sensors8-boundingbox_camera
[3.582s] -- Searching for <gz-sensors8> component [segmentation_camera]
[3.583s] -- Looking for gz-sensors8-segmentation_camera -- found version 8.0.1
[3.584s] -- Searching for dependencies of gz-sensors8-segmentation_camera
[3.585s] -- Searching for <gz-sensors8> component [depth_camera]
[3.585s] -- Looking for gz-sensors8-depth_camera -- found version 8.0.1
[3.586s] -- Searching for dependencies of gz-sensors8-depth_camera
[3.586s] -- Looking for gz-sensors8 -- found version 8.0.1
[3.589s] -- Searching for <gz-sensors8> component [rgbd_camera]
[3.589s] -- Looking for gz-sensors8-rgbd_camera -- found version 8.0.1
[3.590s] -- Searching for dependencies of gz-sensors8-rgbd_camera
[3.590s] -- Looking for gz-sensors8 -- found version 8.0.1
[3.592s] -- Searching for <gz-sensors8> component [thermal_camera]
[3.593s] -- Looking for gz-sensors8-thermal_camera -- found version 8.0.1
[3.593s] -- Searching for dependencies of gz-sensors8-thermal_camera
[3.594s] -- Looking for gz-sensors8 -- found version 8.0.1
[3.596s] -- Searching for <gz-sensors8> component [wide_angle_camera]
[3.597s] -- Looking for gz-sensors8-wide_angle_camera -- found version 8.0.1
[3.597s] -- Searching for dependencies of gz-sensors8-wide_angle_camera
[3.600s] -- Looking for gz-rendering8 -- found version 8.1.1
[3.600s] -- Looking for gz-math7 -- found version 7.4.0
[3.601s] -- Looking for gz-utils2 -- found version 2.2.0
[3.654s] -- Looking for sdformat14 -- found version 14.1.1
[3.654s] -- Found rclpy: 7.1.1 (/opt/ros/jazzy/share/rclpy/cmake)
[3.805s] -- Found ament_lint_auto: 0.17.1 (/opt/ros/jazzy/share/ament_lint_auto/cmake)
[3.971s] -- Added test 'copyright' to check source files copyright and LICENSE
[3.976s] -- Added test 'flake8' to check Python code syntax and style conventions
[3.976s] -- Configured 'flake8' exclude dirs and/or files: 
[3.977s] -- Added test 'lint_cmake' to check CMake code style
[3.978s] -- Added test 'pep257' to check Python code against some of the docstring style conventions in PEP 257
[3.980s] -- Added test 'xmllint' to check XML markup files
[3.983s] -- Configuring done (3.9s)
[3.996s] -- Generating done (0.0s)
[4.000s] -- Build files have been written to: /home/abhimanyu/dave_ws/src/dave/build/dave_gz_model_plugins
[4.068s] Built target ament_cmake_python_copy_dave_gz_model_plugins
[4.439s] running egg_info
[4.472s] writing dave_gz_model_plugins.egg-info/PKG-INFO
[4.472s] writing dependency_links to dave_gz_model_plugins.egg-info/dependency_links.txt
[4.472s] writing top-level names to dave_gz_model_plugins.egg-info/top_level.txt
[4.573s] reading manifest file 'dave_gz_model_plugins.egg-info/SOURCES.txt'
[4.576s] writing manifest file 'dave_gz_model_plugins.egg-info/SOURCES.txt'
[4.621s] Built target ament_cmake_python_build_dave_gz_model_plugins_egg
[4.637s] Invoked command in '/home/abhimanyu/dave_ws/src/dave/build/dave_gz_model_plugins' returned '0': CMAKE_PREFIX_PATH=${CMAKE_PREFIX_PATH}:/home/abhimanyu/dave_ws/src/install/dave_worlds:/home/abhimanyu/dave_ws/src/install/dave_sensor_models:/home/abhimanyu/dave_ws/src/install/dave_robot_models:/home/abhimanyu/dave_ws/src/install/dave_robot_launch:/home/abhimanyu/dave_ws/src/install/dave_object_models:/home/abhimanyu/dave_ws/src/install/dave_demos:/home/abhimanyu/dave_ws/src/install/dave:/home/abhimanyu/MIR_Project_2024/glassy_challenge_ws/install/glassy_challenge /usr/bin/cmake --build /home/abhimanyu/dave_ws/src/dave/build/dave_gz_model_plugins -- -j4 -l4
[4.672s] Invoking command in '/home/abhimanyu/dave_ws/src/dave/build/dave_gz_model_plugins': CMAKE_PREFIX_PATH=${CMAKE_PREFIX_PATH}:/home/abhimanyu/dave_ws/src/install/dave_worlds:/home/abhimanyu/dave_ws/src/install/dave_sensor_models:/home/abhimanyu/dave_ws/src/install/dave_robot_models:/home/abhimanyu/dave_ws/src/install/dave_robot_launch:/home/abhimanyu/dave_ws/src/install/dave_object_models:/home/abhimanyu/dave_ws/src/install/dave_demos:/home/abhimanyu/dave_ws/src/install/dave:/home/abhimanyu/MIR_Project_2024/glassy_challenge_ws/install/glassy_challenge /usr/bin/cmake --install /home/abhimanyu/dave_ws/src/dave/build/dave_gz_model_plugins
[4.683s] -- Install configuration: ""
[4.684s] -- Up-to-date: /home/abhimanyu/dave_ws/src/dave/install/dave_gz_model_plugins/share/dave_gz_model_plugins/environment/pythonpath.sh
[4.684s] -- Up-to-date: /home/abhimanyu/dave_ws/src/dave/install/dave_gz_model_plugins/share/dave_gz_model_plugins/environment/pythonpath.dsv
[4.684s] -- Up-to-date: /home/abhimanyu/dave_ws/src/dave/install/dave_gz_model_plugins/lib/python3.12/site-packages/dave_gz_model_plugins-0.0.0-py3.12.egg-info
[4.685s] -- Installing: /home/abhimanyu/dave_ws/src/dave/install/dave_gz_model_plugins/lib/python3.12/site-packages/dave_gz_model_plugins-0.0.0-py3.12.egg-info/PKG-INFO
[4.685s] -- Installing: /home/abhimanyu/dave_ws/src/dave/install/dave_gz_model_plugins/lib/python3.12/site-packages/dave_gz_model_plugins-0.0.0-py3.12.egg-info/top_level.txt
[4.685s] -- Installing: /home/abhimanyu/dave_ws/src/dave/install/dave_gz_model_plugins/lib/python3.12/site-packages/dave_gz_model_plugins-0.0.0-py3.12.egg-info/dependency_links.txt
[4.685s] -- Installing: /home/abhimanyu/dave_ws/src/dave/install/dave_gz_model_plugins/lib/python3.12/site-packages/dave_gz_model_plugins-0.0.0-py3.12.egg-info/SOURCES.txt
[4.686s] -- Up-to-date: /home/abhimanyu/dave_ws/src/dave/install/dave_gz_model_plugins/lib/python3.12/site-packages/dave_gz_model_plugins
[4.686s] -- Up-to-date: /home/abhimanyu/dave_ws/src/dave/install/dave_gz_model_plugins/lib/python3.12/site-packages/dave_gz_model_plugins/__init__.py
[4.686s] -- Up-to-date: /home/abhimanyu/dave_ws/src/dave/install/dave_gz_model_plugins/lib/python3.12/site-packages/dave_gz_model_plugins/linear_battery_plugin.py
[4.753s] Listing '/home/abhimanyu/dave_ws/src/dave/install/dave_gz_model_plugins/lib/python3.12/site-packages/dave_gz_model_plugins'...
[4.762s] -- Up-to-date: /home/abhimanyu/dave_ws/src/dave/install/dave_gz_model_plugins/lib/dave_gz_model_plugins/battery_state_listener.py
[4.762s] -- Up-to-date: /home/abhimanyu/dave_ws/src/dave/install/dave_gz_model_plugins/share/dave_gz_model_plugins/test/battery_model/model.sdf
[4.763s] -- Up-to-date: /home/abhimanyu/dave_ws/src/dave/install/dave_gz_model_plugins/share/dave_gz_model_plugins/test/battery_model/model.config
[4.763s] -- Up-to-date: /home/abhimanyu/dave_ws/src/dave/install/dave_gz_model_plugins/share/dave_gz_model_plugins/test/battery_world.sdf
[4.763s] -- Up-to-date: /home/abhimanyu/dave_ws/src/dave/install/dave_gz_model_plugins/share/dave_gz_model_plugins/launch
[4.764s] -- Up-to-date: /home/abhimanyu/dave_ws/src/dave/install/dave_gz_model_plugins/share/dave_gz_model_plugins/launch/run_simulation.launch.py
[4.764s] -- Up-to-date: /home/abhimanyu/dave_ws/src/dave/install/dave_gz_model_plugins/share/ament_index/resource_index/package_run_dependencies/dave_gz_model_plugins
[4.764s] -- Up-to-date: /home/abhimanyu/dave_ws/src/dave/install/dave_gz_model_plugins/share/ament_index/resource_index/parent_prefix_path/dave_gz_model_plugins
[4.764s] -- Up-to-date: /home/abhimanyu/dave_ws/src/dave/install/dave_gz_model_plugins/share/dave_gz_model_plugins/environment/ament_prefix_path.sh
[4.765s] -- Up-to-date: /home/abhimanyu/dave_ws/src/dave/install/dave_gz_model_plugins/share/dave_gz_model_plugins/environment/ament_prefix_path.dsv
[4.765s] -- Up-to-date: /home/abhimanyu/dave_ws/src/dave/install/dave_gz_model_plugins/share/dave_gz_model_plugins/environment/path.sh
[4.765s] -- Up-to-date: /home/abhimanyu/dave_ws/src/dave/install/dave_gz_model_plugins/share/dave_gz_model_plugins/environment/path.dsv
[4.765s] -- Up-to-date: /home/abhimanyu/dave_ws/src/dave/install/dave_gz_model_plugins/share/dave_gz_model_plugins/local_setup.bash
[4.765s] -- Up-to-date: /home/abhimanyu/dave_ws/src/dave/install/dave_gz_model_plugins/share/dave_gz_model_plugins/local_setup.sh
[4.766s] -- Up-to-date: /home/abhimanyu/dave_ws/src/dave/install/dave_gz_model_plugins/share/dave_gz_model_plugins/local_setup.zsh
[4.766s] -- Up-to-date: /home/abhimanyu/dave_ws/src/dave/install/dave_gz_model_plugins/share/dave_gz_model_plugins/local_setup.dsv
[4.766s] -- Installing: /home/abhimanyu/dave_ws/src/dave/install/dave_gz_model_plugins/share/dave_gz_model_plugins/package.dsv
[4.766s] -- Up-to-date: /home/abhimanyu/dave_ws/src/dave/install/dave_gz_model_plugins/share/ament_index/resource_index/packages/dave_gz_model_plugins
[4.767s] -- Up-to-date: /home/abhimanyu/dave_ws/src/dave/install/dave_gz_model_plugins/share/dave_gz_model_plugins/cmake/dave_gz_model_pluginsConfig.cmake
[4.767s] -- Up-to-date: /home/abhimanyu/dave_ws/src/dave/install/dave_gz_model_plugins/share/dave_gz_model_plugins/cmake/dave_gz_model_pluginsConfig-version.cmake
[4.767s] -- Up-to-date: /home/abhimanyu/dave_ws/src/dave/install/dave_gz_model_plugins/share/dave_gz_model_plugins/package.xml
[4.768s] Invoked command in '/home/abhimanyu/dave_ws/src/dave/build/dave_gz_model_plugins' returned '0': CMAKE_PREFIX_PATH=${CMAKE_PREFIX_PATH}:/home/abhimanyu/dave_ws/src/install/dave_worlds:/home/abhimanyu/dave_ws/src/install/dave_sensor_models:/home/abhimanyu/dave_ws/src/install/dave_robot_models:/home/abhimanyu/dave_ws/src/install/dave_robot_launch:/home/abhimanyu/dave_ws/src/install/dave_object_models:/home/abhimanyu/dave_ws/src/install/dave_demos:/home/abhimanyu/dave_ws/src/install/dave:/home/abhimanyu/MIR_Project_2024/glassy_challenge_ws/install/glassy_challenge /usr/bin/cmake --install /home/abhimanyu/dave_ws/src/dave/build/dave_gz_model_plugins
