-- Install configuration: ""
-- Up-to-date: /home/abhimanyu/dave_ws/src/dave/install/dave_demos/share/dave_demos/launch
-- Up-to-date: /home/abhimanyu/dave_ws/src/dave/install/dave_demos/share/dave_demos/launch/sensor_in_empty_world.launch.py
-- Up-to-date: /home/abhimanyu/dave_ws/src/dave/install/dave_demos/share/dave_demos/launch/object_in_empty_world.launch.py
-- Up-to-date: /home/abhimanyu/dave_ws/src/dave/install/dave_demos/share/dave_demos/launch/dave_world.launch.py
-- Up-to-date: /home/abhimanyu/dave_ws/src/dave/install/dave_demos/share/ament_index/resource_index/package_run_dependencies/dave_demos
-- Up-to-date: /home/abhimanyu/dave_ws/src/dave/install/dave_demos/share/ament_index/resource_index/parent_prefix_path/dave_demos
-- Up-to-date: /home/abhimanyu/dave_ws/src/dave/install/dave_demos/share/dave_demos/environment/ament_prefix_path.sh
-- Up-to-date: /home/abhimanyu/dave_ws/src/dave/install/dave_demos/share/dave_demos/environment/ament_prefix_path.dsv
-- Up-to-date: /home/abhimanyu/dave_ws/src/dave/install/dave_demos/share/dave_demos/environment/path.sh
-- Up-to-date: /home/abhimanyu/dave_ws/src/dave/install/dave_demos/share/dave_demos/environment/path.dsv
-- Up-to-date: /home/abhimanyu/dave_ws/src/dave/install/dave_demos/share/dave_demos/local_setup.bash
-- Up-to-date: /home/abhimanyu/dave_ws/src/dave/install/dave_demos/share/dave_demos/local_setup.sh
-- Up-to-date: /home/abhimanyu/dave_ws/src/dave/install/dave_demos/share/dave_demos/local_setup.zsh
-- Up-to-date: /home/abhimanyu/dave_ws/src/dave/install/dave_demos/share/dave_demos/local_setup.dsv
-- Up-to-date: /home/abhimanyu/dave_ws/src/dave/install/dave_demos/share/dave_demos/package.dsv
-- Up-to-date: /home/abhimanyu/dave_ws/src/dave/install/dave_demos/share/ament_index/resource_index/packages/dave_demos
-- Up-to-date: /home/abhimanyu/dave_ws/src/dave/install/dave_demos/share/dave_demos/cmake/dave_demosConfig.cmake
-- Up-to-date: /home/abhimanyu/dave_ws/src/dave/install/dave_demos/share/dave_demos/cmake/dave_demosConfig-version.cmake
-- Up-to-date: /home/abhimanyu/dave_ws/src/dave/install/dave_demos/share/dave_demos/package.xml
