[0.043s] Invoking command in '/home/abhimanyu/dave_ws/src/dave/build/dave_demos': CMAKE_PREFIX_PATH=${CMAKE_PREFIX_PATH}:/home/abhimanyu/dave_ws/src/install/dave_worlds:/home/abhimanyu/dave_ws/src/install/dave_sensor_models:/home/abhimanyu/dave_ws/src/install/dave_robot_models:/home/abhimanyu/dave_ws/src/install/dave_robot_launch:/home/abhimanyu/dave_ws/src/install/dave_object_models:/home/abhimanyu/dave_ws/src/install/dave_demos:/home/abhimanyu/dave_ws/src/install/dave:/home/abhimanyu/MIR_Project_2024/glassy_challenge_ws/install/glassy_challenge /usr/bin/cmake --build /home/abhimanyu/dave_ws/src/dave/build/dave_demos -- -j4 -l4
[0.137s] Invoked command in '/home/abhimanyu/dave_ws/src/dave/build/dave_demos' returned '0': CMAKE_PREFIX_PATH=${CMAKE_PREFIX_PATH}:/home/abhimanyu/dave_ws/src/install/dave_worlds:/home/abhimanyu/dave_ws/src/install/dave_sensor_models:/home/abhimanyu/dave_ws/src/install/dave_robot_models:/home/abhimanyu/dave_ws/src/install/dave_robot_launch:/home/abhimanyu/dave_ws/src/install/dave_object_models:/home/abhimanyu/dave_ws/src/install/dave_demos:/home/abhimanyu/dave_ws/src/install/dave:/home/abhimanyu/MIR_Project_2024/glassy_challenge_ws/install/glassy_challenge /usr/bin/cmake --build /home/abhimanyu/dave_ws/src/dave/build/dave_demos -- -j4 -l4
[0.240s] Invoking command in '/home/abhimanyu/dave_ws/src/dave/build/dave_demos': CMAKE_PREFIX_PATH=${CMAKE_PREFIX_PATH}:/home/abhimanyu/dave_ws/src/install/dave_worlds:/home/abhimanyu/dave_ws/src/install/dave_sensor_models:/home/abhimanyu/dave_ws/src/install/dave_robot_models:/home/abhimanyu/dave_ws/src/install/dave_robot_launch:/home/abhimanyu/dave_ws/src/install/dave_object_models:/home/abhimanyu/dave_ws/src/install/dave_demos:/home/abhimanyu/dave_ws/src/install/dave:/home/abhimanyu/MIR_Project_2024/glassy_challenge_ws/install/glassy_challenge /usr/bin/cmake --install /home/abhimanyu/dave_ws/src/dave/build/dave_demos
[0.267s] -- Install configuration: ""
[0.267s] -- Up-to-date: /home/abhimanyu/dave_ws/src/dave/install/dave_demos/share/dave_demos/launch
[0.268s] -- Up-to-date: /home/abhimanyu/dave_ws/src/dave/install/dave_demos/share/dave_demos/launch/sensor_in_empty_world.launch.py
[0.268s] -- Up-to-date: /home/abhimanyu/dave_ws/src/dave/install/dave_demos/share/dave_demos/launch/object_in_empty_world.launch.py
[0.269s] -- Up-to-date: /home/abhimanyu/dave_ws/src/dave/install/dave_demos/share/dave_demos/launch/dave_world.launch.py
[0.269s] -- Up-to-date: /home/abhimanyu/dave_ws/src/dave/install/dave_demos/share/ament_index/resource_index/package_run_dependencies/dave_demos
[0.269s] -- Up-to-date: /home/abhimanyu/dave_ws/src/dave/install/dave_demos/share/ament_index/resource_index/parent_prefix_path/dave_demos
[0.278s] -- Up-to-date: /home/abhimanyu/dave_ws/src/dave/install/dave_demos/share/dave_demos/environment/ament_prefix_path.sh
[0.279s] -- Up-to-date: /home/abhimanyu/dave_ws/src/dave/install/dave_demos/share/dave_demos/environment/ament_prefix_path.dsv
[0.279s] -- Up-to-date: /home/abhimanyu/dave_ws/src/dave/install/dave_demos/share/dave_demos/environment/path.sh
[0.279s] -- Up-to-date: /home/abhimanyu/dave_ws/src/dave/install/dave_demos/share/dave_demos/environment/path.dsv
[0.279s] -- Up-to-date: /home/abhimanyu/dave_ws/src/dave/install/dave_demos/share/dave_demos/local_setup.bash
[0.280s] -- Up-to-date: /home/abhimanyu/dave_ws/src/dave/install/dave_demos/share/dave_demos/local_setup.sh
[0.280s] -- Up-to-date: /home/abhimanyu/dave_ws/src/dave/install/dave_demos/share/dave_demos/local_setup.zsh
[0.280s] -- Up-to-date: /home/abhimanyu/dave_ws/src/dave/install/dave_demos/share/dave_demos/local_setup.dsv
[0.280s] -- Up-to-date: /home/abhimanyu/dave_ws/src/dave/install/dave_demos/share/dave_demos/package.dsv
[0.281s] -- Up-to-date: /home/abhimanyu/dave_ws/src/dave/install/dave_demos/share/ament_index/resource_index/packages/dave_demos
[0.282s] -- Up-to-date: /home/abhimanyu/dave_ws/src/dave/install/dave_demos/share/dave_demos/cmake/dave_demosConfig.cmake
[0.283s] -- Up-to-date: /home/abhimanyu/dave_ws/src/dave/install/dave_demos/share/dave_demos/cmake/dave_demosConfig-version.cmake
[0.283s] -- Up-to-date: /home/abhimanyu/dave_ws/src/dave/install/dave_demos/share/dave_demos/package.xml
[0.283s] Invoked command in '/home/abhimanyu/dave_ws/src/dave/build/dave_demos' returned '0': CMAKE_PREFIX_PATH=${CMAKE_PREFIX_PATH}:/home/abhimanyu/dave_ws/src/install/dave_worlds:/home/abhimanyu/dave_ws/src/install/dave_sensor_models:/home/abhimanyu/dave_ws/src/install/dave_robot_models:/home/abhimanyu/dave_ws/src/install/dave_robot_launch:/home/abhimanyu/dave_ws/src/install/dave_object_models:/home/abhimanyu/dave_ws/src/install/dave_demos:/home/abhimanyu/dave_ws/src/install/dave:/home/abhimanyu/MIR_Project_2024/glassy_challenge_ws/install/glassy_challenge /usr/bin/cmake --install /home/abhimanyu/dave_ws/src/dave/build/dave_demos
