-- The C compiler identification is GNU 13.2.0
-- The CXX compiler identification is GNU 13.2.0
-- Detecting C compiler ABI info
-- Detecting C compiler ABI info - done
-- Check for working C compiler: /usr/bin/cc - skipped
-- Detecting C compile features
-- Detecting C compile features - done
-- Detecting CXX compiler ABI info
-- Detecting CXX compiler ABI info - done
-- Check for working CXX compiler: /usr/bin/c++ - skipped
-- Detecting CXX compile features
-- Detecting CXX compile features - done
-- Found ament_cmake: 2.5.2 (/opt/ros/jazzy/share/ament_cmake/cmake)
-- Found Python3: /usr/bin/python3 (found version "3.12.3") found components: Interpreter 
-- Found rclcpp: 28.1.3 (/opt/ros/jazzy/share/rclcpp/cmake)
-- Found rosidl_generator_c: 4.6.3 (/opt/ros/jazzy/share/rosidl_generator_c/cmake)
-- Found rosidl_generator_cpp: 4.6.3 (/opt/ros/jazzy/share/rosidl_generator_cpp/cmake)
-- Using all available rosidl_typesupport_c: rosidl_typesupport_fastrtps_c;rosidl_typesupport_introspection_c
-- Using all available rosidl_typesupport_cpp: rosidl_typesupport_fastrtps_cpp;rosidl_typesupport_introspection_cpp
-- Found rmw_implementation_cmake: 7.3.1 (/opt/ros/jazzy/share/rmw_implementation_cmake/cmake)
-- Found rmw_fastrtps_cpp: 8.4.1 (/opt/ros/jazzy/share/rmw_fastrtps_cpp/cmake)
-- Found OpenSSL: /usr/lib/x86_64-linux-gnu/libcrypto.so (found version "3.0.13")  
-- Found FastRTPS: /opt/ros/jazzy/include (Required is at least version "2.13") 
-- Using RMW implementation 'rmw_fastrtps_cpp' as default
-- Found std_msgs: 5.3.5 (/opt/ros/jazzy/share/std_msgs/cmake)
-- Found geometry_msgs: 5.3.5 (/opt/ros/jazzy/share/geometry_msgs/cmake)
-- Found rosidl_default_generators: 1.6.0 (/opt/ros/jazzy/share/rosidl_default_generators/cmake)
-- Found rosidl_adapter: 4.6.3 (/opt/ros/jazzy/share/rosidl_adapter/cmake)
-- Found ament_cmake_ros: 0.12.0 (/opt/ros/jazzy/share/ament_cmake_ros/cmake)
-- Using all available rosidl_typesupport_c: rosidl_typesupport_fastrtps_c;rosidl_typesupport_introspection_c
-- Using all available rosidl_typesupport_cpp: rosidl_typesupport_fastrtps_cpp;rosidl_typesupport_introspection_cpp
-- Found python_cmake_module: 0.11.1 (/opt/ros/jazzy/share/python_cmake_module/cmake)
-- Found PythonExtra: /usr/bin/python3  
-- Found Python3: /usr/bin/python3 (found version "3.12.3") found components: Interpreter Development NumPy Development.Module Development.Embed 
-- Configuring done (16.4s)
-- Generating done (0.1s)
-- Build files have been written to: /home/abhimanyu/dave_ws/src/dave/build/dave_interfaces
[  1%] [34m[1mGenerating type hashes for ROS interfaces[0m
[  1%] Built target dave_interfaces__rosidl_generator_type_description
[  1%] Built target ament_cmake_python_copy_dave_interfaces
[  2%] [34m[1mGenerating C code for ROS interfaces[0m
[  3%] [32mBuilding C object CMakeFiles/dave_interfaces__rosidl_generator_c.dir/rosidl_generator_c/dave_interfaces/msg/detail/usbl_command__description.c.o[0m
[  4%] [32mBuilding C object CMakeFiles/dave_interfaces__rosidl_generator_c.dir/rosidl_generator_c/dave_interfaces/msg/detail/usbl_command__functions.c.o[0m
[  5%] [32mBuilding C object CMakeFiles/dave_interfaces__rosidl_generator_c.dir/rosidl_generator_c/dave_interfaces/msg/detail/usbl_command__type_support.c.o[0m
[  6%] [32mBuilding C object CMakeFiles/dave_interfaces__rosidl_generator_c.dir/rosidl_generator_c/dave_interfaces/msg/detail/usbl_response__description.c.o[0m
[  7%] [32mBuilding C object CMakeFiles/dave_interfaces__rosidl_generator_c.dir/rosidl_generator_c/dave_interfaces/msg/detail/usbl_response__functions.c.o[0m
[  8%] [32mBuilding C object CMakeFiles/dave_interfaces__rosidl_generator_c.dir/rosidl_generator_c/dave_interfaces/msg/detail/usbl_response__type_support.c.o[0m
[  9%] [32mBuilding C object CMakeFiles/dave_interfaces__rosidl_generator_c.dir/rosidl_generator_c/dave_interfaces/msg/detail/location__description.c.o[0m
[ 10%] [32mBuilding C object CMakeFiles/dave_interfaces__rosidl_generator_c.dir/rosidl_generator_c/dave_interfaces/msg/detail/location__functions.c.o[0m
[ 11%] [32mBuilding C object CMakeFiles/dave_interfaces__rosidl_generator_c.dir/rosidl_generator_c/dave_interfaces/msg/detail/location__type_support.c.o[0m
[ 12%] [32mBuilding C object CMakeFiles/dave_interfaces__rosidl_generator_c.dir/rosidl_generator_c/dave_interfaces/srv/detail/set_origin_spherical_coord__description.c.o[0m
[ 13%] [32mBuilding C object CMakeFiles/dave_interfaces__rosidl_generator_c.dir/rosidl_generator_c/dave_interfaces/srv/detail/set_origin_spherical_coord__functions.c.o[0m
[ 14%] [32mBuilding C object CMakeFiles/dave_interfaces__rosidl_generator_c.dir/rosidl_generator_c/dave_interfaces/srv/detail/set_origin_spherical_coord__type_support.c.o[0m
[ 15%] [32mBuilding C object CMakeFiles/dave_interfaces__rosidl_generator_c.dir/rosidl_generator_c/dave_interfaces/srv/detail/get_origin_spherical_coord__description.c.o[0m
[ 17%] [32mBuilding C object CMakeFiles/dave_interfaces__rosidl_generator_c.dir/rosidl_generator_c/dave_interfaces/srv/detail/get_origin_spherical_coord__functions.c.o[0m
[ 18%] [32mBuilding C object CMakeFiles/dave_interfaces__rosidl_generator_c.dir/rosidl_generator_c/dave_interfaces/srv/detail/get_origin_spherical_coord__type_support.c.o[0m
[ 19%] [32mBuilding C object CMakeFiles/dave_interfaces__rosidl_generator_c.dir/rosidl_generator_c/dave_interfaces/srv/detail/transform_to_spherical_coord__description.c.o[0m
[ 20%] [32mBuilding C object CMakeFiles/dave_interfaces__rosidl_generator_c.dir/rosidl_generator_c/dave_interfaces/srv/detail/transform_to_spherical_coord__functions.c.o[0m
[ 21%] [32mBuilding C object CMakeFiles/dave_interfaces__rosidl_generator_c.dir/rosidl_generator_c/dave_interfaces/srv/detail/transform_to_spherical_coord__type_support.c.o[0m
[ 22%] [32mBuilding C object CMakeFiles/dave_interfaces__rosidl_generator_c.dir/rosidl_generator_c/dave_interfaces/srv/detail/transform_from_spherical_coord__description.c.o[0m
[ 23%] [32mBuilding C object CMakeFiles/dave_interfaces__rosidl_generator_c.dir/rosidl_generator_c/dave_interfaces/srv/detail/transform_from_spherical_coord__functions.c.o[0m
[ 24%] [32mBuilding C object CMakeFiles/dave_interfaces__rosidl_generator_c.dir/rosidl_generator_c/dave_interfaces/srv/detail/transform_from_spherical_coord__type_support.c.o[0m
[ 25%] [32m[1mLinking C shared library libdave_interfaces__rosidl_generator_c.so[0m
[ 25%] Built target dave_interfaces__rosidl_generator_c
running egg_info
creating dave_interfaces.egg-info
writing dave_interfaces.egg-info/PKG-INFO
writing dependency_links to dave_interfaces.egg-info/dependency_links.txt
writing top-level names to dave_interfaces.egg-info/top_level.txt
writing manifest file 'dave_interfaces.egg-info/SOURCES.txt'
reading manifest file 'dave_interfaces.egg-info/SOURCES.txt'
writing manifest file 'dave_interfaces.egg-info/SOURCES.txt'
[ 25%] Built target ament_cmake_python_build_dave_interfaces_egg
[ 26%] [34m[1mGenerating C introspection for ROS interfaces[0m
[ 27%] [32mBuilding C object CMakeFiles/dave_interfaces__rosidl_typesupport_introspection_c.dir/rosidl_typesupport_introspection_c/dave_interfaces/msg/detail/usbl_command__type_support.c.o[0m
[ 28%] [32mBuilding C object CMakeFiles/dave_interfaces__rosidl_typesupport_introspection_c.dir/rosidl_typesupport_introspection_c/dave_interfaces/msg/detail/usbl_response__type_support.c.o[0m
[ 29%] [32mBuilding C object CMakeFiles/dave_interfaces__rosidl_typesupport_introspection_c.dir/rosidl_typesupport_introspection_c/dave_interfaces/msg/detail/location__type_support.c.o[0m
[ 30%] [32mBuilding C object CMakeFiles/dave_interfaces__rosidl_typesupport_introspection_c.dir/rosidl_typesupport_introspection_c/dave_interfaces/srv/detail/set_origin_spherical_coord__type_support.c.o[0m
[ 31%] [32mBuilding C object CMakeFiles/dave_interfaces__rosidl_typesupport_introspection_c.dir/rosidl_typesupport_introspection_c/dave_interfaces/srv/detail/get_origin_spherical_coord__type_support.c.o[0m
[ 32%] [32mBuilding C object CMakeFiles/dave_interfaces__rosidl_typesupport_introspection_c.dir/rosidl_typesupport_introspection_c/dave_interfaces/srv/detail/transform_to_spherical_coord__type_support.c.o[0m
[ 34%] [32mBuilding C object CMakeFiles/dave_interfaces__rosidl_typesupport_introspection_c.dir/rosidl_typesupport_introspection_c/dave_interfaces/srv/detail/transform_from_spherical_coord__type_support.c.o[0m
[ 35%] [32m[1mLinking C shared library libdave_interfaces__rosidl_typesupport_introspection_c.so[0m
[ 35%] Built target dave_interfaces__rosidl_typesupport_introspection_c
[ 36%] [34m[1mGenerating C type support dispatch for ROS interfaces[0m
[ 37%] [32mBuilding CXX object CMakeFiles/dave_interfaces__rosidl_typesupport_c.dir/rosidl_typesupport_c/dave_interfaces/msg/usbl_command__type_support.cpp.o[0m
[ 38%] [32mBuilding CXX object CMakeFiles/dave_interfaces__rosidl_typesupport_c.dir/rosidl_typesupport_c/dave_interfaces/msg/usbl_response__type_support.cpp.o[0m
[ 39%] [32mBuilding CXX object CMakeFiles/dave_interfaces__rosidl_typesupport_c.dir/rosidl_typesupport_c/dave_interfaces/msg/location__type_support.cpp.o[0m
[ 40%] [32mBuilding CXX object CMakeFiles/dave_interfaces__rosidl_typesupport_c.dir/rosidl_typesupport_c/dave_interfaces/srv/set_origin_spherical_coord__type_support.cpp.o[0m
[ 41%] [32mBuilding CXX object CMakeFiles/dave_interfaces__rosidl_typesupport_c.dir/rosidl_typesupport_c/dave_interfaces/srv/get_origin_spherical_coord__type_support.cpp.o[0m
[ 42%] [32mBuilding CXX object CMakeFiles/dave_interfaces__rosidl_typesupport_c.dir/rosidl_typesupport_c/dave_interfaces/srv/transform_to_spherical_coord__type_support.cpp.o[0m
[ 43%] [32mBuilding CXX object CMakeFiles/dave_interfaces__rosidl_typesupport_c.dir/rosidl_typesupport_c/dave_interfaces/srv/transform_from_spherical_coord__type_support.cpp.o[0m
[ 44%] [32m[1mLinking CXX shared library libdave_interfaces__rosidl_typesupport_c.so[0m
[ 44%] Built target dave_interfaces__rosidl_typesupport_c
[ 45%] [34m[1mGenerating C type support for eProsima Fast-RTPS[0m
[ 46%] [32mBuilding CXX object CMakeFiles/dave_interfaces__rosidl_typesupport_fastrtps_c.dir/rosidl_typesupport_fastrtps_c/dave_interfaces/msg/detail/usbl_command__type_support_c.cpp.o[0m
[ 47%] [32mBuilding CXX object CMakeFiles/dave_interfaces__rosidl_typesupport_fastrtps_c.dir/rosidl_typesupport_fastrtps_c/dave_interfaces/msg/detail/location__type_support_c.cpp.o[0m
[ 48%] [32mBuilding CXX object CMakeFiles/dave_interfaces__rosidl_typesupport_fastrtps_c.dir/rosidl_typesupport_fastrtps_c/dave_interfaces/srv/detail/set_origin_spherical_coord__type_support_c.cpp.o[0m
[ 50%] [32mBuilding CXX object CMakeFiles/dave_interfaces__rosidl_typesupport_fastrtps_c.dir/rosidl_typesupport_fastrtps_c/dave_interfaces/srv/detail/get_origin_spherical_coord__type_support_c.cpp.o[0m
[ 51%] [32mBuilding CXX object CMakeFiles/dave_interfaces__rosidl_typesupport_fastrtps_c.dir/rosidl_typesupport_fastrtps_c/dave_interfaces/srv/detail/transform_to_spherical_coord__type_support_c.cpp.o[0m
[ 52%] [32mBuilding CXX object CMakeFiles/dave_interfaces__rosidl_typesupport_fastrtps_c.dir/rosidl_typesupport_fastrtps_c/dave_interfaces/srv/detail/transform_from_spherical_coord__type_support_c.cpp.o[0m
[ 53%] [32mBuilding CXX object CMakeFiles/dave_interfaces__rosidl_typesupport_fastrtps_c.dir/rosidl_typesupport_fastrtps_c/dave_interfaces/msg/detail/usbl_response__type_support_c.cpp.o[0m
[ 54%] [32m[1mLinking CXX shared library libdave_interfaces__rosidl_typesupport_fastrtps_c.so[0m
[ 54%] Built target dave_interfaces__rosidl_typesupport_fastrtps_c
[ 55%] [34m[1mGenerating C++ code for ROS interfaces[0m
[ 55%] Built target dave_interfaces__cpp
[ 56%] [34m[1mGenerating C++ type support dispatch for ROS interfaces[0m
[ 57%] [34m[1mGenerating C++ type support for eProsima Fast-RTPS[0m
[ 58%] [32mBuilding CXX object CMakeFiles/dave_interfaces__rosidl_typesupport_cpp.dir/rosidl_typesupport_cpp/dave_interfaces/msg/usbl_response__type_support.cpp.o[0m
[ 59%] [32mBuilding CXX object CMakeFiles/dave_interfaces__rosidl_typesupport_cpp.dir/rosidl_typesupport_cpp/dave_interfaces/msg/usbl_command__type_support.cpp.o[0m
[ 60%] [32mBuilding CXX object CMakeFiles/dave_interfaces__rosidl_typesupport_cpp.dir/rosidl_typesupport_cpp/dave_interfaces/msg/location__type_support.cpp.o[0m
[ 61%] [32mBuilding CXX object CMakeFiles/dave_interfaces__rosidl_typesupport_cpp.dir/rosidl_typesupport_cpp/dave_interfaces/srv/set_origin_spherical_coord__type_support.cpp.o[0m
[ 62%] [32mBuilding CXX object CMakeFiles/dave_interfaces__rosidl_typesupport_fastrtps_cpp.dir/rosidl_typesupport_fastrtps_cpp/dave_interfaces/msg/detail/dds_fastrtps/usbl_command__type_support.cpp.o[0m
[ 63%] [32mBuilding CXX object CMakeFiles/dave_interfaces__rosidl_typesupport_cpp.dir/rosidl_typesupport_cpp/dave_interfaces/srv/get_origin_spherical_coord__type_support.cpp.o[0m
[ 64%] [32mBuilding CXX object CMakeFiles/dave_interfaces__rosidl_typesupport_cpp.dir/rosidl_typesupport_cpp/dave_interfaces/srv/transform_to_spherical_coord__type_support.cpp.o[0m
[ 65%] [32mBuilding CXX object CMakeFiles/dave_interfaces__rosidl_typesupport_fastrtps_cpp.dir/rosidl_typesupport_fastrtps_cpp/dave_interfaces/msg/detail/dds_fastrtps/usbl_response__type_support.cpp.o[0m
[ 67%] [32mBuilding CXX object CMakeFiles/dave_interfaces__rosidl_typesupport_cpp.dir/rosidl_typesupport_cpp/dave_interfaces/srv/transform_from_spherical_coord__type_support.cpp.o[0m
[ 68%] [32mBuilding CXX object CMakeFiles/dave_interfaces__rosidl_typesupport_fastrtps_cpp.dir/rosidl_typesupport_fastrtps_cpp/dave_interfaces/msg/detail/dds_fastrtps/location__type_support.cpp.o[0m
[ 69%] [32mBuilding CXX object CMakeFiles/dave_interfaces__rosidl_typesupport_fastrtps_cpp.dir/rosidl_typesupport_fastrtps_cpp/dave_interfaces/srv/detail/dds_fastrtps/set_origin_spherical_coord__type_support.cpp.o[0m
[ 70%] [32m[1mLinking CXX shared library libdave_interfaces__rosidl_typesupport_cpp.so[0m
[ 70%] Built target dave_interfaces__rosidl_typesupport_cpp
[ 71%] [32mBuilding CXX object CMakeFiles/dave_interfaces__rosidl_typesupport_fastrtps_cpp.dir/rosidl_typesupport_fastrtps_cpp/dave_interfaces/srv/detail/dds_fastrtps/get_origin_spherical_coord__type_support.cpp.o[0m
[ 72%] [34m[1mGenerating C++ introspection for ROS interfaces[0m
[ 73%] [32mBuilding CXX object CMakeFiles/dave_interfaces__rosidl_typesupport_fastrtps_cpp.dir/rosidl_typesupport_fastrtps_cpp/dave_interfaces/srv/detail/dds_fastrtps/transform_to_spherical_coord__type_support.cpp.o[0m
[ 74%] [32mBuilding CXX object CMakeFiles/dave_interfaces__rosidl_typesupport_fastrtps_cpp.dir/rosidl_typesupport_fastrtps_cpp/dave_interfaces/srv/detail/dds_fastrtps/transform_from_spherical_coord__type_support.cpp.o[0m
[ 75%] [32mBuilding CXX object CMakeFiles/dave_interfaces__rosidl_typesupport_introspection_cpp.dir/rosidl_typesupport_introspection_cpp/dave_interfaces/msg/detail/usbl_command__type_support.cpp.o[0m
[ 77%] [32mBuilding CXX object CMakeFiles/dave_interfaces__rosidl_typesupport_introspection_cpp.dir/rosidl_typesupport_introspection_cpp/dave_interfaces/msg/detail/usbl_response__type_support.cpp.o[0m
[ 77%] [32mBuilding CXX object CMakeFiles/dave_interfaces__rosidl_typesupport_introspection_cpp.dir/rosidl_typesupport_introspection_cpp/dave_interfaces/msg/detail/location__type_support.cpp.o[0m
[ 78%] [32m[1mLinking CXX shared library libdave_interfaces__rosidl_typesupport_fastrtps_cpp.so[0m
[ 78%] Built target dave_interfaces__rosidl_typesupport_fastrtps_cpp
[ 79%] [32mBuilding CXX object CMakeFiles/dave_interfaces__rosidl_typesupport_introspection_cpp.dir/rosidl_typesupport_introspection_cpp/dave_interfaces/srv/detail/set_origin_spherical_coord__type_support.cpp.o[0m
[ 80%] [32mBuilding CXX object CMakeFiles/dave_interfaces__rosidl_typesupport_introspection_cpp.dir/rosidl_typesupport_introspection_cpp/dave_interfaces/srv/detail/get_origin_spherical_coord__type_support.cpp.o[0m
[ 81%] [32mBuilding CXX object CMakeFiles/dave_interfaces__rosidl_typesupport_introspection_cpp.dir/rosidl_typesupport_introspection_cpp/dave_interfaces/srv/detail/transform_to_spherical_coord__type_support.cpp.o[0m
[ 82%] [32mBuilding CXX object CMakeFiles/dave_interfaces__rosidl_typesupport_introspection_cpp.dir/rosidl_typesupport_introspection_cpp/dave_interfaces/srv/detail/transform_from_spherical_coord__type_support.cpp.o[0m
[ 84%] [32m[1mLinking CXX shared library libdave_interfaces__rosidl_typesupport_introspection_cpp.so[0m
[ 84%] Built target dave_interfaces__rosidl_typesupport_introspection_cpp
[ 84%] Built target dave_interfaces
[ 85%] [34m[1mGenerating Python code for ROS interfaces[0m
[ 85%] Built target dave_interfaces__py
[ 86%] [32mBuilding C object CMakeFiles/dave_interfaces__rosidl_generator_py.dir/rosidl_generator_py/dave_interfaces/msg/_location_s.c.o[0m
[ 88%] [32mBuilding C object CMakeFiles/dave_interfaces__rosidl_generator_py.dir/rosidl_generator_py/dave_interfaces/msg/_usbl_response_s.c.o[0m
[ 88%] [32mBuilding C object CMakeFiles/dave_interfaces__rosidl_generator_py.dir/rosidl_generator_py/dave_interfaces/msg/_usbl_command_s.c.o[0m
[ 89%] [32mBuilding C object CMakeFiles/dave_interfaces__rosidl_generator_py.dir/rosidl_generator_py/dave_interfaces/srv/_set_origin_spherical_coord_s.c.o[0m
[ 90%] [32mBuilding C object CMakeFiles/dave_interfaces__rosidl_generator_py.dir/rosidl_generator_py/dave_interfaces/srv/_get_origin_spherical_coord_s.c.o[0m
[ 91%] [32mBuilding C object CMakeFiles/dave_interfaces__rosidl_generator_py.dir/rosidl_generator_py/dave_interfaces/srv/_transform_to_spherical_coord_s.c.o[0m
[ 92%] [32mBuilding C object CMakeFiles/dave_interfaces__rosidl_generator_py.dir/rosidl_generator_py/dave_interfaces/srv/_transform_from_spherical_coord_s.c.o[0m
[ 93%] [32m[1mLinking C shared library libdave_interfaces__rosidl_generator_py.so[0m
[ 93%] Built target dave_interfaces__rosidl_generator_py
[ 94%] [32mBuilding C object CMakeFiles/dave_interfaces_s__rosidl_typesupport_fastrtps_c.dir/rosidl_generator_py/dave_interfaces/_dave_interfaces_s.ep.rosidl_typesupport_fastrtps_c.c.o[0m
[ 95%] [32mBuilding C object CMakeFiles/dave_interfaces_s__rosidl_typesupport_c.dir/rosidl_generator_py/dave_interfaces/_dave_interfaces_s.ep.rosidl_typesupport_c.c.o[0m
[ 96%] [32mBuilding C object CMakeFiles/dave_interfaces_s__rosidl_typesupport_introspection_c.dir/rosidl_generator_py/dave_interfaces/_dave_interfaces_s.ep.rosidl_typesupport_introspection_c.c.o[0m
[ 97%] [32m[1mLinking C shared module rosidl_generator_py/dave_interfaces/dave_interfaces_s__rosidl_typesupport_c.so[0m
[ 97%] Built target dave_interfaces_s__rosidl_typesupport_c
[ 98%] [32m[1mLinking C shared module rosidl_generator_py/dave_interfaces/dave_interfaces_s__rosidl_typesupport_introspection_c.so[0m
[100%] [32m[1mLinking C shared module rosidl_generator_py/dave_interfaces/dave_interfaces_s__rosidl_typesupport_fastrtps_c.so[0m
[100%] Built target dave_interfaces_s__rosidl_typesupport_introspection_c
[100%] Built target dave_interfaces_s__rosidl_typesupport_fastrtps_c
-- Install configuration: ""
-- Installing: /home/abhimanyu/dave_ws/src/dave/install/dave_interfaces/share/ament_index/resource_index/rosidl_interfaces/dave_interfaces
-- Installing: /home/abhimanyu/dave_ws/src/dave/install/dave_interfaces/share/dave_interfaces/msg/UsblCommand.json
-- Installing: /home/abhimanyu/dave_ws/src/dave/install/dave_interfaces/share/dave_interfaces/msg/UsblResponse.json
-- Installing: /home/abhimanyu/dave_ws/src/dave/install/dave_interfaces/share/dave_interfaces/msg/Location.json
-- Installing: /home/abhimanyu/dave_ws/src/dave/install/dave_interfaces/share/dave_interfaces/srv/SetOriginSphericalCoord.json
-- Installing: /home/abhimanyu/dave_ws/src/dave/install/dave_interfaces/share/dave_interfaces/srv/GetOriginSphericalCoord.json
-- Installing: /home/abhimanyu/dave_ws/src/dave/install/dave_interfaces/share/dave_interfaces/srv/TransformToSphericalCoord.json
-- Installing: /home/abhimanyu/dave_ws/src/dave/install/dave_interfaces/share/dave_interfaces/srv/TransformFromSphericalCoord.json
-- Installing: /home/abhimanyu/dave_ws/src/dave/install/dave_interfaces/include/dave_interfaces/dave_interfaces
-- Installing: /home/abhimanyu/dave_ws/src/dave/install/dave_interfaces/include/dave_interfaces/dave_interfaces/msg
-- Installing: /home/abhimanyu/dave_ws/src/dave/install/dave_interfaces/include/dave_interfaces/dave_interfaces/msg/usbl_response.h
-- Installing: /home/abhimanyu/dave_ws/src/dave/install/dave_interfaces/include/dave_interfaces/dave_interfaces/msg/rosidl_generator_c__visibility_control.h
-- Installing: /home/abhimanyu/dave_ws/src/dave/install/dave_interfaces/include/dave_interfaces/dave_interfaces/msg/detail
-- Installing: /home/abhimanyu/dave_ws/src/dave/install/dave_interfaces/include/dave_interfaces/dave_interfaces/msg/detail/usbl_response__type_support.c
-- Installing: /home/abhimanyu/dave_ws/src/dave/install/dave_interfaces/include/dave_interfaces/dave_interfaces/msg/detail/location__functions.h
-- Installing: /home/abhimanyu/dave_ws/src/dave/install/dave_interfaces/include/dave_interfaces/dave_interfaces/msg/detail/usbl_command__functions.c
-- Installing: /home/abhimanyu/dave_ws/src/dave/install/dave_interfaces/include/dave_interfaces/dave_interfaces/msg/detail/usbl_command__type_support.c
-- Installing: /home/abhimanyu/dave_ws/src/dave/install/dave_interfaces/include/dave_interfaces/dave_interfaces/msg/detail/usbl_command__type_support.h
-- Installing: /home/abhimanyu/dave_ws/src/dave/install/dave_interfaces/include/dave_interfaces/dave_interfaces/msg/detail/usbl_command__functions.h
-- Installing: /home/abhimanyu/dave_ws/src/dave/install/dave_interfaces/include/dave_interfaces/dave_interfaces/msg/detail/location__type_support.c
-- Installing: /home/abhimanyu/dave_ws/src/dave/install/dave_interfaces/include/dave_interfaces/dave_interfaces/msg/detail/usbl_response__struct.h
-- Installing: /home/abhimanyu/dave_ws/src/dave/install/dave_interfaces/include/dave_interfaces/dave_interfaces/msg/detail/location__description.c
-- Installing: /home/abhimanyu/dave_ws/src/dave/install/dave_interfaces/include/dave_interfaces/dave_interfaces/msg/detail/usbl_response__functions.h
-- Installing: /home/abhimanyu/dave_ws/src/dave/install/dave_interfaces/include/dave_interfaces/dave_interfaces/msg/detail/location__type_support.h
-- Installing: /home/abhimanyu/dave_ws/src/dave/install/dave_interfaces/include/dave_interfaces/dave_interfaces/msg/detail/usbl_command__struct.h
-- Installing: /home/abhimanyu/dave_ws/src/dave/install/dave_interfaces/include/dave_interfaces/dave_interfaces/msg/detail/usbl_response__type_support.h
-- Installing: /home/abhimanyu/dave_ws/src/dave/install/dave_interfaces/include/dave_interfaces/dave_interfaces/msg/detail/location__functions.c
-- Installing: /home/abhimanyu/dave_ws/src/dave/install/dave_interfaces/include/dave_interfaces/dave_interfaces/msg/detail/location__struct.h
-- Installing: /home/abhimanyu/dave_ws/src/dave/install/dave_interfaces/include/dave_interfaces/dave_interfaces/msg/detail/usbl_response__description.c
-- Installing: /home/abhimanyu/dave_ws/src/dave/install/dave_interfaces/include/dave_interfaces/dave_interfaces/msg/detail/usbl_response__functions.c
-- Installing: /home/abhimanyu/dave_ws/src/dave/install/dave_interfaces/include/dave_interfaces/dave_interfaces/msg/detail/usbl_command__description.c
-- Installing: /home/abhimanyu/dave_ws/src/dave/install/dave_interfaces/include/dave_interfaces/dave_interfaces/msg/location.h
-- Installing: /home/abhimanyu/dave_ws/src/dave/install/dave_interfaces/include/dave_interfaces/dave_interfaces/msg/usbl_command.h
-- Installing: /home/abhimanyu/dave_ws/src/dave/install/dave_interfaces/include/dave_interfaces/dave_interfaces/srv
-- Installing: /home/abhimanyu/dave_ws/src/dave/install/dave_interfaces/include/dave_interfaces/dave_interfaces/srv/transform_to_spherical_coord.h
-- Installing: /home/abhimanyu/dave_ws/src/dave/install/dave_interfaces/include/dave_interfaces/dave_interfaces/srv/set_origin_spherical_coord.h
-- Installing: /home/abhimanyu/dave_ws/src/dave/install/dave_interfaces/include/dave_interfaces/dave_interfaces/srv/detail
-- Installing: /home/abhimanyu/dave_ws/src/dave/install/dave_interfaces/include/dave_interfaces/dave_interfaces/srv/detail/transform_from_spherical_coord__type_support.h
-- Installing: /home/abhimanyu/dave_ws/src/dave/install/dave_interfaces/include/dave_interfaces/dave_interfaces/srv/detail/transform_to_spherical_coord__type_support.h
-- Installing: /home/abhimanyu/dave_ws/src/dave/install/dave_interfaces/include/dave_interfaces/dave_interfaces/srv/detail/transform_from_spherical_coord__functions.h
-- Installing: /home/abhimanyu/dave_ws/src/dave/install/dave_interfaces/include/dave_interfaces/dave_interfaces/srv/detail/set_origin_spherical_coord__description.c
-- Installing: /home/abhimanyu/dave_ws/src/dave/install/dave_interfaces/include/dave_interfaces/dave_interfaces/srv/detail/get_origin_spherical_coord__functions.c
-- Installing: /home/abhimanyu/dave_ws/src/dave/install/dave_interfaces/include/dave_interfaces/dave_interfaces/srv/detail/transform_to_spherical_coord__functions.c
-- Installing: /home/abhimanyu/dave_ws/src/dave/install/dave_interfaces/include/dave_interfaces/dave_interfaces/srv/detail/transform_from_spherical_coord__description.c
-- Installing: /home/abhimanyu/dave_ws/src/dave/install/dave_interfaces/include/dave_interfaces/dave_interfaces/srv/detail/set_origin_spherical_coord__type_support.c
-- Installing: /home/abhimanyu/dave_ws/src/dave/install/dave_interfaces/include/dave_interfaces/dave_interfaces/srv/detail/set_origin_spherical_coord__functions.h
-- Installing: /home/abhimanyu/dave_ws/src/dave/install/dave_interfaces/include/dave_interfaces/dave_interfaces/srv/detail/transform_to_spherical_coord__type_support.c
-- Installing: /home/abhimanyu/dave_ws/src/dave/install/dave_interfaces/include/dave_interfaces/dave_interfaces/srv/detail/get_origin_spherical_coord__type_support.c
-- Installing: /home/abhimanyu/dave_ws/src/dave/install/dave_interfaces/include/dave_interfaces/dave_interfaces/srv/detail/get_origin_spherical_coord__description.c
-- Installing: /home/abhimanyu/dave_ws/src/dave/install/dave_interfaces/include/dave_interfaces/dave_interfaces/srv/detail/transform_to_spherical_coord__functions.h
-- Installing: /home/abhimanyu/dave_ws/src/dave/install/dave_interfaces/include/dave_interfaces/dave_interfaces/srv/detail/set_origin_spherical_coord__type_support.h
-- Installing: /home/abhimanyu/dave_ws/src/dave/install/dave_interfaces/include/dave_interfaces/dave_interfaces/srv/detail/get_origin_spherical_coord__functions.h
-- Installing: /home/abhimanyu/dave_ws/src/dave/install/dave_interfaces/include/dave_interfaces/dave_interfaces/srv/detail/transform_to_spherical_coord__struct.h
-- Installing: /home/abhimanyu/dave_ws/src/dave/install/dave_interfaces/include/dave_interfaces/dave_interfaces/srv/detail/set_origin_spherical_coord__struct.h
-- Installing: /home/abhimanyu/dave_ws/src/dave/install/dave_interfaces/include/dave_interfaces/dave_interfaces/srv/detail/transform_from_spherical_coord__functions.c
-- Installing: /home/abhimanyu/dave_ws/src/dave/install/dave_interfaces/include/dave_interfaces/dave_interfaces/srv/detail/transform_from_spherical_coord__type_support.c
-- Installing: /home/abhimanyu/dave_ws/src/dave/install/dave_interfaces/include/dave_interfaces/dave_interfaces/srv/detail/set_origin_spherical_coord__functions.c
-- Installing: /home/abhimanyu/dave_ws/src/dave/install/dave_interfaces/include/dave_interfaces/dave_interfaces/srv/detail/transform_from_spherical_coord__struct.h
-- Installing: /home/abhimanyu/dave_ws/src/dave/install/dave_interfaces/include/dave_interfaces/dave_interfaces/srv/detail/get_origin_spherical_coord__struct.h
-- Installing: /home/abhimanyu/dave_ws/src/dave/install/dave_interfaces/include/dave_interfaces/dave_interfaces/srv/detail/transform_to_spherical_coord__description.c
-- Installing: /home/abhimanyu/dave_ws/src/dave/install/dave_interfaces/include/dave_interfaces/dave_interfaces/srv/detail/get_origin_spherical_coord__type_support.h
-- Installing: /home/abhimanyu/dave_ws/src/dave/install/dave_interfaces/include/dave_interfaces/dave_interfaces/srv/get_origin_spherical_coord.h
-- Installing: /home/abhimanyu/dave_ws/src/dave/install/dave_interfaces/include/dave_interfaces/dave_interfaces/srv/transform_from_spherical_coord.h
-- Installing: /home/abhimanyu/dave_ws/src/dave/install/dave_interfaces/share/dave_interfaces/environment/library_path.sh
-- Installing: /home/abhimanyu/dave_ws/src/dave/install/dave_interfaces/share/dave_interfaces/environment/library_path.dsv
-- Installing: /home/abhimanyu/dave_ws/src/dave/install/dave_interfaces/lib/libdave_interfaces__rosidl_generator_c.so
-- Set non-toolchain portion of runtime path of "/home/abhimanyu/dave_ws/src/dave/install/dave_interfaces/lib/libdave_interfaces__rosidl_generator_c.so" to ""
-- Up-to-date: /home/abhimanyu/dave_ws/src/dave/install/dave_interfaces/include/dave_interfaces/dave_interfaces
-- Up-to-date: /home/abhimanyu/dave_ws/src/dave/install/dave_interfaces/include/dave_interfaces/dave_interfaces/msg
-- Up-to-date: /home/abhimanyu/dave_ws/src/dave/install/dave_interfaces/include/dave_interfaces/dave_interfaces/msg/detail
-- Installing: /home/abhimanyu/dave_ws/src/dave/install/dave_interfaces/include/dave_interfaces/dave_interfaces/msg/detail/usbl_response__rosidl_typesupport_fastrtps_c.h
-- Installing: /home/abhimanyu/dave_ws/src/dave/install/dave_interfaces/include/dave_interfaces/dave_interfaces/msg/detail/usbl_command__rosidl_typesupport_fastrtps_c.h
-- Installing: /home/abhimanyu/dave_ws/src/dave/install/dave_interfaces/include/dave_interfaces/dave_interfaces/msg/detail/location__rosidl_typesupport_fastrtps_c.h
-- Installing: /home/abhimanyu/dave_ws/src/dave/install/dave_interfaces/include/dave_interfaces/dave_interfaces/msg/rosidl_typesupport_fastrtps_c__visibility_control.h
-- Up-to-date: /home/abhimanyu/dave_ws/src/dave/install/dave_interfaces/include/dave_interfaces/dave_interfaces/srv
-- Up-to-date: /home/abhimanyu/dave_ws/src/dave/install/dave_interfaces/include/dave_interfaces/dave_interfaces/srv/detail
-- Installing: /home/abhimanyu/dave_ws/src/dave/install/dave_interfaces/include/dave_interfaces/dave_interfaces/srv/detail/get_origin_spherical_coord__rosidl_typesupport_fastrtps_c.h
-- Installing: /home/abhimanyu/dave_ws/src/dave/install/dave_interfaces/include/dave_interfaces/dave_interfaces/srv/detail/transform_from_spherical_coord__rosidl_typesupport_fastrtps_c.h
-- Installing: /home/abhimanyu/dave_ws/src/dave/install/dave_interfaces/include/dave_interfaces/dave_interfaces/srv/detail/transform_to_spherical_coord__rosidl_typesupport_fastrtps_c.h
-- Installing: /home/abhimanyu/dave_ws/src/dave/install/dave_interfaces/include/dave_interfaces/dave_interfaces/srv/detail/set_origin_spherical_coord__rosidl_typesupport_fastrtps_c.h
-- Installing: /home/abhimanyu/dave_ws/src/dave/install/dave_interfaces/lib/libdave_interfaces__rosidl_typesupport_fastrtps_c.so
-- Set non-toolchain portion of runtime path of "/home/abhimanyu/dave_ws/src/dave/install/dave_interfaces/lib/libdave_interfaces__rosidl_typesupport_fastrtps_c.so" to ""
-- Up-to-date: /home/abhimanyu/dave_ws/src/dave/install/dave_interfaces/include/dave_interfaces/dave_interfaces
-- Up-to-date: /home/abhimanyu/dave_ws/src/dave/install/dave_interfaces/include/dave_interfaces/dave_interfaces/msg
-- Installing: /home/abhimanyu/dave_ws/src/dave/install/dave_interfaces/include/dave_interfaces/dave_interfaces/msg/usbl_response.hpp
-- Installing: /home/abhimanyu/dave_ws/src/dave/install/dave_interfaces/include/dave_interfaces/dave_interfaces/msg/location.hpp
-- Installing: /home/abhimanyu/dave_ws/src/dave/install/dave_interfaces/include/dave_interfaces/dave_interfaces/msg/usbl_command.hpp
-- Up-to-date: /home/abhimanyu/dave_ws/src/dave/install/dave_interfaces/include/dave_interfaces/dave_interfaces/msg/detail
-- Installing: /home/abhimanyu/dave_ws/src/dave/install/dave_interfaces/include/dave_interfaces/dave_interfaces/msg/detail/usbl_response__builder.hpp
-- Installing: /home/abhimanyu/dave_ws/src/dave/install/dave_interfaces/include/dave_interfaces/dave_interfaces/msg/detail/location__builder.hpp
-- Installing: /home/abhimanyu/dave_ws/src/dave/install/dave_interfaces/include/dave_interfaces/dave_interfaces/msg/detail/location__traits.hpp
-- Installing: /home/abhimanyu/dave_ws/src/dave/install/dave_interfaces/include/dave_interfaces/dave_interfaces/msg/detail/usbl_response__struct.hpp
-- Installing: /home/abhimanyu/dave_ws/src/dave/install/dave_interfaces/include/dave_interfaces/dave_interfaces/msg/detail/usbl_command__type_support.hpp
-- Installing: /home/abhimanyu/dave_ws/src/dave/install/dave_interfaces/include/dave_interfaces/dave_interfaces/msg/detail/usbl_response__traits.hpp
-- Installing: /home/abhimanyu/dave_ws/src/dave/install/dave_interfaces/include/dave_interfaces/dave_interfaces/msg/detail/location__type_support.hpp
-- Installing: /home/abhimanyu/dave_ws/src/dave/install/dave_interfaces/include/dave_interfaces/dave_interfaces/msg/detail/usbl_command__struct.hpp
-- Installing: /home/abhimanyu/dave_ws/src/dave/install/dave_interfaces/include/dave_interfaces/dave_interfaces/msg/detail/usbl_command__traits.hpp
-- Installing: /home/abhimanyu/dave_ws/src/dave/install/dave_interfaces/include/dave_interfaces/dave_interfaces/msg/detail/usbl_response__type_support.hpp
-- Installing: /home/abhimanyu/dave_ws/src/dave/install/dave_interfaces/include/dave_interfaces/dave_interfaces/msg/detail/location__struct.hpp
-- Installing: /home/abhimanyu/dave_ws/src/dave/install/dave_interfaces/include/dave_interfaces/dave_interfaces/msg/detail/usbl_command__builder.hpp
-- Installing: /home/abhimanyu/dave_ws/src/dave/install/dave_interfaces/include/dave_interfaces/dave_interfaces/msg/rosidl_generator_cpp__visibility_control.hpp
-- Up-to-date: /home/abhimanyu/dave_ws/src/dave/install/dave_interfaces/include/dave_interfaces/dave_interfaces/srv
-- Installing: /home/abhimanyu/dave_ws/src/dave/install/dave_interfaces/include/dave_interfaces/dave_interfaces/srv/set_origin_spherical_coord.hpp
-- Up-to-date: /home/abhimanyu/dave_ws/src/dave/install/dave_interfaces/include/dave_interfaces/dave_interfaces/srv/detail
-- Installing: /home/abhimanyu/dave_ws/src/dave/install/dave_interfaces/include/dave_interfaces/dave_interfaces/srv/detail/set_origin_spherical_coord__type_support.hpp
-- Installing: /home/abhimanyu/dave_ws/src/dave/install/dave_interfaces/include/dave_interfaces/dave_interfaces/srv/detail/get_origin_spherical_coord__builder.hpp
-- Installing: /home/abhimanyu/dave_ws/src/dave/install/dave_interfaces/include/dave_interfaces/dave_interfaces/srv/detail/transform_to_spherical_coord__builder.hpp
-- Installing: /home/abhimanyu/dave_ws/src/dave/install/dave_interfaces/include/dave_interfaces/dave_interfaces/srv/detail/transform_to_spherical_coord__traits.hpp
-- Installing: /home/abhimanyu/dave_ws/src/dave/install/dave_interfaces/include/dave_interfaces/dave_interfaces/srv/detail/get_origin_spherical_coord__type_support.hpp
-- Installing: /home/abhimanyu/dave_ws/src/dave/install/dave_interfaces/include/dave_interfaces/dave_interfaces/srv/detail/transform_from_spherical_coord__struct.hpp
-- Installing: /home/abhimanyu/dave_ws/src/dave/install/dave_interfaces/include/dave_interfaces/dave_interfaces/srv/detail/transform_to_spherical_coord__struct.hpp
-- Installing: /home/abhimanyu/dave_ws/src/dave/install/dave_interfaces/include/dave_interfaces/dave_interfaces/srv/detail/transform_to_spherical_coord__type_support.hpp
-- Installing: /home/abhimanyu/dave_ws/src/dave/install/dave_interfaces/include/dave_interfaces/dave_interfaces/srv/detail/set_origin_spherical_coord__traits.hpp
-- Installing: /home/abhimanyu/dave_ws/src/dave/install/dave_interfaces/include/dave_interfaces/dave_interfaces/srv/detail/get_origin_spherical_coord__struct.hpp
-- Installing: /home/abhimanyu/dave_ws/src/dave/install/dave_interfaces/include/dave_interfaces/dave_interfaces/srv/detail/set_origin_spherical_coord__builder.hpp
-- Installing: /home/abhimanyu/dave_ws/src/dave/install/dave_interfaces/include/dave_interfaces/dave_interfaces/srv/detail/transform_from_spherical_coord__traits.hpp
-- Installing: /home/abhimanyu/dave_ws/src/dave/install/dave_interfaces/include/dave_interfaces/dave_interfaces/srv/detail/transform_from_spherical_coord__type_support.hpp
-- Installing: /home/abhimanyu/dave_ws/src/dave/install/dave_interfaces/include/dave_interfaces/dave_interfaces/srv/detail/transform_from_spherical_coord__builder.hpp
-- Installing: /home/abhimanyu/dave_ws/src/dave/install/dave_interfaces/include/dave_interfaces/dave_interfaces/srv/detail/set_origin_spherical_coord__struct.hpp
-- Installing: /home/abhimanyu/dave_ws/src/dave/install/dave_interfaces/include/dave_interfaces/dave_interfaces/srv/detail/get_origin_spherical_coord__traits.hpp
-- Installing: /home/abhimanyu/dave_ws/src/dave/install/dave_interfaces/include/dave_interfaces/dave_interfaces/srv/get_origin_spherical_coord.hpp
-- Installing: /home/abhimanyu/dave_ws/src/dave/install/dave_interfaces/include/dave_interfaces/dave_interfaces/srv/transform_to_spherical_coord.hpp
-- Installing: /home/abhimanyu/dave_ws/src/dave/install/dave_interfaces/include/dave_interfaces/dave_interfaces/srv/transform_from_spherical_coord.hpp
-- Up-to-date: /home/abhimanyu/dave_ws/src/dave/install/dave_interfaces/include/dave_interfaces/dave_interfaces
-- Up-to-date: /home/abhimanyu/dave_ws/src/dave/install/dave_interfaces/include/dave_interfaces/dave_interfaces/msg
-- Up-to-date: /home/abhimanyu/dave_ws/src/dave/install/dave_interfaces/include/dave_interfaces/dave_interfaces/msg/detail
-- Installing: /home/abhimanyu/dave_ws/src/dave/install/dave_interfaces/include/dave_interfaces/dave_interfaces/msg/detail/dds_fastrtps
-- Installing: /home/abhimanyu/dave_ws/src/dave/install/dave_interfaces/include/dave_interfaces/dave_interfaces/msg/detail/location__rosidl_typesupport_fastrtps_cpp.hpp
-- Installing: /home/abhimanyu/dave_ws/src/dave/install/dave_interfaces/include/dave_interfaces/dave_interfaces/msg/detail/usbl_command__rosidl_typesupport_fastrtps_cpp.hpp
-- Installing: /home/abhimanyu/dave_ws/src/dave/install/dave_interfaces/include/dave_interfaces/dave_interfaces/msg/detail/usbl_response__rosidl_typesupport_fastrtps_cpp.hpp
-- Installing: /home/abhimanyu/dave_ws/src/dave/install/dave_interfaces/include/dave_interfaces/dave_interfaces/msg/rosidl_typesupport_fastrtps_cpp__visibility_control.h
-- Up-to-date: /home/abhimanyu/dave_ws/src/dave/install/dave_interfaces/include/dave_interfaces/dave_interfaces/srv
-- Up-to-date: /home/abhimanyu/dave_ws/src/dave/install/dave_interfaces/include/dave_interfaces/dave_interfaces/srv/detail
-- Installing: /home/abhimanyu/dave_ws/src/dave/install/dave_interfaces/include/dave_interfaces/dave_interfaces/srv/detail/get_origin_spherical_coord__rosidl_typesupport_fastrtps_cpp.hpp
-- Installing: /home/abhimanyu/dave_ws/src/dave/install/dave_interfaces/include/dave_interfaces/dave_interfaces/srv/detail/dds_fastrtps
-- Installing: /home/abhimanyu/dave_ws/src/dave/install/dave_interfaces/include/dave_interfaces/dave_interfaces/srv/detail/transform_from_spherical_coord__rosidl_typesupport_fastrtps_cpp.hpp
-- Installing: /home/abhimanyu/dave_ws/src/dave/install/dave_interfaces/include/dave_interfaces/dave_interfaces/srv/detail/transform_to_spherical_coord__rosidl_typesupport_fastrtps_cpp.hpp
-- Installing: /home/abhimanyu/dave_ws/src/dave/install/dave_interfaces/include/dave_interfaces/dave_interfaces/srv/detail/set_origin_spherical_coord__rosidl_typesupport_fastrtps_cpp.hpp
-- Installing: /home/abhimanyu/dave_ws/src/dave/install/dave_interfaces/lib/libdave_interfaces__rosidl_typesupport_fastrtps_cpp.so
-- Set non-toolchain portion of runtime path of "/home/abhimanyu/dave_ws/src/dave/install/dave_interfaces/lib/libdave_interfaces__rosidl_typesupport_fastrtps_cpp.so" to ""
-- Up-to-date: /home/abhimanyu/dave_ws/src/dave/install/dave_interfaces/include/dave_interfaces/dave_interfaces
-- Up-to-date: /home/abhimanyu/dave_ws/src/dave/install/dave_interfaces/include/dave_interfaces/dave_interfaces/msg
-- Up-to-date: /home/abhimanyu/dave_ws/src/dave/install/dave_interfaces/include/dave_interfaces/dave_interfaces/msg/detail
-- Installing: /home/abhimanyu/dave_ws/src/dave/install/dave_interfaces/include/dave_interfaces/dave_interfaces/msg/detail/usbl_response__type_support.c
-- Installing: /home/abhimanyu/dave_ws/src/dave/install/dave_interfaces/include/dave_interfaces/dave_interfaces/msg/detail/location__rosidl_typesupport_introspection_c.h
-- Installing: /home/abhimanyu/dave_ws/src/dave/install/dave_interfaces/include/dave_interfaces/dave_interfaces/msg/detail/usbl_command__type_support.c
-- Installing: /home/abhimanyu/dave_ws/src/dave/install/dave_interfaces/include/dave_interfaces/dave_interfaces/msg/detail/usbl_response__rosidl_typesupport_introspection_c.h
-- Installing: /home/abhimanyu/dave_ws/src/dave/install/dave_interfaces/include/dave_interfaces/dave_interfaces/msg/detail/location__type_support.c
-- Installing: /home/abhimanyu/dave_ws/src/dave/install/dave_interfaces/include/dave_interfaces/dave_interfaces/msg/detail/usbl_command__rosidl_typesupport_introspection_c.h
-- Installing: /home/abhimanyu/dave_ws/src/dave/install/dave_interfaces/include/dave_interfaces/dave_interfaces/msg/rosidl_typesupport_introspection_c__visibility_control.h
-- Up-to-date: /home/abhimanyu/dave_ws/src/dave/install/dave_interfaces/include/dave_interfaces/dave_interfaces/srv
-- Up-to-date: /home/abhimanyu/dave_ws/src/dave/install/dave_interfaces/include/dave_interfaces/dave_interfaces/srv/detail
-- Installing: /home/abhimanyu/dave_ws/src/dave/install/dave_interfaces/include/dave_interfaces/dave_interfaces/srv/detail/transform_from_spherical_coord__rosidl_typesupport_introspection_c.h
-- Installing: /home/abhimanyu/dave_ws/src/dave/install/dave_interfaces/include/dave_interfaces/dave_interfaces/srv/detail/set_origin_spherical_coord__rosidl_typesupport_introspection_c.h
-- Installing: /home/abhimanyu/dave_ws/src/dave/install/dave_interfaces/include/dave_interfaces/dave_interfaces/srv/detail/transform_to_spherical_coord__rosidl_typesupport_introspection_c.h
-- Installing: /home/abhimanyu/dave_ws/src/dave/install/dave_interfaces/include/dave_interfaces/dave_interfaces/srv/detail/set_origin_spherical_coord__type_support.c
-- Installing: /home/abhimanyu/dave_ws/src/dave/install/dave_interfaces/include/dave_interfaces/dave_interfaces/srv/detail/transform_to_spherical_coord__type_support.c
-- Installing: /home/abhimanyu/dave_ws/src/dave/install/dave_interfaces/include/dave_interfaces/dave_interfaces/srv/detail/get_origin_spherical_coord__type_support.c
-- Installing: /home/abhimanyu/dave_ws/src/dave/install/dave_interfaces/include/dave_interfaces/dave_interfaces/srv/detail/get_origin_spherical_coord__rosidl_typesupport_introspection_c.h
-- Installing: /home/abhimanyu/dave_ws/src/dave/install/dave_interfaces/include/dave_interfaces/dave_interfaces/srv/detail/transform_from_spherical_coord__type_support.c
-- Installing: /home/abhimanyu/dave_ws/src/dave/install/dave_interfaces/lib/libdave_interfaces__rosidl_typesupport_introspection_c.so
-- Set non-toolchain portion of runtime path of "/home/abhimanyu/dave_ws/src/dave/install/dave_interfaces/lib/libdave_interfaces__rosidl_typesupport_introspection_c.so" to ""
-- Installing: /home/abhimanyu/dave_ws/src/dave/install/dave_interfaces/lib/libdave_interfaces__rosidl_typesupport_c.so
-- Set non-toolchain portion of runtime path of "/home/abhimanyu/dave_ws/src/dave/install/dave_interfaces/lib/libdave_interfaces__rosidl_typesupport_c.so" to ""
-- Up-to-date: /home/abhimanyu/dave_ws/src/dave/install/dave_interfaces/include/dave_interfaces/dave_interfaces
-- Up-to-date: /home/abhimanyu/dave_ws/src/dave/install/dave_interfaces/include/dave_interfaces/dave_interfaces/msg
-- Up-to-date: /home/abhimanyu/dave_ws/src/dave/install/dave_interfaces/include/dave_interfaces/dave_interfaces/msg/detail
-- Installing: /home/abhimanyu/dave_ws/src/dave/install/dave_interfaces/include/dave_interfaces/dave_interfaces/msg/detail/usbl_command__type_support.cpp
-- Installing: /home/abhimanyu/dave_ws/src/dave/install/dave_interfaces/include/dave_interfaces/dave_interfaces/msg/detail/location__rosidl_typesupport_introspection_cpp.hpp
-- Installing: /home/abhimanyu/dave_ws/src/dave/install/dave_interfaces/include/dave_interfaces/dave_interfaces/msg/detail/usbl_command__rosidl_typesupport_introspection_cpp.hpp
-- Installing: /home/abhimanyu/dave_ws/src/dave/install/dave_interfaces/include/dave_interfaces/dave_interfaces/msg/detail/usbl_response__type_support.cpp
-- Installing: /home/abhimanyu/dave_ws/src/dave/install/dave_interfaces/include/dave_interfaces/dave_interfaces/msg/detail/usbl_response__rosidl_typesupport_introspection_cpp.hpp
-- Installing: /home/abhimanyu/dave_ws/src/dave/install/dave_interfaces/include/dave_interfaces/dave_interfaces/msg/detail/location__type_support.cpp
-- Up-to-date: /home/abhimanyu/dave_ws/src/dave/install/dave_interfaces/include/dave_interfaces/dave_interfaces/srv
-- Up-to-date: /home/abhimanyu/dave_ws/src/dave/install/dave_interfaces/include/dave_interfaces/dave_interfaces/srv/detail
-- Installing: /home/abhimanyu/dave_ws/src/dave/install/dave_interfaces/include/dave_interfaces/dave_interfaces/srv/detail/get_origin_spherical_coord__rosidl_typesupport_introspection_cpp.hpp
-- Installing: /home/abhimanyu/dave_ws/src/dave/install/dave_interfaces/include/dave_interfaces/dave_interfaces/srv/detail/transform_to_spherical_coord__rosidl_typesupport_introspection_cpp.hpp
-- Installing: /home/abhimanyu/dave_ws/src/dave/install/dave_interfaces/include/dave_interfaces/dave_interfaces/srv/detail/set_origin_spherical_coord__type_support.cpp
-- Installing: /home/abhimanyu/dave_ws/src/dave/install/dave_interfaces/include/dave_interfaces/dave_interfaces/srv/detail/transform_to_spherical_coord__type_support.cpp
-- Installing: /home/abhimanyu/dave_ws/src/dave/install/dave_interfaces/include/dave_interfaces/dave_interfaces/srv/detail/get_origin_spherical_coord__type_support.cpp
-- Installing: /home/abhimanyu/dave_ws/src/dave/install/dave_interfaces/include/dave_interfaces/dave_interfaces/srv/detail/set_origin_spherical_coord__rosidl_typesupport_introspection_cpp.hpp
-- Installing: /home/abhimanyu/dave_ws/src/dave/install/dave_interfaces/include/dave_interfaces/dave_interfaces/srv/detail/transform_from_spherical_coord__type_support.cpp
-- Installing: /home/abhimanyu/dave_ws/src/dave/install/dave_interfaces/include/dave_interfaces/dave_interfaces/srv/detail/transform_from_spherical_coord__rosidl_typesupport_introspection_cpp.hpp
-- Installing: /home/abhimanyu/dave_ws/src/dave/install/dave_interfaces/lib/libdave_interfaces__rosidl_typesupport_introspection_cpp.so
-- Set non-toolchain portion of runtime path of "/home/abhimanyu/dave_ws/src/dave/install/dave_interfaces/lib/libdave_interfaces__rosidl_typesupport_introspection_cpp.so" to ""
-- Installing: /home/abhimanyu/dave_ws/src/dave/install/dave_interfaces/lib/libdave_interfaces__rosidl_typesupport_cpp.so
-- Set non-toolchain portion of runtime path of "/home/abhimanyu/dave_ws/src/dave/install/dave_interfaces/lib/libdave_interfaces__rosidl_typesupport_cpp.so" to ""
-- Installing: /home/abhimanyu/dave_ws/src/dave/install/dave_interfaces/share/dave_interfaces/environment/pythonpath.sh
-- Installing: /home/abhimanyu/dave_ws/src/dave/install/dave_interfaces/share/dave_interfaces/environment/pythonpath.dsv
-- Installing: /home/abhimanyu/dave_ws/src/dave/install/dave_interfaces/lib/python3.12/site-packages/dave_interfaces-0.0.0-py3.12.egg-info
-- Installing: /home/abhimanyu/dave_ws/src/dave/install/dave_interfaces/lib/python3.12/site-packages/dave_interfaces-0.0.0-py3.12.egg-info/PKG-INFO
-- Installing: /home/abhimanyu/dave_ws/src/dave/install/dave_interfaces/lib/python3.12/site-packages/dave_interfaces-0.0.0-py3.12.egg-info/top_level.txt
-- Installing: /home/abhimanyu/dave_ws/src/dave/install/dave_interfaces/lib/python3.12/site-packages/dave_interfaces-0.0.0-py3.12.egg-info/dependency_links.txt
-- Installing: /home/abhimanyu/dave_ws/src/dave/install/dave_interfaces/lib/python3.12/site-packages/dave_interfaces-0.0.0-py3.12.egg-info/SOURCES.txt
-- Installing: /home/abhimanyu/dave_ws/src/dave/install/dave_interfaces/lib/python3.12/site-packages/dave_interfaces
-- Installing: /home/abhimanyu/dave_ws/src/dave/install/dave_interfaces/lib/python3.12/site-packages/dave_interfaces/_dave_interfaces_s.ep.rosidl_typesupport_fastrtps_c.c
-- Installing: /home/abhimanyu/dave_ws/src/dave/install/dave_interfaces/lib/python3.12/site-packages/dave_interfaces/_dave_interfaces_s.ep.rosidl_typesupport_introspection_c.c
-- Installing: /home/abhimanyu/dave_ws/src/dave/install/dave_interfaces/lib/python3.12/site-packages/dave_interfaces/msg
-- Installing: /home/abhimanyu/dave_ws/src/dave/install/dave_interfaces/lib/python3.12/site-packages/dave_interfaces/msg/_usbl_response.py
-- Installing: /home/abhimanyu/dave_ws/src/dave/install/dave_interfaces/lib/python3.12/site-packages/dave_interfaces/msg/_usbl_response_s.c
-- Installing: /home/abhimanyu/dave_ws/src/dave/install/dave_interfaces/lib/python3.12/site-packages/dave_interfaces/msg/_usbl_command.py
-- Installing: /home/abhimanyu/dave_ws/src/dave/install/dave_interfaces/lib/python3.12/site-packages/dave_interfaces/msg/_location.py
-- Installing: /home/abhimanyu/dave_ws/src/dave/install/dave_interfaces/lib/python3.12/site-packages/dave_interfaces/msg/__init__.py
-- Installing: /home/abhimanyu/dave_ws/src/dave/install/dave_interfaces/lib/python3.12/site-packages/dave_interfaces/msg/_location_s.c
-- Installing: /home/abhimanyu/dave_ws/src/dave/install/dave_interfaces/lib/python3.12/site-packages/dave_interfaces/msg/_usbl_command_s.c
-- Installing: /home/abhimanyu/dave_ws/src/dave/install/dave_interfaces/lib/python3.12/site-packages/dave_interfaces/_dave_interfaces_s.ep.rosidl_typesupport_c.c
-- Installing: /home/abhimanyu/dave_ws/src/dave/install/dave_interfaces/lib/python3.12/site-packages/dave_interfaces/dave_interfaces_s__rosidl_typesupport_fastrtps_c.so
-- Installing: /home/abhimanyu/dave_ws/src/dave/install/dave_interfaces/lib/python3.12/site-packages/dave_interfaces/__init__.py
-- Installing: /home/abhimanyu/dave_ws/src/dave/install/dave_interfaces/lib/python3.12/site-packages/dave_interfaces/dave_interfaces_s__rosidl_typesupport_c.so
-- Installing: /home/abhimanyu/dave_ws/src/dave/install/dave_interfaces/lib/python3.12/site-packages/dave_interfaces/dave_interfaces_s__rosidl_typesupport_introspection_c.so
-- Installing: /home/abhimanyu/dave_ws/src/dave/install/dave_interfaces/lib/python3.12/site-packages/dave_interfaces/srv
-- Installing: /home/abhimanyu/dave_ws/src/dave/install/dave_interfaces/lib/python3.12/site-packages/dave_interfaces/srv/_transform_to_spherical_coord_s.c
-- Installing: /home/abhimanyu/dave_ws/src/dave/install/dave_interfaces/lib/python3.12/site-packages/dave_interfaces/srv/_set_origin_spherical_coord.py
-- Installing: /home/abhimanyu/dave_ws/src/dave/install/dave_interfaces/lib/python3.12/site-packages/dave_interfaces/srv/__init__.py
-- Installing: /home/abhimanyu/dave_ws/src/dave/install/dave_interfaces/lib/python3.12/site-packages/dave_interfaces/srv/_transform_from_spherical_coord.py
-- Installing: /home/abhimanyu/dave_ws/src/dave/install/dave_interfaces/lib/python3.12/site-packages/dave_interfaces/srv/_transform_from_spherical_coord_s.c
-- Installing: /home/abhimanyu/dave_ws/src/dave/install/dave_interfaces/lib/python3.12/site-packages/dave_interfaces/srv/_get_origin_spherical_coord_s.c
-- Installing: /home/abhimanyu/dave_ws/src/dave/install/dave_interfaces/lib/python3.12/site-packages/dave_interfaces/srv/_transform_to_spherical_coord.py
-- Installing: /home/abhimanyu/dave_ws/src/dave/install/dave_interfaces/lib/python3.12/site-packages/dave_interfaces/srv/_get_origin_spherical_coord.py
-- Installing: /home/abhimanyu/dave_ws/src/dave/install/dave_interfaces/lib/python3.12/site-packages/dave_interfaces/srv/_set_origin_spherical_coord_s.c
Listing '/home/abhimanyu/dave_ws/src/dave/install/dave_interfaces/lib/python3.12/site-packages/dave_interfaces'...
Compiling '/home/abhimanyu/dave_ws/src/dave/install/dave_interfaces/lib/python3.12/site-packages/dave_interfaces/__init__.py'...
Listing '/home/abhimanyu/dave_ws/src/dave/install/dave_interfaces/lib/python3.12/site-packages/dave_interfaces/msg'...
Compiling '/home/abhimanyu/dave_ws/src/dave/install/dave_interfaces/lib/python3.12/site-packages/dave_interfaces/msg/__init__.py'...
Compiling '/home/abhimanyu/dave_ws/src/dave/install/dave_interfaces/lib/python3.12/site-packages/dave_interfaces/msg/_location.py'...
Compiling '/home/abhimanyu/dave_ws/src/dave/install/dave_interfaces/lib/python3.12/site-packages/dave_interfaces/msg/_usbl_command.py'...
Compiling '/home/abhimanyu/dave_ws/src/dave/install/dave_interfaces/lib/python3.12/site-packages/dave_interfaces/msg/_usbl_response.py'...
Listing '/home/abhimanyu/dave_ws/src/dave/install/dave_interfaces/lib/python3.12/site-packages/dave_interfaces/srv'...
Compiling '/home/abhimanyu/dave_ws/src/dave/install/dave_interfaces/lib/python3.12/site-packages/dave_interfaces/srv/__init__.py'...
Compiling '/home/abhimanyu/dave_ws/src/dave/install/dave_interfaces/lib/python3.12/site-packages/dave_interfaces/srv/_get_origin_spherical_coord.py'...
Compiling '/home/abhimanyu/dave_ws/src/dave/install/dave_interfaces/lib/python3.12/site-packages/dave_interfaces/srv/_set_origin_spherical_coord.py'...
Compiling '/home/abhimanyu/dave_ws/src/dave/install/dave_interfaces/lib/python3.12/site-packages/dave_interfaces/srv/_transform_from_spherical_coord.py'...
Compiling '/home/abhimanyu/dave_ws/src/dave/install/dave_interfaces/lib/python3.12/site-packages/dave_interfaces/srv/_transform_to_spherical_coord.py'...
-- Installing: /home/abhimanyu/dave_ws/src/dave/install/dave_interfaces/lib/python3.12/site-packages/dave_interfaces/dave_interfaces_s__rosidl_typesupport_fastrtps_c.so
-- Set non-toolchain portion of runtime path of "/home/abhimanyu/dave_ws/src/dave/install/dave_interfaces/lib/python3.12/site-packages/dave_interfaces/dave_interfaces_s__rosidl_typesupport_fastrtps_c.so" to ""
-- Installing: /home/abhimanyu/dave_ws/src/dave/install/dave_interfaces/lib/python3.12/site-packages/dave_interfaces/dave_interfaces_s__rosidl_typesupport_introspection_c.so
-- Set non-toolchain portion of runtime path of "/home/abhimanyu/dave_ws/src/dave/install/dave_interfaces/lib/python3.12/site-packages/dave_interfaces/dave_interfaces_s__rosidl_typesupport_introspection_c.so" to ""
-- Installing: /home/abhimanyu/dave_ws/src/dave/install/dave_interfaces/lib/python3.12/site-packages/dave_interfaces/dave_interfaces_s__rosidl_typesupport_c.so
-- Set non-toolchain portion of runtime path of "/home/abhimanyu/dave_ws/src/dave/install/dave_interfaces/lib/python3.12/site-packages/dave_interfaces/dave_interfaces_s__rosidl_typesupport_c.so" to ""
-- Installing: /home/abhimanyu/dave_ws/src/dave/install/dave_interfaces/lib/libdave_interfaces__rosidl_generator_py.so
-- Set non-toolchain portion of runtime path of "/home/abhimanyu/dave_ws/src/dave/install/dave_interfaces/lib/libdave_interfaces__rosidl_generator_py.so" to ""
-- Installing: /home/abhimanyu/dave_ws/src/dave/install/dave_interfaces/share/dave_interfaces/msg/UsblCommand.idl
-- Installing: /home/abhimanyu/dave_ws/src/dave/install/dave_interfaces/share/dave_interfaces/msg/UsblResponse.idl
-- Installing: /home/abhimanyu/dave_ws/src/dave/install/dave_interfaces/share/dave_interfaces/msg/Location.idl
-- Installing: /home/abhimanyu/dave_ws/src/dave/install/dave_interfaces/share/dave_interfaces/srv/SetOriginSphericalCoord.idl
-- Installing: /home/abhimanyu/dave_ws/src/dave/install/dave_interfaces/share/dave_interfaces/srv/GetOriginSphericalCoord.idl
-- Installing: /home/abhimanyu/dave_ws/src/dave/install/dave_interfaces/share/dave_interfaces/srv/TransformToSphericalCoord.idl
-- Installing: /home/abhimanyu/dave_ws/src/dave/install/dave_interfaces/share/dave_interfaces/srv/TransformFromSphericalCoord.idl
-- Installing: /home/abhimanyu/dave_ws/src/dave/install/dave_interfaces/share/dave_interfaces/msg/UsblCommand.msg
-- Installing: /home/abhimanyu/dave_ws/src/dave/install/dave_interfaces/share/dave_interfaces/msg/UsblResponse.msg
-- Installing: /home/abhimanyu/dave_ws/src/dave/install/dave_interfaces/share/dave_interfaces/msg/Location.msg
-- Installing: /home/abhimanyu/dave_ws/src/dave/install/dave_interfaces/share/dave_interfaces/srv/SetOriginSphericalCoord.srv
-- Installing: /home/abhimanyu/dave_ws/src/dave/install/dave_interfaces/share/dave_interfaces/srv/GetOriginSphericalCoord.srv
-- Installing: /home/abhimanyu/dave_ws/src/dave/install/dave_interfaces/share/dave_interfaces/srv/TransformToSphericalCoord.srv
-- Installing: /home/abhimanyu/dave_ws/src/dave/install/dave_interfaces/share/dave_interfaces/srv/TransformFromSphericalCoord.srv
-- Installing: /home/abhimanyu/dave_ws/src/dave/install/dave_interfaces/share/dave_interfaces/package.xml
-- Installing: /home/abhimanyu/dave_ws/src/dave/install/dave_interfaces/share/ament_index/resource_index/package_run_dependencies/dave_interfaces
-- Installing: /home/abhimanyu/dave_ws/src/dave/install/dave_interfaces/share/ament_index/resource_index/parent_prefix_path/dave_interfaces
-- Installing: /home/abhimanyu/dave_ws/src/dave/install/dave_interfaces/share/dave_interfaces/environment/ament_prefix_path.sh
-- Installing: /home/abhimanyu/dave_ws/src/dave/install/dave_interfaces/share/dave_interfaces/environment/ament_prefix_path.dsv
-- Installing: /home/abhimanyu/dave_ws/src/dave/install/dave_interfaces/share/dave_interfaces/environment/path.sh
-- Installing: /home/abhimanyu/dave_ws/src/dave/install/dave_interfaces/share/dave_interfaces/environment/path.dsv
-- Installing: /home/abhimanyu/dave_ws/src/dave/install/dave_interfaces/share/dave_interfaces/local_setup.bash
-- Installing: /home/abhimanyu/dave_ws/src/dave/install/dave_interfaces/share/dave_interfaces/local_setup.sh
-- Installing: /home/abhimanyu/dave_ws/src/dave/install/dave_interfaces/share/dave_interfaces/local_setup.zsh
-- Installing: /home/abhimanyu/dave_ws/src/dave/install/dave_interfaces/share/dave_interfaces/local_setup.dsv
-- Installing: /home/abhimanyu/dave_ws/src/dave/install/dave_interfaces/share/dave_interfaces/package.dsv
-- Installing: /home/abhimanyu/dave_ws/src/dave/install/dave_interfaces/share/ament_index/resource_index/packages/dave_interfaces
-- Installing: /home/abhimanyu/dave_ws/src/dave/install/dave_interfaces/share/dave_interfaces/cmake/export_dave_interfaces__rosidl_generator_cExport.cmake
-- Installing: /home/abhimanyu/dave_ws/src/dave/install/dave_interfaces/share/dave_interfaces/cmake/export_dave_interfaces__rosidl_generator_cExport-noconfig.cmake
-- Installing: /home/abhimanyu/dave_ws/src/dave/install/dave_interfaces/share/dave_interfaces/cmake/export_dave_interfaces__rosidl_typesupport_fastrtps_cExport.cmake
-- Installing: /home/abhimanyu/dave_ws/src/dave/install/dave_interfaces/share/dave_interfaces/cmake/export_dave_interfaces__rosidl_typesupport_fastrtps_cExport-noconfig.cmake
-- Installing: /home/abhimanyu/dave_ws/src/dave/install/dave_interfaces/share/dave_interfaces/cmake/export_dave_interfaces__rosidl_generator_cppExport.cmake
-- Installing: /home/abhimanyu/dave_ws/src/dave/install/dave_interfaces/share/dave_interfaces/cmake/export_dave_interfaces__rosidl_typesupport_fastrtps_cppExport.cmake
-- Installing: /home/abhimanyu/dave_ws/src/dave/install/dave_interfaces/share/dave_interfaces/cmake/export_dave_interfaces__rosidl_typesupport_fastrtps_cppExport-noconfig.cmake
-- Installing: /home/abhimanyu/dave_ws/src/dave/install/dave_interfaces/share/dave_interfaces/cmake/dave_interfaces__rosidl_typesupport_introspection_cExport.cmake
-- Installing: /home/abhimanyu/dave_ws/src/dave/install/dave_interfaces/share/dave_interfaces/cmake/dave_interfaces__rosidl_typesupport_introspection_cExport-noconfig.cmake
-- Installing: /home/abhimanyu/dave_ws/src/dave/install/dave_interfaces/share/dave_interfaces/cmake/dave_interfaces__rosidl_typesupport_cExport.cmake
-- Installing: /home/abhimanyu/dave_ws/src/dave/install/dave_interfaces/share/dave_interfaces/cmake/dave_interfaces__rosidl_typesupport_cExport-noconfig.cmake
-- Installing: /home/abhimanyu/dave_ws/src/dave/install/dave_interfaces/share/dave_interfaces/cmake/dave_interfaces__rosidl_typesupport_introspection_cppExport.cmake
-- Installing: /home/abhimanyu/dave_ws/src/dave/install/dave_interfaces/share/dave_interfaces/cmake/dave_interfaces__rosidl_typesupport_introspection_cppExport-noconfig.cmake
-- Installing: /home/abhimanyu/dave_ws/src/dave/install/dave_interfaces/share/dave_interfaces/cmake/dave_interfaces__rosidl_typesupport_cppExport.cmake
-- Installing: /home/abhimanyu/dave_ws/src/dave/install/dave_interfaces/share/dave_interfaces/cmake/dave_interfaces__rosidl_typesupport_cppExport-noconfig.cmake
-- Installing: /home/abhimanyu/dave_ws/src/dave/install/dave_interfaces/share/dave_interfaces/cmake/export_dave_interfaces__rosidl_generator_pyExport.cmake
-- Installing: /home/abhimanyu/dave_ws/src/dave/install/dave_interfaces/share/dave_interfaces/cmake/export_dave_interfaces__rosidl_generator_pyExport-noconfig.cmake
-- Installing: /home/abhimanyu/dave_ws/src/dave/install/dave_interfaces/share/dave_interfaces/cmake/rosidl_cmake-extras.cmake
-- Installing: /home/abhimanyu/dave_ws/src/dave/install/dave_interfaces/share/dave_interfaces/cmake/ament_cmake_export_dependencies-extras.cmake
-- Installing: /home/abhimanyu/dave_ws/src/dave/install/dave_interfaces/share/dave_interfaces/cmake/ament_cmake_export_include_directories-extras.cmake
-- Installing: /home/abhimanyu/dave_ws/src/dave/install/dave_interfaces/share/dave_interfaces/cmake/ament_cmake_export_libraries-extras.cmake
-- Installing: /home/abhimanyu/dave_ws/src/dave/install/dave_interfaces/share/dave_interfaces/cmake/ament_cmake_export_targets-extras.cmake
-- Installing: /home/abhimanyu/dave_ws/src/dave/install/dave_interfaces/share/dave_interfaces/cmake/rosidl_cmake_export_typesupport_targets-extras.cmake
-- Installing: /home/abhimanyu/dave_ws/src/dave/install/dave_interfaces/share/dave_interfaces/cmake/rosidl_cmake_export_typesupport_libraries-extras.cmake
-- Installing: /home/abhimanyu/dave_ws/src/dave/install/dave_interfaces/share/dave_interfaces/cmake/dave_interfacesConfig.cmake
-- Installing: /home/abhimanyu/dave_ws/src/dave/install/dave_interfaces/share/dave_interfaces/cmake/dave_interfacesConfig-version.cmake
-- Up-to-date: /home/abhimanyu/dave_ws/src/dave/install/dave_interfaces/share/dave_interfaces/package.xml
