[0.056s] Invoking command in '/home/abhimanyu/dave_ws/src/dave/build/dave_interfaces': CMAKE_PREFIX_PATH=${CMAKE_PREFIX_PATH}:/home/abhimanyu/dave_ws/src/install/dave_worlds:/home/abhimanyu/dave_ws/src/install/dave_sensor_models:/home/abhimanyu/dave_ws/src/install/dave_robot_models:/home/abhimanyu/dave_ws/src/install/dave_robot_launch:/home/abhimanyu/dave_ws/src/install/dave_object_models:/home/abhimanyu/dave_ws/src/install/dave_demos:/home/abhimanyu/dave_ws/src/install/dave:/home/abhimanyu/MIR_Project_2024/glassy_challenge_ws/install/glassy_challenge /usr/bin/cmake /home/abhimanyu/dave_ws/src/dave/dave_interfaces -DCMAKE_INSTALL_PREFIX=/home/abhimanyu/dave_ws/src/dave/install/dave_interfaces
[0.280s] -- The C compiler identification is GNU 13.2.0
[0.569s] -- The CXX compiler identification is GNU 13.2.0
[0.645s] -- Detecting C compiler ABI info
[1.017s] -- Detecting C compiler ABI info - done
[1.060s] -- Check for working C compiler: /usr/bin/cc - skipped
[1.064s] -- Detecting C compile features
[1.078s] -- Detecting C compile features - done
[1.109s] -- Detecting CXX compiler ABI info
[1.573s] -- Detecting CXX compiler ABI info - done
[1.648s] -- Check for working CXX compiler: /usr/bin/c++ - skipped
[1.652s] -- Detecting CXX compile features
[1.657s] -- Detecting CXX compile features - done
[1.686s] -- Found ament_cmake: 2.5.2 (/opt/ros/jazzy/share/ament_cmake/cmake)
[2.572s] -- Found Python3: /usr/bin/python3 (found version "3.12.3") found components: Interpreter 
[3.400s] -- Found rclcpp: 28.1.3 (/opt/ros/jazzy/share/rclcpp/cmake)
[4.114s] -- Found rosidl_generator_c: 4.6.3 (/opt/ros/jazzy/share/rosidl_generator_c/cmake)
[4.285s] -- Found rosidl_generator_cpp: 4.6.3 (/opt/ros/jazzy/share/rosidl_generator_cpp/cmake)
[4.581s] -- Using all available rosidl_typesupport_c: rosidl_typesupport_fastrtps_c;rosidl_typesupport_introspection_c
[4.845s] -- Using all available rosidl_typesupport_cpp: rosidl_typesupport_fastrtps_cpp;rosidl_typesupport_introspection_cpp
[5.573s] -- Found rmw_implementation_cmake: 7.3.1 (/opt/ros/jazzy/share/rmw_implementation_cmake/cmake)
[5.635s] -- Found rmw_fastrtps_cpp: 8.4.1 (/opt/ros/jazzy/share/rmw_fastrtps_cpp/cmake)
[6.263s] -- Found OpenSSL: /usr/lib/x86_64-linux-gnu/libcrypto.so (found version "3.0.13")  
[6.332s] -- Found FastRTPS: /opt/ros/jazzy/include (Required is at least version "2.13") 
[6.403s] -- Using RMW implementation 'rmw_fastrtps_cpp' as default
[6.895s] -- Found std_msgs: 5.3.5 (/opt/ros/jazzy/share/std_msgs/cmake)
[7.019s] -- Found geometry_msgs: 5.3.5 (/opt/ros/jazzy/share/geometry_msgs/cmake)
[7.261s] -- Found rosidl_default_generators: 1.6.0 (/opt/ros/jazzy/share/rosidl_default_generators/cmake)
[7.578s] -- Found rosidl_adapter: 4.6.3 (/opt/ros/jazzy/share/rosidl_adapter/cmake)
[10.818s] -- Found ament_cmake_ros: 0.12.0 (/opt/ros/jazzy/share/ament_cmake_ros/cmake)
[13.857s] -- Using all available rosidl_typesupport_c: rosidl_typesupport_fastrtps_c;rosidl_typesupport_introspection_c
[14.913s] -- Using all available rosidl_typesupport_cpp: rosidl_typesupport_fastrtps_cpp;rosidl_typesupport_introspection_cpp
[14.946s] -- Found python_cmake_module: 0.11.1 (/opt/ros/jazzy/share/python_cmake_module/cmake)
[15.382s] -- Found PythonExtra: /usr/bin/python3  
[16.372s] -- Found Python3: /usr/bin/python3 (found version "3.12.3") found components: Interpreter Development NumPy Development.Module Development.Embed 
[16.519s] -- Configuring done (16.4s)
[16.685s] -- Generating done (0.1s)
[16.695s] -- Build files have been written to: /home/abhimanyu/dave_ws/src/dave/build/dave_interfaces
[16.724s] Invoked command in '/home/abhimanyu/dave_ws/src/dave/build/dave_interfaces' returned '0': CMAKE_PREFIX_PATH=${CMAKE_PREFIX_PATH}:/home/abhimanyu/dave_ws/src/install/dave_worlds:/home/abhimanyu/dave_ws/src/install/dave_sensor_models:/home/abhimanyu/dave_ws/src/install/dave_robot_models:/home/abhimanyu/dave_ws/src/install/dave_robot_launch:/home/abhimanyu/dave_ws/src/install/dave_object_models:/home/abhimanyu/dave_ws/src/install/dave_demos:/home/abhimanyu/dave_ws/src/install/dave:/home/abhimanyu/MIR_Project_2024/glassy_challenge_ws/install/glassy_challenge /usr/bin/cmake /home/abhimanyu/dave_ws/src/dave/dave_interfaces -DCMAKE_INSTALL_PREFIX=/home/abhimanyu/dave_ws/src/dave/install/dave_interfaces
[16.725s] Invoking command in '/home/abhimanyu/dave_ws/src/dave/build/dave_interfaces': CMAKE_PREFIX_PATH=${CMAKE_PREFIX_PATH}:/home/abhimanyu/dave_ws/src/install/dave_worlds:/home/abhimanyu/dave_ws/src/install/dave_sensor_models:/home/abhimanyu/dave_ws/src/install/dave_robot_models:/home/abhimanyu/dave_ws/src/install/dave_robot_launch:/home/abhimanyu/dave_ws/src/install/dave_object_models:/home/abhimanyu/dave_ws/src/install/dave_demos:/home/abhimanyu/dave_ws/src/install/dave:/home/abhimanyu/MIR_Project_2024/glassy_challenge_ws/install/glassy_challenge /usr/bin/cmake --build /home/abhimanyu/dave_ws/src/dave/build/dave_interfaces -- -j4 -l4
[16.907s] [  1%] [34m[1mGenerating type hashes for ROS interfaces[0m
[18.424s] [  1%] Built target dave_interfaces__rosidl_generator_type_description
[18.468s] [  1%] Built target ament_cmake_python_copy_dave_interfaces
[18.485s] [  2%] [34m[1mGenerating C code for ROS interfaces[0m
[21.299s] [  3%] [32mBuilding C object CMakeFiles/dave_interfaces__rosidl_generator_c.dir/rosidl_generator_c/dave_interfaces/msg/detail/usbl_command__description.c.o[0m
[21.386s] [  4%] [32mBuilding C object CMakeFiles/dave_interfaces__rosidl_generator_c.dir/rosidl_generator_c/dave_interfaces/msg/detail/usbl_command__functions.c.o[0m
[21.480s] [  5%] [32mBuilding C object CMakeFiles/dave_interfaces__rosidl_generator_c.dir/rosidl_generator_c/dave_interfaces/msg/detail/usbl_command__type_support.c.o[0m
[21.530s] [  6%] [32mBuilding C object CMakeFiles/dave_interfaces__rosidl_generator_c.dir/rosidl_generator_c/dave_interfaces/msg/detail/usbl_response__description.c.o[0m
[21.590s] [  7%] [32mBuilding C object CMakeFiles/dave_interfaces__rosidl_generator_c.dir/rosidl_generator_c/dave_interfaces/msg/detail/usbl_response__functions.c.o[0m
[21.666s] [  8%] [32mBuilding C object CMakeFiles/dave_interfaces__rosidl_generator_c.dir/rosidl_generator_c/dave_interfaces/msg/detail/usbl_response__type_support.c.o[0m
[21.714s] [  9%] [32mBuilding C object CMakeFiles/dave_interfaces__rosidl_generator_c.dir/rosidl_generator_c/dave_interfaces/msg/detail/location__description.c.o[0m
[21.778s] [ 10%] [32mBuilding C object CMakeFiles/dave_interfaces__rosidl_generator_c.dir/rosidl_generator_c/dave_interfaces/msg/detail/location__functions.c.o[0m
[21.855s] [ 11%] [32mBuilding C object CMakeFiles/dave_interfaces__rosidl_generator_c.dir/rosidl_generator_c/dave_interfaces/msg/detail/location__type_support.c.o[0m
[21.904s] [ 12%] [32mBuilding C object CMakeFiles/dave_interfaces__rosidl_generator_c.dir/rosidl_generator_c/dave_interfaces/srv/detail/set_origin_spherical_coord__description.c.o[0m
[21.988s] [ 13%] [32mBuilding C object CMakeFiles/dave_interfaces__rosidl_generator_c.dir/rosidl_generator_c/dave_interfaces/srv/detail/set_origin_spherical_coord__functions.c.o[0m
[22.103s] [ 14%] [32mBuilding C object CMakeFiles/dave_interfaces__rosidl_generator_c.dir/rosidl_generator_c/dave_interfaces/srv/detail/set_origin_spherical_coord__type_support.c.o[0m
[22.166s] [ 15%] [32mBuilding C object CMakeFiles/dave_interfaces__rosidl_generator_c.dir/rosidl_generator_c/dave_interfaces/srv/detail/get_origin_spherical_coord__description.c.o[0m
[22.243s] [ 17%] [32mBuilding C object CMakeFiles/dave_interfaces__rosidl_generator_c.dir/rosidl_generator_c/dave_interfaces/srv/detail/get_origin_spherical_coord__functions.c.o[0m
[22.357s] [ 18%] [32mBuilding C object CMakeFiles/dave_interfaces__rosidl_generator_c.dir/rosidl_generator_c/dave_interfaces/srv/detail/get_origin_spherical_coord__type_support.c.o[0m
[22.420s] [ 19%] [32mBuilding C object CMakeFiles/dave_interfaces__rosidl_generator_c.dir/rosidl_generator_c/dave_interfaces/srv/detail/transform_to_spherical_coord__description.c.o[0m
[22.548s] [ 20%] [32mBuilding C object CMakeFiles/dave_interfaces__rosidl_generator_c.dir/rosidl_generator_c/dave_interfaces/srv/detail/transform_to_spherical_coord__functions.c.o[0m
[22.766s] [ 21%] [32mBuilding C object CMakeFiles/dave_interfaces__rosidl_generator_c.dir/rosidl_generator_c/dave_interfaces/srv/detail/transform_to_spherical_coord__type_support.c.o[0m
[22.851s] [ 22%] [32mBuilding C object CMakeFiles/dave_interfaces__rosidl_generator_c.dir/rosidl_generator_c/dave_interfaces/srv/detail/transform_from_spherical_coord__description.c.o[0m
[22.947s] [ 23%] [32mBuilding C object CMakeFiles/dave_interfaces__rosidl_generator_c.dir/rosidl_generator_c/dave_interfaces/srv/detail/transform_from_spherical_coord__functions.c.o[0m
[23.089s] [ 24%] [32mBuilding C object CMakeFiles/dave_interfaces__rosidl_generator_c.dir/rosidl_generator_c/dave_interfaces/srv/detail/transform_from_spherical_coord__type_support.c.o[0m
[23.160s] [ 25%] [32m[1mLinking C shared library libdave_interfaces__rosidl_generator_c.so[0m
[23.220s] [ 25%] Built target dave_interfaces__rosidl_generator_c
[23.685s] running egg_info
[23.687s] creating dave_interfaces.egg-info
[23.740s] writing dave_interfaces.egg-info/PKG-INFO
[23.740s] writing dependency_links to dave_interfaces.egg-info/dependency_links.txt
[23.741s] writing top-level names to dave_interfaces.egg-info/top_level.txt
[23.741s] writing manifest file 'dave_interfaces.egg-info/SOURCES.txt'
[23.898s] reading manifest file 'dave_interfaces.egg-info/SOURCES.txt'
[23.900s] writing manifest file 'dave_interfaces.egg-info/SOURCES.txt'
[23.963s] [ 25%] Built target ament_cmake_python_build_dave_interfaces_egg
[23.988s] [ 26%] [34m[1mGenerating C introspection for ROS interfaces[0m
[25.880s] [ 27%] [32mBuilding C object CMakeFiles/dave_interfaces__rosidl_typesupport_introspection_c.dir/rosidl_typesupport_introspection_c/dave_interfaces/msg/detail/usbl_command__type_support.c.o[0m
[25.940s] [ 28%] [32mBuilding C object CMakeFiles/dave_interfaces__rosidl_typesupport_introspection_c.dir/rosidl_typesupport_introspection_c/dave_interfaces/msg/detail/usbl_response__type_support.c.o[0m
[26.004s] [ 29%] [32mBuilding C object CMakeFiles/dave_interfaces__rosidl_typesupport_introspection_c.dir/rosidl_typesupport_introspection_c/dave_interfaces/msg/detail/location__type_support.c.o[0m
[26.064s] [ 30%] [32mBuilding C object CMakeFiles/dave_interfaces__rosidl_typesupport_introspection_c.dir/rosidl_typesupport_introspection_c/dave_interfaces/srv/detail/set_origin_spherical_coord__type_support.c.o[0m
[26.142s] [ 31%] [32mBuilding C object CMakeFiles/dave_interfaces__rosidl_typesupport_introspection_c.dir/rosidl_typesupport_introspection_c/dave_interfaces/srv/detail/get_origin_spherical_coord__type_support.c.o[0m
[26.232s] [ 32%] [32mBuilding C object CMakeFiles/dave_interfaces__rosidl_typesupport_introspection_c.dir/rosidl_typesupport_introspection_c/dave_interfaces/srv/detail/transform_to_spherical_coord__type_support.c.o[0m
[26.312s] [ 34%] [32mBuilding C object CMakeFiles/dave_interfaces__rosidl_typesupport_introspection_c.dir/rosidl_typesupport_introspection_c/dave_interfaces/srv/detail/transform_from_spherical_coord__type_support.c.o[0m
[26.399s] [ 35%] [32m[1mLinking C shared library libdave_interfaces__rosidl_typesupport_introspection_c.so[0m
[26.452s] [ 35%] Built target dave_interfaces__rosidl_typesupport_introspection_c
[26.471s] [ 36%] [34m[1mGenerating C type support dispatch for ROS interfaces[0m
[27.770s] [ 37%] [32mBuilding CXX object CMakeFiles/dave_interfaces__rosidl_typesupport_c.dir/rosidl_typesupport_c/dave_interfaces/msg/usbl_command__type_support.cpp.o[0m
[27.842s] [ 38%] [32mBuilding CXX object CMakeFiles/dave_interfaces__rosidl_typesupport_c.dir/rosidl_typesupport_c/dave_interfaces/msg/usbl_response__type_support.cpp.o[0m
[27.910s] [ 39%] [32mBuilding CXX object CMakeFiles/dave_interfaces__rosidl_typesupport_c.dir/rosidl_typesupport_c/dave_interfaces/msg/location__type_support.cpp.o[0m
[27.982s] [ 40%] [32mBuilding CXX object CMakeFiles/dave_interfaces__rosidl_typesupport_c.dir/rosidl_typesupport_c/dave_interfaces/srv/set_origin_spherical_coord__type_support.cpp.o[0m
[28.060s] [ 41%] [32mBuilding CXX object CMakeFiles/dave_interfaces__rosidl_typesupport_c.dir/rosidl_typesupport_c/dave_interfaces/srv/get_origin_spherical_coord__type_support.cpp.o[0m
[28.138s] [ 42%] [32mBuilding CXX object CMakeFiles/dave_interfaces__rosidl_typesupport_c.dir/rosidl_typesupport_c/dave_interfaces/srv/transform_to_spherical_coord__type_support.cpp.o[0m
[28.214s] [ 43%] [32mBuilding CXX object CMakeFiles/dave_interfaces__rosidl_typesupport_c.dir/rosidl_typesupport_c/dave_interfaces/srv/transform_from_spherical_coord__type_support.cpp.o[0m
[28.290s] [ 44%] [32m[1mLinking CXX shared library libdave_interfaces__rosidl_typesupport_c.so[0m
[28.350s] [ 44%] Built target dave_interfaces__rosidl_typesupport_c
[28.365s] [ 45%] [34m[1mGenerating C type support for eProsima Fast-RTPS[0m
[30.481s] [ 46%] [32mBuilding CXX object CMakeFiles/dave_interfaces__rosidl_typesupport_fastrtps_c.dir/rosidl_typesupport_fastrtps_c/dave_interfaces/msg/detail/usbl_command__type_support_c.cpp.o[0m
[31.385s] [ 47%] [32mBuilding CXX object CMakeFiles/dave_interfaces__rosidl_typesupport_fastrtps_c.dir/rosidl_typesupport_fastrtps_c/dave_interfaces/msg/detail/location__type_support_c.cpp.o[0m
[32.248s] [ 48%] [32mBuilding CXX object CMakeFiles/dave_interfaces__rosidl_typesupport_fastrtps_c.dir/rosidl_typesupport_fastrtps_c/dave_interfaces/srv/detail/set_origin_spherical_coord__type_support_c.cpp.o[0m
[33.087s] [ 50%] [32mBuilding CXX object CMakeFiles/dave_interfaces__rosidl_typesupport_fastrtps_c.dir/rosidl_typesupport_fastrtps_c/dave_interfaces/srv/detail/get_origin_spherical_coord__type_support_c.cpp.o[0m
[33.918s] [ 51%] [32mBuilding CXX object CMakeFiles/dave_interfaces__rosidl_typesupport_fastrtps_c.dir/rosidl_typesupport_fastrtps_c/dave_interfaces/srv/detail/transform_to_spherical_coord__type_support_c.cpp.o[0m
[34.740s] [ 52%] [32mBuilding CXX object CMakeFiles/dave_interfaces__rosidl_typesupport_fastrtps_c.dir/rosidl_typesupport_fastrtps_c/dave_interfaces/srv/detail/transform_from_spherical_coord__type_support_c.cpp.o[0m
[35.562s] [ 53%] [32mBuilding CXX object CMakeFiles/dave_interfaces__rosidl_typesupport_fastrtps_c.dir/rosidl_typesupport_fastrtps_c/dave_interfaces/msg/detail/usbl_response__type_support_c.cpp.o[0m
[36.403s] [ 54%] [32m[1mLinking CXX shared library libdave_interfaces__rosidl_typesupport_fastrtps_c.so[0m
[36.590s] [ 54%] Built target dave_interfaces__rosidl_typesupport_fastrtps_c
[36.623s] [ 55%] [34m[1mGenerating C++ code for ROS interfaces[0m
[39.052s] [ 55%] Built target dave_interfaces__cpp
[39.069s] [ 56%] [34m[1mGenerating C++ type support dispatch for ROS interfaces[0m
[39.070s] [ 57%] [34m[1mGenerating C++ type support for eProsima Fast-RTPS[0m
[40.532s] [ 58%] [32mBuilding CXX object CMakeFiles/dave_interfaces__rosidl_typesupport_cpp.dir/rosidl_typesupport_cpp/dave_interfaces/msg/usbl_response__type_support.cpp.o[0m
[40.536s] [ 59%] [32mBuilding CXX object CMakeFiles/dave_interfaces__rosidl_typesupport_cpp.dir/rosidl_typesupport_cpp/dave_interfaces/msg/usbl_command__type_support.cpp.o[0m
[41.465s] [ 60%] [32mBuilding CXX object CMakeFiles/dave_interfaces__rosidl_typesupport_cpp.dir/rosidl_typesupport_cpp/dave_interfaces/msg/location__type_support.cpp.o[0m
[41.590s] [ 61%] [32mBuilding CXX object CMakeFiles/dave_interfaces__rosidl_typesupport_cpp.dir/rosidl_typesupport_cpp/dave_interfaces/srv/set_origin_spherical_coord__type_support.cpp.o[0m
[41.889s] [ 62%] [32mBuilding CXX object CMakeFiles/dave_interfaces__rosidl_typesupport_fastrtps_cpp.dir/rosidl_typesupport_fastrtps_cpp/dave_interfaces/msg/detail/dds_fastrtps/usbl_command__type_support.cpp.o[0m
[42.391s] [ 63%] [32mBuilding CXX object CMakeFiles/dave_interfaces__rosidl_typesupport_cpp.dir/rosidl_typesupport_cpp/dave_interfaces/srv/get_origin_spherical_coord__type_support.cpp.o[0m
[42.595s] [ 64%] [32mBuilding CXX object CMakeFiles/dave_interfaces__rosidl_typesupport_cpp.dir/rosidl_typesupport_cpp/dave_interfaces/srv/transform_to_spherical_coord__type_support.cpp.o[0m
[43.329s] [ 65%] [32mBuilding CXX object CMakeFiles/dave_interfaces__rosidl_typesupport_fastrtps_cpp.dir/rosidl_typesupport_fastrtps_cpp/dave_interfaces/msg/detail/dds_fastrtps/usbl_response__type_support.cpp.o[0m
[43.626s] [ 67%] [32mBuilding CXX object CMakeFiles/dave_interfaces__rosidl_typesupport_cpp.dir/rosidl_typesupport_cpp/dave_interfaces/srv/transform_from_spherical_coord__type_support.cpp.o[0m
[43.817s] [ 68%] [32mBuilding CXX object CMakeFiles/dave_interfaces__rosidl_typesupport_fastrtps_cpp.dir/rosidl_typesupport_fastrtps_cpp/dave_interfaces/msg/detail/dds_fastrtps/location__type_support.cpp.o[0m
[44.694s] [ 69%] [32mBuilding CXX object CMakeFiles/dave_interfaces__rosidl_typesupport_fastrtps_cpp.dir/rosidl_typesupport_fastrtps_cpp/dave_interfaces/srv/detail/dds_fastrtps/set_origin_spherical_coord__type_support.cpp.o[0m
[44.848s] [ 70%] [32m[1mLinking CXX shared library libdave_interfaces__rosidl_typesupport_cpp.so[0m
[45.057s] [ 70%] Built target dave_interfaces__rosidl_typesupport_cpp
[45.076s] [ 71%] [32mBuilding CXX object CMakeFiles/dave_interfaces__rosidl_typesupport_fastrtps_cpp.dir/rosidl_typesupport_fastrtps_cpp/dave_interfaces/srv/detail/dds_fastrtps/get_origin_spherical_coord__type_support.cpp.o[0m
[45.081s] [ 72%] [34m[1mGenerating C++ introspection for ROS interfaces[0m
[45.226s] [ 73%] [32mBuilding CXX object CMakeFiles/dave_interfaces__rosidl_typesupport_fastrtps_cpp.dir/rosidl_typesupport_fastrtps_cpp/dave_interfaces/srv/detail/dds_fastrtps/transform_to_spherical_coord__type_support.cpp.o[0m
[46.565s] [ 74%] [32mBuilding CXX object CMakeFiles/dave_interfaces__rosidl_typesupport_fastrtps_cpp.dir/rosidl_typesupport_fastrtps_cpp/dave_interfaces/srv/detail/dds_fastrtps/transform_from_spherical_coord__type_support.cpp.o[0m
[47.952s] [ 75%] [32mBuilding CXX object CMakeFiles/dave_interfaces__rosidl_typesupport_introspection_cpp.dir/rosidl_typesupport_introspection_cpp/dave_interfaces/msg/detail/usbl_command__type_support.cpp.o[0m
[47.972s] [ 77%] [32mBuilding CXX object CMakeFiles/dave_interfaces__rosidl_typesupport_introspection_cpp.dir/rosidl_typesupport_introspection_cpp/dave_interfaces/msg/detail/usbl_response__type_support.cpp.o[0m
[47.975s] [ 77%] [32mBuilding CXX object CMakeFiles/dave_interfaces__rosidl_typesupport_introspection_cpp.dir/rosidl_typesupport_introspection_cpp/dave_interfaces/msg/detail/location__type_support.cpp.o[0m
[48.462s] [ 78%] [32m[1mLinking CXX shared library libdave_interfaces__rosidl_typesupport_fastrtps_cpp.so[0m
[48.791s] [ 78%] Built target dave_interfaces__rosidl_typesupport_fastrtps_cpp
[48.819s] [ 79%] [32mBuilding CXX object CMakeFiles/dave_interfaces__rosidl_typesupport_introspection_cpp.dir/rosidl_typesupport_introspection_cpp/dave_interfaces/srv/detail/set_origin_spherical_coord__type_support.cpp.o[0m
[49.218s] [ 80%] [32mBuilding CXX object CMakeFiles/dave_interfaces__rosidl_typesupport_introspection_cpp.dir/rosidl_typesupport_introspection_cpp/dave_interfaces/srv/detail/get_origin_spherical_coord__type_support.cpp.o[0m
[49.409s] [ 81%] [32mBuilding CXX object CMakeFiles/dave_interfaces__rosidl_typesupport_introspection_cpp.dir/rosidl_typesupport_introspection_cpp/dave_interfaces/srv/detail/transform_to_spherical_coord__type_support.cpp.o[0m
[49.469s] [ 82%] [32mBuilding CXX object CMakeFiles/dave_interfaces__rosidl_typesupport_introspection_cpp.dir/rosidl_typesupport_introspection_cpp/dave_interfaces/srv/detail/transform_from_spherical_coord__type_support.cpp.o[0m
[50.904s] [ 84%] [32m[1mLinking CXX shared library libdave_interfaces__rosidl_typesupport_introspection_cpp.so[0m
[51.037s] [ 84%] Built target dave_interfaces__rosidl_typesupport_introspection_cpp
[51.067s] [ 84%] Built target dave_interfaces
[51.098s] [ 85%] [34m[1mGenerating Python code for ROS interfaces[0m
[54.757s] [ 85%] Built target dave_interfaces__py
[54.789s] [ 86%] [32mBuilding C object CMakeFiles/dave_interfaces__rosidl_generator_py.dir/rosidl_generator_py/dave_interfaces/msg/_location_s.c.o[0m
[54.792s] [ 88%] [32mBuilding C object CMakeFiles/dave_interfaces__rosidl_generator_py.dir/rosidl_generator_py/dave_interfaces/msg/_usbl_response_s.c.o[0m
[54.793s] [ 88%] [32mBuilding C object CMakeFiles/dave_interfaces__rosidl_generator_py.dir/rosidl_generator_py/dave_interfaces/msg/_usbl_command_s.c.o[0m
[55.114s] [ 89%] [32mBuilding C object CMakeFiles/dave_interfaces__rosidl_generator_py.dir/rosidl_generator_py/dave_interfaces/srv/_set_origin_spherical_coord_s.c.o[0m
[55.136s] [ 90%] [32mBuilding C object CMakeFiles/dave_interfaces__rosidl_generator_py.dir/rosidl_generator_py/dave_interfaces/srv/_get_origin_spherical_coord_s.c.o[0m
[55.155s] [ 91%] [32mBuilding C object CMakeFiles/dave_interfaces__rosidl_generator_py.dir/rosidl_generator_py/dave_interfaces/srv/_transform_to_spherical_coord_s.c.o[0m
[55.463s] [ 92%] [32mBuilding C object CMakeFiles/dave_interfaces__rosidl_generator_py.dir/rosidl_generator_py/dave_interfaces/srv/_transform_from_spherical_coord_s.c.o[0m
[55.728s] [ 93%] [32m[1mLinking C shared library libdave_interfaces__rosidl_generator_py.so[0m
[55.798s] [ 93%] Built target dave_interfaces__rosidl_generator_py
[55.844s] [ 94%] [32mBuilding C object CMakeFiles/dave_interfaces_s__rosidl_typesupport_fastrtps_c.dir/rosidl_generator_py/dave_interfaces/_dave_interfaces_s.ep.rosidl_typesupport_fastrtps_c.c.o[0m
[55.844s] [ 95%] [32mBuilding C object CMakeFiles/dave_interfaces_s__rosidl_typesupport_c.dir/rosidl_generator_py/dave_interfaces/_dave_interfaces_s.ep.rosidl_typesupport_c.c.o[0m
[55.846s] [ 96%] [32mBuilding C object CMakeFiles/dave_interfaces_s__rosidl_typesupport_introspection_c.dir/rosidl_generator_py/dave_interfaces/_dave_interfaces_s.ep.rosidl_typesupport_introspection_c.c.o[0m
[56.174s] [ 97%] [32m[1mLinking C shared module rosidl_generator_py/dave_interfaces/dave_interfaces_s__rosidl_typesupport_c.so[0m
[56.232s] [ 97%] Built target dave_interfaces_s__rosidl_typesupport_c
[56.263s] [ 98%] [32m[1mLinking C shared module rosidl_generator_py/dave_interfaces/dave_interfaces_s__rosidl_typesupport_introspection_c.so[0m
[56.271s] [100%] [32m[1mLinking C shared module rosidl_generator_py/dave_interfaces/dave_interfaces_s__rosidl_typesupport_fastrtps_c.so[0m
[56.317s] [100%] Built target dave_interfaces_s__rosidl_typesupport_introspection_c
[56.325s] [100%] Built target dave_interfaces_s__rosidl_typesupport_fastrtps_c
[56.344s] Invoked command in '/home/abhimanyu/dave_ws/src/dave/build/dave_interfaces' returned '0': CMAKE_PREFIX_PATH=${CMAKE_PREFIX_PATH}:/home/abhimanyu/dave_ws/src/install/dave_worlds:/home/abhimanyu/dave_ws/src/install/dave_sensor_models:/home/abhimanyu/dave_ws/src/install/dave_robot_models:/home/abhimanyu/dave_ws/src/install/dave_robot_launch:/home/abhimanyu/dave_ws/src/install/dave_object_models:/home/abhimanyu/dave_ws/src/install/dave_demos:/home/abhimanyu/dave_ws/src/install/dave:/home/abhimanyu/MIR_Project_2024/glassy_challenge_ws/install/glassy_challenge /usr/bin/cmake --build /home/abhimanyu/dave_ws/src/dave/build/dave_interfaces -- -j4 -l4
[56.679s] Invoking command in '/home/abhimanyu/dave_ws/src/dave/build/dave_interfaces': CMAKE_PREFIX_PATH=${CMAKE_PREFIX_PATH}:/home/abhimanyu/dave_ws/src/install/dave_worlds:/home/abhimanyu/dave_ws/src/install/dave_sensor_models:/home/abhimanyu/dave_ws/src/install/dave_robot_models:/home/abhimanyu/dave_ws/src/install/dave_robot_launch:/home/abhimanyu/dave_ws/src/install/dave_object_models:/home/abhimanyu/dave_ws/src/install/dave_demos:/home/abhimanyu/dave_ws/src/install/dave:/home/abhimanyu/MIR_Project_2024/glassy_challenge_ws/install/glassy_challenge /usr/bin/cmake --install /home/abhimanyu/dave_ws/src/dave/build/dave_interfaces
[56.691s] -- Install configuration: ""
[56.691s] -- Installing: /home/abhimanyu/dave_ws/src/dave/install/dave_interfaces/share/ament_index/resource_index/rosidl_interfaces/dave_interfaces
[56.692s] -- Installing: /home/abhimanyu/dave_ws/src/dave/install/dave_interfaces/share/dave_interfaces/msg/UsblCommand.json
[56.692s] -- Installing: /home/abhimanyu/dave_ws/src/dave/install/dave_interfaces/share/dave_interfaces/msg/UsblResponse.json
[56.692s] -- Installing: /home/abhimanyu/dave_ws/src/dave/install/dave_interfaces/share/dave_interfaces/msg/Location.json
[56.692s] -- Installing: /home/abhimanyu/dave_ws/src/dave/install/dave_interfaces/share/dave_interfaces/srv/SetOriginSphericalCoord.json
[56.693s] -- Installing: /home/abhimanyu/dave_ws/src/dave/install/dave_interfaces/share/dave_interfaces/srv/GetOriginSphericalCoord.json
[56.693s] -- Installing: /home/abhimanyu/dave_ws/src/dave/install/dave_interfaces/share/dave_interfaces/srv/TransformToSphericalCoord.json
[56.693s] -- Installing: /home/abhimanyu/dave_ws/src/dave/install/dave_interfaces/share/dave_interfaces/srv/TransformFromSphericalCoord.json
[56.693s] -- Installing: /home/abhimanyu/dave_ws/src/dave/install/dave_interfaces/include/dave_interfaces/dave_interfaces
[56.693s] -- Installing: /home/abhimanyu/dave_ws/src/dave/install/dave_interfaces/include/dave_interfaces/dave_interfaces/msg
[56.694s] -- Installing: /home/abhimanyu/dave_ws/src/dave/install/dave_interfaces/include/dave_interfaces/dave_interfaces/msg/usbl_response.h
[56.694s] -- Installing: /home/abhimanyu/dave_ws/src/dave/install/dave_interfaces/include/dave_interfaces/dave_interfaces/msg/rosidl_generator_c__visibility_control.h
[56.694s] -- Installing: /home/abhimanyu/dave_ws/src/dave/install/dave_interfaces/include/dave_interfaces/dave_interfaces/msg/detail
[56.695s] -- Installing: /home/abhimanyu/dave_ws/src/dave/install/dave_interfaces/include/dave_interfaces/dave_interfaces/msg/detail/usbl_response__type_support.c
[56.695s] -- Installing: /home/abhimanyu/dave_ws/src/dave/install/dave_interfaces/include/dave_interfaces/dave_interfaces/msg/detail/location__functions.h
[56.695s] -- Installing: /home/abhimanyu/dave_ws/src/dave/install/dave_interfaces/include/dave_interfaces/dave_interfaces/msg/detail/usbl_command__functions.c
[56.695s] -- Installing: /home/abhimanyu/dave_ws/src/dave/install/dave_interfaces/include/dave_interfaces/dave_interfaces/msg/detail/usbl_command__type_support.c
[56.695s] -- Installing: /home/abhimanyu/dave_ws/src/dave/install/dave_interfaces/include/dave_interfaces/dave_interfaces/msg/detail/usbl_command__type_support.h
[56.695s] -- Installing: /home/abhimanyu/dave_ws/src/dave/install/dave_interfaces/include/dave_interfaces/dave_interfaces/msg/detail/usbl_command__functions.h
[56.696s] -- Installing: /home/abhimanyu/dave_ws/src/dave/install/dave_interfaces/include/dave_interfaces/dave_interfaces/msg/detail/location__type_support.c
[56.696s] -- Installing: /home/abhimanyu/dave_ws/src/dave/install/dave_interfaces/include/dave_interfaces/dave_interfaces/msg/detail/usbl_response__struct.h
[56.696s] -- Installing: /home/abhimanyu/dave_ws/src/dave/install/dave_interfaces/include/dave_interfaces/dave_interfaces/msg/detail/location__description.c
[56.696s] -- Installing: /home/abhimanyu/dave_ws/src/dave/install/dave_interfaces/include/dave_interfaces/dave_interfaces/msg/detail/usbl_response__functions.h
[56.696s] -- Installing: /home/abhimanyu/dave_ws/src/dave/install/dave_interfaces/include/dave_interfaces/dave_interfaces/msg/detail/location__type_support.h
[56.696s] -- Installing: /home/abhimanyu/dave_ws/src/dave/install/dave_interfaces/include/dave_interfaces/dave_interfaces/msg/detail/usbl_command__struct.h
[56.697s] -- Installing: /home/abhimanyu/dave_ws/src/dave/install/dave_interfaces/include/dave_interfaces/dave_interfaces/msg/detail/usbl_response__type_support.h
[56.697s] -- Installing: /home/abhimanyu/dave_ws/src/dave/install/dave_interfaces/include/dave_interfaces/dave_interfaces/msg/detail/location__functions.c
[56.697s] -- Installing: /home/abhimanyu/dave_ws/src/dave/install/dave_interfaces/include/dave_interfaces/dave_interfaces/msg/detail/location__struct.h
[56.697s] -- Installing: /home/abhimanyu/dave_ws/src/dave/install/dave_interfaces/include/dave_interfaces/dave_interfaces/msg/detail/usbl_response__description.c
[56.697s] -- Installing: /home/abhimanyu/dave_ws/src/dave/install/dave_interfaces/include/dave_interfaces/dave_interfaces/msg/detail/usbl_response__functions.c
[56.698s] -- Installing: /home/abhimanyu/dave_ws/src/dave/install/dave_interfaces/include/dave_interfaces/dave_interfaces/msg/detail/usbl_command__description.c
[56.698s] -- Installing: /home/abhimanyu/dave_ws/src/dave/install/dave_interfaces/include/dave_interfaces/dave_interfaces/msg/location.h
[56.698s] -- Installing: /home/abhimanyu/dave_ws/src/dave/install/dave_interfaces/include/dave_interfaces/dave_interfaces/msg/usbl_command.h
[56.698s] -- Installing: /home/abhimanyu/dave_ws/src/dave/install/dave_interfaces/include/dave_interfaces/dave_interfaces/srv
[56.699s] -- Installing: /home/abhimanyu/dave_ws/src/dave/install/dave_interfaces/include/dave_interfaces/dave_interfaces/srv/transform_to_spherical_coord.h
[56.699s] -- Installing: /home/abhimanyu/dave_ws/src/dave/install/dave_interfaces/include/dave_interfaces/dave_interfaces/srv/set_origin_spherical_coord.h
[56.699s] -- Installing: /home/abhimanyu/dave_ws/src/dave/install/dave_interfaces/include/dave_interfaces/dave_interfaces/srv/detail
[56.700s] -- Installing: /home/abhimanyu/dave_ws/src/dave/install/dave_interfaces/include/dave_interfaces/dave_interfaces/srv/detail/transform_from_spherical_coord__type_support.h
[56.700s] -- Installing: /home/abhimanyu/dave_ws/src/dave/install/dave_interfaces/include/dave_interfaces/dave_interfaces/srv/detail/transform_to_spherical_coord__type_support.h
[56.700s] -- Installing: /home/abhimanyu/dave_ws/src/dave/install/dave_interfaces/include/dave_interfaces/dave_interfaces/srv/detail/transform_from_spherical_coord__functions.h
[56.700s] -- Installing: /home/abhimanyu/dave_ws/src/dave/install/dave_interfaces/include/dave_interfaces/dave_interfaces/srv/detail/set_origin_spherical_coord__description.c
[56.701s] -- Installing: /home/abhimanyu/dave_ws/src/dave/install/dave_interfaces/include/dave_interfaces/dave_interfaces/srv/detail/get_origin_spherical_coord__functions.c
[56.701s] -- Installing: /home/abhimanyu/dave_ws/src/dave/install/dave_interfaces/include/dave_interfaces/dave_interfaces/srv/detail/transform_to_spherical_coord__functions.c
[56.701s] -- Installing: /home/abhimanyu/dave_ws/src/dave/install/dave_interfaces/include/dave_interfaces/dave_interfaces/srv/detail/transform_from_spherical_coord__description.c
[56.702s] -- Installing: /home/abhimanyu/dave_ws/src/dave/install/dave_interfaces/include/dave_interfaces/dave_interfaces/srv/detail/set_origin_spherical_coord__type_support.c
[56.702s] -- Installing: /home/abhimanyu/dave_ws/src/dave/install/dave_interfaces/include/dave_interfaces/dave_interfaces/srv/detail/set_origin_spherical_coord__functions.h
[56.702s] -- Installing: /home/abhimanyu/dave_ws/src/dave/install/dave_interfaces/include/dave_interfaces/dave_interfaces/srv/detail/transform_to_spherical_coord__type_support.c
[56.702s] -- Installing: /home/abhimanyu/dave_ws/src/dave/install/dave_interfaces/include/dave_interfaces/dave_interfaces/srv/detail/get_origin_spherical_coord__type_support.c
[56.703s] -- Installing: /home/abhimanyu/dave_ws/src/dave/install/dave_interfaces/include/dave_interfaces/dave_interfaces/srv/detail/get_origin_spherical_coord__description.c
[56.703s] -- Installing: /home/abhimanyu/dave_ws/src/dave/install/dave_interfaces/include/dave_interfaces/dave_interfaces/srv/detail/transform_to_spherical_coord__functions.h
[56.703s] -- Installing: /home/abhimanyu/dave_ws/src/dave/install/dave_interfaces/include/dave_interfaces/dave_interfaces/srv/detail/set_origin_spherical_coord__type_support.h
[56.703s] -- Installing: /home/abhimanyu/dave_ws/src/dave/install/dave_interfaces/include/dave_interfaces/dave_interfaces/srv/detail/get_origin_spherical_coord__functions.h
[56.704s] -- Installing: /home/abhimanyu/dave_ws/src/dave/install/dave_interfaces/include/dave_interfaces/dave_interfaces/srv/detail/transform_to_spherical_coord__struct.h
[56.704s] -- Installing: /home/abhimanyu/dave_ws/src/dave/install/dave_interfaces/include/dave_interfaces/dave_interfaces/srv/detail/set_origin_spherical_coord__struct.h
[56.704s] -- Installing: /home/abhimanyu/dave_ws/src/dave/install/dave_interfaces/include/dave_interfaces/dave_interfaces/srv/detail/transform_from_spherical_coord__functions.c
[56.704s] -- Installing: /home/abhimanyu/dave_ws/src/dave/install/dave_interfaces/include/dave_interfaces/dave_interfaces/srv/detail/transform_from_spherical_coord__type_support.c
[56.705s] -- Installing: /home/abhimanyu/dave_ws/src/dave/install/dave_interfaces/include/dave_interfaces/dave_interfaces/srv/detail/set_origin_spherical_coord__functions.c
[56.706s] -- Installing: /home/abhimanyu/dave_ws/src/dave/install/dave_interfaces/include/dave_interfaces/dave_interfaces/srv/detail/transform_from_spherical_coord__struct.h
[56.706s] -- Installing: /home/abhimanyu/dave_ws/src/dave/install/dave_interfaces/include/dave_interfaces/dave_interfaces/srv/detail/get_origin_spherical_coord__struct.h
[56.707s] -- Installing: /home/abhimanyu/dave_ws/src/dave/install/dave_interfaces/include/dave_interfaces/dave_interfaces/srv/detail/transform_to_spherical_coord__description.c
[56.707s] -- Installing: /home/abhimanyu/dave_ws/src/dave/install/dave_interfaces/include/dave_interfaces/dave_interfaces/srv/detail/get_origin_spherical_coord__type_support.h
[56.707s] -- Installing: /home/abhimanyu/dave_ws/src/dave/install/dave_interfaces/include/dave_interfaces/dave_interfaces/srv/get_origin_spherical_coord.h
[56.712s] -- Installing: /home/abhimanyu/dave_ws/src/dave/install/dave_interfaces/include/dave_interfaces/dave_interfaces/srv/transform_from_spherical_coord.h
[56.713s] -- Installing: /home/abhimanyu/dave_ws/src/dave/install/dave_interfaces/share/dave_interfaces/environment/library_path.sh
[56.713s] -- Installing: /home/abhimanyu/dave_ws/src/dave/install/dave_interfaces/share/dave_interfaces/environment/library_path.dsv
[56.714s] -- Installing: /home/abhimanyu/dave_ws/src/dave/install/dave_interfaces/lib/libdave_interfaces__rosidl_generator_c.so
[56.714s] -- Set non-toolchain portion of runtime path of "/home/abhimanyu/dave_ws/src/dave/install/dave_interfaces/lib/libdave_interfaces__rosidl_generator_c.so" to ""
[56.714s] -- Up-to-date: /home/abhimanyu/dave_ws/src/dave/install/dave_interfaces/include/dave_interfaces/dave_interfaces
[56.714s] -- Up-to-date: /home/abhimanyu/dave_ws/src/dave/install/dave_interfaces/include/dave_interfaces/dave_interfaces/msg
[56.714s] -- Up-to-date: /home/abhimanyu/dave_ws/src/dave/install/dave_interfaces/include/dave_interfaces/dave_interfaces/msg/detail
[56.714s] -- Installing: /home/abhimanyu/dave_ws/src/dave/install/dave_interfaces/include/dave_interfaces/dave_interfaces/msg/detail/usbl_response__rosidl_typesupport_fastrtps_c.h
[56.715s] -- Installing: /home/abhimanyu/dave_ws/src/dave/install/dave_interfaces/include/dave_interfaces/dave_interfaces/msg/detail/usbl_command__rosidl_typesupport_fastrtps_c.h
[56.715s] -- Installing: /home/abhimanyu/dave_ws/src/dave/install/dave_interfaces/include/dave_interfaces/dave_interfaces/msg/detail/location__rosidl_typesupport_fastrtps_c.h
[56.716s] -- Installing: /home/abhimanyu/dave_ws/src/dave/install/dave_interfaces/include/dave_interfaces/dave_interfaces/msg/rosidl_typesupport_fastrtps_c__visibility_control.h
[56.716s] -- Up-to-date: /home/abhimanyu/dave_ws/src/dave/install/dave_interfaces/include/dave_interfaces/dave_interfaces/srv
[56.716s] -- Up-to-date: /home/abhimanyu/dave_ws/src/dave/install/dave_interfaces/include/dave_interfaces/dave_interfaces/srv/detail
[56.716s] -- Installing: /home/abhimanyu/dave_ws/src/dave/install/dave_interfaces/include/dave_interfaces/dave_interfaces/srv/detail/get_origin_spherical_coord__rosidl_typesupport_fastrtps_c.h
[56.716s] -- Installing: /home/abhimanyu/dave_ws/src/dave/install/dave_interfaces/include/dave_interfaces/dave_interfaces/srv/detail/transform_from_spherical_coord__rosidl_typesupport_fastrtps_c.h
[56.716s] -- Installing: /home/abhimanyu/dave_ws/src/dave/install/dave_interfaces/include/dave_interfaces/dave_interfaces/srv/detail/transform_to_spherical_coord__rosidl_typesupport_fastrtps_c.h
[56.717s] -- Installing: /home/abhimanyu/dave_ws/src/dave/install/dave_interfaces/include/dave_interfaces/dave_interfaces/srv/detail/set_origin_spherical_coord__rosidl_typesupport_fastrtps_c.h
[56.717s] -- Installing: /home/abhimanyu/dave_ws/src/dave/install/dave_interfaces/lib/libdave_interfaces__rosidl_typesupport_fastrtps_c.so
[56.717s] -- Set non-toolchain portion of runtime path of "/home/abhimanyu/dave_ws/src/dave/install/dave_interfaces/lib/libdave_interfaces__rosidl_typesupport_fastrtps_c.so" to ""
[56.717s] -- Up-to-date: /home/abhimanyu/dave_ws/src/dave/install/dave_interfaces/include/dave_interfaces/dave_interfaces
[56.717s] -- Up-to-date: /home/abhimanyu/dave_ws/src/dave/install/dave_interfaces/include/dave_interfaces/dave_interfaces/msg
[56.718s] -- Installing: /home/abhimanyu/dave_ws/src/dave/install/dave_interfaces/include/dave_interfaces/dave_interfaces/msg/usbl_response.hpp
[56.718s] -- Installing: /home/abhimanyu/dave_ws/src/dave/install/dave_interfaces/include/dave_interfaces/dave_interfaces/msg/location.hpp
[56.718s] -- Installing: /home/abhimanyu/dave_ws/src/dave/install/dave_interfaces/include/dave_interfaces/dave_interfaces/msg/usbl_command.hpp
[56.718s] -- Up-to-date: /home/abhimanyu/dave_ws/src/dave/install/dave_interfaces/include/dave_interfaces/dave_interfaces/msg/detail
[56.719s] -- Installing: /home/abhimanyu/dave_ws/src/dave/install/dave_interfaces/include/dave_interfaces/dave_interfaces/msg/detail/usbl_response__builder.hpp
[56.719s] -- Installing: /home/abhimanyu/dave_ws/src/dave/install/dave_interfaces/include/dave_interfaces/dave_interfaces/msg/detail/location__builder.hpp
[56.719s] -- Installing: /home/abhimanyu/dave_ws/src/dave/install/dave_interfaces/include/dave_interfaces/dave_interfaces/msg/detail/location__traits.hpp
[56.719s] -- Installing: /home/abhimanyu/dave_ws/src/dave/install/dave_interfaces/include/dave_interfaces/dave_interfaces/msg/detail/usbl_response__struct.hpp
[56.719s] -- Installing: /home/abhimanyu/dave_ws/src/dave/install/dave_interfaces/include/dave_interfaces/dave_interfaces/msg/detail/usbl_command__type_support.hpp
[56.720s] -- Installing: /home/abhimanyu/dave_ws/src/dave/install/dave_interfaces/include/dave_interfaces/dave_interfaces/msg/detail/usbl_response__traits.hpp
[56.720s] -- Installing: /home/abhimanyu/dave_ws/src/dave/install/dave_interfaces/include/dave_interfaces/dave_interfaces/msg/detail/location__type_support.hpp
[56.720s] -- Installing: /home/abhimanyu/dave_ws/src/dave/install/dave_interfaces/include/dave_interfaces/dave_interfaces/msg/detail/usbl_command__struct.hpp
[56.720s] -- Installing: /home/abhimanyu/dave_ws/src/dave/install/dave_interfaces/include/dave_interfaces/dave_interfaces/msg/detail/usbl_command__traits.hpp
[56.720s] -- Installing: /home/abhimanyu/dave_ws/src/dave/install/dave_interfaces/include/dave_interfaces/dave_interfaces/msg/detail/usbl_response__type_support.hpp
[56.720s] -- Installing: /home/abhimanyu/dave_ws/src/dave/install/dave_interfaces/include/dave_interfaces/dave_interfaces/msg/detail/location__struct.hpp
[56.721s] -- Installing: /home/abhimanyu/dave_ws/src/dave/install/dave_interfaces/include/dave_interfaces/dave_interfaces/msg/detail/usbl_command__builder.hpp
[56.721s] -- Installing: /home/abhimanyu/dave_ws/src/dave/install/dave_interfaces/include/dave_interfaces/dave_interfaces/msg/rosidl_generator_cpp__visibility_control.hpp
[56.721s] -- Up-to-date: /home/abhimanyu/dave_ws/src/dave/install/dave_interfaces/include/dave_interfaces/dave_interfaces/srv
[56.721s] -- Installing: /home/abhimanyu/dave_ws/src/dave/install/dave_interfaces/include/dave_interfaces/dave_interfaces/srv/set_origin_spherical_coord.hpp
[56.721s] -- Up-to-date: /home/abhimanyu/dave_ws/src/dave/install/dave_interfaces/include/dave_interfaces/dave_interfaces/srv/detail
[56.721s] -- Installing: /home/abhimanyu/dave_ws/src/dave/install/dave_interfaces/include/dave_interfaces/dave_interfaces/srv/detail/set_origin_spherical_coord__type_support.hpp
[56.722s] -- Installing: /home/abhimanyu/dave_ws/src/dave/install/dave_interfaces/include/dave_interfaces/dave_interfaces/srv/detail/get_origin_spherical_coord__builder.hpp
[56.722s] -- Installing: /home/abhimanyu/dave_ws/src/dave/install/dave_interfaces/include/dave_interfaces/dave_interfaces/srv/detail/transform_to_spherical_coord__builder.hpp
[56.722s] -- Installing: /home/abhimanyu/dave_ws/src/dave/install/dave_interfaces/include/dave_interfaces/dave_interfaces/srv/detail/transform_to_spherical_coord__traits.hpp
[56.722s] -- Installing: /home/abhimanyu/dave_ws/src/dave/install/dave_interfaces/include/dave_interfaces/dave_interfaces/srv/detail/get_origin_spherical_coord__type_support.hpp
[56.722s] -- Installing: /home/abhimanyu/dave_ws/src/dave/install/dave_interfaces/include/dave_interfaces/dave_interfaces/srv/detail/transform_from_spherical_coord__struct.hpp
[56.723s] -- Installing: /home/abhimanyu/dave_ws/src/dave/install/dave_interfaces/include/dave_interfaces/dave_interfaces/srv/detail/transform_to_spherical_coord__struct.hpp
[56.723s] -- Installing: /home/abhimanyu/dave_ws/src/dave/install/dave_interfaces/include/dave_interfaces/dave_interfaces/srv/detail/transform_to_spherical_coord__type_support.hpp
[56.723s] -- Installing: /home/abhimanyu/dave_ws/src/dave/install/dave_interfaces/include/dave_interfaces/dave_interfaces/srv/detail/set_origin_spherical_coord__traits.hpp
[56.723s] -- Installing: /home/abhimanyu/dave_ws/src/dave/install/dave_interfaces/include/dave_interfaces/dave_interfaces/srv/detail/get_origin_spherical_coord__struct.hpp
[56.724s] -- Installing: /home/abhimanyu/dave_ws/src/dave/install/dave_interfaces/include/dave_interfaces/dave_interfaces/srv/detail/set_origin_spherical_coord__builder.hpp
[56.724s] -- Installing: /home/abhimanyu/dave_ws/src/dave/install/dave_interfaces/include/dave_interfaces/dave_interfaces/srv/detail/transform_from_spherical_coord__traits.hpp
[56.724s] -- Installing: /home/abhimanyu/dave_ws/src/dave/install/dave_interfaces/include/dave_interfaces/dave_interfaces/srv/detail/transform_from_spherical_coord__type_support.hpp
[56.724s] -- Installing: /home/abhimanyu/dave_ws/src/dave/install/dave_interfaces/include/dave_interfaces/dave_interfaces/srv/detail/transform_from_spherical_coord__builder.hpp
[56.724s] -- Installing: /home/abhimanyu/dave_ws/src/dave/install/dave_interfaces/include/dave_interfaces/dave_interfaces/srv/detail/set_origin_spherical_coord__struct.hpp
[56.725s] -- Installing: /home/abhimanyu/dave_ws/src/dave/install/dave_interfaces/include/dave_interfaces/dave_interfaces/srv/detail/get_origin_spherical_coord__traits.hpp
[56.725s] -- Installing: /home/abhimanyu/dave_ws/src/dave/install/dave_interfaces/include/dave_interfaces/dave_interfaces/srv/get_origin_spherical_coord.hpp
[56.726s] -- Installing: /home/abhimanyu/dave_ws/src/dave/install/dave_interfaces/include/dave_interfaces/dave_interfaces/srv/transform_to_spherical_coord.hpp
[56.726s] -- Installing: /home/abhimanyu/dave_ws/src/dave/install/dave_interfaces/include/dave_interfaces/dave_interfaces/srv/transform_from_spherical_coord.hpp
[56.727s] -- Up-to-date: /home/abhimanyu/dave_ws/src/dave/install/dave_interfaces/include/dave_interfaces/dave_interfaces
[56.727s] -- Up-to-date: /home/abhimanyu/dave_ws/src/dave/install/dave_interfaces/include/dave_interfaces/dave_interfaces/msg
[56.728s] -- Up-to-date: /home/abhimanyu/dave_ws/src/dave/install/dave_interfaces/include/dave_interfaces/dave_interfaces/msg/detail
[56.729s] -- Installing: /home/abhimanyu/dave_ws/src/dave/install/dave_interfaces/include/dave_interfaces/dave_interfaces/msg/detail/dds_fastrtps
[56.729s] -- Installing: /home/abhimanyu/dave_ws/src/dave/install/dave_interfaces/include/dave_interfaces/dave_interfaces/msg/detail/location__rosidl_typesupport_fastrtps_cpp.hpp
[56.732s] -- Installing: /home/abhimanyu/dave_ws/src/dave/install/dave_interfaces/include/dave_interfaces/dave_interfaces/msg/detail/usbl_command__rosidl_typesupport_fastrtps_cpp.hpp
[56.732s] -- Installing: /home/abhimanyu/dave_ws/src/dave/install/dave_interfaces/include/dave_interfaces/dave_interfaces/msg/detail/usbl_response__rosidl_typesupport_fastrtps_cpp.hpp
[56.732s] -- Installing: /home/abhimanyu/dave_ws/src/dave/install/dave_interfaces/include/dave_interfaces/dave_interfaces/msg/rosidl_typesupport_fastrtps_cpp__visibility_control.h
[56.733s] -- Up-to-date: /home/abhimanyu/dave_ws/src/dave/install/dave_interfaces/include/dave_interfaces/dave_interfaces/srv
[56.733s] -- Up-to-date: /home/abhimanyu/dave_ws/src/dave/install/dave_interfaces/include/dave_interfaces/dave_interfaces/srv/detail
[56.733s] -- Installing: /home/abhimanyu/dave_ws/src/dave/install/dave_interfaces/include/dave_interfaces/dave_interfaces/srv/detail/get_origin_spherical_coord__rosidl_typesupport_fastrtps_cpp.hpp
[56.734s] -- Installing: /home/abhimanyu/dave_ws/src/dave/install/dave_interfaces/include/dave_interfaces/dave_interfaces/srv/detail/dds_fastrtps
[56.738s] -- Installing: /home/abhimanyu/dave_ws/src/dave/install/dave_interfaces/include/dave_interfaces/dave_interfaces/srv/detail/transform_from_spherical_coord__rosidl_typesupport_fastrtps_cpp.hpp
[56.738s] -- Installing: /home/abhimanyu/dave_ws/src/dave/install/dave_interfaces/include/dave_interfaces/dave_interfaces/srv/detail/transform_to_spherical_coord__rosidl_typesupport_fastrtps_cpp.hpp
[56.738s] -- Installing: /home/abhimanyu/dave_ws/src/dave/install/dave_interfaces/include/dave_interfaces/dave_interfaces/srv/detail/set_origin_spherical_coord__rosidl_typesupport_fastrtps_cpp.hpp
[56.739s] -- Installing: /home/abhimanyu/dave_ws/src/dave/install/dave_interfaces/lib/libdave_interfaces__rosidl_typesupport_fastrtps_cpp.so
[56.739s] -- Set non-toolchain portion of runtime path of "/home/abhimanyu/dave_ws/src/dave/install/dave_interfaces/lib/libdave_interfaces__rosidl_typesupport_fastrtps_cpp.so" to ""
[56.739s] -- Up-to-date: /home/abhimanyu/dave_ws/src/dave/install/dave_interfaces/include/dave_interfaces/dave_interfaces
[56.740s] -- Up-to-date: /home/abhimanyu/dave_ws/src/dave/install/dave_interfaces/include/dave_interfaces/dave_interfaces/msg
[56.740s] -- Up-to-date: /home/abhimanyu/dave_ws/src/dave/install/dave_interfaces/include/dave_interfaces/dave_interfaces/msg/detail
[56.740s] -- Installing: /home/abhimanyu/dave_ws/src/dave/install/dave_interfaces/include/dave_interfaces/dave_interfaces/msg/detail/usbl_response__type_support.c
[56.740s] -- Installing: /home/abhimanyu/dave_ws/src/dave/install/dave_interfaces/include/dave_interfaces/dave_interfaces/msg/detail/location__rosidl_typesupport_introspection_c.h
[56.741s] -- Installing: /home/abhimanyu/dave_ws/src/dave/install/dave_interfaces/include/dave_interfaces/dave_interfaces/msg/detail/usbl_command__type_support.c
[56.741s] -- Installing: /home/abhimanyu/dave_ws/src/dave/install/dave_interfaces/include/dave_interfaces/dave_interfaces/msg/detail/usbl_response__rosidl_typesupport_introspection_c.h
[56.741s] -- Installing: /home/abhimanyu/dave_ws/src/dave/install/dave_interfaces/include/dave_interfaces/dave_interfaces/msg/detail/location__type_support.c
[56.741s] -- Installing: /home/abhimanyu/dave_ws/src/dave/install/dave_interfaces/include/dave_interfaces/dave_interfaces/msg/detail/usbl_command__rosidl_typesupport_introspection_c.h
[56.742s] -- Installing: /home/abhimanyu/dave_ws/src/dave/install/dave_interfaces/include/dave_interfaces/dave_interfaces/msg/rosidl_typesupport_introspection_c__visibility_control.h
[56.742s] -- Up-to-date: /home/abhimanyu/dave_ws/src/dave/install/dave_interfaces/include/dave_interfaces/dave_interfaces/srv
[56.743s] -- Up-to-date: /home/abhimanyu/dave_ws/src/dave/install/dave_interfaces/include/dave_interfaces/dave_interfaces/srv/detail
[56.743s] -- Installing: /home/abhimanyu/dave_ws/src/dave/install/dave_interfaces/include/dave_interfaces/dave_interfaces/srv/detail/transform_from_spherical_coord__rosidl_typesupport_introspection_c.h
[56.744s] -- Installing: /home/abhimanyu/dave_ws/src/dave/install/dave_interfaces/include/dave_interfaces/dave_interfaces/srv/detail/set_origin_spherical_coord__rosidl_typesupport_introspection_c.h
[56.744s] -- Installing: /home/abhimanyu/dave_ws/src/dave/install/dave_interfaces/include/dave_interfaces/dave_interfaces/srv/detail/transform_to_spherical_coord__rosidl_typesupport_introspection_c.h
[56.745s] -- Installing: /home/abhimanyu/dave_ws/src/dave/install/dave_interfaces/include/dave_interfaces/dave_interfaces/srv/detail/set_origin_spherical_coord__type_support.c
[56.745s] -- Installing: /home/abhimanyu/dave_ws/src/dave/install/dave_interfaces/include/dave_interfaces/dave_interfaces/srv/detail/transform_to_spherical_coord__type_support.c
[56.746s] -- Installing: /home/abhimanyu/dave_ws/src/dave/install/dave_interfaces/include/dave_interfaces/dave_interfaces/srv/detail/get_origin_spherical_coord__type_support.c
[56.747s] -- Installing: /home/abhimanyu/dave_ws/src/dave/install/dave_interfaces/include/dave_interfaces/dave_interfaces/srv/detail/get_origin_spherical_coord__rosidl_typesupport_introspection_c.h
[56.748s] -- Installing: /home/abhimanyu/dave_ws/src/dave/install/dave_interfaces/include/dave_interfaces/dave_interfaces/srv/detail/transform_from_spherical_coord__type_support.c
[56.748s] -- Installing: /home/abhimanyu/dave_ws/src/dave/install/dave_interfaces/lib/libdave_interfaces__rosidl_typesupport_introspection_c.so
[56.748s] -- Set non-toolchain portion of runtime path of "/home/abhimanyu/dave_ws/src/dave/install/dave_interfaces/lib/libdave_interfaces__rosidl_typesupport_introspection_c.so" to ""
[56.748s] -- Installing: /home/abhimanyu/dave_ws/src/dave/install/dave_interfaces/lib/libdave_interfaces__rosidl_typesupport_c.so
[56.749s] -- Set non-toolchain portion of runtime path of "/home/abhimanyu/dave_ws/src/dave/install/dave_interfaces/lib/libdave_interfaces__rosidl_typesupport_c.so" to ""
[56.749s] -- Up-to-date: /home/abhimanyu/dave_ws/src/dave/install/dave_interfaces/include/dave_interfaces/dave_interfaces
[56.749s] -- Up-to-date: /home/abhimanyu/dave_ws/src/dave/install/dave_interfaces/include/dave_interfaces/dave_interfaces/msg
[56.749s] -- Up-to-date: /home/abhimanyu/dave_ws/src/dave/install/dave_interfaces/include/dave_interfaces/dave_interfaces/msg/detail
[56.749s] -- Installing: /home/abhimanyu/dave_ws/src/dave/install/dave_interfaces/include/dave_interfaces/dave_interfaces/msg/detail/usbl_command__type_support.cpp
[56.750s] -- Installing: /home/abhimanyu/dave_ws/src/dave/install/dave_interfaces/include/dave_interfaces/dave_interfaces/msg/detail/location__rosidl_typesupport_introspection_cpp.hpp
[56.750s] -- Installing: /home/abhimanyu/dave_ws/src/dave/install/dave_interfaces/include/dave_interfaces/dave_interfaces/msg/detail/usbl_command__rosidl_typesupport_introspection_cpp.hpp
[56.750s] -- Installing: /home/abhimanyu/dave_ws/src/dave/install/dave_interfaces/include/dave_interfaces/dave_interfaces/msg/detail/usbl_response__type_support.cpp
[56.750s] -- Installing: /home/abhimanyu/dave_ws/src/dave/install/dave_interfaces/include/dave_interfaces/dave_interfaces/msg/detail/usbl_response__rosidl_typesupport_introspection_cpp.hpp
[56.750s] -- Installing: /home/abhimanyu/dave_ws/src/dave/install/dave_interfaces/include/dave_interfaces/dave_interfaces/msg/detail/location__type_support.cpp
[56.751s] -- Up-to-date: /home/abhimanyu/dave_ws/src/dave/install/dave_interfaces/include/dave_interfaces/dave_interfaces/srv
[56.751s] -- Up-to-date: /home/abhimanyu/dave_ws/src/dave/install/dave_interfaces/include/dave_interfaces/dave_interfaces/srv/detail
[56.751s] -- Installing: /home/abhimanyu/dave_ws/src/dave/install/dave_interfaces/include/dave_interfaces/dave_interfaces/srv/detail/get_origin_spherical_coord__rosidl_typesupport_introspection_cpp.hpp
[56.751s] -- Installing: /home/abhimanyu/dave_ws/src/dave/install/dave_interfaces/include/dave_interfaces/dave_interfaces/srv/detail/transform_to_spherical_coord__rosidl_typesupport_introspection_cpp.hpp
[56.751s] -- Installing: /home/abhimanyu/dave_ws/src/dave/install/dave_interfaces/include/dave_interfaces/dave_interfaces/srv/detail/set_origin_spherical_coord__type_support.cpp
[56.751s] -- Installing: /home/abhimanyu/dave_ws/src/dave/install/dave_interfaces/include/dave_interfaces/dave_interfaces/srv/detail/transform_to_spherical_coord__type_support.cpp
[56.751s] -- Installing: /home/abhimanyu/dave_ws/src/dave/install/dave_interfaces/include/dave_interfaces/dave_interfaces/srv/detail/get_origin_spherical_coord__type_support.cpp
[56.751s] -- Installing: /home/abhimanyu/dave_ws/src/dave/install/dave_interfaces/include/dave_interfaces/dave_interfaces/srv/detail/set_origin_spherical_coord__rosidl_typesupport_introspection_cpp.hpp
[56.752s] -- Installing: /home/abhimanyu/dave_ws/src/dave/install/dave_interfaces/include/dave_interfaces/dave_interfaces/srv/detail/transform_from_spherical_coord__type_support.cpp
[56.752s] -- Installing: /home/abhimanyu/dave_ws/src/dave/install/dave_interfaces/include/dave_interfaces/dave_interfaces/srv/detail/transform_from_spherical_coord__rosidl_typesupport_introspection_cpp.hpp
[56.752s] -- Installing: /home/abhimanyu/dave_ws/src/dave/install/dave_interfaces/lib/libdave_interfaces__rosidl_typesupport_introspection_cpp.so
[56.752s] -- Set non-toolchain portion of runtime path of "/home/abhimanyu/dave_ws/src/dave/install/dave_interfaces/lib/libdave_interfaces__rosidl_typesupport_introspection_cpp.so" to ""
[56.752s] -- Installing: /home/abhimanyu/dave_ws/src/dave/install/dave_interfaces/lib/libdave_interfaces__rosidl_typesupport_cpp.so
[56.753s] -- Set non-toolchain portion of runtime path of "/home/abhimanyu/dave_ws/src/dave/install/dave_interfaces/lib/libdave_interfaces__rosidl_typesupport_cpp.so" to ""
[56.753s] -- Installing: /home/abhimanyu/dave_ws/src/dave/install/dave_interfaces/share/dave_interfaces/environment/pythonpath.sh
[56.753s] -- Installing: /home/abhimanyu/dave_ws/src/dave/install/dave_interfaces/share/dave_interfaces/environment/pythonpath.dsv
[56.758s] -- Installing: /home/abhimanyu/dave_ws/src/dave/install/dave_interfaces/lib/python3.12/site-packages/dave_interfaces-0.0.0-py3.12.egg-info
[56.758s] -- Installing: /home/abhimanyu/dave_ws/src/dave/install/dave_interfaces/lib/python3.12/site-packages/dave_interfaces-0.0.0-py3.12.egg-info/PKG-INFO
[56.759s] -- Installing: /home/abhimanyu/dave_ws/src/dave/install/dave_interfaces/lib/python3.12/site-packages/dave_interfaces-0.0.0-py3.12.egg-info/top_level.txt
[56.759s] -- Installing: /home/abhimanyu/dave_ws/src/dave/install/dave_interfaces/lib/python3.12/site-packages/dave_interfaces-0.0.0-py3.12.egg-info/dependency_links.txt
[56.759s] -- Installing: /home/abhimanyu/dave_ws/src/dave/install/dave_interfaces/lib/python3.12/site-packages/dave_interfaces-0.0.0-py3.12.egg-info/SOURCES.txt
[56.760s] -- Installing: /home/abhimanyu/dave_ws/src/dave/install/dave_interfaces/lib/python3.12/site-packages/dave_interfaces
[56.760s] -- Installing: /home/abhimanyu/dave_ws/src/dave/install/dave_interfaces/lib/python3.12/site-packages/dave_interfaces/_dave_interfaces_s.ep.rosidl_typesupport_fastrtps_c.c
[56.760s] -- Installing: /home/abhimanyu/dave_ws/src/dave/install/dave_interfaces/lib/python3.12/site-packages/dave_interfaces/_dave_interfaces_s.ep.rosidl_typesupport_introspection_c.c
[56.761s] -- Installing: /home/abhimanyu/dave_ws/src/dave/install/dave_interfaces/lib/python3.12/site-packages/dave_interfaces/msg
[56.761s] -- Installing: /home/abhimanyu/dave_ws/src/dave/install/dave_interfaces/lib/python3.12/site-packages/dave_interfaces/msg/_usbl_response.py
[56.761s] -- Installing: /home/abhimanyu/dave_ws/src/dave/install/dave_interfaces/lib/python3.12/site-packages/dave_interfaces/msg/_usbl_response_s.c
[56.766s] -- Installing: /home/abhimanyu/dave_ws/src/dave/install/dave_interfaces/lib/python3.12/site-packages/dave_interfaces/msg/_usbl_command.py
[56.766s] -- Installing: /home/abhimanyu/dave_ws/src/dave/install/dave_interfaces/lib/python3.12/site-packages/dave_interfaces/msg/_location.py
[56.767s] -- Installing: /home/abhimanyu/dave_ws/src/dave/install/dave_interfaces/lib/python3.12/site-packages/dave_interfaces/msg/__init__.py
[56.767s] -- Installing: /home/abhimanyu/dave_ws/src/dave/install/dave_interfaces/lib/python3.12/site-packages/dave_interfaces/msg/_location_s.c
[56.767s] -- Installing: /home/abhimanyu/dave_ws/src/dave/install/dave_interfaces/lib/python3.12/site-packages/dave_interfaces/msg/_usbl_command_s.c
[56.768s] -- Installing: /home/abhimanyu/dave_ws/src/dave/install/dave_interfaces/lib/python3.12/site-packages/dave_interfaces/_dave_interfaces_s.ep.rosidl_typesupport_c.c
[56.768s] -- Installing: /home/abhimanyu/dave_ws/src/dave/install/dave_interfaces/lib/python3.12/site-packages/dave_interfaces/dave_interfaces_s__rosidl_typesupport_fastrtps_c.so
[56.768s] -- Installing: /home/abhimanyu/dave_ws/src/dave/install/dave_interfaces/lib/python3.12/site-packages/dave_interfaces/__init__.py
[56.768s] -- Installing: /home/abhimanyu/dave_ws/src/dave/install/dave_interfaces/lib/python3.12/site-packages/dave_interfaces/dave_interfaces_s__rosidl_typesupport_c.so
[56.769s] -- Installing: /home/abhimanyu/dave_ws/src/dave/install/dave_interfaces/lib/python3.12/site-packages/dave_interfaces/dave_interfaces_s__rosidl_typesupport_introspection_c.so
[56.769s] -- Installing: /home/abhimanyu/dave_ws/src/dave/install/dave_interfaces/lib/python3.12/site-packages/dave_interfaces/srv
[56.769s] -- Installing: /home/abhimanyu/dave_ws/src/dave/install/dave_interfaces/lib/python3.12/site-packages/dave_interfaces/srv/_transform_to_spherical_coord_s.c
[56.769s] -- Installing: /home/abhimanyu/dave_ws/src/dave/install/dave_interfaces/lib/python3.12/site-packages/dave_interfaces/srv/_set_origin_spherical_coord.py
[56.770s] -- Installing: /home/abhimanyu/dave_ws/src/dave/install/dave_interfaces/lib/python3.12/site-packages/dave_interfaces/srv/__init__.py
[56.770s] -- Installing: /home/abhimanyu/dave_ws/src/dave/install/dave_interfaces/lib/python3.12/site-packages/dave_interfaces/srv/_transform_from_spherical_coord.py
[56.770s] -- Installing: /home/abhimanyu/dave_ws/src/dave/install/dave_interfaces/lib/python3.12/site-packages/dave_interfaces/srv/_transform_from_spherical_coord_s.c
[56.770s] -- Installing: /home/abhimanyu/dave_ws/src/dave/install/dave_interfaces/lib/python3.12/site-packages/dave_interfaces/srv/_get_origin_spherical_coord_s.c
[56.770s] -- Installing: /home/abhimanyu/dave_ws/src/dave/install/dave_interfaces/lib/python3.12/site-packages/dave_interfaces/srv/_transform_to_spherical_coord.py
[56.771s] -- Installing: /home/abhimanyu/dave_ws/src/dave/install/dave_interfaces/lib/python3.12/site-packages/dave_interfaces/srv/_get_origin_spherical_coord.py
[56.771s] -- Installing: /home/abhimanyu/dave_ws/src/dave/install/dave_interfaces/lib/python3.12/site-packages/dave_interfaces/srv/_set_origin_spherical_coord_s.c
[56.860s] Listing '/home/abhimanyu/dave_ws/src/dave/install/dave_interfaces/lib/python3.12/site-packages/dave_interfaces'...
[56.861s] Compiling '/home/abhimanyu/dave_ws/src/dave/install/dave_interfaces/lib/python3.12/site-packages/dave_interfaces/__init__.py'...
[56.861s] Listing '/home/abhimanyu/dave_ws/src/dave/install/dave_interfaces/lib/python3.12/site-packages/dave_interfaces/msg'...
[56.861s] Compiling '/home/abhimanyu/dave_ws/src/dave/install/dave_interfaces/lib/python3.12/site-packages/dave_interfaces/msg/__init__.py'...
[56.861s] Compiling '/home/abhimanyu/dave_ws/src/dave/install/dave_interfaces/lib/python3.12/site-packages/dave_interfaces/msg/_location.py'...
[56.861s] Compiling '/home/abhimanyu/dave_ws/src/dave/install/dave_interfaces/lib/python3.12/site-packages/dave_interfaces/msg/_usbl_command.py'...
[56.862s] Compiling '/home/abhimanyu/dave_ws/src/dave/install/dave_interfaces/lib/python3.12/site-packages/dave_interfaces/msg/_usbl_response.py'...
[56.862s] Listing '/home/abhimanyu/dave_ws/src/dave/install/dave_interfaces/lib/python3.12/site-packages/dave_interfaces/srv'...
[56.862s] Compiling '/home/abhimanyu/dave_ws/src/dave/install/dave_interfaces/lib/python3.12/site-packages/dave_interfaces/srv/__init__.py'...
[56.862s] Compiling '/home/abhimanyu/dave_ws/src/dave/install/dave_interfaces/lib/python3.12/site-packages/dave_interfaces/srv/_get_origin_spherical_coord.py'...
[56.863s] Compiling '/home/abhimanyu/dave_ws/src/dave/install/dave_interfaces/lib/python3.12/site-packages/dave_interfaces/srv/_set_origin_spherical_coord.py'...
[56.863s] Compiling '/home/abhimanyu/dave_ws/src/dave/install/dave_interfaces/lib/python3.12/site-packages/dave_interfaces/srv/_transform_from_spherical_coord.py'...
[56.863s] Compiling '/home/abhimanyu/dave_ws/src/dave/install/dave_interfaces/lib/python3.12/site-packages/dave_interfaces/srv/_transform_to_spherical_coord.py'...
[56.872s] -- Installing: /home/abhimanyu/dave_ws/src/dave/install/dave_interfaces/lib/python3.12/site-packages/dave_interfaces/dave_interfaces_s__rosidl_typesupport_fastrtps_c.so
[56.872s] -- Set non-toolchain portion of runtime path of "/home/abhimanyu/dave_ws/src/dave/install/dave_interfaces/lib/python3.12/site-packages/dave_interfaces/dave_interfaces_s__rosidl_typesupport_fastrtps_c.so" to ""
[56.873s] -- Installing: /home/abhimanyu/dave_ws/src/dave/install/dave_interfaces/lib/python3.12/site-packages/dave_interfaces/dave_interfaces_s__rosidl_typesupport_introspection_c.so
[56.873s] -- Set non-toolchain portion of runtime path of "/home/abhimanyu/dave_ws/src/dave/install/dave_interfaces/lib/python3.12/site-packages/dave_interfaces/dave_interfaces_s__rosidl_typesupport_introspection_c.so" to ""
[56.874s] -- Installing: /home/abhimanyu/dave_ws/src/dave/install/dave_interfaces/lib/python3.12/site-packages/dave_interfaces/dave_interfaces_s__rosidl_typesupport_c.so
[56.875s] -- Set non-toolchain portion of runtime path of "/home/abhimanyu/dave_ws/src/dave/install/dave_interfaces/lib/python3.12/site-packages/dave_interfaces/dave_interfaces_s__rosidl_typesupport_c.so" to ""
[56.875s] -- Installing: /home/abhimanyu/dave_ws/src/dave/install/dave_interfaces/lib/libdave_interfaces__rosidl_generator_py.so
[56.876s] -- Set non-toolchain portion of runtime path of "/home/abhimanyu/dave_ws/src/dave/install/dave_interfaces/lib/libdave_interfaces__rosidl_generator_py.so" to ""
[56.876s] -- Installing: /home/abhimanyu/dave_ws/src/dave/install/dave_interfaces/share/dave_interfaces/msg/UsblCommand.idl
[56.876s] -- Installing: /home/abhimanyu/dave_ws/src/dave/install/dave_interfaces/share/dave_interfaces/msg/UsblResponse.idl
[56.876s] -- Installing: /home/abhimanyu/dave_ws/src/dave/install/dave_interfaces/share/dave_interfaces/msg/Location.idl
[56.877s] -- Installing: /home/abhimanyu/dave_ws/src/dave/install/dave_interfaces/share/dave_interfaces/srv/SetOriginSphericalCoord.idl
[56.878s] -- Installing: /home/abhimanyu/dave_ws/src/dave/install/dave_interfaces/share/dave_interfaces/srv/GetOriginSphericalCoord.idl
[56.878s] -- Installing: /home/abhimanyu/dave_ws/src/dave/install/dave_interfaces/share/dave_interfaces/srv/TransformToSphericalCoord.idl
[56.878s] -- Installing: /home/abhimanyu/dave_ws/src/dave/install/dave_interfaces/share/dave_interfaces/srv/TransformFromSphericalCoord.idl
[56.878s] -- Installing: /home/abhimanyu/dave_ws/src/dave/install/dave_interfaces/share/dave_interfaces/msg/UsblCommand.msg
[56.878s] -- Installing: /home/abhimanyu/dave_ws/src/dave/install/dave_interfaces/share/dave_interfaces/msg/UsblResponse.msg
[56.879s] -- Installing: /home/abhimanyu/dave_ws/src/dave/install/dave_interfaces/share/dave_interfaces/msg/Location.msg
[56.879s] -- Installing: /home/abhimanyu/dave_ws/src/dave/install/dave_interfaces/share/dave_interfaces/srv/SetOriginSphericalCoord.srv
[56.879s] -- Installing: /home/abhimanyu/dave_ws/src/dave/install/dave_interfaces/share/dave_interfaces/srv/GetOriginSphericalCoord.srv
[56.879s] -- Installing: /home/abhimanyu/dave_ws/src/dave/install/dave_interfaces/share/dave_interfaces/srv/TransformToSphericalCoord.srv
[56.880s] -- Installing: /home/abhimanyu/dave_ws/src/dave/install/dave_interfaces/share/dave_interfaces/srv/TransformFromSphericalCoord.srv
[56.880s] -- Installing: /home/abhimanyu/dave_ws/src/dave/install/dave_interfaces/share/dave_interfaces/package.xml
[56.881s] -- Installing: /home/abhimanyu/dave_ws/src/dave/install/dave_interfaces/share/ament_index/resource_index/package_run_dependencies/dave_interfaces
[56.881s] -- Installing: /home/abhimanyu/dave_ws/src/dave/install/dave_interfaces/share/ament_index/resource_index/parent_prefix_path/dave_interfaces
[56.881s] -- Installing: /home/abhimanyu/dave_ws/src/dave/install/dave_interfaces/share/dave_interfaces/environment/ament_prefix_path.sh
[56.881s] -- Installing: /home/abhimanyu/dave_ws/src/dave/install/dave_interfaces/share/dave_interfaces/environment/ament_prefix_path.dsv
[56.882s] -- Installing: /home/abhimanyu/dave_ws/src/dave/install/dave_interfaces/share/dave_interfaces/environment/path.sh
[56.883s] -- Installing: /home/abhimanyu/dave_ws/src/dave/install/dave_interfaces/share/dave_interfaces/environment/path.dsv
[56.883s] -- Installing: /home/abhimanyu/dave_ws/src/dave/install/dave_interfaces/share/dave_interfaces/local_setup.bash
[56.883s] -- Installing: /home/abhimanyu/dave_ws/src/dave/install/dave_interfaces/share/dave_interfaces/local_setup.sh
[56.883s] -- Installing: /home/abhimanyu/dave_ws/src/dave/install/dave_interfaces/share/dave_interfaces/local_setup.zsh
[56.883s] -- Installing: /home/abhimanyu/dave_ws/src/dave/install/dave_interfaces/share/dave_interfaces/local_setup.dsv
[56.884s] -- Installing: /home/abhimanyu/dave_ws/src/dave/install/dave_interfaces/share/dave_interfaces/package.dsv
[56.884s] -- Installing: /home/abhimanyu/dave_ws/src/dave/install/dave_interfaces/share/ament_index/resource_index/packages/dave_interfaces
[56.884s] -- Installing: /home/abhimanyu/dave_ws/src/dave/install/dave_interfaces/share/dave_interfaces/cmake/export_dave_interfaces__rosidl_generator_cExport.cmake
[56.884s] -- Installing: /home/abhimanyu/dave_ws/src/dave/install/dave_interfaces/share/dave_interfaces/cmake/export_dave_interfaces__rosidl_generator_cExport-noconfig.cmake
[56.885s] -- Installing: /home/abhimanyu/dave_ws/src/dave/install/dave_interfaces/share/dave_interfaces/cmake/export_dave_interfaces__rosidl_typesupport_fastrtps_cExport.cmake
[56.885s] -- Installing: /home/abhimanyu/dave_ws/src/dave/install/dave_interfaces/share/dave_interfaces/cmake/export_dave_interfaces__rosidl_typesupport_fastrtps_cExport-noconfig.cmake
[56.886s] -- Installing: /home/abhimanyu/dave_ws/src/dave/install/dave_interfaces/share/dave_interfaces/cmake/export_dave_interfaces__rosidl_generator_cppExport.cmake
[56.887s] -- Installing: /home/abhimanyu/dave_ws/src/dave/install/dave_interfaces/share/dave_interfaces/cmake/export_dave_interfaces__rosidl_typesupport_fastrtps_cppExport.cmake
[56.888s] -- Installing: /home/abhimanyu/dave_ws/src/dave/install/dave_interfaces/share/dave_interfaces/cmake/export_dave_interfaces__rosidl_typesupport_fastrtps_cppExport-noconfig.cmake
[56.888s] -- Installing: /home/abhimanyu/dave_ws/src/dave/install/dave_interfaces/share/dave_interfaces/cmake/dave_interfaces__rosidl_typesupport_introspection_cExport.cmake
[56.889s] -- Installing: /home/abhimanyu/dave_ws/src/dave/install/dave_interfaces/share/dave_interfaces/cmake/dave_interfaces__rosidl_typesupport_introspection_cExport-noconfig.cmake
[56.889s] -- Installing: /home/abhimanyu/dave_ws/src/dave/install/dave_interfaces/share/dave_interfaces/cmake/dave_interfaces__rosidl_typesupport_cExport.cmake
[56.889s] -- Installing: /home/abhimanyu/dave_ws/src/dave/install/dave_interfaces/share/dave_interfaces/cmake/dave_interfaces__rosidl_typesupport_cExport-noconfig.cmake
[56.890s] -- Installing: /home/abhimanyu/dave_ws/src/dave/install/dave_interfaces/share/dave_interfaces/cmake/dave_interfaces__rosidl_typesupport_introspection_cppExport.cmake
[56.890s] -- Installing: /home/abhimanyu/dave_ws/src/dave/install/dave_interfaces/share/dave_interfaces/cmake/dave_interfaces__rosidl_typesupport_introspection_cppExport-noconfig.cmake
[56.890s] -- Installing: /home/abhimanyu/dave_ws/src/dave/install/dave_interfaces/share/dave_interfaces/cmake/dave_interfaces__rosidl_typesupport_cppExport.cmake
[56.890s] -- Installing: /home/abhimanyu/dave_ws/src/dave/install/dave_interfaces/share/dave_interfaces/cmake/dave_interfaces__rosidl_typesupport_cppExport-noconfig.cmake
[56.891s] -- Installing: /home/abhimanyu/dave_ws/src/dave/install/dave_interfaces/share/dave_interfaces/cmake/export_dave_interfaces__rosidl_generator_pyExport.cmake
[56.891s] -- Installing: /home/abhimanyu/dave_ws/src/dave/install/dave_interfaces/share/dave_interfaces/cmake/export_dave_interfaces__rosidl_generator_pyExport-noconfig.cmake
[56.891s] -- Installing: /home/abhimanyu/dave_ws/src/dave/install/dave_interfaces/share/dave_interfaces/cmake/rosidl_cmake-extras.cmake
[56.891s] -- Installing: /home/abhimanyu/dave_ws/src/dave/install/dave_interfaces/share/dave_interfaces/cmake/ament_cmake_export_dependencies-extras.cmake
[56.891s] -- Installing: /home/abhimanyu/dave_ws/src/dave/install/dave_interfaces/share/dave_interfaces/cmake/ament_cmake_export_include_directories-extras.cmake
[56.892s] -- Installing: /home/abhimanyu/dave_ws/src/dave/install/dave_interfaces/share/dave_interfaces/cmake/ament_cmake_export_libraries-extras.cmake
[56.892s] -- Installing: /home/abhimanyu/dave_ws/src/dave/install/dave_interfaces/share/dave_interfaces/cmake/ament_cmake_export_targets-extras.cmake
[56.892s] -- Installing: /home/abhimanyu/dave_ws/src/dave/install/dave_interfaces/share/dave_interfaces/cmake/rosidl_cmake_export_typesupport_targets-extras.cmake
[56.892s] -- Installing: /home/abhimanyu/dave_ws/src/dave/install/dave_interfaces/share/dave_interfaces/cmake/rosidl_cmake_export_typesupport_libraries-extras.cmake
[56.892s] -- Installing: /home/abhimanyu/dave_ws/src/dave/install/dave_interfaces/share/dave_interfaces/cmake/dave_interfacesConfig.cmake
[56.893s] -- Installing: /home/abhimanyu/dave_ws/src/dave/install/dave_interfaces/share/dave_interfaces/cmake/dave_interfacesConfig-version.cmake
[56.893s] -- Up-to-date: /home/abhimanyu/dave_ws/src/dave/install/dave_interfaces/share/dave_interfaces/package.xml
[56.896s] Invoked command in '/home/abhimanyu/dave_ws/src/dave/build/dave_interfaces' returned '0': CMAKE_PREFIX_PATH=${CMAKE_PREFIX_PATH}:/home/abhimanyu/dave_ws/src/install/dave_worlds:/home/abhimanyu/dave_ws/src/install/dave_sensor_models:/home/abhimanyu/dave_ws/src/install/dave_robot_models:/home/abhimanyu/dave_ws/src/install/dave_robot_launch:/home/abhimanyu/dave_ws/src/install/dave_object_models:/home/abhimanyu/dave_ws/src/install/dave_demos:/home/abhimanyu/dave_ws/src/install/dave:/home/abhimanyu/MIR_Project_2024/glassy_challenge_ws/install/glassy_challenge /usr/bin/cmake --install /home/abhimanyu/dave_ws/src/dave/build/dave_interfaces
