[0.032s] Invoking command in '/home/abhimanyu/dave_ws/src/dave/build/dave_robot_launch': CMAKE_PREFIX_PATH=${CMAKE_PREFIX_PATH}:/home/abhimanyu/dave_ws/src/install/dave_worlds:/home/abhimanyu/dave_ws/src/install/dave_sensor_models:/home/abhimanyu/dave_ws/src/install/dave_robot_models:/home/abhimanyu/dave_ws/src/install/dave_robot_launch:/home/abhimanyu/dave_ws/src/install/dave_object_models:/home/abhimanyu/dave_ws/src/install/dave_demos:/home/abhimanyu/dave_ws/src/install/dave:/home/abhimanyu/MIR_Project_2024/glassy_challenge_ws/install/glassy_challenge /usr/bin/cmake /home/abhimanyu/dave_ws/src/dave/examples/dave_robot_launch -DCMAKE_INSTALL_PREFIX=/home/abhimanyu/dave_ws/src/dave/install/dave_robot_launch
[0.299s] -- The C compiler identification is GNU 13.2.0
[0.475s] -- The CXX compiler identification is GNU 13.2.0
[0.521s] -- Detecting C compiler ABI info
[0.825s] -- Detecting C compiler ABI info - done
[0.882s] -- Check for working C compiler: /usr/bin/cc - skipped
[0.892s] -- Detecting C compile features
[0.897s] -- Detecting C compile features - done
[0.930s] -- Detecting CXX compiler ABI info
[1.500s] -- Detecting CXX compiler ABI info - done
[1.555s] -- Check for working CXX compiler: /usr/bin/c++ - skipped
[1.555s] -- Detecting CXX compile features
[1.557s] -- Detecting CXX compile features - done
[1.624s] -- Found ament_cmake: 2.5.2 (/opt/ros/jazzy/share/ament_cmake/cmake)
[2.140s] -- Found Python3: /usr/bin/python3 (found version "3.12.3") found components: Interpreter 
[3.206s] -- Configuring done (3.1s)
[3.214s] -- Generating done (0.0s)
[3.220s] -- Build files have been written to: /home/abhimanyu/dave_ws/src/dave/build/dave_robot_launch
[3.277s] Invoked command in '/home/abhimanyu/dave_ws/src/dave/build/dave_robot_launch' returned '0': CMAKE_PREFIX_PATH=${CMAKE_PREFIX_PATH}:/home/abhimanyu/dave_ws/src/install/dave_worlds:/home/abhimanyu/dave_ws/src/install/dave_sensor_models:/home/abhimanyu/dave_ws/src/install/dave_robot_models:/home/abhimanyu/dave_ws/src/install/dave_robot_launch:/home/abhimanyu/dave_ws/src/install/dave_object_models:/home/abhimanyu/dave_ws/src/install/dave_demos:/home/abhimanyu/dave_ws/src/install/dave:/home/abhimanyu/MIR_Project_2024/glassy_challenge_ws/install/glassy_challenge /usr/bin/cmake /home/abhimanyu/dave_ws/src/dave/examples/dave_robot_launch -DCMAKE_INSTALL_PREFIX=/home/abhimanyu/dave_ws/src/dave/install/dave_robot_launch
[3.278s] Invoking command in '/home/abhimanyu/dave_ws/src/dave/build/dave_robot_launch': CMAKE_PREFIX_PATH=${CMAKE_PREFIX_PATH}:/home/abhimanyu/dave_ws/src/install/dave_worlds:/home/abhimanyu/dave_ws/src/install/dave_sensor_models:/home/abhimanyu/dave_ws/src/install/dave_robot_models:/home/abhimanyu/dave_ws/src/install/dave_robot_launch:/home/abhimanyu/dave_ws/src/install/dave_object_models:/home/abhimanyu/dave_ws/src/install/dave_demos:/home/abhimanyu/dave_ws/src/install/dave:/home/abhimanyu/MIR_Project_2024/glassy_challenge_ws/install/glassy_challenge /usr/bin/cmake --build /home/abhimanyu/dave_ws/src/dave/build/dave_robot_launch -- -j4 -l4
[3.510s] Invoked command in '/home/abhimanyu/dave_ws/src/dave/build/dave_robot_launch' returned '0': CMAKE_PREFIX_PATH=${CMAKE_PREFIX_PATH}:/home/abhimanyu/dave_ws/src/install/dave_worlds:/home/abhimanyu/dave_ws/src/install/dave_sensor_models:/home/abhimanyu/dave_ws/src/install/dave_robot_models:/home/abhimanyu/dave_ws/src/install/dave_robot_launch:/home/abhimanyu/dave_ws/src/install/dave_object_models:/home/abhimanyu/dave_ws/src/install/dave_demos:/home/abhimanyu/dave_ws/src/install/dave:/home/abhimanyu/MIR_Project_2024/glassy_challenge_ws/install/glassy_challenge /usr/bin/cmake --build /home/abhimanyu/dave_ws/src/dave/build/dave_robot_launch -- -j4 -l4
[3.583s] Invoking command in '/home/abhimanyu/dave_ws/src/dave/build/dave_robot_launch': CMAKE_PREFIX_PATH=${CMAKE_PREFIX_PATH}:/home/abhimanyu/dave_ws/src/install/dave_worlds:/home/abhimanyu/dave_ws/src/install/dave_sensor_models:/home/abhimanyu/dave_ws/src/install/dave_robot_models:/home/abhimanyu/dave_ws/src/install/dave_robot_launch:/home/abhimanyu/dave_ws/src/install/dave_object_models:/home/abhimanyu/dave_ws/src/install/dave_demos:/home/abhimanyu/dave_ws/src/install/dave:/home/abhimanyu/MIR_Project_2024/glassy_challenge_ws/install/glassy_challenge /usr/bin/cmake --install /home/abhimanyu/dave_ws/src/dave/build/dave_robot_launch
[3.624s] -- Install configuration: ""
[3.624s] -- Installing: /home/abhimanyu/dave_ws/src/dave/install/dave_robot_launch/share/dave_robot_launch/launch
[3.625s] -- Installing: /home/abhimanyu/dave_ws/src/dave/install/dave_robot_launch/share/dave_robot_launch/launch/robot_in_world.launch.py
[3.625s] -- Installing: /home/abhimanyu/dave_ws/src/dave/install/dave_robot_launch/share/ament_index/resource_index/package_run_dependencies/dave_robot_launch
[3.625s] -- Installing: /home/abhimanyu/dave_ws/src/dave/install/dave_robot_launch/share/ament_index/resource_index/parent_prefix_path/dave_robot_launch
[3.625s] -- Installing: /home/abhimanyu/dave_ws/src/dave/install/dave_robot_launch/share/dave_robot_launch/environment/ament_prefix_path.sh
[3.636s] -- Installing: /home/abhimanyu/dave_ws/src/dave/install/dave_robot_launch/share/dave_robot_launch/environment/ament_prefix_path.dsv
[3.641s] -- Installing: /home/abhimanyu/dave_ws/src/dave/install/dave_robot_launch/share/dave_robot_launch/environment/path.sh
[3.642s] -- Installing: /home/abhimanyu/dave_ws/src/dave/install/dave_robot_launch/share/dave_robot_launch/environment/path.dsv
[3.642s] -- Installing: /home/abhimanyu/dave_ws/src/dave/install/dave_robot_launch/share/dave_robot_launch/local_setup.bash
[3.642s] -- Installing: /home/abhimanyu/dave_ws/src/dave/install/dave_robot_launch/share/dave_robot_launch/local_setup.sh
[3.642s] -- Installing: /home/abhimanyu/dave_ws/src/dave/install/dave_robot_launch/share/dave_robot_launch/local_setup.zsh
[3.643s] -- Installing: /home/abhimanyu/dave_ws/src/dave/install/dave_robot_launch/share/dave_robot_launch/local_setup.dsv
[3.643s] -- Installing: /home/abhimanyu/dave_ws/src/dave/install/dave_robot_launch/share/dave_robot_launch/package.dsv
[3.643s] -- Installing: /home/abhimanyu/dave_ws/src/dave/install/dave_robot_launch/share/ament_index/resource_index/packages/dave_robot_launch
[3.643s] -- Installing: /home/abhimanyu/dave_ws/src/dave/install/dave_robot_launch/share/dave_robot_launch/cmake/dave_robot_launchConfig.cmake
[3.643s] -- Installing: /home/abhimanyu/dave_ws/src/dave/install/dave_robot_launch/share/dave_robot_launch/cmake/dave_robot_launchConfig-version.cmake
[3.644s] -- Installing: /home/abhimanyu/dave_ws/src/dave/install/dave_robot_launch/share/dave_robot_launch/package.xml
[3.649s] Invoked command in '/home/abhimanyu/dave_ws/src/dave/build/dave_robot_launch' returned '0': CMAKE_PREFIX_PATH=${CMAKE_PREFIX_PATH}:/home/abhimanyu/dave_ws/src/install/dave_worlds:/home/abhimanyu/dave_ws/src/install/dave_sensor_models:/home/abhimanyu/dave_ws/src/install/dave_robot_models:/home/abhimanyu/dave_ws/src/install/dave_robot_launch:/home/abhimanyu/dave_ws/src/install/dave_object_models:/home/abhimanyu/dave_ws/src/install/dave_demos:/home/abhimanyu/dave_ws/src/install/dave:/home/abhimanyu/MIR_Project_2024/glassy_challenge_ws/install/glassy_challenge /usr/bin/cmake --install /home/abhimanyu/dave_ws/src/dave/build/dave_robot_launch
