-- Install configuration: ""
-- Up-to-date: /home/abhimanyu/dave_ws/src/dave/install/dave_worlds/share/dave_worlds/worlds
-- Up-to-date: /home/abhimanyu/dave_ws/src/dave/install/dave_worlds/share/dave_worlds/worlds/dave_integrated.world
-- Up-to-date: /home/abhimanyu/dave_ws/src/dave/install/dave_worlds/share/dave_worlds/worlds/dave_graded_seabed.world
-- Up-to-date: /home/abhimanyu/dave_ws/src/dave/install/dave_worlds/share/dave_worlds/worlds/dave_ocean_waves_mossy_ground.world
-- Up-to-date: /home/abhimanyu/dave_ws/src/dave/install/dave_worlds/share/dave_worlds/worlds/dave_bimanual_example.world
-- Up-to-date: /home/abhimanyu/dave_ws/src/dave/install/dave_worlds/share/dave_worlds/worlds/dave_Santorini.world
-- Up-to-date: /home/abhimanyu/dave_ws/src/dave/install/dave_worlds/share/dave_worlds/worlds/dave_ocean_waves_transient_current.world
-- Up-to-date: /home/abhimanyu/dave_ws/src/dave/install/dave_worlds/share/dave_worlds/worlds/dave_plug_and_socket.world
-- Up-to-date: /home/abhimanyu/dave_ws/src/dave/install/dave_worlds/share/dave_worlds/worlds/usbl_tutorial.world
-- Up-to-date: /home/abhimanyu/dave_ws/src/dave/install/dave_worlds/share/dave_worlds/worlds/dave_ocean_waves.world
-- Up-to-date: /home/abhimanyu/dave_ws/src/dave/install/dave_worlds/share/dave_worlds/worlds/dave_electrical_mating.world
-- Up-to-date: /home/abhimanyu/dave_ws/src/dave/install/dave_worlds/share/dave_worlds/worlds/dave_ocean_models.world
-- Up-to-date: /home/abhimanyu/dave_ws/src/dave/install/dave_worlds/share/dave_worlds/media
-- Up-to-date: /home/abhimanyu/dave_ws/src/dave/install/dave_worlds/share/dave_worlds/media/meshes
-- Up-to-date: /home/abhimanyu/dave_ws/src/dave/install/dave_worlds/share/dave_worlds/media/meshes/Santorini_heightmap.tif
-- Up-to-date: /home/abhimanyu/dave_ws/src/dave/install/dave_worlds/share/dave_worlds/media/materials
-- Up-to-date: /home/abhimanyu/dave_ws/src/dave/install/dave_worlds/share/dave_worlds/media/materials/textures
-- Up-to-date: /home/abhimanyu/dave_ws/src/dave/install/dave_worlds/share/dave_worlds/media/materials/textures/flat_normal.png
-- Up-to-date: /home/abhimanyu/dave_ws/src/dave/install/dave_worlds/share/dave_worlds/media/materials/textures/dirt_diffusespecular.png
-- Up-to-date: /home/abhimanyu/dave_ws/src/dave/install/dave_worlds/share/dave_worlds/environment/dave_worlds.dsv
-- Up-to-date: /home/abhimanyu/dave_ws/src/dave/install/dave_worlds/share/ament_index/resource_index/package_run_dependencies/dave_worlds
-- Up-to-date: /home/abhimanyu/dave_ws/src/dave/install/dave_worlds/share/ament_index/resource_index/parent_prefix_path/dave_worlds
-- Up-to-date: /home/abhimanyu/dave_ws/src/dave/install/dave_worlds/share/dave_worlds/environment/ament_prefix_path.sh
-- Up-to-date: /home/abhimanyu/dave_ws/src/dave/install/dave_worlds/share/dave_worlds/environment/ament_prefix_path.dsv
-- Up-to-date: /home/abhimanyu/dave_ws/src/dave/install/dave_worlds/share/dave_worlds/environment/path.sh
-- Up-to-date: /home/abhimanyu/dave_ws/src/dave/install/dave_worlds/share/dave_worlds/environment/path.dsv
-- Up-to-date: /home/abhimanyu/dave_ws/src/dave/install/dave_worlds/share/dave_worlds/local_setup.bash
-- Up-to-date: /home/abhimanyu/dave_ws/src/dave/install/dave_worlds/share/dave_worlds/local_setup.sh
-- Up-to-date: /home/abhimanyu/dave_ws/src/dave/install/dave_worlds/share/dave_worlds/local_setup.zsh
-- Up-to-date: /home/abhimanyu/dave_ws/src/dave/install/dave_worlds/share/dave_worlds/local_setup.dsv
-- Up-to-date: /home/abhimanyu/dave_ws/src/dave/install/dave_worlds/share/dave_worlds/package.dsv
-- Up-to-date: /home/abhimanyu/dave_ws/src/dave/install/dave_worlds/share/ament_index/resource_index/packages/dave_worlds
-- Up-to-date: /home/abhimanyu/dave_ws/src/dave/install/dave_worlds/share/dave_worlds/cmake/dave_worldsConfig.cmake
-- Up-to-date: /home/abhimanyu/dave_ws/src/dave/install/dave_worlds/share/dave_worlds/cmake/dave_worldsConfig-version.cmake
-- Up-to-date: /home/abhimanyu/dave_ws/src/dave/install/dave_worlds/share/dave_worlds/package.xml
