[0.032s] Invoking command in '/home/abhimanyu/dave_ws/src/dave/build/dave_worlds': CMAKE_PREFIX_PATH=${CMAKE_PREFIX_PATH}:/home/abhimanyu/dave_ws/src/install/dave_worlds:/home/abhimanyu/dave_ws/src/install/dave_sensor_models:/home/abhimanyu/dave_ws/src/install/dave_robot_models:/home/abhimanyu/dave_ws/src/install/dave_robot_launch:/home/abhimanyu/dave_ws/src/install/dave_object_models:/home/abhimanyu/dave_ws/src/install/dave_demos:/home/abhimanyu/dave_ws/src/install/dave:/home/abhimanyu/MIR_Project_2024/glassy_challenge_ws/install/glassy_challenge /usr/bin/cmake --build /home/abhimanyu/dave_ws/src/dave/build/dave_worlds -- -j4 -l4
[0.127s] Invoked command in '/home/abhimanyu/dave_ws/src/dave/build/dave_worlds' returned '0': CMAKE_PREFIX_PATH=${CMAKE_PREFIX_PATH}:/home/abhimanyu/dave_ws/src/install/dave_worlds:/home/abhimanyu/dave_ws/src/install/dave_sensor_models:/home/abhimanyu/dave_ws/src/install/dave_robot_models:/home/abhimanyu/dave_ws/src/install/dave_robot_launch:/home/abhimanyu/dave_ws/src/install/dave_object_models:/home/abhimanyu/dave_ws/src/install/dave_demos:/home/abhimanyu/dave_ws/src/install/dave:/home/abhimanyu/MIR_Project_2024/glassy_challenge_ws/install/glassy_challenge /usr/bin/cmake --build /home/abhimanyu/dave_ws/src/dave/build/dave_worlds -- -j4 -l4
[0.176s] Invoking command in '/home/abhimanyu/dave_ws/src/dave/build/dave_worlds': CMAKE_PREFIX_PATH=${CMAKE_PREFIX_PATH}:/home/abhimanyu/dave_ws/src/install/dave_worlds:/home/abhimanyu/dave_ws/src/install/dave_sensor_models:/home/abhimanyu/dave_ws/src/install/dave_robot_models:/home/abhimanyu/dave_ws/src/install/dave_robot_launch:/home/abhimanyu/dave_ws/src/install/dave_object_models:/home/abhimanyu/dave_ws/src/install/dave_demos:/home/abhimanyu/dave_ws/src/install/dave:/home/abhimanyu/MIR_Project_2024/glassy_challenge_ws/install/glassy_challenge /usr/bin/cmake --install /home/abhimanyu/dave_ws/src/dave/build/dave_worlds
[0.200s] -- Install configuration: ""
[0.200s] -- Up-to-date: /home/abhimanyu/dave_ws/src/dave/install/dave_worlds/share/dave_worlds/worlds
[0.201s] -- Up-to-date: /home/abhimanyu/dave_ws/src/dave/install/dave_worlds/share/dave_worlds/worlds/dave_integrated.world
[0.201s] -- Up-to-date: /home/abhimanyu/dave_ws/src/dave/install/dave_worlds/share/dave_worlds/worlds/dave_graded_seabed.world
[0.201s] -- Up-to-date: /home/abhimanyu/dave_ws/src/dave/install/dave_worlds/share/dave_worlds/worlds/dave_ocean_waves_mossy_ground.world
[0.201s] -- Up-to-date: /home/abhimanyu/dave_ws/src/dave/install/dave_worlds/share/dave_worlds/worlds/dave_bimanual_example.world
[0.202s] -- Up-to-date: /home/abhimanyu/dave_ws/src/dave/install/dave_worlds/share/dave_worlds/worlds/dave_Santorini.world
[0.202s] -- Up-to-date: /home/abhimanyu/dave_ws/src/dave/install/dave_worlds/share/dave_worlds/worlds/dave_ocean_waves_transient_current.world
[0.202s] -- Up-to-date: /home/abhimanyu/dave_ws/src/dave/install/dave_worlds/share/dave_worlds/worlds/dave_plug_and_socket.world
[0.202s] -- Up-to-date: /home/abhimanyu/dave_ws/src/dave/install/dave_worlds/share/dave_worlds/worlds/usbl_tutorial.world
[0.202s] -- Up-to-date: /home/abhimanyu/dave_ws/src/dave/install/dave_worlds/share/dave_worlds/worlds/dave_ocean_waves.world
[0.203s] -- Up-to-date: /home/abhimanyu/dave_ws/src/dave/install/dave_worlds/share/dave_worlds/worlds/dave_electrical_mating.world
[0.203s] -- Up-to-date: /home/abhimanyu/dave_ws/src/dave/install/dave_worlds/share/dave_worlds/worlds/dave_ocean_models.world
[0.203s] -- Up-to-date: /home/abhimanyu/dave_ws/src/dave/install/dave_worlds/share/dave_worlds/media
[0.203s] -- Up-to-date: /home/abhimanyu/dave_ws/src/dave/install/dave_worlds/share/dave_worlds/media/meshes
[0.203s] -- Up-to-date: /home/abhimanyu/dave_ws/src/dave/install/dave_worlds/share/dave_worlds/media/meshes/Santorini_heightmap.tif
[0.204s] -- Up-to-date: /home/abhimanyu/dave_ws/src/dave/install/dave_worlds/share/dave_worlds/media/materials
[0.204s] -- Up-to-date: /home/abhimanyu/dave_ws/src/dave/install/dave_worlds/share/dave_worlds/media/materials/textures
[0.204s] -- Up-to-date: /home/abhimanyu/dave_ws/src/dave/install/dave_worlds/share/dave_worlds/media/materials/textures/flat_normal.png
[0.211s] -- Up-to-date: /home/abhimanyu/dave_ws/src/dave/install/dave_worlds/share/dave_worlds/media/materials/textures/dirt_diffusespecular.png
[0.211s] -- Up-to-date: /home/abhimanyu/dave_ws/src/dave/install/dave_worlds/share/dave_worlds/environment/dave_worlds.dsv
[0.211s] -- Up-to-date: /home/abhimanyu/dave_ws/src/dave/install/dave_worlds/share/ament_index/resource_index/package_run_dependencies/dave_worlds
[0.211s] -- Up-to-date: /home/abhimanyu/dave_ws/src/dave/install/dave_worlds/share/ament_index/resource_index/parent_prefix_path/dave_worlds
[0.212s] -- Up-to-date: /home/abhimanyu/dave_ws/src/dave/install/dave_worlds/share/dave_worlds/environment/ament_prefix_path.sh
[0.212s] -- Up-to-date: /home/abhimanyu/dave_ws/src/dave/install/dave_worlds/share/dave_worlds/environment/ament_prefix_path.dsv
[0.212s] -- Up-to-date: /home/abhimanyu/dave_ws/src/dave/install/dave_worlds/share/dave_worlds/environment/path.sh
[0.212s] -- Up-to-date: /home/abhimanyu/dave_ws/src/dave/install/dave_worlds/share/dave_worlds/environment/path.dsv
[0.212s] -- Up-to-date: /home/abhimanyu/dave_ws/src/dave/install/dave_worlds/share/dave_worlds/local_setup.bash
[0.213s] -- Up-to-date: /home/abhimanyu/dave_ws/src/dave/install/dave_worlds/share/dave_worlds/local_setup.sh
[0.213s] -- Up-to-date: /home/abhimanyu/dave_ws/src/dave/install/dave_worlds/share/dave_worlds/local_setup.zsh
[0.213s] -- Up-to-date: /home/abhimanyu/dave_ws/src/dave/install/dave_worlds/share/dave_worlds/local_setup.dsv
[0.213s] -- Up-to-date: /home/abhimanyu/dave_ws/src/dave/install/dave_worlds/share/dave_worlds/package.dsv
[0.214s] -- Up-to-date: /home/abhimanyu/dave_ws/src/dave/install/dave_worlds/share/ament_index/resource_index/packages/dave_worlds
[0.214s] -- Up-to-date: /home/abhimanyu/dave_ws/src/dave/install/dave_worlds/share/dave_worlds/cmake/dave_worldsConfig.cmake
[0.214s] -- Up-to-date: /home/abhimanyu/dave_ws/src/dave/install/dave_worlds/share/dave_worlds/cmake/dave_worldsConfig-version.cmake
[0.214s] -- Up-to-date: /home/abhimanyu/dave_ws/src/dave/install/dave_worlds/share/dave_worlds/package.xml
[0.215s] Invoked command in '/home/abhimanyu/dave_ws/src/dave/build/dave_worlds' returned '0': CMAKE_PREFIX_PATH=${CMAKE_PREFIX_PATH}:/home/abhimanyu/dave_ws/src/install/dave_worlds:/home/abhimanyu/dave_ws/src/install/dave_sensor_models:/home/abhimanyu/dave_ws/src/install/dave_robot_models:/home/abhimanyu/dave_ws/src/install/dave_robot_launch:/home/abhimanyu/dave_ws/src/install/dave_object_models:/home/abhimanyu/dave_ws/src/install/dave_demos:/home/abhimanyu/dave_ws/src/install/dave:/home/abhimanyu/MIR_Project_2024/glassy_challenge_ws/install/glassy_challenge /usr/bin/cmake --install /home/abhimanyu/dave_ws/src/dave/build/dave_worlds
