-- Install configuration: ""
-- Up-to-date: /home/abhimanyu/dave_ws/src/dave/install/dave_sensor_models/share/dave_sensor_models/description
-- Up-to-date: /home/abhimanyu/dave_ws/src/dave/install/dave_sensor_models/share/dave_sensor_models/description/nortek_dvl500_300
-- Up-to-date: /home/abhimanyu/dave_ws/src/dave/install/dave_sensor_models/share/dave_sensor_models/description/nortek_dvl500_300/model.sdf
-- Up-to-date: /home/abhimanyu/dave_ws/src/dave/install/dave_sensor_models/share/dave_sensor_models/description/nortek_dvl500_300/model.config
-- Up-to-date: /home/abhimanyu/dave_ws/src/dave/install/dave_sensor_models/share/dave_sensor_models/launch
-- Up-to-date: /home/abhimanyu/dave_ws/src/dave/install/dave_sensor_models/share/dave_sensor_models/launch/upload_sensor.launch.py
-- Up-to-date: /home/abhimanyu/dave_ws/src/dave/install/dave_sensor_models/share/dave_sensor_models/meshes
-- Up-to-date: /home/abhimanyu/dave_ws/src/dave/install/dave_sensor_models/share/dave_sensor_models/meshes/nortek_dvl500_300
-- Up-to-date: /home/abhimanyu/dave_ws/src/dave/install/dave_sensor_models/share/dave_sensor_models/meshes/nortek_dvl500_300/DVL500-300m.dae
-- Up-to-date: /home/abhimanyu/dave_ws/src/dave/install/dave_sensor_models/share/dave_sensor_models/meshes/nortek_dvl500_300/tx-DVL500-300m.png
-- Up-to-date: /home/abhimanyu/dave_ws/src/dave/install/dave_sensor_models/share/dave_sensor_models/environment/dave_sensor_models.dsv
-- Up-to-date: /home/abhimanyu/dave_ws/src/dave/install/dave_sensor_models/share/ament_index/resource_index/package_run_dependencies/dave_sensor_models
-- Up-to-date: /home/abhimanyu/dave_ws/src/dave/install/dave_sensor_models/share/ament_index/resource_index/parent_prefix_path/dave_sensor_models
-- Up-to-date: /home/abhimanyu/dave_ws/src/dave/install/dave_sensor_models/share/dave_sensor_models/environment/ament_prefix_path.sh
-- Up-to-date: /home/abhimanyu/dave_ws/src/dave/install/dave_sensor_models/share/dave_sensor_models/environment/ament_prefix_path.dsv
-- Up-to-date: /home/abhimanyu/dave_ws/src/dave/install/dave_sensor_models/share/dave_sensor_models/environment/path.sh
-- Up-to-date: /home/abhimanyu/dave_ws/src/dave/install/dave_sensor_models/share/dave_sensor_models/environment/path.dsv
-- Up-to-date: /home/abhimanyu/dave_ws/src/dave/install/dave_sensor_models/share/dave_sensor_models/local_setup.bash
-- Up-to-date: /home/abhimanyu/dave_ws/src/dave/install/dave_sensor_models/share/dave_sensor_models/local_setup.sh
-- Up-to-date: /home/abhimanyu/dave_ws/src/dave/install/dave_sensor_models/share/dave_sensor_models/local_setup.zsh
-- Up-to-date: /home/abhimanyu/dave_ws/src/dave/install/dave_sensor_models/share/dave_sensor_models/local_setup.dsv
-- Up-to-date: /home/abhimanyu/dave_ws/src/dave/install/dave_sensor_models/share/dave_sensor_models/package.dsv
-- Up-to-date: /home/abhimanyu/dave_ws/src/dave/install/dave_sensor_models/share/ament_index/resource_index/packages/dave_sensor_models
-- Up-to-date: /home/abhimanyu/dave_ws/src/dave/install/dave_sensor_models/share/dave_sensor_models/cmake/dave_sensor_modelsConfig.cmake
-- Up-to-date: /home/abhimanyu/dave_ws/src/dave/install/dave_sensor_models/share/dave_sensor_models/cmake/dave_sensor_modelsConfig-version.cmake
-- Up-to-date: /home/abhimanyu/dave_ws/src/dave/install/dave_sensor_models/share/dave_sensor_models/package.xml
