[0.046s] Invoking command in '/home/abhimanyu/dave_ws/src/dave/build/dave_sensor_models': CMAKE_PREFIX_PATH=${CMAKE_PREFIX_PATH}:/home/abhimanyu/dave_ws/src/install/dave_worlds:/home/abhimanyu/dave_ws/src/install/dave_sensor_models:/home/abhimanyu/dave_ws/src/install/dave_robot_models:/home/abhimanyu/dave_ws/src/install/dave_robot_launch:/home/abhimanyu/dave_ws/src/install/dave_object_models:/home/abhimanyu/dave_ws/src/install/dave_demos:/home/abhimanyu/dave_ws/src/install/dave:/home/abhimanyu/MIR_Project_2024/glassy_challenge_ws/install/glassy_challenge /usr/bin/cmake --build /home/abhimanyu/dave_ws/src/dave/build/dave_sensor_models -- -j4 -l4
[0.209s] Invoked command in '/home/abhimanyu/dave_ws/src/dave/build/dave_sensor_models' returned '0': CMAKE_PREFIX_PATH=${CMAKE_PREFIX_PATH}:/home/abhimanyu/dave_ws/src/install/dave_worlds:/home/abhimanyu/dave_ws/src/install/dave_sensor_models:/home/abhimanyu/dave_ws/src/install/dave_robot_models:/home/abhimanyu/dave_ws/src/install/dave_robot_launch:/home/abhimanyu/dave_ws/src/install/dave_object_models:/home/abhimanyu/dave_ws/src/install/dave_demos:/home/abhimanyu/dave_ws/src/install/dave:/home/abhimanyu/MIR_Project_2024/glassy_challenge_ws/install/glassy_challenge /usr/bin/cmake --build /home/abhimanyu/dave_ws/src/dave/build/dave_sensor_models -- -j4 -l4
[0.329s] Invoking command in '/home/abhimanyu/dave_ws/src/dave/build/dave_sensor_models': CMAKE_PREFIX_PATH=${CMAKE_PREFIX_PATH}:/home/abhimanyu/dave_ws/src/install/dave_worlds:/home/abhimanyu/dave_ws/src/install/dave_sensor_models:/home/abhimanyu/dave_ws/src/install/dave_robot_models:/home/abhimanyu/dave_ws/src/install/dave_robot_launch:/home/abhimanyu/dave_ws/src/install/dave_object_models:/home/abhimanyu/dave_ws/src/install/dave_demos:/home/abhimanyu/dave_ws/src/install/dave:/home/abhimanyu/MIR_Project_2024/glassy_challenge_ws/install/glassy_challenge /usr/bin/cmake --install /home/abhimanyu/dave_ws/src/dave/build/dave_sensor_models
[0.363s] -- Install configuration: ""
[0.367s] -- Up-to-date: /home/abhimanyu/dave_ws/src/dave/install/dave_sensor_models/share/dave_sensor_models/description
[0.368s] -- Up-to-date: /home/abhimanyu/dave_ws/src/dave/install/dave_sensor_models/share/dave_sensor_models/description/nortek_dvl500_300
[0.368s] -- Up-to-date: /home/abhimanyu/dave_ws/src/dave/install/dave_sensor_models/share/dave_sensor_models/description/nortek_dvl500_300/model.sdf
[0.369s] -- Up-to-date: /home/abhimanyu/dave_ws/src/dave/install/dave_sensor_models/share/dave_sensor_models/description/nortek_dvl500_300/model.config
[0.369s] -- Up-to-date: /home/abhimanyu/dave_ws/src/dave/install/dave_sensor_models/share/dave_sensor_models/launch
[0.369s] -- Up-to-date: /home/abhimanyu/dave_ws/src/dave/install/dave_sensor_models/share/dave_sensor_models/launch/upload_sensor.launch.py
[0.369s] -- Up-to-date: /home/abhimanyu/dave_ws/src/dave/install/dave_sensor_models/share/dave_sensor_models/meshes
[0.369s] -- Up-to-date: /home/abhimanyu/dave_ws/src/dave/install/dave_sensor_models/share/dave_sensor_models/meshes/nortek_dvl500_300
[0.370s] -- Up-to-date: /home/abhimanyu/dave_ws/src/dave/install/dave_sensor_models/share/dave_sensor_models/meshes/nortek_dvl500_300/DVL500-300m.dae
[0.370s] -- Up-to-date: /home/abhimanyu/dave_ws/src/dave/install/dave_sensor_models/share/dave_sensor_models/meshes/nortek_dvl500_300/tx-DVL500-300m.png
[0.370s] -- Up-to-date: /home/abhimanyu/dave_ws/src/dave/install/dave_sensor_models/share/dave_sensor_models/environment/dave_sensor_models.dsv
[0.370s] -- Up-to-date: /home/abhimanyu/dave_ws/src/dave/install/dave_sensor_models/share/ament_index/resource_index/package_run_dependencies/dave_sensor_models
[0.371s] -- Up-to-date: /home/abhimanyu/dave_ws/src/dave/install/dave_sensor_models/share/ament_index/resource_index/parent_prefix_path/dave_sensor_models
[0.371s] -- Up-to-date: /home/abhimanyu/dave_ws/src/dave/install/dave_sensor_models/share/dave_sensor_models/environment/ament_prefix_path.sh
[0.371s] -- Up-to-date: /home/abhimanyu/dave_ws/src/dave/install/dave_sensor_models/share/dave_sensor_models/environment/ament_prefix_path.dsv
[0.371s] -- Up-to-date: /home/abhimanyu/dave_ws/src/dave/install/dave_sensor_models/share/dave_sensor_models/environment/path.sh
[0.372s] -- Up-to-date: /home/abhimanyu/dave_ws/src/dave/install/dave_sensor_models/share/dave_sensor_models/environment/path.dsv
[0.372s] -- Up-to-date: /home/abhimanyu/dave_ws/src/dave/install/dave_sensor_models/share/dave_sensor_models/local_setup.bash
[0.372s] -- Up-to-date: /home/abhimanyu/dave_ws/src/dave/install/dave_sensor_models/share/dave_sensor_models/local_setup.sh
[0.373s] -- Up-to-date: /home/abhimanyu/dave_ws/src/dave/install/dave_sensor_models/share/dave_sensor_models/local_setup.zsh
[0.383s] -- Up-to-date: /home/abhimanyu/dave_ws/src/dave/install/dave_sensor_models/share/dave_sensor_models/local_setup.dsv
[0.384s] -- Up-to-date: /home/abhimanyu/dave_ws/src/dave/install/dave_sensor_models/share/dave_sensor_models/package.dsv
[0.384s] -- Up-to-date: /home/abhimanyu/dave_ws/src/dave/install/dave_sensor_models/share/ament_index/resource_index/packages/dave_sensor_models
[0.385s] -- Up-to-date: /home/abhimanyu/dave_ws/src/dave/install/dave_sensor_models/share/dave_sensor_models/cmake/dave_sensor_modelsConfig.cmake
[0.397s] -- Up-to-date: /home/abhimanyu/dave_ws/src/dave/install/dave_sensor_models/share/dave_sensor_models/cmake/dave_sensor_modelsConfig-version.cmake
[0.397s] -- Up-to-date: /home/abhimanyu/dave_ws/src/dave/install/dave_sensor_models/share/dave_sensor_models/package.xml
[0.406s] Invoked command in '/home/abhimanyu/dave_ws/src/dave/build/dave_sensor_models' returned '0': CMAKE_PREFIX_PATH=${CMAKE_PREFIX_PATH}:/home/abhimanyu/dave_ws/src/install/dave_worlds:/home/abhimanyu/dave_ws/src/install/dave_sensor_models:/home/abhimanyu/dave_ws/src/install/dave_robot_models:/home/abhimanyu/dave_ws/src/install/dave_robot_launch:/home/abhimanyu/dave_ws/src/install/dave_object_models:/home/abhimanyu/dave_ws/src/install/dave_demos:/home/abhimanyu/dave_ws/src/install/dave:/home/abhimanyu/MIR_Project_2024/glassy_challenge_ws/install/glassy_challenge /usr/bin/cmake --install /home/abhimanyu/dave_ws/src/dave/build/dave_sensor_models
