[0.053s] Invoking command in '/home/abhimanyu/dave_ws/src/dave/build/dave_object_models': CMAKE_PREFIX_PATH=${CMAKE_PREFIX_PATH}:/home/abhimanyu/dave_ws/src/install/dave_worlds:/home/abhimanyu/dave_ws/src/install/dave_sensor_models:/home/abhimanyu/dave_ws/src/install/dave_robot_models:/home/abhimanyu/dave_ws/src/install/dave_robot_launch:/home/abhimanyu/dave_ws/src/install/dave_object_models:/home/abhimanyu/dave_ws/src/install/dave_demos:/home/abhimanyu/dave_ws/src/install/dave:/home/abhimanyu/MIR_Project_2024/glassy_challenge_ws/install/glassy_challenge /usr/bin/cmake /home/abhimanyu/dave_ws/src/dave/models/dave_object_models -DCMAKE_INSTALL_PREFIX=/home/abhimanyu/dave_ws/src/dave/install/dave_object_models
[0.289s] -- The C compiler identification is GNU 13.2.0
[0.490s] -- The CXX compiler identification is GNU 13.2.0
[0.546s] -- Detecting C compiler ABI info
[0.888s] -- Detecting C compiler ABI info - done
[0.925s] -- Check for working C compiler: /usr/bin/cc - skipped
[0.926s] -- Detecting C compile features
[0.929s] -- Detecting C compile features - done
[0.955s] -- Detecting CXX compiler ABI info
[1.438s] -- Detecting CXX compiler ABI info - done
[1.497s] -- Check for working CXX compiler: /usr/bin/c++ - skipped
[1.497s] -- Detecting CXX compile features
[1.505s] -- Detecting CXX compile features - done
[1.552s] -- Found ament_cmake: 2.5.2 (/opt/ros/jazzy/share/ament_cmake/cmake)
[2.138s] -- Found Python3: /usr/bin/python3 (found version "3.12.3") found components: Interpreter 
[2.984s] -- Configuring done (2.9s)
[2.992s] -- Generating done (0.0s)
[2.998s] -- Build files have been written to: /home/abhimanyu/dave_ws/src/dave/build/dave_object_models
[3.011s] Invoked command in '/home/abhimanyu/dave_ws/src/dave/build/dave_object_models' returned '0': CMAKE_PREFIX_PATH=${CMAKE_PREFIX_PATH}:/home/abhimanyu/dave_ws/src/install/dave_worlds:/home/abhimanyu/dave_ws/src/install/dave_sensor_models:/home/abhimanyu/dave_ws/src/install/dave_robot_models:/home/abhimanyu/dave_ws/src/install/dave_robot_launch:/home/abhimanyu/dave_ws/src/install/dave_object_models:/home/abhimanyu/dave_ws/src/install/dave_demos:/home/abhimanyu/dave_ws/src/install/dave:/home/abhimanyu/MIR_Project_2024/glassy_challenge_ws/install/glassy_challenge /usr/bin/cmake /home/abhimanyu/dave_ws/src/dave/models/dave_object_models -DCMAKE_INSTALL_PREFIX=/home/abhimanyu/dave_ws/src/dave/install/dave_object_models
[3.012s] Invoking command in '/home/abhimanyu/dave_ws/src/dave/build/dave_object_models': CMAKE_PREFIX_PATH=${CMAKE_PREFIX_PATH}:/home/abhimanyu/dave_ws/src/install/dave_worlds:/home/abhimanyu/dave_ws/src/install/dave_sensor_models:/home/abhimanyu/dave_ws/src/install/dave_robot_models:/home/abhimanyu/dave_ws/src/install/dave_robot_launch:/home/abhimanyu/dave_ws/src/install/dave_object_models:/home/abhimanyu/dave_ws/src/install/dave_demos:/home/abhimanyu/dave_ws/src/install/dave:/home/abhimanyu/MIR_Project_2024/glassy_challenge_ws/install/glassy_challenge /usr/bin/cmake --build /home/abhimanyu/dave_ws/src/dave/build/dave_object_models -- -j4 -l4
[3.215s] Invoked command in '/home/abhimanyu/dave_ws/src/dave/build/dave_object_models' returned '0': CMAKE_PREFIX_PATH=${CMAKE_PREFIX_PATH}:/home/abhimanyu/dave_ws/src/install/dave_worlds:/home/abhimanyu/dave_ws/src/install/dave_sensor_models:/home/abhimanyu/dave_ws/src/install/dave_robot_models:/home/abhimanyu/dave_ws/src/install/dave_robot_launch:/home/abhimanyu/dave_ws/src/install/dave_object_models:/home/abhimanyu/dave_ws/src/install/dave_demos:/home/abhimanyu/dave_ws/src/install/dave:/home/abhimanyu/MIR_Project_2024/glassy_challenge_ws/install/glassy_challenge /usr/bin/cmake --build /home/abhimanyu/dave_ws/src/dave/build/dave_object_models -- -j4 -l4
[3.386s] Invoking command in '/home/abhimanyu/dave_ws/src/dave/build/dave_object_models': CMAKE_PREFIX_PATH=${CMAKE_PREFIX_PATH}:/home/abhimanyu/dave_ws/src/install/dave_worlds:/home/abhimanyu/dave_ws/src/install/dave_sensor_models:/home/abhimanyu/dave_ws/src/install/dave_robot_models:/home/abhimanyu/dave_ws/src/install/dave_robot_launch:/home/abhimanyu/dave_ws/src/install/dave_object_models:/home/abhimanyu/dave_ws/src/install/dave_demos:/home/abhimanyu/dave_ws/src/install/dave:/home/abhimanyu/MIR_Project_2024/glassy_challenge_ws/install/glassy_challenge /usr/bin/cmake --install /home/abhimanyu/dave_ws/src/dave/build/dave_object_models
[3.409s] -- Install configuration: ""
[3.409s] -- Installing: /home/abhimanyu/dave_ws/src/dave/install/dave_object_models/share/dave_object_models/description
[3.409s] -- Installing: /home/abhimanyu/dave_ws/src/dave/install/dave_object_models/share/dave_object_models/description/mossy_cinder_block
[3.410s] -- Installing: /home/abhimanyu/dave_ws/src/dave/install/dave_object_models/share/dave_object_models/description/mossy_cinder_block/model.sdf
[3.410s] -- Installing: /home/abhimanyu/dave_ws/src/dave/install/dave_object_models/share/dave_object_models/description/mossy_cinder_block/model.config
[3.410s] -- Installing: /home/abhimanyu/dave_ws/src/dave/install/dave_object_models/share/dave_object_models/launch
[3.411s] -- Installing: /home/abhimanyu/dave_ws/src/dave/install/dave_object_models/share/dave_object_models/launch/upload_object.launch.py
[3.411s] -- Installing: /home/abhimanyu/dave_ws/src/dave/install/dave_object_models/share/dave_object_models/environment/dave_object_models.dsv
[3.411s] -- Installing: /home/abhimanyu/dave_ws/src/dave/install/dave_object_models/share/ament_index/resource_index/package_run_dependencies/dave_object_models
[3.412s] -- Installing: /home/abhimanyu/dave_ws/src/dave/install/dave_object_models/share/ament_index/resource_index/parent_prefix_path/dave_object_models
[3.414s] -- Installing: /home/abhimanyu/dave_ws/src/dave/install/dave_object_models/share/dave_object_models/environment/ament_prefix_path.sh
[3.414s] -- Installing: /home/abhimanyu/dave_ws/src/dave/install/dave_object_models/share/dave_object_models/environment/ament_prefix_path.dsv
[3.415s] -- Installing: /home/abhimanyu/dave_ws/src/dave/install/dave_object_models/share/dave_object_models/environment/path.sh
[3.415s] -- Installing: /home/abhimanyu/dave_ws/src/dave/install/dave_object_models/share/dave_object_models/environment/path.dsv
[3.415s] -- Installing: /home/abhimanyu/dave_ws/src/dave/install/dave_object_models/share/dave_object_models/local_setup.bash
[3.416s] -- Installing: /home/abhimanyu/dave_ws/src/dave/install/dave_object_models/share/dave_object_models/local_setup.sh
[3.416s] -- Installing: /home/abhimanyu/dave_ws/src/dave/install/dave_object_models/share/dave_object_models/local_setup.zsh
[3.416s] -- Installing: /home/abhimanyu/dave_ws/src/dave/install/dave_object_models/share/dave_object_models/local_setup.dsv
[3.417s] -- Installing: /home/abhimanyu/dave_ws/src/dave/install/dave_object_models/share/dave_object_models/package.dsv
[3.417s] -- Installing: /home/abhimanyu/dave_ws/src/dave/install/dave_object_models/share/ament_index/resource_index/packages/dave_object_models
[3.418s] -- Installing: /home/abhimanyu/dave_ws/src/dave/install/dave_object_models/share/dave_object_models/cmake/dave_object_modelsConfig.cmake
[3.418s] -- Installing: /home/abhimanyu/dave_ws/src/dave/install/dave_object_models/share/dave_object_models/cmake/dave_object_modelsConfig-version.cmake
[3.418s] -- Installing: /home/abhimanyu/dave_ws/src/dave/install/dave_object_models/share/dave_object_models/package.xml
[3.433s] Invoked command in '/home/abhimanyu/dave_ws/src/dave/build/dave_object_models' returned '0': CMAKE_PREFIX_PATH=${CMAKE_PREFIX_PATH}:/home/abhimanyu/dave_ws/src/install/dave_worlds:/home/abhimanyu/dave_ws/src/install/dave_sensor_models:/home/abhimanyu/dave_ws/src/install/dave_robot_models:/home/abhimanyu/dave_ws/src/install/dave_robot_launch:/home/abhimanyu/dave_ws/src/install/dave_object_models:/home/abhimanyu/dave_ws/src/install/dave_demos:/home/abhimanyu/dave_ws/src/install/dave:/home/abhimanyu/MIR_Project_2024/glassy_challenge_ws/install/glassy_challenge /usr/bin/cmake --install /home/abhimanyu/dave_ws/src/dave/build/dave_object_models
