[0.039s] Invoking command in '/home/abhimanyu/dave_ws/src/dave/build/dave': CMAKE_PREFIX_PATH=${CMAKE_PREFIX_PATH}:/home/abhimanyu/dave_ws/src/install/dave_worlds:/home/abhimanyu/dave_ws/src/install/dave_sensor_models:/home/abhimanyu/dave_ws/src/install/dave_robot_models:/home/abhimanyu/dave_ws/src/install/dave_robot_launch:/home/abhimanyu/dave_ws/src/install/dave_object_models:/home/abhimanyu/dave_ws/src/install/dave_demos:/home/abhimanyu/dave_ws/src/install/dave:/home/abhimanyu/MIR_Project_2024/glassy_challenge_ws/install/glassy_challenge /usr/bin/cmake /home/abhimanyu/dave_ws/src/dave/dave -DCMAKE_INSTALL_PREFIX=/home/abhimanyu/dave_ws/src/dave/install/dave
[0.283s] -- The C compiler identification is GNU 13.2.0
[0.480s] -- The CXX compiler identification is GNU 13.2.0
[0.583s] -- Detecting C compiler ABI info
[0.964s] -- Detecting C compiler ABI info - done
[1.043s] -- Check for working C compiler: /usr/bin/cc - skipped
[1.049s] -- Detecting C compile features
[1.051s] -- Detecting C compile features - done
[1.116s] -- Detecting CXX compiler ABI info
[1.518s] -- Detecting CXX compiler ABI info - done
[1.574s] -- Check for working CXX compiler: /usr/bin/c++ - skipped
[1.575s] -- Detecting CXX compile features
[1.575s] -- Detecting CXX compile features - done
[1.648s] -- Found ament_cmake: 2.5.2 (/opt/ros/jazzy/share/ament_cmake/cmake)
[2.416s] -- Found Python3: /usr/bin/python3 (found version "3.12.3") found components: Interpreter 
[3.540s] -- Configuring done (3.5s)
[3.566s] -- Generating done (0.0s)
[3.577s] -- Build files have been written to: /home/abhimanyu/dave_ws/src/dave/build/dave
[3.602s] Invoked command in '/home/abhimanyu/dave_ws/src/dave/build/dave' returned '0': CMAKE_PREFIX_PATH=${CMAKE_PREFIX_PATH}:/home/abhimanyu/dave_ws/src/install/dave_worlds:/home/abhimanyu/dave_ws/src/install/dave_sensor_models:/home/abhimanyu/dave_ws/src/install/dave_robot_models:/home/abhimanyu/dave_ws/src/install/dave_robot_launch:/home/abhimanyu/dave_ws/src/install/dave_object_models:/home/abhimanyu/dave_ws/src/install/dave_demos:/home/abhimanyu/dave_ws/src/install/dave:/home/abhimanyu/MIR_Project_2024/glassy_challenge_ws/install/glassy_challenge /usr/bin/cmake /home/abhimanyu/dave_ws/src/dave/dave -DCMAKE_INSTALL_PREFIX=/home/abhimanyu/dave_ws/src/dave/install/dave
[3.603s] Invoking command in '/home/abhimanyu/dave_ws/src/dave/build/dave': CMAKE_PREFIX_PATH=${CMAKE_PREFIX_PATH}:/home/abhimanyu/dave_ws/src/install/dave_worlds:/home/abhimanyu/dave_ws/src/install/dave_sensor_models:/home/abhimanyu/dave_ws/src/install/dave_robot_models:/home/abhimanyu/dave_ws/src/install/dave_robot_launch:/home/abhimanyu/dave_ws/src/install/dave_object_models:/home/abhimanyu/dave_ws/src/install/dave_demos:/home/abhimanyu/dave_ws/src/install/dave:/home/abhimanyu/MIR_Project_2024/glassy_challenge_ws/install/glassy_challenge /usr/bin/cmake --build /home/abhimanyu/dave_ws/src/dave/build/dave -- -j4 -l4
[3.753s] Invoked command in '/home/abhimanyu/dave_ws/src/dave/build/dave' returned '0': CMAKE_PREFIX_PATH=${CMAKE_PREFIX_PATH}:/home/abhimanyu/dave_ws/src/install/dave_worlds:/home/abhimanyu/dave_ws/src/install/dave_sensor_models:/home/abhimanyu/dave_ws/src/install/dave_robot_models:/home/abhimanyu/dave_ws/src/install/dave_robot_launch:/home/abhimanyu/dave_ws/src/install/dave_object_models:/home/abhimanyu/dave_ws/src/install/dave_demos:/home/abhimanyu/dave_ws/src/install/dave:/home/abhimanyu/MIR_Project_2024/glassy_challenge_ws/install/glassy_challenge /usr/bin/cmake --build /home/abhimanyu/dave_ws/src/dave/build/dave -- -j4 -l4
[3.955s] Invoking command in '/home/abhimanyu/dave_ws/src/dave/build/dave': CMAKE_PREFIX_PATH=${CMAKE_PREFIX_PATH}:/home/abhimanyu/dave_ws/src/install/dave_worlds:/home/abhimanyu/dave_ws/src/install/dave_sensor_models:/home/abhimanyu/dave_ws/src/install/dave_robot_models:/home/abhimanyu/dave_ws/src/install/dave_robot_launch:/home/abhimanyu/dave_ws/src/install/dave_object_models:/home/abhimanyu/dave_ws/src/install/dave_demos:/home/abhimanyu/dave_ws/src/install/dave:/home/abhimanyu/MIR_Project_2024/glassy_challenge_ws/install/glassy_challenge /usr/bin/cmake --install /home/abhimanyu/dave_ws/src/dave/build/dave
[3.980s] -- Install configuration: ""
[3.981s] -- Installing: /home/abhimanyu/dave_ws/src/dave/install/dave/share/ament_index/resource_index/package_run_dependencies/dave
[3.982s] -- Installing: /home/abhimanyu/dave_ws/src/dave/install/dave/share/ament_index/resource_index/parent_prefix_path/dave
[3.983s] -- Installing: /home/abhimanyu/dave_ws/src/dave/install/dave/share/dave/environment/ament_prefix_path.sh
[3.984s] -- Installing: /home/abhimanyu/dave_ws/src/dave/install/dave/share/dave/environment/ament_prefix_path.dsv
[3.992s] -- Installing: /home/abhimanyu/dave_ws/src/dave/install/dave/share/dave/environment/path.sh
[3.992s] -- Installing: /home/abhimanyu/dave_ws/src/dave/install/dave/share/dave/environment/path.dsv
[3.993s] -- Installing: /home/abhimanyu/dave_ws/src/dave/install/dave/share/dave/local_setup.bash
[3.993s] -- Installing: /home/abhimanyu/dave_ws/src/dave/install/dave/share/dave/local_setup.sh
[3.994s] -- Installing: /home/abhimanyu/dave_ws/src/dave/install/dave/share/dave/local_setup.zsh
[3.994s] -- Installing: /home/abhimanyu/dave_ws/src/dave/install/dave/share/dave/local_setup.dsv
[3.994s] -- Installing: /home/abhimanyu/dave_ws/src/dave/install/dave/share/dave/package.dsv
[3.995s] -- Installing: /home/abhimanyu/dave_ws/src/dave/install/dave/share/ament_index/resource_index/packages/dave
[3.995s] -- Installing: /home/abhimanyu/dave_ws/src/dave/install/dave/share/dave/cmake/daveConfig.cmake
[3.995s] -- Installing: /home/abhimanyu/dave_ws/src/dave/install/dave/share/dave/cmake/daveConfig-version.cmake
[4.004s] -- Installing: /home/abhimanyu/dave_ws/src/dave/install/dave/share/dave/package.xml
[4.008s] Invoked command in '/home/abhimanyu/dave_ws/src/dave/build/dave' returned '0': CMAKE_PREFIX_PATH=${CMAKE_PREFIX_PATH}:/home/abhimanyu/dave_ws/src/install/dave_worlds:/home/abhimanyu/dave_ws/src/install/dave_sensor_models:/home/abhimanyu/dave_ws/src/install/dave_robot_models:/home/abhimanyu/dave_ws/src/install/dave_robot_launch:/home/abhimanyu/dave_ws/src/install/dave_object_models:/home/abhimanyu/dave_ws/src/install/dave_demos:/home/abhimanyu/dave_ws/src/install/dave:/home/abhimanyu/MIR_Project_2024/glassy_challenge_ws/install/glassy_challenge /usr/bin/cmake --install /home/abhimanyu/dave_ws/src/dave/build/dave
