-- Install configuration: ""
-- Up-to-date: /home/abhimanyu/dave_ws/src/dave/install/dave_robot_models/share/dave_robot_models/description
-- Up-to-date: /home/abhimanyu/dave_ws/src/dave/install/dave_robot_models/share/dave_robot_models/description/glider_slocum
-- Up-to-date: /home/abhimanyu/dave_ws/src/dave/install/dave_robot_models/share/dave_robot_models/description/glider_slocum/model.sdf
-- Up-to-date: /home/abhimanyu/dave_ws/src/dave/install/dave_robot_models/share/dave_robot_models/description/glider_slocum/model.config
-- Up-to-date: /home/abhimanyu/dave_ws/src/dave/install/dave_robot_models/share/dave_robot_models/description/rexrov
-- Up-to-date: /home/abhimanyu/dave_ws/src/dave/install/dave_robot_models/share/dave_robot_models/description/rexrov/model.sdf
-- Up-to-date: /home/abhimanyu/dave_ws/src/dave/install/dave_robot_models/share/dave_robot_models/description/rexrov/model.config
-- Up-to-date: /home/abhimanyu/dave_ws/src/dave/install/dave_robot_models/share/dave_robot_models/launch
-- Up-to-date: /home/abhimanyu/dave_ws/src/dave/install/dave_robot_models/share/dave_robot_models/launch/upload_robot.launch.py
-- Up-to-date: /home/abhimanyu/dave_ws/src/dave/install/dave_robot_models/share/dave_robot_models/meshes
-- Up-to-date: /home/abhimanyu/dave_ws/src/dave/install/dave_robot_models/share/dave_robot_models/meshes/glider_slocum
-- Up-to-date: /home/abhimanyu/dave_ws/src/dave/install/dave_robot_models/share/dave_robot_models/meshes/glider_slocum/Slocum-Glider-LeftFin.dae
-- Up-to-date: /home/abhimanyu/dave_ws/src/dave/install/dave_robot_models/share/dave_robot_models/meshes/glider_slocum/Slocum-Glider-RightFin.dae
-- Up-to-date: /home/abhimanyu/dave_ws/src/dave/install/dave_robot_models/share/dave_robot_models/meshes/glider_slocum/Slocum-Glider-Propeller.dae
-- Up-to-date: /home/abhimanyu/dave_ws/src/dave/install/dave_robot_models/share/dave_robot_models/meshes/glider_slocum/Slocum-Glider-TopRudder.dae
-- Up-to-date: /home/abhimanyu/dave_ws/src/dave/install/dave_robot_models/share/dave_robot_models/meshes/glider_slocum/Slocum-Glider.dae
-- Up-to-date: /home/abhimanyu/dave_ws/src/dave/install/dave_robot_models/share/dave_robot_models/meshes/glider_slocum/COLLISION-Slocum-Glider.dae
-- Up-to-date: /home/abhimanyu/dave_ws/src/dave/install/dave_robot_models/share/dave_robot_models/meshes/glider_slocum/Slocum-Glider.png
-- Up-to-date: /home/abhimanyu/dave_ws/src/dave/install/dave_robot_models/share/dave_robot_models/meshes/rexrov
-- Up-to-date: /home/abhimanyu/dave_ws/src/dave/install/dave_robot_models/share/dave_robot_models/meshes/rexrov/RexROV_no_props.stl
-- Up-to-date: /home/abhimanyu/dave_ws/src/dave/install/dave_robot_models/share/dave_robot_models/meshes/rexrov/prop.dae
-- Up-to-date: /home/abhimanyu/dave_ws/src/dave/install/dave_robot_models/share/dave_robot_models/meshes/rexrov/collision.blend
-- Up-to-date: /home/abhimanyu/dave_ws/src/dave/install/dave_robot_models/share/dave_robot_models/meshes/rexrov/RexROV_no_props.dae
-- Up-to-date: /home/abhimanyu/dave_ws/src/dave/install/dave_robot_models/share/dave_robot_models/environment/dave_robot_models.dsv
-- Up-to-date: /home/abhimanyu/dave_ws/src/dave/install/dave_robot_models/share/ament_index/resource_index/package_run_dependencies/dave_robot_models
-- Up-to-date: /home/abhimanyu/dave_ws/src/dave/install/dave_robot_models/share/ament_index/resource_index/parent_prefix_path/dave_robot_models
-- Up-to-date: /home/abhimanyu/dave_ws/src/dave/install/dave_robot_models/share/dave_robot_models/environment/ament_prefix_path.sh
-- Up-to-date: /home/abhimanyu/dave_ws/src/dave/install/dave_robot_models/share/dave_robot_models/environment/ament_prefix_path.dsv
-- Up-to-date: /home/abhimanyu/dave_ws/src/dave/install/dave_robot_models/share/dave_robot_models/environment/path.sh
-- Up-to-date: /home/abhimanyu/dave_ws/src/dave/install/dave_robot_models/share/dave_robot_models/environment/path.dsv
-- Up-to-date: /home/abhimanyu/dave_ws/src/dave/install/dave_robot_models/share/dave_robot_models/local_setup.bash
-- Up-to-date: /home/abhimanyu/dave_ws/src/dave/install/dave_robot_models/share/dave_robot_models/local_setup.sh
-- Up-to-date: /home/abhimanyu/dave_ws/src/dave/install/dave_robot_models/share/dave_robot_models/local_setup.zsh
-- Up-to-date: /home/abhimanyu/dave_ws/src/dave/install/dave_robot_models/share/dave_robot_models/local_setup.dsv
-- Up-to-date: /home/abhimanyu/dave_ws/src/dave/install/dave_robot_models/share/dave_robot_models/package.dsv
-- Up-to-date: /home/abhimanyu/dave_ws/src/dave/install/dave_robot_models/share/ament_index/resource_index/packages/dave_robot_models
-- Up-to-date: /home/abhimanyu/dave_ws/src/dave/install/dave_robot_models/share/dave_robot_models/cmake/dave_robot_modelsConfig.cmake
-- Up-to-date: /home/abhimanyu/dave_ws/src/dave/install/dave_robot_models/share/dave_robot_models/cmake/dave_robot_modelsConfig-version.cmake
-- Up-to-date: /home/abhimanyu/dave_ws/src/dave/install/dave_robot_models/share/dave_robot_models/package.xml
