[0.022s] Invoking command in '/home/abhimanyu/dave_ws/src/dave/build/dave_ros_gz_plugins': CMAKE_PREFIX_PATH=/home/abhimanyu/dave_ws/src/dave/install/dave_interfaces:/home/abhimanyu/dave_ws/src/dave/install/dave_gz_model_plugins:/home/abhimanyu/dave_ws/src/dave/install/dave_worlds:/home/abhimanyu/dave_ws/src/dave/install/dave_sensor_models:/home/abhimanyu/dave_ws/src/dave/install/dave_ros_gz_plugins:/home/abhimanyu/dave_ws/src/dave/install/dave_robot_models:/home/abhimanyu/dave_ws/src/dave/install/dave_robot_launch:/home/abhimanyu/dave_ws/src/dave/install/dave_object_models:/home/abhimanyu/dave_ws/src/dave/install/dave_gz_sensor_plugins:/home/abhimanyu/dave_ws/src/dave/install/dave_demos:/home/abhimanyu/dave_ws/src/dave/install/dave:/home/abhimanyu/dave_ws/install/dave:/home/abhimanyu/MIR_Project_2024/glassy_challenge_ws/install/glassy_px4_manager:/home/abhimanyu/MIR_Project_2024/glassy_challenge_ws/install/px4_msgs:/home/abhimanyu/MIR_Project_2024/glassy_challenge_ws/install/glassy_utils:/home/abhimanyu/MIR_Project_2024/glassy_challenge_ws/install/glassy_msgs:/opt/ros/jazzy/opt/gz_sim_vendor:/opt/ros/jazzy/opt/gz_sensors_vendor:/opt/ros/jazzy/opt/gz_physics_vendor:/opt/ros/jazzy/opt/sdformat_vendor:/opt/ros/jazzy/opt/gz_gui_vendor:/opt/ros/jazzy/opt/gz_transport_vendor:/opt/ros/jazzy/opt/gz_rendering_vendor:/opt/ros/jazzy/opt/gz_plugin_vendor:/opt/ros/jazzy/opt/gz_fuel_tools_vendor:/opt/ros/jazzy/opt/gz_msgs_vendor:/opt/ros/jazzy/opt/gz_common_vendor:/opt/ros/jazzy/opt/gz_math_vendor:/opt/ros/jazzy/opt/gz_utils_vendor:/opt/ros/jazzy/opt/gz_tools_vendor:/opt/ros/jazzy/opt/gz_ogre_next_vendor:/opt/ros/jazzy/opt/gz_dartsim_vendor:/opt/ros/jazzy/opt/gz_cmake_vendor:/usr/local:/usr/local:/opt/ros/jazzy:/usr/local:/home/abhimanyu/dave_ws/src/install/dave_worlds:/home/abhimanyu/dave_ws/src/install/dave_sensor_models:/home/abhimanyu/dave_ws/src/install/dave_robot_models:/home/abhimanyu/dave_ws/src/install/dave_robot_launch:/home/abhimanyu/dave_ws/src/install/dave_object_models:/home/abhimanyu/dave_ws/src/install/dave_demos:/home/abhimanyu/dave_ws/src/install/dave:/home/abhimanyu/MIR_Project_2024/glassy_challenge_ws/install/glassy_challenge PYTHONPATH=/home/abhimanyu/dave_ws/src/dave/install/dave_interfaces/lib/python3.12/site-packages:/home/abhimanyu/dave_ws/src/dave/install/dave_gz_model_plugins/lib/python3.12/site-packages:/home/abhimanyu/dave_ws/src/install/rocker/lib/python3.12/site-packages:/home/abhimanyu/dave_ws/install/rocker/lib/python3.12/site-packages:/home/abhimanyu/dave_ws/install/my-test-package/lib/python3.12/site-packages:/home/abhimanyu/MIR_Project_2024/glassy_challenge_ws/install/glassy_challenge/lib/python3.10/site-packages:/home/abhimanyu/MIR_Project_2024/glassy_challenge_ws/install/px4_msgs/local/lib/python3.10/dist-packages:/home/abhimanyu/MIR_Project_2024/glassy_challenge_ws/install/glassy_msgs/local/lib/python3.10/dist-packages:/opt/ros/jazzy/lib/python3.12/site-packages /usr/bin/cmake /home/abhimanyu/dave_ws/src/dave/gazebo/dave_ros_gz_plugins -DCMAKE_INSTALL_PREFIX=/home/abhimanyu/dave_ws/src/dave/install/dave_ros_gz_plugins
[0.127s] -- The C compiler identification is GNU 13.2.0
[0.259s] -- The CXX compiler identification is GNU 13.2.0
[0.293s] -- Detecting C compiler ABI info
[0.481s] -- Detecting C compiler ABI info - done
[0.503s] -- Check for working C compiler: /usr/bin/cc - skipped
[0.504s] -- Detecting C compile features
[0.505s] -- Detecting C compile features - done
[0.521s] -- Detecting CXX compiler ABI info
[0.709s] -- Detecting CXX compiler ABI info - done
[0.739s] -- Check for working CXX compiler: /usr/bin/c++ - skipped
[0.740s] -- Detecting CXX compile features
[0.742s] -- Detecting CXX compile features - done
[0.763s] -- Found ament_cmake: 2.5.2 (/opt/ros/jazzy/share/ament_cmake/cmake)
[1.183s] -- Found Python3: /usr/bin/python3 (found version "3.12.3") found components: Interpreter 
[1.574s] -- Looking for gz-plugin2 -- found version 2.0.3
[1.574s] -- Searching for dependencies of gz-plugin2
[1.583s] -- Looking for gz-utils2 -- found version 2.2.0
[1.584s] -- Searching for dependencies of gz-utils2
[1.585s] -- Searching for <gz-utils2> component [cli]
[1.596s] -- Looking for gz-utils2-cli -- found version 2.2.0
[1.597s] -- Searching for dependencies of gz-utils2-cli
[1.599s] -- Searching for <gz-plugin2> component [register]
[1.609s] -- Looking for gz-plugin2-register -- found version 2.0.3
[1.609s] -- Searching for dependencies of gz-plugin2-register
[1.626s] -- Found rclcpp: 28.1.3 (/opt/ros/jazzy/share/rclcpp/cmake)
[1.831s] -- Found rosidl_generator_c: 4.6.3 (/opt/ros/jazzy/share/rosidl_generator_c/cmake)
[1.889s] -- Found rosidl_generator_cpp: 4.6.3 (/opt/ros/jazzy/share/rosidl_generator_cpp/cmake)
[1.958s] -- Using all available rosidl_typesupport_c: rosidl_typesupport_fastrtps_c;rosidl_typesupport_introspection_c
[2.033s] -- Using all available rosidl_typesupport_cpp: rosidl_typesupport_fastrtps_cpp;rosidl_typesupport_introspection_cpp
[2.315s] -- Found rmw_implementation_cmake: 7.3.1 (/opt/ros/jazzy/share/rmw_implementation_cmake/cmake)
[2.333s] -- Found rmw_fastrtps_cpp: 8.4.1 (/opt/ros/jazzy/share/rmw_fastrtps_cpp/cmake)
[2.540s] -- Found OpenSSL: /usr/lib/x86_64-linux-gnu/libcrypto.so (found version "3.0.13")  
[2.580s] -- Found FastRTPS: /opt/ros/jazzy/include (Required is at least version "2.13") 
[2.631s] -- Using RMW implementation 'rmw_fastrtps_cpp' as default
[3.080s] -- Found std_msgs: 5.3.5 (/opt/ros/jazzy/share/std_msgs/cmake)
[3.168s] -- Looking for gz-common5 -- found version 5.5.1
[3.168s] -- Searching for dependencies of gz-common5
[3.169s] -- Looking for gz-utils2 -- found version 2.2.0
[3.171s] -- Looking for dlfcn.h - found
[3.175s] -- Looking for libdl - found
[3.179s] -- Found DL: TRUE  
[3.193s] -- Checking for module 'uuid'
[3.226s] --   Found uuid, version 2.39.3
[3.277s] -- Found UUID: TRUE  
[3.278s] -- Searching for <gz-common5> component [profiler]
[3.286s] -- Looking for gz-common5-profiler -- found version 5.5.1
[3.286s] -- Searching for dependencies of gz-common5-profiler
[3.292s] -- Looking for gz-sim8 -- found version 8.3.0
[3.293s] -- Searching for dependencies of gz-sim8
[3.298s] -- Looking for sdformat14 -- found version 14.1.1
[3.298s] -- Searching for dependencies of sdformat14
[3.309s] -- Checking for module 'tinyxml2'
[3.351s] --   Found tinyxml2, version 10.0.0
[3.465s] -- Looking for gz-math7 -- found version 7.4.0
[3.465s] -- Searching for dependencies of gz-math7
[3.466s] -- Looking for gz-utils2 -- found version 2.2.0
[3.469s] -- Looking for gz-utils2 -- found version 2.2.0
[3.472s] -- Looking for gz-plugin2 -- found version 2.0.3
[3.472s] -- Searching for dependencies of gz-plugin2
[3.473s] -- Looking for gz-utils2 -- found version 2.2.0
[3.474s] -- Searching for <gz-plugin2> component [loader]
[3.484s] -- Looking for gz-plugin2-loader -- found version 2.0.3
[3.484s] -- Searching for dependencies of gz-plugin2-loader
[3.486s] -- Searching for <gz-plugin2> component [register]
[3.499s] -- Looking for gz-transport13 -- found version 13.2.0
[3.499s] -- Searching for dependencies of gz-transport13
[3.779s] -- Found Protobuf: /usr/lib/x86_64-linux-gnu/libprotobuf.so (found version "3.21.12") 
[3.825s] -- Config-file not installed for ZeroMQ -- checking for pkg-config
[3.835s] -- Checking for module 'libzmq >= 4'
[3.864s] --   Found libzmq, version 4.3.5
[3.930s] -- Found ZeroMQ: TRUE (Required is at least version "4") 
[3.943s] -- Looking for gz-utils2 -- found version 2.2.0
[3.950s] -- Looking for gz-msgs10 -- found version 10.1.2
[3.950s] -- Searching for dependencies of gz-msgs10
[3.996s] -- Looking for gz-utils2 -- found version 2.2.0
[3.996s] -- Looking for gz-math7 -- found version 7.4.0
[4.243s] -- Searching for <gz-transport13> component [log]
[4.249s] -- Looking for gz-transport13-log -- found version 13.2.0
[4.249s] -- Searching for dependencies of gz-transport13-log
[4.251s] -- Searching for <gz-transport13> component [parameters]
[4.257s] -- Looking for gz-transport13-parameters -- found version 13.2.0
[4.257s] -- Searching for dependencies of gz-transport13-parameters
[4.259s] -- Looking for gz-msgs10 -- found version 10.1.2
[4.260s] -- Looking for gz-common5 -- found version 5.5.1
[4.261s] -- Searching for dependencies of gz-common5
[4.262s] -- Looking for gz-utils2 -- found version 2.2.0
[4.262s] -- Looking for dlfcn.h - found
[4.262s] -- Looking for libdl - found
[4.276s] -- Searching for <gz-common5> component [av]
[4.283s] -- Looking for gz-common5-av -- found version 5.5.1
[4.284s] -- Searching for dependencies of gz-common5-av
[4.292s] -- Checking for module 'libswscale'
[4.318s] --   Found libswscale, version 7.5.100
[4.370s] -- Found SWSCALE: TRUE  
[4.379s] -- Checking for module 'libavdevice >= 56.4.100'
[4.405s] --   Found libavdevice, version 60.3.100
[4.477s] -- Found AVDEVICE: TRUE (Required is at least version "56.4.100") 
[4.485s] -- Checking for module 'libavformat'
[4.513s] --   Found libavformat, version 60.16.100
[4.587s] -- Found AVFORMAT: TRUE  
[4.587s] -- Checking for module 'libavcodec'
[4.616s] --   Found libavcodec, version 60.31.102
[4.680s] -- Found AVCODEC: TRUE  
[4.689s] -- Checking for module 'libavutil'
[4.716s] --   Found libavutil, version 58.29.100
[4.766s] -- Found AVUTIL: TRUE  
[4.768s] -- Searching for <gz-common5> component [events]
[4.776s] -- Looking for gz-common5-events -- found version 5.5.1
[4.777s] -- Searching for dependencies of gz-common5-events
[4.777s] -- Looking for gz-math7 -- found version 7.4.0
[4.779s] -- Searching for <gz-common5> component [graphics]
[4.789s] -- Looking for gz-common5-graphics -- found version 5.5.1
[4.790s] -- Searching for dependencies of gz-common5-graphics
[4.791s] -- Looking for gz-math7 -- found version 7.4.0
[4.817s] -- Found GzAssimp: TRUE (found version "5.3.0") 
[4.818s] -- Searching for <gz-common5> component [io]
[4.829s] -- Looking for gz-common5-io -- found version 5.5.1
[4.829s] -- Searching for dependencies of gz-common5-io
[4.830s] -- Searching for <gz-common5> component [profiler]
[4.840s] -- Looking for gz-fuel_tools9 -- found version 9.0.3
[4.840s] -- Searching for dependencies of gz-fuel_tools9
[5.022s] -- Found CURL: /usr/lib/x86_64-linux-gnu/libcurl.so (found version "8.5.0")  
[5.078s] -- Checking for module 'jsoncpp'
[5.108s] --   Found jsoncpp, version 1.9.5
[5.165s] -- Found JSONCPP: TRUE  
[5.206s] -- Checking for module 'yaml-0.1'
[5.232s] --   Found yaml-0.1, version 0.2.5
[5.283s] -- Found YAML: TRUE  
[5.292s] -- Checking for module 'libzip'
[5.319s] --   Found libzip, version 1.7.3
[5.370s] -- Found ZIP: TRUE  
[5.371s] -- Looking for gz-utils2 -- found version 2.2.0
[5.372s] -- Looking for gz-common5 -- found version 5.5.1
[5.372s] -- Searching for dependencies of gz-common5
[5.373s] -- Looking for gz-utils2 -- found version 2.2.0
[5.374s] -- Looking for dlfcn.h - found
[5.374s] -- Looking for libdl - found
[5.388s] -- Searching for <gz-common5> component [testing]
[5.396s] -- Looking for gz-common5-testing -- found version 5.5.1
[5.396s] -- Searching for dependencies of gz-common5-testing
[5.398s] -- Looking for gz-math7 -- found version 7.4.0
[5.399s] -- Looking for gz-msgs10 -- found version 10.1.2
[5.406s] -- Looking for gz-gui8 -- found version 8.1.1
[5.406s] -- Searching for dependencies of gz-gui8
[5.466s] -- Looking for gz-utils2 -- found version 2.2.0
[5.467s] -- Looking for gz-math7 -- found version 7.4.0
[5.469s] -- Looking for gz-common5 -- found version 5.5.1
[5.470s] -- Looking for gz-plugin2 -- found version 2.0.3
[5.471s] -- Looking for gz-transport13 -- found version 13.2.0
[5.478s] -- Looking for gz-rendering8 -- found version 8.1.1
[5.478s] -- Searching for dependencies of gz-rendering8
[5.480s] -- Looking for gz-math7 -- found version 7.4.0
[5.481s] -- Searching for dependencies of gz-math7
[5.481s] -- Looking for gz-utils2 -- found version 2.2.0
[5.481s] -- Searching for <gz-math7> component [eigen3]
[5.489s] -- Looking for gz-math7-eigen3 -- found version 7.4.0
[5.490s] -- Searching for dependencies of gz-math7-eigen3
[5.519s] -- Looking for gz-common5 -- found version 5.5.1
[5.520s] -- Searching for dependencies of gz-common5
[5.520s] -- Looking for gz-utils2 -- found version 2.2.0
[5.520s] -- Looking for dlfcn.h - found
[5.521s] -- Looking for libdl - found
[5.560s] -- Searching for <gz-common5> component [graphics]
[5.560s] -- Searching for <gz-common5> component [events]
[5.561s] -- Searching for <gz-common5> component [geospatial]
[5.571s] -- Looking for gz-common5-geospatial -- found version 5.5.1
[5.571s] -- Searching for dependencies of gz-common5-geospatial
[5.573s] -- Looking for gz-math7 -- found version 7.4.0
[5.574s] -- Looking for gz-common5 -- found version 5.5.1
[5.577s] -- Looking for gz-plugin2 -- found version 2.0.3
[5.578s] -- Searching for dependencies of gz-plugin2
[5.579s] -- Looking for gz-utils2 -- found version 2.2.0
[5.580s] -- Searching for <gz-plugin2> component [all]
[5.590s] -- Looking for all libraries of gz-plugin2 -- found version 2.0.3
[5.591s] -- Looking for gz-plugin2 -- found version 2.0.3
[5.594s] -- Looking for gz-utils2 -- found version 2.2.0
[5.639s] -- Found OpenGL: /usr/lib/x86_64-linux-gnu/libOpenGL.so  found components: OpenGL 
[5.643s] -- Looking for gz-msgs10 -- found version 10.1.2
[5.749s] -- Looking for gz-physics7 -- found version 7.2.0
[5.749s] -- Searching for dependencies of gz-physics7
[5.750s] -- Looking for gz-common5 -- found version 5.5.1
[5.751s] -- Looking for gz-math7 -- found version 7.4.0
[5.753s] -- Looking for gz-plugin2 -- found version 2.0.3
[5.754s] -- Looking for gz-utils2 -- found version 2.2.0
[5.758s] -- Searching for <gz-physics7> component [heightmap]
[5.768s] -- Looking for gz-physics7-heightmap -- found version 7.2.0
[5.768s] -- Searching for dependencies of gz-physics7-heightmap
[5.768s] -- Looking for gz-common5 -- found version 5.5.1
[5.769s] -- Searching for <gz-physics7> component [mesh]
[5.774s] -- Looking for gz-physics7-mesh -- found version 7.2.0
[5.775s] -- Searching for dependencies of gz-physics7-mesh
[5.775s] -- Looking for gz-common5 -- found version 5.5.1
[5.777s] -- Searching for <gz-physics7> component [sdf]
[5.786s] -- Looking for gz-physics7-sdf -- found version 7.2.0
[5.786s] -- Searching for dependencies of gz-physics7-sdf
[5.787s] -- Looking for sdformat14 -- found version 14.1.1
[5.793s] -- Looking for gz-sensors8 -- found version 8.0.1
[5.794s] -- Searching for dependencies of gz-sensors8
[5.858s] -- Looking for gz-math7 -- found version 7.4.0
[5.859s] -- Looking for gz-common5 -- found version 5.5.1
[5.860s] -- Looking for gz-transport13 -- found version 13.2.0
[5.861s] -- Looking for gz-rendering8 -- found version 8.1.1
[5.866s] -- Looking for gz-msgs10 -- found version 10.1.2
[5.866s] -- Looking for sdformat14 -- found version 14.1.1
[5.867s] -- Searching for <gz-sensors8> component [air_pressure]
[5.876s] -- Looking for gz-sensors8-air_pressure -- found version 8.0.1
[5.876s] -- Searching for dependencies of gz-sensors8-air_pressure
[5.877s] -- Searching for <gz-sensors8> component [air_speed]
[5.888s] -- Looking for gz-sensors8-air_speed -- found version 8.0.1
[5.888s] -- Searching for dependencies of gz-sensors8-air_speed
[5.889s] -- Searching for <gz-sensors8> component [altimeter]
[5.901s] -- Looking for gz-sensors8-altimeter -- found version 8.0.1
[5.907s] -- Searching for dependencies of gz-sensors8-altimeter
[5.907s] -- Searching for <gz-sensors8> component [imu]
[5.909s] -- Looking for gz-sensors8-imu -- found version 8.0.1
[5.910s] -- Searching for dependencies of gz-sensors8-imu
[5.911s] -- Searching for <gz-sensors8> component [force_torque]
[5.914s] -- Looking for gz-sensors8-force_torque -- found version 8.0.1
[5.915s] -- Searching for dependencies of gz-sensors8-force_torque
[5.916s] -- Searching for <gz-sensors8> component [logical_camera]
[5.924s] -- Looking for gz-sensors8-logical_camera -- found version 8.0.1
[5.924s] -- Searching for dependencies of gz-sensors8-logical_camera
[5.925s] -- Searching for <gz-sensors8> component [magnetometer]
[5.933s] -- Looking for gz-sensors8-magnetometer -- found version 8.0.1
[5.934s] -- Searching for dependencies of gz-sensors8-magnetometer
[5.936s] -- Searching for <gz-sensors8> component [navsat]
[5.943s] -- Looking for gz-sensors8-navsat -- found version 8.0.1
[5.944s] -- Searching for dependencies of gz-sensors8-navsat
[5.947s] -- Searching for <gz-sensors8> component [dvl]
[5.954s] -- Looking for gz-sensors8-dvl -- found version 8.0.1
[5.954s] -- Searching for dependencies of gz-sensors8-dvl
[5.959s] -- Looking for gz-sensors8 -- found version 8.0.1
[5.960s] -- Searching for dependencies of gz-sensors8
[6.052s] -- Looking for gz-math7 -- found version 7.4.0
[6.053s] -- Looking for gz-common5 -- found version 5.5.1
[6.054s] -- Looking for gz-transport13 -- found version 13.2.0
[6.055s] -- Looking for gz-rendering8 -- found version 8.1.1
[6.056s] -- Looking for gz-msgs10 -- found version 10.1.2
[6.057s] -- Looking for sdformat14 -- found version 14.1.1
[6.057s] -- Searching for <gz-sensors8> component [rendering]
[6.064s] -- Looking for gz-sensors8-rendering -- found version 8.0.1
[6.064s] -- Searching for dependencies of gz-sensors8-rendering
[6.069s] -- Searching for <gz-sensors8> component [rendering]
[6.070s] -- Searching for <gz-sensors8> component [lidar]
[6.077s] -- Looking for gz-sensors8-lidar -- found version 8.0.1
[6.077s] -- Searching for dependencies of gz-sensors8-lidar
[6.078s] -- Looking for gz-sensors8 -- found version 8.0.1
[6.081s] -- Searching for <gz-sensors8> component [gpu_lidar]
[6.089s] -- Looking for gz-sensors8-gpu_lidar -- found version 8.0.1
[6.090s] -- Searching for dependencies of gz-sensors8-gpu_lidar
[6.091s] -- Looking for gz-sensors8 -- found version 8.0.1
[6.093s] -- Searching for <gz-sensors8> component [camera]
[6.103s] -- Looking for gz-sensors8-camera -- found version 8.0.1
[6.104s] -- Searching for dependencies of gz-sensors8-camera
[6.104s] -- Looking for gz-sensors8 -- found version 8.0.1
[6.106s] -- Searching for <gz-sensors8> component [boundingbox_camera]
[6.113s] -- Looking for gz-sensors8-boundingbox_camera -- found version 8.0.1
[6.113s] -- Searching for dependencies of gz-sensors8-boundingbox_camera
[6.117s] -- Searching for <gz-sensors8> component [segmentation_camera]
[6.125s] -- Looking for gz-sensors8-segmentation_camera -- found version 8.0.1
[6.125s] -- Searching for dependencies of gz-sensors8-segmentation_camera
[6.127s] -- Searching for <gz-sensors8> component [depth_camera]
[6.167s] -- Looking for gz-sensors8-depth_camera -- found version 8.0.1
[6.168s] -- Searching for dependencies of gz-sensors8-depth_camera
[6.169s] -- Looking for gz-sensors8 -- found version 8.0.1
[6.170s] -- Searching for <gz-sensors8> component [rgbd_camera]
[6.175s] -- Looking for gz-sensors8-rgbd_camera -- found version 8.0.1
[6.176s] -- Searching for dependencies of gz-sensors8-rgbd_camera
[6.177s] -- Looking for gz-sensors8 -- found version 8.0.1
[6.179s] -- Searching for <gz-sensors8> component [thermal_camera]
[6.187s] -- Looking for gz-sensors8-thermal_camera -- found version 8.0.1
[6.187s] -- Searching for dependencies of gz-sensors8-thermal_camera
[6.188s] -- Looking for gz-sensors8 -- found version 8.0.1
[6.190s] -- Searching for <gz-sensors8> component [wide_angle_camera]
[6.200s] -- Looking for gz-sensors8-wide_angle_camera -- found version 8.0.1
[6.201s] -- Searching for dependencies of gz-sensors8-wide_angle_camera
[6.205s] -- Looking for gz-rendering8 -- found version 8.1.1
[6.206s] -- Looking for gz-math7 -- found version 7.4.0
[6.208s] -- Looking for gz-utils2 -- found version 2.2.0
[6.339s] -- Found geometry_msgs: 5.3.5 (/opt/ros/jazzy/share/geometry_msgs/cmake)
[6.396s] -- Found dave_interfaces: 0.0.0 (/home/abhimanyu/dave_ws/src/dave/install/dave_interfaces/share/dave_interfaces/cmake)
[6.506s] -- Compiling against Gazebo Harmonic
[6.532s] -- Found ament_lint_auto: 0.17.1 (/opt/ros/jazzy/share/ament_lint_auto/cmake)
[7.071s] -- Added test 'copyright' to check source files copyright and LICENSE
[7.073s] -- Added test 'cppcheck' to perform static code analysis on C / C++ code
[7.075s] -- Configured cppcheck include dirs: /home/abhimanyu/dave_ws/src/dave/gazebo/dave_ros_gz_plugins/include
[7.075s] -- Configured cppcheck exclude dirs and/or files: 
[7.079s] -- Added test 'cpplint' to check C / C++ code against the Google style
[7.079s] -- Configured cpplint exclude dirs and/or files: 
[7.084s] -- Added test 'lint_cmake' to check CMake code style
[7.088s] -- Added test 'uncrustify' to check C / C++ code style
[7.088s] -- Configured uncrustify additional arguments: 
[7.091s] -- Added test 'xmllint' to check XML markup files
[7.124s] -- Configuring done (7.1s)
[7.179s] -- Generating done (0.0s)
[7.186s] -- Build files have been written to: /home/abhimanyu/dave_ws/src/dave/build/dave_ros_gz_plugins
[7.220s] Invoked command in '/home/abhimanyu/dave_ws/src/dave/build/dave_ros_gz_plugins' returned '0': CMAKE_PREFIX_PATH=/home/abhimanyu/dave_ws/src/dave/install/dave_interfaces:/home/abhimanyu/dave_ws/src/dave/install/dave_gz_model_plugins:/home/abhimanyu/dave_ws/src/dave/install/dave_worlds:/home/abhimanyu/dave_ws/src/dave/install/dave_sensor_models:/home/abhimanyu/dave_ws/src/dave/install/dave_ros_gz_plugins:/home/abhimanyu/dave_ws/src/dave/install/dave_robot_models:/home/abhimanyu/dave_ws/src/dave/install/dave_robot_launch:/home/abhimanyu/dave_ws/src/dave/install/dave_object_models:/home/abhimanyu/dave_ws/src/dave/install/dave_gz_sensor_plugins:/home/abhimanyu/dave_ws/src/dave/install/dave_demos:/home/abhimanyu/dave_ws/src/dave/install/dave:/home/abhimanyu/dave_ws/install/dave:/home/abhimanyu/MIR_Project_2024/glassy_challenge_ws/install/glassy_px4_manager:/home/abhimanyu/MIR_Project_2024/glassy_challenge_ws/install/px4_msgs:/home/abhimanyu/MIR_Project_2024/glassy_challenge_ws/install/glassy_utils:/home/abhimanyu/MIR_Project_2024/glassy_challenge_ws/install/glassy_msgs:/opt/ros/jazzy/opt/gz_sim_vendor:/opt/ros/jazzy/opt/gz_sensors_vendor:/opt/ros/jazzy/opt/gz_physics_vendor:/opt/ros/jazzy/opt/sdformat_vendor:/opt/ros/jazzy/opt/gz_gui_vendor:/opt/ros/jazzy/opt/gz_transport_vendor:/opt/ros/jazzy/opt/gz_rendering_vendor:/opt/ros/jazzy/opt/gz_plugin_vendor:/opt/ros/jazzy/opt/gz_fuel_tools_vendor:/opt/ros/jazzy/opt/gz_msgs_vendor:/opt/ros/jazzy/opt/gz_common_vendor:/opt/ros/jazzy/opt/gz_math_vendor:/opt/ros/jazzy/opt/gz_utils_vendor:/opt/ros/jazzy/opt/gz_tools_vendor:/opt/ros/jazzy/opt/gz_ogre_next_vendor:/opt/ros/jazzy/opt/gz_dartsim_vendor:/opt/ros/jazzy/opt/gz_cmake_vendor:/usr/local:/usr/local:/opt/ros/jazzy:/usr/local:/home/abhimanyu/dave_ws/src/install/dave_worlds:/home/abhimanyu/dave_ws/src/install/dave_sensor_models:/home/abhimanyu/dave_ws/src/install/dave_robot_models:/home/abhimanyu/dave_ws/src/install/dave_robot_launch:/home/abhimanyu/dave_ws/src/install/dave_object_models:/home/abhimanyu/dave_ws/src/install/dave_demos:/home/abhimanyu/dave_ws/src/install/dave:/home/abhimanyu/MIR_Project_2024/glassy_challenge_ws/install/glassy_challenge PYTHONPATH=/home/abhimanyu/dave_ws/src/dave/install/dave_interfaces/lib/python3.12/site-packages:/home/abhimanyu/dave_ws/src/dave/install/dave_gz_model_plugins/lib/python3.12/site-packages:/home/abhimanyu/dave_ws/src/install/rocker/lib/python3.12/site-packages:/home/abhimanyu/dave_ws/install/rocker/lib/python3.12/site-packages:/home/abhimanyu/dave_ws/install/my-test-package/lib/python3.12/site-packages:/home/abhimanyu/MIR_Project_2024/glassy_challenge_ws/install/glassy_challenge/lib/python3.10/site-packages:/home/abhimanyu/MIR_Project_2024/glassy_challenge_ws/install/px4_msgs/local/lib/python3.10/dist-packages:/home/abhimanyu/MIR_Project_2024/glassy_challenge_ws/install/glassy_msgs/local/lib/python3.10/dist-packages:/opt/ros/jazzy/lib/python3.12/site-packages /usr/bin/cmake /home/abhimanyu/dave_ws/src/dave/gazebo/dave_ros_gz_plugins -DCMAKE_INSTALL_PREFIX=/home/abhimanyu/dave_ws/src/dave/install/dave_ros_gz_plugins
[7.221s] Invoking command in '/home/abhimanyu/dave_ws/src/dave/build/dave_ros_gz_plugins': CMAKE_PREFIX_PATH=/home/abhimanyu/dave_ws/src/dave/install/dave_interfaces:/home/abhimanyu/dave_ws/src/dave/install/dave_gz_model_plugins:/home/abhimanyu/dave_ws/src/dave/install/dave_worlds:/home/abhimanyu/dave_ws/src/dave/install/dave_sensor_models:/home/abhimanyu/dave_ws/src/dave/install/dave_ros_gz_plugins:/home/abhimanyu/dave_ws/src/dave/install/dave_robot_models:/home/abhimanyu/dave_ws/src/dave/install/dave_robot_launch:/home/abhimanyu/dave_ws/src/dave/install/dave_object_models:/home/abhimanyu/dave_ws/src/dave/install/dave_gz_sensor_plugins:/home/abhimanyu/dave_ws/src/dave/install/dave_demos:/home/abhimanyu/dave_ws/src/dave/install/dave:/home/abhimanyu/dave_ws/install/dave:/home/abhimanyu/MIR_Project_2024/glassy_challenge_ws/install/glassy_px4_manager:/home/abhimanyu/MIR_Project_2024/glassy_challenge_ws/install/px4_msgs:/home/abhimanyu/MIR_Project_2024/glassy_challenge_ws/install/glassy_utils:/home/abhimanyu/MIR_Project_2024/glassy_challenge_ws/install/glassy_msgs:/opt/ros/jazzy/opt/gz_sim_vendor:/opt/ros/jazzy/opt/gz_sensors_vendor:/opt/ros/jazzy/opt/gz_physics_vendor:/opt/ros/jazzy/opt/sdformat_vendor:/opt/ros/jazzy/opt/gz_gui_vendor:/opt/ros/jazzy/opt/gz_transport_vendor:/opt/ros/jazzy/opt/gz_rendering_vendor:/opt/ros/jazzy/opt/gz_plugin_vendor:/opt/ros/jazzy/opt/gz_fuel_tools_vendor:/opt/ros/jazzy/opt/gz_msgs_vendor:/opt/ros/jazzy/opt/gz_common_vendor:/opt/ros/jazzy/opt/gz_math_vendor:/opt/ros/jazzy/opt/gz_utils_vendor:/opt/ros/jazzy/opt/gz_tools_vendor:/opt/ros/jazzy/opt/gz_ogre_next_vendor:/opt/ros/jazzy/opt/gz_dartsim_vendor:/opt/ros/jazzy/opt/gz_cmake_vendor:/usr/local:/usr/local:/opt/ros/jazzy:/usr/local:/home/abhimanyu/dave_ws/src/install/dave_worlds:/home/abhimanyu/dave_ws/src/install/dave_sensor_models:/home/abhimanyu/dave_ws/src/install/dave_robot_models:/home/abhimanyu/dave_ws/src/install/dave_robot_launch:/home/abhimanyu/dave_ws/src/install/dave_object_models:/home/abhimanyu/dave_ws/src/install/dave_demos:/home/abhimanyu/dave_ws/src/install/dave:/home/abhimanyu/MIR_Project_2024/glassy_challenge_ws/install/glassy_challenge PYTHONPATH=/home/abhimanyu/dave_ws/src/dave/install/dave_interfaces/lib/python3.12/site-packages:/home/abhimanyu/dave_ws/src/dave/install/dave_gz_model_plugins/lib/python3.12/site-packages:/home/abhimanyu/dave_ws/src/install/rocker/lib/python3.12/site-packages:/home/abhimanyu/dave_ws/install/rocker/lib/python3.12/site-packages:/home/abhimanyu/dave_ws/install/my-test-package/lib/python3.12/site-packages:/home/abhimanyu/MIR_Project_2024/glassy_challenge_ws/install/glassy_challenge/lib/python3.10/site-packages:/home/abhimanyu/MIR_Project_2024/glassy_challenge_ws/install/px4_msgs/local/lib/python3.10/dist-packages:/home/abhimanyu/MIR_Project_2024/glassy_challenge_ws/install/glassy_msgs/local/lib/python3.10/dist-packages:/opt/ros/jazzy/lib/python3.12/site-packages /usr/bin/cmake --build /home/abhimanyu/dave_ws/src/dave/build/dave_ros_gz_plugins -- -j4 -l4
[7.363s] [ 50%] [32mBuilding CXX object CMakeFiles/SphericalCoords.dir/src/SphericalCoords.cc.o[0m
[31.562s] [100%] [32m[1mLinking CXX shared library libSphericalCoords.so[0m
[32.730s] [100%] Built target SphericalCoords
[32.754s] Invoked command in '/home/abhimanyu/dave_ws/src/dave/build/dave_ros_gz_plugins' returned '0': CMAKE_PREFIX_PATH=/home/abhimanyu/dave_ws/src/dave/install/dave_interfaces:/home/abhimanyu/dave_ws/src/dave/install/dave_gz_model_plugins:/home/abhimanyu/dave_ws/src/dave/install/dave_worlds:/home/abhimanyu/dave_ws/src/dave/install/dave_sensor_models:/home/abhimanyu/dave_ws/src/dave/install/dave_ros_gz_plugins:/home/abhimanyu/dave_ws/src/dave/install/dave_robot_models:/home/abhimanyu/dave_ws/src/dave/install/dave_robot_launch:/home/abhimanyu/dave_ws/src/dave/install/dave_object_models:/home/abhimanyu/dave_ws/src/dave/install/dave_gz_sensor_plugins:/home/abhimanyu/dave_ws/src/dave/install/dave_demos:/home/abhimanyu/dave_ws/src/dave/install/dave:/home/abhimanyu/dave_ws/install/dave:/home/abhimanyu/MIR_Project_2024/glassy_challenge_ws/install/glassy_px4_manager:/home/abhimanyu/MIR_Project_2024/glassy_challenge_ws/install/px4_msgs:/home/abhimanyu/MIR_Project_2024/glassy_challenge_ws/install/glassy_utils:/home/abhimanyu/MIR_Project_2024/glassy_challenge_ws/install/glassy_msgs:/opt/ros/jazzy/opt/gz_sim_vendor:/opt/ros/jazzy/opt/gz_sensors_vendor:/opt/ros/jazzy/opt/gz_physics_vendor:/opt/ros/jazzy/opt/sdformat_vendor:/opt/ros/jazzy/opt/gz_gui_vendor:/opt/ros/jazzy/opt/gz_transport_vendor:/opt/ros/jazzy/opt/gz_rendering_vendor:/opt/ros/jazzy/opt/gz_plugin_vendor:/opt/ros/jazzy/opt/gz_fuel_tools_vendor:/opt/ros/jazzy/opt/gz_msgs_vendor:/opt/ros/jazzy/opt/gz_common_vendor:/opt/ros/jazzy/opt/gz_math_vendor:/opt/ros/jazzy/opt/gz_utils_vendor:/opt/ros/jazzy/opt/gz_tools_vendor:/opt/ros/jazzy/opt/gz_ogre_next_vendor:/opt/ros/jazzy/opt/gz_dartsim_vendor:/opt/ros/jazzy/opt/gz_cmake_vendor:/usr/local:/usr/local:/opt/ros/jazzy:/usr/local:/home/abhimanyu/dave_ws/src/install/dave_worlds:/home/abhimanyu/dave_ws/src/install/dave_sensor_models:/home/abhimanyu/dave_ws/src/install/dave_robot_models:/home/abhimanyu/dave_ws/src/install/dave_robot_launch:/home/abhimanyu/dave_ws/src/install/dave_object_models:/home/abhimanyu/dave_ws/src/install/dave_demos:/home/abhimanyu/dave_ws/src/install/dave:/home/abhimanyu/MIR_Project_2024/glassy_challenge_ws/install/glassy_challenge PYTHONPATH=/home/abhimanyu/dave_ws/src/dave/install/dave_interfaces/lib/python3.12/site-packages:/home/abhimanyu/dave_ws/src/dave/install/dave_gz_model_plugins/lib/python3.12/site-packages:/home/abhimanyu/dave_ws/src/install/rocker/lib/python3.12/site-packages:/home/abhimanyu/dave_ws/install/rocker/lib/python3.12/site-packages:/home/abhimanyu/dave_ws/install/my-test-package/lib/python3.12/site-packages:/home/abhimanyu/MIR_Project_2024/glassy_challenge_ws/install/glassy_challenge/lib/python3.10/site-packages:/home/abhimanyu/MIR_Project_2024/glassy_challenge_ws/install/px4_msgs/local/lib/python3.10/dist-packages:/home/abhimanyu/MIR_Project_2024/glassy_challenge_ws/install/glassy_msgs/local/lib/python3.10/dist-packages:/opt/ros/jazzy/lib/python3.12/site-packages /usr/bin/cmake --build /home/abhimanyu/dave_ws/src/dave/build/dave_ros_gz_plugins -- -j4 -l4
[32.821s] Invoking command in '/home/abhimanyu/dave_ws/src/dave/build/dave_ros_gz_plugins': CMAKE_PREFIX_PATH=/home/abhimanyu/dave_ws/src/dave/install/dave_interfaces:/home/abhimanyu/dave_ws/src/dave/install/dave_gz_model_plugins:/home/abhimanyu/dave_ws/src/dave/install/dave_worlds:/home/abhimanyu/dave_ws/src/dave/install/dave_sensor_models:/home/abhimanyu/dave_ws/src/dave/install/dave_ros_gz_plugins:/home/abhimanyu/dave_ws/src/dave/install/dave_robot_models:/home/abhimanyu/dave_ws/src/dave/install/dave_robot_launch:/home/abhimanyu/dave_ws/src/dave/install/dave_object_models:/home/abhimanyu/dave_ws/src/dave/install/dave_gz_sensor_plugins:/home/abhimanyu/dave_ws/src/dave/install/dave_demos:/home/abhimanyu/dave_ws/src/dave/install/dave:/home/abhimanyu/dave_ws/install/dave:/home/abhimanyu/MIR_Project_2024/glassy_challenge_ws/install/glassy_px4_manager:/home/abhimanyu/MIR_Project_2024/glassy_challenge_ws/install/px4_msgs:/home/abhimanyu/MIR_Project_2024/glassy_challenge_ws/install/glassy_utils:/home/abhimanyu/MIR_Project_2024/glassy_challenge_ws/install/glassy_msgs:/opt/ros/jazzy/opt/gz_sim_vendor:/opt/ros/jazzy/opt/gz_sensors_vendor:/opt/ros/jazzy/opt/gz_physics_vendor:/opt/ros/jazzy/opt/sdformat_vendor:/opt/ros/jazzy/opt/gz_gui_vendor:/opt/ros/jazzy/opt/gz_transport_vendor:/opt/ros/jazzy/opt/gz_rendering_vendor:/opt/ros/jazzy/opt/gz_plugin_vendor:/opt/ros/jazzy/opt/gz_fuel_tools_vendor:/opt/ros/jazzy/opt/gz_msgs_vendor:/opt/ros/jazzy/opt/gz_common_vendor:/opt/ros/jazzy/opt/gz_math_vendor:/opt/ros/jazzy/opt/gz_utils_vendor:/opt/ros/jazzy/opt/gz_tools_vendor:/opt/ros/jazzy/opt/gz_ogre_next_vendor:/opt/ros/jazzy/opt/gz_dartsim_vendor:/opt/ros/jazzy/opt/gz_cmake_vendor:/usr/local:/usr/local:/opt/ros/jazzy:/usr/local:/home/abhimanyu/dave_ws/src/install/dave_worlds:/home/abhimanyu/dave_ws/src/install/dave_sensor_models:/home/abhimanyu/dave_ws/src/install/dave_robot_models:/home/abhimanyu/dave_ws/src/install/dave_robot_launch:/home/abhimanyu/dave_ws/src/install/dave_object_models:/home/abhimanyu/dave_ws/src/install/dave_demos:/home/abhimanyu/dave_ws/src/install/dave:/home/abhimanyu/MIR_Project_2024/glassy_challenge_ws/install/glassy_challenge PYTHONPATH=/home/abhimanyu/dave_ws/src/dave/install/dave_interfaces/lib/python3.12/site-packages:/home/abhimanyu/dave_ws/src/dave/install/dave_gz_model_plugins/lib/python3.12/site-packages:/home/abhimanyu/dave_ws/src/install/rocker/lib/python3.12/site-packages:/home/abhimanyu/dave_ws/install/rocker/lib/python3.12/site-packages:/home/abhimanyu/dave_ws/install/my-test-package/lib/python3.12/site-packages:/home/abhimanyu/MIR_Project_2024/glassy_challenge_ws/install/glassy_challenge/lib/python3.10/site-packages:/home/abhimanyu/MIR_Project_2024/glassy_challenge_ws/install/px4_msgs/local/lib/python3.10/dist-packages:/home/abhimanyu/MIR_Project_2024/glassy_challenge_ws/install/glassy_msgs/local/lib/python3.10/dist-packages:/opt/ros/jazzy/lib/python3.12/site-packages /usr/bin/cmake --install /home/abhimanyu/dave_ws/src/dave/build/dave_ros_gz_plugins
[32.841s] -- Install configuration: ""
[32.844s] -- Installing: /home/abhimanyu/dave_ws/src/dave/install/dave_ros_gz_plugins/lib/dave_ros_gz_plugins/libSphericalCoords.so
[32.859s] -- Set non-toolchain portion of runtime path of "/home/abhimanyu/dave_ws/src/dave/install/dave_ros_gz_plugins/lib/dave_ros_gz_plugins/libSphericalCoords.so" to ""
[32.862s] -- Installing: /home/abhimanyu/dave_ws/src/dave/install/dave_ros_gz_plugins/include/
[32.863s] -- Installing: /home/abhimanyu/dave_ws/src/dave/install/dave_ros_gz_plugins/include//dave_ros_gz_plugins
[32.864s] -- Installing: /home/abhimanyu/dave_ws/src/dave/install/dave_ros_gz_plugins/include//dave_ros_gz_plugins/SphericalCoords.hh
[32.867s] -- Installing: /home/abhimanyu/dave_ws/src/dave/install/dave_ros_gz_plugins/share/dave_ros_gz_plugins/environment/dave_ros_gz_plugins.dsv
[32.868s] -- Installing: /home/abhimanyu/dave_ws/src/dave/install/dave_ros_gz_plugins/share/ament_index/resource_index/package_run_dependencies/dave_ros_gz_plugins
[32.870s] -- Installing: /home/abhimanyu/dave_ws/src/dave/install/dave_ros_gz_plugins/share/ament_index/resource_index/parent_prefix_path/dave_ros_gz_plugins
[32.872s] -- Installing: /home/abhimanyu/dave_ws/src/dave/install/dave_ros_gz_plugins/share/dave_ros_gz_plugins/environment/ament_prefix_path.sh
[32.875s] -- Installing: /home/abhimanyu/dave_ws/src/dave/install/dave_ros_gz_plugins/share/dave_ros_gz_plugins/environment/ament_prefix_path.dsv
[32.877s] -- Installing: /home/abhimanyu/dave_ws/src/dave/install/dave_ros_gz_plugins/share/dave_ros_gz_plugins/environment/path.sh
[32.878s] -- Installing: /home/abhimanyu/dave_ws/src/dave/install/dave_ros_gz_plugins/share/dave_ros_gz_plugins/environment/path.dsv
[32.879s] -- Installing: /home/abhimanyu/dave_ws/src/dave/install/dave_ros_gz_plugins/share/dave_ros_gz_plugins/local_setup.bash
[32.881s] -- Installing: /home/abhimanyu/dave_ws/src/dave/install/dave_ros_gz_plugins/share/dave_ros_gz_plugins/local_setup.sh
[32.909s] -- Installing: /home/abhimanyu/dave_ws/src/dave/install/dave_ros_gz_plugins/share/dave_ros_gz_plugins/local_setup.zsh
[32.910s] -- Installing: /home/abhimanyu/dave_ws/src/dave/install/dave_ros_gz_plugins/share/dave_ros_gz_plugins/local_setup.dsv
[32.910s] -- Installing: /home/abhimanyu/dave_ws/src/dave/install/dave_ros_gz_plugins/share/dave_ros_gz_plugins/package.dsv
[32.911s] -- Installing: /home/abhimanyu/dave_ws/src/dave/install/dave_ros_gz_plugins/share/ament_index/resource_index/packages/dave_ros_gz_plugins
[32.913s] -- Installing: /home/abhimanyu/dave_ws/src/dave/install/dave_ros_gz_plugins/share/dave_ros_gz_plugins/cmake/dave_ros_gz_pluginsConfig.cmake
[32.915s] -- Installing: /home/abhimanyu/dave_ws/src/dave/install/dave_ros_gz_plugins/share/dave_ros_gz_plugins/cmake/dave_ros_gz_pluginsConfig-version.cmake
[32.915s] -- Installing: /home/abhimanyu/dave_ws/src/dave/install/dave_ros_gz_plugins/share/dave_ros_gz_plugins/package.xml
[32.924s] Invoked command in '/home/abhimanyu/dave_ws/src/dave/build/dave_ros_gz_plugins' returned '0': CMAKE_PREFIX_PATH=/home/abhimanyu/dave_ws/src/dave/install/dave_interfaces:/home/abhimanyu/dave_ws/src/dave/install/dave_gz_model_plugins:/home/abhimanyu/dave_ws/src/dave/install/dave_worlds:/home/abhimanyu/dave_ws/src/dave/install/dave_sensor_models:/home/abhimanyu/dave_ws/src/dave/install/dave_ros_gz_plugins:/home/abhimanyu/dave_ws/src/dave/install/dave_robot_models:/home/abhimanyu/dave_ws/src/dave/install/dave_robot_launch:/home/abhimanyu/dave_ws/src/dave/install/dave_object_models:/home/abhimanyu/dave_ws/src/dave/install/dave_gz_sensor_plugins:/home/abhimanyu/dave_ws/src/dave/install/dave_demos:/home/abhimanyu/dave_ws/src/dave/install/dave:/home/abhimanyu/dave_ws/install/dave:/home/abhimanyu/MIR_Project_2024/glassy_challenge_ws/install/glassy_px4_manager:/home/abhimanyu/MIR_Project_2024/glassy_challenge_ws/install/px4_msgs:/home/abhimanyu/MIR_Project_2024/glassy_challenge_ws/install/glassy_utils:/home/abhimanyu/MIR_Project_2024/glassy_challenge_ws/install/glassy_msgs:/opt/ros/jazzy/opt/gz_sim_vendor:/opt/ros/jazzy/opt/gz_sensors_vendor:/opt/ros/jazzy/opt/gz_physics_vendor:/opt/ros/jazzy/opt/sdformat_vendor:/opt/ros/jazzy/opt/gz_gui_vendor:/opt/ros/jazzy/opt/gz_transport_vendor:/opt/ros/jazzy/opt/gz_rendering_vendor:/opt/ros/jazzy/opt/gz_plugin_vendor:/opt/ros/jazzy/opt/gz_fuel_tools_vendor:/opt/ros/jazzy/opt/gz_msgs_vendor:/opt/ros/jazzy/opt/gz_common_vendor:/opt/ros/jazzy/opt/gz_math_vendor:/opt/ros/jazzy/opt/gz_utils_vendor:/opt/ros/jazzy/opt/gz_tools_vendor:/opt/ros/jazzy/opt/gz_ogre_next_vendor:/opt/ros/jazzy/opt/gz_dartsim_vendor:/opt/ros/jazzy/opt/gz_cmake_vendor:/usr/local:/usr/local:/opt/ros/jazzy:/usr/local:/home/abhimanyu/dave_ws/src/install/dave_worlds:/home/abhimanyu/dave_ws/src/install/dave_sensor_models:/home/abhimanyu/dave_ws/src/install/dave_robot_models:/home/abhimanyu/dave_ws/src/install/dave_robot_launch:/home/abhimanyu/dave_ws/src/install/dave_object_models:/home/abhimanyu/dave_ws/src/install/dave_demos:/home/abhimanyu/dave_ws/src/install/dave:/home/abhimanyu/MIR_Project_2024/glassy_challenge_ws/install/glassy_challenge PYTHONPATH=/home/abhimanyu/dave_ws/src/dave/install/dave_interfaces/lib/python3.12/site-packages:/home/abhimanyu/dave_ws/src/dave/install/dave_gz_model_plugins/lib/python3.12/site-packages:/home/abhimanyu/dave_ws/src/install/rocker/lib/python3.12/site-packages:/home/abhimanyu/dave_ws/install/rocker/lib/python3.12/site-packages:/home/abhimanyu/dave_ws/install/my-test-package/lib/python3.12/site-packages:/home/abhimanyu/MIR_Project_2024/glassy_challenge_ws/install/glassy_challenge/lib/python3.10/site-packages:/home/abhimanyu/MIR_Project_2024/glassy_challenge_ws/install/px4_msgs/local/lib/python3.10/dist-packages:/home/abhimanyu/MIR_Project_2024/glassy_challenge_ws/install/glassy_msgs/local/lib/python3.10/dist-packages:/opt/ros/jazzy/lib/python3.12/site-packages /usr/bin/cmake --install /home/abhimanyu/dave_ws/src/dave/build/dave_ros_gz_plugins
