[0.084s] Invoking command in '/home/abhimanyu/dave_ws/src/dave/build/dave_object_models': CMAKE_PREFIX_PATH=${CMAKE_PREFIX_PATH}:/home/abhimanyu/dave_ws/src/install/dave_worlds:/home/abhimanyu/dave_ws/src/install/dave_sensor_models:/home/abhimanyu/dave_ws/src/install/dave_robot_models:/home/abhimanyu/dave_ws/src/install/dave_robot_launch:/home/abhimanyu/dave_ws/src/install/dave_object_models:/home/abhimanyu/dave_ws/src/install/dave_demos:/home/abhimanyu/dave_ws/src/install/dave:/home/abhimanyu/MIR_Project_2024/glassy_challenge_ws/install/glassy_challenge /usr/bin/cmake --build /home/abhimanyu/dave_ws/src/dave/build/dave_object_models -- -j4 -l4
[0.293s] Invoked command in '/home/abhimanyu/dave_ws/src/dave/build/dave_object_models' returned '0': CMAKE_PREFIX_PATH=${CMAKE_PREFIX_PATH}:/home/abhimanyu/dave_ws/src/install/dave_worlds:/home/abhimanyu/dave_ws/src/install/dave_sensor_models:/home/abhimanyu/dave_ws/src/install/dave_robot_models:/home/abhimanyu/dave_ws/src/install/dave_robot_launch:/home/abhimanyu/dave_ws/src/install/dave_object_models:/home/abhimanyu/dave_ws/src/install/dave_demos:/home/abhimanyu/dave_ws/src/install/dave:/home/abhimanyu/MIR_Project_2024/glassy_challenge_ws/install/glassy_challenge /usr/bin/cmake --build /home/abhimanyu/dave_ws/src/dave/build/dave_object_models -- -j4 -l4
[0.366s] Invoking command in '/home/abhimanyu/dave_ws/src/dave/build/dave_object_models': CMAKE_PREFIX_PATH=${CMAKE_PREFIX_PATH}:/home/abhimanyu/dave_ws/src/install/dave_worlds:/home/abhimanyu/dave_ws/src/install/dave_sensor_models:/home/abhimanyu/dave_ws/src/install/dave_robot_models:/home/abhimanyu/dave_ws/src/install/dave_robot_launch:/home/abhimanyu/dave_ws/src/install/dave_object_models:/home/abhimanyu/dave_ws/src/install/dave_demos:/home/abhimanyu/dave_ws/src/install/dave:/home/abhimanyu/MIR_Project_2024/glassy_challenge_ws/install/glassy_challenge /usr/bin/cmake --install /home/abhimanyu/dave_ws/src/dave/build/dave_object_models
[0.405s] -- Install configuration: ""
[0.406s] -- Up-to-date: /home/abhimanyu/dave_ws/src/dave/install/dave_object_models/share/dave_object_models/description
[0.406s] -- Up-to-date: /home/abhimanyu/dave_ws/src/dave/install/dave_object_models/share/dave_object_models/description/mossy_cinder_block
[0.407s] -- Up-to-date: /home/abhimanyu/dave_ws/src/dave/install/dave_object_models/share/dave_object_models/description/mossy_cinder_block/model.sdf
[0.407s] -- Up-to-date: /home/abhimanyu/dave_ws/src/dave/install/dave_object_models/share/dave_object_models/description/mossy_cinder_block/model.config
[0.408s] -- Up-to-date: /home/abhimanyu/dave_ws/src/dave/install/dave_object_models/share/dave_object_models/launch
[0.408s] -- Up-to-date: /home/abhimanyu/dave_ws/src/dave/install/dave_object_models/share/dave_object_models/launch/upload_object.launch.py
[0.409s] -- Up-to-date: /home/abhimanyu/dave_ws/src/dave/install/dave_object_models/share/dave_object_models/environment/dave_object_models.dsv
[0.409s] -- Up-to-date: /home/abhimanyu/dave_ws/src/dave/install/dave_object_models/share/ament_index/resource_index/package_run_dependencies/dave_object_models
[0.410s] -- Up-to-date: /home/abhimanyu/dave_ws/src/dave/install/dave_object_models/share/ament_index/resource_index/parent_prefix_path/dave_object_models
[0.411s] -- Up-to-date: /home/abhimanyu/dave_ws/src/dave/install/dave_object_models/share/dave_object_models/environment/ament_prefix_path.sh
[0.413s] -- Up-to-date: /home/abhimanyu/dave_ws/src/dave/install/dave_object_models/share/dave_object_models/environment/ament_prefix_path.dsv
[0.414s] -- Up-to-date: /home/abhimanyu/dave_ws/src/dave/install/dave_object_models/share/dave_object_models/environment/path.sh
[0.415s] -- Up-to-date: /home/abhimanyu/dave_ws/src/dave/install/dave_object_models/share/dave_object_models/environment/path.dsv
[0.415s] -- Up-to-date: /home/abhimanyu/dave_ws/src/dave/install/dave_object_models/share/dave_object_models/local_setup.bash
[0.417s] -- Up-to-date: /home/abhimanyu/dave_ws/src/dave/install/dave_object_models/share/dave_object_models/local_setup.sh
[0.417s] -- Up-to-date: /home/abhimanyu/dave_ws/src/dave/install/dave_object_models/share/dave_object_models/local_setup.zsh
[0.418s] -- Up-to-date: /home/abhimanyu/dave_ws/src/dave/install/dave_object_models/share/dave_object_models/local_setup.dsv
[0.419s] -- Up-to-date: /home/abhimanyu/dave_ws/src/dave/install/dave_object_models/share/dave_object_models/package.dsv
[0.419s] -- Up-to-date: /home/abhimanyu/dave_ws/src/dave/install/dave_object_models/share/ament_index/resource_index/packages/dave_object_models
[0.420s] -- Up-to-date: /home/abhimanyu/dave_ws/src/dave/install/dave_object_models/share/dave_object_models/cmake/dave_object_modelsConfig.cmake
[0.420s] -- Up-to-date: /home/abhimanyu/dave_ws/src/dave/install/dave_object_models/share/dave_object_models/cmake/dave_object_modelsConfig-version.cmake
[0.421s] -- Up-to-date: /home/abhimanyu/dave_ws/src/dave/install/dave_object_models/share/dave_object_models/package.xml
[0.433s] Invoked command in '/home/abhimanyu/dave_ws/src/dave/build/dave_object_models' returned '0': CMAKE_PREFIX_PATH=${CMAKE_PREFIX_PATH}:/home/abhimanyu/dave_ws/src/install/dave_worlds:/home/abhimanyu/dave_ws/src/install/dave_sensor_models:/home/abhimanyu/dave_ws/src/install/dave_robot_models:/home/abhimanyu/dave_ws/src/install/dave_robot_launch:/home/abhimanyu/dave_ws/src/install/dave_object_models:/home/abhimanyu/dave_ws/src/install/dave_demos:/home/abhimanyu/dave_ws/src/install/dave:/home/abhimanyu/MIR_Project_2024/glassy_challenge_ws/install/glassy_challenge /usr/bin/cmake --install /home/abhimanyu/dave_ws/src/dave/build/dave_object_models
