[0.069s] Invoking command in '/home/abhimanyu/dave_ws/src/dave/build/dave_sensor_models': CMAKE_PREFIX_PATH=${CMAKE_PREFIX_PATH}:/home/abhimanyu/dave_ws/src/install/dave_worlds:/home/abhimanyu/dave_ws/src/install/dave_sensor_models:/home/abhimanyu/dave_ws/src/install/dave_robot_models:/home/abhimanyu/dave_ws/src/install/dave_robot_launch:/home/abhimanyu/dave_ws/src/install/dave_object_models:/home/abhimanyu/dave_ws/src/install/dave_demos:/home/abhimanyu/dave_ws/src/install/dave:/home/abhimanyu/MIR_Project_2024/glassy_challenge_ws/install/glassy_challenge /usr/bin/cmake /home/abhimanyu/dave_ws/src/dave/models/dave_sensor_models -DCMAKE_INSTALL_PREFIX=/home/abhimanyu/dave_ws/src/dave/install/dave_sensor_models
[0.325s] -- The C compiler identification is GNU 13.2.0
[0.516s] -- The CXX compiler identification is GNU 13.2.0
[0.560s] -- Detecting C compiler ABI info
[0.889s] -- Detecting C compiler ABI info - done
[0.927s] -- Check for working C compiler: /usr/bin/cc - skipped
[0.929s] -- Detecting C compile features
[0.933s] -- Detecting C compile features - done
[1.020s] -- Detecting CXX compiler ABI info
[1.337s] -- Detecting CXX compiler ABI info - done
[1.379s] -- Check for working CXX compiler: /usr/bin/c++ - skipped
[1.380s] -- Detecting CXX compile features
[1.382s] -- Detecting CXX compile features - done
[1.411s] -- Found ament_cmake: 2.5.2 (/opt/ros/jazzy/share/ament_cmake/cmake)
[2.308s] -- Found Python3: /usr/bin/python3 (found version "3.12.3") found components: Interpreter 
[3.624s] -- Configuring done (3.5s)
[3.624s] -- Generating done (0.0s)
[3.626s] -- Build files have been written to: /home/abhimanyu/dave_ws/src/dave/build/dave_sensor_models
[3.638s] Invoked command in '/home/abhimanyu/dave_ws/src/dave/build/dave_sensor_models' returned '0': CMAKE_PREFIX_PATH=${CMAKE_PREFIX_PATH}:/home/abhimanyu/dave_ws/src/install/dave_worlds:/home/abhimanyu/dave_ws/src/install/dave_sensor_models:/home/abhimanyu/dave_ws/src/install/dave_robot_models:/home/abhimanyu/dave_ws/src/install/dave_robot_launch:/home/abhimanyu/dave_ws/src/install/dave_object_models:/home/abhimanyu/dave_ws/src/install/dave_demos:/home/abhimanyu/dave_ws/src/install/dave:/home/abhimanyu/MIR_Project_2024/glassy_challenge_ws/install/glassy_challenge /usr/bin/cmake /home/abhimanyu/dave_ws/src/dave/models/dave_sensor_models -DCMAKE_INSTALL_PREFIX=/home/abhimanyu/dave_ws/src/dave/install/dave_sensor_models
[3.638s] Invoking command in '/home/abhimanyu/dave_ws/src/dave/build/dave_sensor_models': CMAKE_PREFIX_PATH=${CMAKE_PREFIX_PATH}:/home/abhimanyu/dave_ws/src/install/dave_worlds:/home/abhimanyu/dave_ws/src/install/dave_sensor_models:/home/abhimanyu/dave_ws/src/install/dave_robot_models:/home/abhimanyu/dave_ws/src/install/dave_robot_launch:/home/abhimanyu/dave_ws/src/install/dave_object_models:/home/abhimanyu/dave_ws/src/install/dave_demos:/home/abhimanyu/dave_ws/src/install/dave:/home/abhimanyu/MIR_Project_2024/glassy_challenge_ws/install/glassy_challenge /usr/bin/cmake --build /home/abhimanyu/dave_ws/src/dave/build/dave_sensor_models -- -j4 -l4
[3.730s] Invoked command in '/home/abhimanyu/dave_ws/src/dave/build/dave_sensor_models' returned '0': CMAKE_PREFIX_PATH=${CMAKE_PREFIX_PATH}:/home/abhimanyu/dave_ws/src/install/dave_worlds:/home/abhimanyu/dave_ws/src/install/dave_sensor_models:/home/abhimanyu/dave_ws/src/install/dave_robot_models:/home/abhimanyu/dave_ws/src/install/dave_robot_launch:/home/abhimanyu/dave_ws/src/install/dave_object_models:/home/abhimanyu/dave_ws/src/install/dave_demos:/home/abhimanyu/dave_ws/src/install/dave:/home/abhimanyu/MIR_Project_2024/glassy_challenge_ws/install/glassy_challenge /usr/bin/cmake --build /home/abhimanyu/dave_ws/src/dave/build/dave_sensor_models -- -j4 -l4
[3.785s] Invoking command in '/home/abhimanyu/dave_ws/src/dave/build/dave_sensor_models': CMAKE_PREFIX_PATH=${CMAKE_PREFIX_PATH}:/home/abhimanyu/dave_ws/src/install/dave_worlds:/home/abhimanyu/dave_ws/src/install/dave_sensor_models:/home/abhimanyu/dave_ws/src/install/dave_robot_models:/home/abhimanyu/dave_ws/src/install/dave_robot_launch:/home/abhimanyu/dave_ws/src/install/dave_object_models:/home/abhimanyu/dave_ws/src/install/dave_demos:/home/abhimanyu/dave_ws/src/install/dave:/home/abhimanyu/MIR_Project_2024/glassy_challenge_ws/install/glassy_challenge /usr/bin/cmake --install /home/abhimanyu/dave_ws/src/dave/build/dave_sensor_models
[3.803s] -- Install configuration: ""
[3.803s] -- Installing: /home/abhimanyu/dave_ws/src/dave/install/dave_sensor_models/share/dave_sensor_models/description
[3.804s] -- Installing: /home/abhimanyu/dave_ws/src/dave/install/dave_sensor_models/share/dave_sensor_models/description/nortek_dvl500_300
[3.804s] -- Installing: /home/abhimanyu/dave_ws/src/dave/install/dave_sensor_models/share/dave_sensor_models/description/nortek_dvl500_300/model.sdf
[3.806s] -- Installing: /home/abhimanyu/dave_ws/src/dave/install/dave_sensor_models/share/dave_sensor_models/description/nortek_dvl500_300/model.config
[3.806s] -- Installing: /home/abhimanyu/dave_ws/src/dave/install/dave_sensor_models/share/dave_sensor_models/launch
[3.806s] -- Installing: /home/abhimanyu/dave_ws/src/dave/install/dave_sensor_models/share/dave_sensor_models/launch/upload_sensor.launch.py
[3.807s] -- Installing: /home/abhimanyu/dave_ws/src/dave/install/dave_sensor_models/share/dave_sensor_models/meshes
[3.807s] -- Installing: /home/abhimanyu/dave_ws/src/dave/install/dave_sensor_models/share/dave_sensor_models/meshes/nortek_dvl500_300
[3.807s] -- Installing: /home/abhimanyu/dave_ws/src/dave/install/dave_sensor_models/share/dave_sensor_models/meshes/nortek_dvl500_300/DVL500-300m.dae
[3.813s] -- Installing: /home/abhimanyu/dave_ws/src/dave/install/dave_sensor_models/share/dave_sensor_models/meshes/nortek_dvl500_300/tx-DVL500-300m.png
[3.816s] -- Installing: /home/abhimanyu/dave_ws/src/dave/install/dave_sensor_models/share/dave_sensor_models/environment/dave_sensor_models.dsv
[3.817s] -- Installing: /home/abhimanyu/dave_ws/src/dave/install/dave_sensor_models/share/ament_index/resource_index/package_run_dependencies/dave_sensor_models
[3.817s] -- Installing: /home/abhimanyu/dave_ws/src/dave/install/dave_sensor_models/share/ament_index/resource_index/parent_prefix_path/dave_sensor_models
[3.818s] -- Installing: /home/abhimanyu/dave_ws/src/dave/install/dave_sensor_models/share/dave_sensor_models/environment/ament_prefix_path.sh
[3.818s] -- Installing: /home/abhimanyu/dave_ws/src/dave/install/dave_sensor_models/share/dave_sensor_models/environment/ament_prefix_path.dsv
[3.819s] -- Installing: /home/abhimanyu/dave_ws/src/dave/install/dave_sensor_models/share/dave_sensor_models/environment/path.sh
[3.819s] -- Installing: /home/abhimanyu/dave_ws/src/dave/install/dave_sensor_models/share/dave_sensor_models/environment/path.dsv
[3.819s] -- Installing: /home/abhimanyu/dave_ws/src/dave/install/dave_sensor_models/share/dave_sensor_models/local_setup.bash
[3.820s] -- Installing: /home/abhimanyu/dave_ws/src/dave/install/dave_sensor_models/share/dave_sensor_models/local_setup.sh
[3.820s] -- Installing: /home/abhimanyu/dave_ws/src/dave/install/dave_sensor_models/share/dave_sensor_models/local_setup.zsh
[3.821s] -- Installing: /home/abhimanyu/dave_ws/src/dave/install/dave_sensor_models/share/dave_sensor_models/local_setup.dsv
[3.821s] -- Installing: /home/abhimanyu/dave_ws/src/dave/install/dave_sensor_models/share/dave_sensor_models/package.dsv
[3.822s] -- Installing: /home/abhimanyu/dave_ws/src/dave/install/dave_sensor_models/share/ament_index/resource_index/packages/dave_sensor_models
[3.822s] -- Installing: /home/abhimanyu/dave_ws/src/dave/install/dave_sensor_models/share/dave_sensor_models/cmake/dave_sensor_modelsConfig.cmake
[3.823s] -- Installing: /home/abhimanyu/dave_ws/src/dave/install/dave_sensor_models/share/dave_sensor_models/cmake/dave_sensor_modelsConfig-version.cmake
[3.823s] -- Installing: /home/abhimanyu/dave_ws/src/dave/install/dave_sensor_models/share/dave_sensor_models/package.xml
[3.827s] Invoked command in '/home/abhimanyu/dave_ws/src/dave/build/dave_sensor_models' returned '0': CMAKE_PREFIX_PATH=${CMAKE_PREFIX_PATH}:/home/abhimanyu/dave_ws/src/install/dave_worlds:/home/abhimanyu/dave_ws/src/install/dave_sensor_models:/home/abhimanyu/dave_ws/src/install/dave_robot_models:/home/abhimanyu/dave_ws/src/install/dave_robot_launch:/home/abhimanyu/dave_ws/src/install/dave_object_models:/home/abhimanyu/dave_ws/src/install/dave_demos:/home/abhimanyu/dave_ws/src/install/dave:/home/abhimanyu/MIR_Project_2024/glassy_challenge_ws/install/glassy_challenge /usr/bin/cmake --install /home/abhimanyu/dave_ws/src/dave/build/dave_sensor_models
