[0.055s] Invoking command in '/home/abhimanyu/dave_ws/src/dave/build/dave_robot_launch': CMAKE_PREFIX_PATH=${CMAKE_PREFIX_PATH}:/home/abhimanyu/dave_ws/src/install/dave_worlds:/home/abhimanyu/dave_ws/src/install/dave_sensor_models:/home/abhimanyu/dave_ws/src/install/dave_robot_models:/home/abhimanyu/dave_ws/src/install/dave_robot_launch:/home/abhimanyu/dave_ws/src/install/dave_object_models:/home/abhimanyu/dave_ws/src/install/dave_demos:/home/abhimanyu/dave_ws/src/install/dave:/home/abhimanyu/MIR_Project_2024/glassy_challenge_ws/install/glassy_challenge /usr/bin/cmake --build /home/abhimanyu/dave_ws/src/dave/build/dave_robot_launch -- -j4 -l4
[0.233s] Invoked command in '/home/abhimanyu/dave_ws/src/dave/build/dave_robot_launch' returned '0': CMAKE_PREFIX_PATH=${CMAKE_PREFIX_PATH}:/home/abhimanyu/dave_ws/src/install/dave_worlds:/home/abhimanyu/dave_ws/src/install/dave_sensor_models:/home/abhimanyu/dave_ws/src/install/dave_robot_models:/home/abhimanyu/dave_ws/src/install/dave_robot_launch:/home/abhimanyu/dave_ws/src/install/dave_object_models:/home/abhimanyu/dave_ws/src/install/dave_demos:/home/abhimanyu/dave_ws/src/install/dave:/home/abhimanyu/MIR_Project_2024/glassy_challenge_ws/install/glassy_challenge /usr/bin/cmake --build /home/abhimanyu/dave_ws/src/dave/build/dave_robot_launch -- -j4 -l4
[0.414s] Invoking command in '/home/abhimanyu/dave_ws/src/dave/build/dave_robot_launch': CMAKE_PREFIX_PATH=${CMAKE_PREFIX_PATH}:/home/abhimanyu/dave_ws/src/install/dave_worlds:/home/abhimanyu/dave_ws/src/install/dave_sensor_models:/home/abhimanyu/dave_ws/src/install/dave_robot_models:/home/abhimanyu/dave_ws/src/install/dave_robot_launch:/home/abhimanyu/dave_ws/src/install/dave_object_models:/home/abhimanyu/dave_ws/src/install/dave_demos:/home/abhimanyu/dave_ws/src/install/dave:/home/abhimanyu/MIR_Project_2024/glassy_challenge_ws/install/glassy_challenge /usr/bin/cmake --install /home/abhimanyu/dave_ws/src/dave/build/dave_robot_launch
[0.455s] -- Install configuration: ""
[0.455s] -- Up-to-date: /home/abhimanyu/dave_ws/src/dave/install/dave_robot_launch/share/dave_robot_launch/launch
[0.455s] -- Up-to-date: /home/abhimanyu/dave_ws/src/dave/install/dave_robot_launch/share/dave_robot_launch/launch/robot_in_world.launch.py
[0.456s] -- Up-to-date: /home/abhimanyu/dave_ws/src/dave/install/dave_robot_launch/share/ament_index/resource_index/package_run_dependencies/dave_robot_launch
[0.456s] -- Up-to-date: /home/abhimanyu/dave_ws/src/dave/install/dave_robot_launch/share/ament_index/resource_index/parent_prefix_path/dave_robot_launch
[0.456s] -- Up-to-date: /home/abhimanyu/dave_ws/src/dave/install/dave_robot_launch/share/dave_robot_launch/environment/ament_prefix_path.sh
[0.456s] -- Up-to-date: /home/abhimanyu/dave_ws/src/dave/install/dave_robot_launch/share/dave_robot_launch/environment/ament_prefix_path.dsv
[0.457s] -- Up-to-date: /home/abhimanyu/dave_ws/src/dave/install/dave_robot_launch/share/dave_robot_launch/environment/path.sh
[0.457s] -- Up-to-date: /home/abhimanyu/dave_ws/src/dave/install/dave_robot_launch/share/dave_robot_launch/environment/path.dsv
[0.457s] -- Up-to-date: /home/abhimanyu/dave_ws/src/dave/install/dave_robot_launch/share/dave_robot_launch/local_setup.bash
[0.457s] -- Up-to-date: /home/abhimanyu/dave_ws/src/dave/install/dave_robot_launch/share/dave_robot_launch/local_setup.sh
[0.458s] -- Up-to-date: /home/abhimanyu/dave_ws/src/dave/install/dave_robot_launch/share/dave_robot_launch/local_setup.zsh
[0.458s] -- Up-to-date: /home/abhimanyu/dave_ws/src/dave/install/dave_robot_launch/share/dave_robot_launch/local_setup.dsv
[0.458s] -- Up-to-date: /home/abhimanyu/dave_ws/src/dave/install/dave_robot_launch/share/dave_robot_launch/package.dsv
[0.458s] -- Up-to-date: /home/abhimanyu/dave_ws/src/dave/install/dave_robot_launch/share/ament_index/resource_index/packages/dave_robot_launch
[0.458s] -- Up-to-date: /home/abhimanyu/dave_ws/src/dave/install/dave_robot_launch/share/dave_robot_launch/cmake/dave_robot_launchConfig.cmake
[0.459s] -- Up-to-date: /home/abhimanyu/dave_ws/src/dave/install/dave_robot_launch/share/dave_robot_launch/cmake/dave_robot_launchConfig-version.cmake
[0.459s] -- Up-to-date: /home/abhimanyu/dave_ws/src/dave/install/dave_robot_launch/share/dave_robot_launch/package.xml
[0.473s] Invoked command in '/home/abhimanyu/dave_ws/src/dave/build/dave_robot_launch' returned '0': CMAKE_PREFIX_PATH=${CMAKE_PREFIX_PATH}:/home/abhimanyu/dave_ws/src/install/dave_worlds:/home/abhimanyu/dave_ws/src/install/dave_sensor_models:/home/abhimanyu/dave_ws/src/install/dave_robot_models:/home/abhimanyu/dave_ws/src/install/dave_robot_launch:/home/abhimanyu/dave_ws/src/install/dave_object_models:/home/abhimanyu/dave_ws/src/install/dave_demos:/home/abhimanyu/dave_ws/src/install/dave:/home/abhimanyu/MIR_Project_2024/glassy_challenge_ws/install/glassy_challenge /usr/bin/cmake --install /home/abhimanyu/dave_ws/src/dave/build/dave_robot_launch
