[100%] Built target SphericalCoords
-- Install configuration: ""
-- Up-to-date: /home/abhimanyu/dave_ws/src/dave/install/dave_ros_gz_plugins/lib/dave_ros_gz_plugins/libSphericalCoords.so
-- Up-to-date: /home/abhimanyu/dave_ws/src/dave/install/dave_ros_gz_plugins/include/
-- Up-to-date: /home/abhimanyu/dave_ws/src/dave/install/dave_ros_gz_plugins/include//dave_ros_gz_plugins
-- Up-to-date: /home/abhimanyu/dave_ws/src/dave/install/dave_ros_gz_plugins/include//dave_ros_gz_plugins/SphericalCoords.hh
-- Up-to-date: /home/abhimanyu/dave_ws/src/dave/install/dave_ros_gz_plugins/share/dave_ros_gz_plugins/environment/dave_ros_gz_plugins.dsv
-- Up-to-date: /home/abhimanyu/dave_ws/src/dave/install/dave_ros_gz_plugins/share/ament_index/resource_index/package_run_dependencies/dave_ros_gz_plugins
-- Up-to-date: /home/abhimanyu/dave_ws/src/dave/install/dave_ros_gz_plugins/share/ament_index/resource_index/parent_prefix_path/dave_ros_gz_plugins
-- Up-to-date: /home/abhimanyu/dave_ws/src/dave/install/dave_ros_gz_plugins/share/dave_ros_gz_plugins/environment/ament_prefix_path.sh
-- Up-to-date: /home/abhimanyu/dave_ws/src/dave/install/dave_ros_gz_plugins/share/dave_ros_gz_plugins/environment/ament_prefix_path.dsv
-- Up-to-date: /home/abhimanyu/dave_ws/src/dave/install/dave_ros_gz_plugins/share/dave_ros_gz_plugins/environment/path.sh
-- Up-to-date: /home/abhimanyu/dave_ws/src/dave/install/dave_ros_gz_plugins/share/dave_ros_gz_plugins/environment/path.dsv
-- Up-to-date: /home/abhimanyu/dave_ws/src/dave/install/dave_ros_gz_plugins/share/dave_ros_gz_plugins/local_setup.bash
-- Up-to-date: /home/abhimanyu/dave_ws/src/dave/install/dave_ros_gz_plugins/share/dave_ros_gz_plugins/local_setup.sh
-- Up-to-date: /home/abhimanyu/dave_ws/src/dave/install/dave_ros_gz_plugins/share/dave_ros_gz_plugins/local_setup.zsh
-- Up-to-date: /home/abhimanyu/dave_ws/src/dave/install/dave_ros_gz_plugins/share/dave_ros_gz_plugins/local_setup.dsv
-- Installing: /home/abhimanyu/dave_ws/src/dave/install/dave_ros_gz_plugins/share/dave_ros_gz_plugins/package.dsv
-- Up-to-date: /home/abhimanyu/dave_ws/src/dave/install/dave_ros_gz_plugins/share/ament_index/resource_index/packages/dave_ros_gz_plugins
-- Up-to-date: /home/abhimanyu/dave_ws/src/dave/install/dave_ros_gz_plugins/share/dave_ros_gz_plugins/cmake/dave_ros_gz_pluginsConfig.cmake
-- Up-to-date: /home/abhimanyu/dave_ws/src/dave/install/dave_ros_gz_plugins/share/dave_ros_gz_plugins/cmake/dave_ros_gz_pluginsConfig-version.cmake
-- Up-to-date: /home/abhimanyu/dave_ws/src/dave/install/dave_ros_gz_plugins/share/dave_ros_gz_plugins/package.xml
