[0.050s] Invoking command in '/home/abhimanyu/dave_ws/src/dave/build/dave': CMAKE_PREFIX_PATH=${CMAKE_PREFIX_PATH}:/home/abhimanyu/dave_ws/src/install/dave_worlds:/home/abhimanyu/dave_ws/src/install/dave_sensor_models:/home/abhimanyu/dave_ws/src/install/dave_robot_models:/home/abhimanyu/dave_ws/src/install/dave_robot_launch:/home/abhimanyu/dave_ws/src/install/dave_object_models:/home/abhimanyu/dave_ws/src/install/dave_demos:/home/abhimanyu/dave_ws/src/install/dave:/home/abhimanyu/MIR_Project_2024/glassy_challenge_ws/install/glassy_challenge /usr/bin/cmake --build /home/abhimanyu/dave_ws/src/dave/build/dave -- -j4 -l4
[0.147s] Invoked command in '/home/abhimanyu/dave_ws/src/dave/build/dave' returned '0': CMAKE_PREFIX_PATH=${CMAKE_PREFIX_PATH}:/home/abhimanyu/dave_ws/src/install/dave_worlds:/home/abhimanyu/dave_ws/src/install/dave_sensor_models:/home/abhimanyu/dave_ws/src/install/dave_robot_models:/home/abhimanyu/dave_ws/src/install/dave_robot_launch:/home/abhimanyu/dave_ws/src/install/dave_object_models:/home/abhimanyu/dave_ws/src/install/dave_demos:/home/abhimanyu/dave_ws/src/install/dave:/home/abhimanyu/MIR_Project_2024/glassy_challenge_ws/install/glassy_challenge /usr/bin/cmake --build /home/abhimanyu/dave_ws/src/dave/build/dave -- -j4 -l4
[0.245s] Invoking command in '/home/abhimanyu/dave_ws/src/dave/build/dave': CMAKE_PREFIX_PATH=${CMAKE_PREFIX_PATH}:/home/abhimanyu/dave_ws/src/install/dave_worlds:/home/abhimanyu/dave_ws/src/install/dave_sensor_models:/home/abhimanyu/dave_ws/src/install/dave_robot_models:/home/abhimanyu/dave_ws/src/install/dave_robot_launch:/home/abhimanyu/dave_ws/src/install/dave_object_models:/home/abhimanyu/dave_ws/src/install/dave_demos:/home/abhimanyu/dave_ws/src/install/dave:/home/abhimanyu/MIR_Project_2024/glassy_challenge_ws/install/glassy_challenge /usr/bin/cmake --install /home/abhimanyu/dave_ws/src/dave/build/dave
[0.317s] -- Install configuration: ""
[0.317s] -- Up-to-date: /home/abhimanyu/dave_ws/src/dave/install/dave/share/ament_index/resource_index/package_run_dependencies/dave
[0.317s] -- Up-to-date: /home/abhimanyu/dave_ws/src/dave/install/dave/share/ament_index/resource_index/parent_prefix_path/dave
[0.317s] -- Up-to-date: /home/abhimanyu/dave_ws/src/dave/install/dave/share/dave/environment/ament_prefix_path.sh
[0.317s] -- Up-to-date: /home/abhimanyu/dave_ws/src/dave/install/dave/share/dave/environment/ament_prefix_path.dsv
[0.318s] -- Up-to-date: /home/abhimanyu/dave_ws/src/dave/install/dave/share/dave/environment/path.sh
[0.318s] -- Up-to-date: /home/abhimanyu/dave_ws/src/dave/install/dave/share/dave/environment/path.dsv
[0.318s] -- Up-to-date: /home/abhimanyu/dave_ws/src/dave/install/dave/share/dave/local_setup.bash
[0.319s] -- Up-to-date: /home/abhimanyu/dave_ws/src/dave/install/dave/share/dave/local_setup.sh
[0.319s] -- Up-to-date: /home/abhimanyu/dave_ws/src/dave/install/dave/share/dave/local_setup.zsh
[0.319s] -- Up-to-date: /home/abhimanyu/dave_ws/src/dave/install/dave/share/dave/local_setup.dsv
[0.319s] -- Up-to-date: /home/abhimanyu/dave_ws/src/dave/install/dave/share/dave/package.dsv
[0.319s] -- Up-to-date: /home/abhimanyu/dave_ws/src/dave/install/dave/share/ament_index/resource_index/packages/dave
[0.320s] -- Up-to-date: /home/abhimanyu/dave_ws/src/dave/install/dave/share/dave/cmake/daveConfig.cmake
[0.320s] -- Up-to-date: /home/abhimanyu/dave_ws/src/dave/install/dave/share/dave/cmake/daveConfig-version.cmake
[0.320s] -- Up-to-date: /home/abhimanyu/dave_ws/src/dave/install/dave/share/dave/package.xml
[0.336s] Invoked command in '/home/abhimanyu/dave_ws/src/dave/build/dave' returned '0': CMAKE_PREFIX_PATH=${CMAKE_PREFIX_PATH}:/home/abhimanyu/dave_ws/src/install/dave_worlds:/home/abhimanyu/dave_ws/src/install/dave_sensor_models:/home/abhimanyu/dave_ws/src/install/dave_robot_models:/home/abhimanyu/dave_ws/src/install/dave_robot_launch:/home/abhimanyu/dave_ws/src/install/dave_object_models:/home/abhimanyu/dave_ws/src/install/dave_demos:/home/abhimanyu/dave_ws/src/install/dave:/home/abhimanyu/MIR_Project_2024/glassy_challenge_ws/install/glassy_challenge /usr/bin/cmake --install /home/abhimanyu/dave_ws/src/dave/build/dave
